VIRTUALBENCH-LOGGER 2.5 REPORT
NATIONAL INSTRUMENTS
DATE CREATED	16:31:43	03/08/2017

USER	


START COMMENT


END COMMENT

START DATA
Date	Time	AMPS(V)	PYRO(V)
03/08/2017	16:31:51.1	     0.600	     0.981
03/08/2017	16:31:51.6	     0.600	     0.992
03/08/2017	16:31:52.1	     0.600	     0.993
03/08/2017	16:31:52.6	     0.600	     0.993
03/08/2017	16:31:53.1	     0.600	     0.993
03/08/2017	16:31:53.6	     0.600	     0.993
03/08/2017	16:31:54.1	     0.600	     0.993
03/08/2017	16:31:54.6	     0.600	     0.993
03/08/2017	16:31:55.1	     0.599	     0.994
03/08/2017	16:31:55.6	     0.599	     0.993
03/08/2017	16:31:56.1	     0.599	     0.993
03/08/2017	16:31:56.6	     0.599	     0.993
03/08/2017	16:31:57.1	     0.599	     0.993
03/08/2017	16:31:57.6	     0.599	     0.993
03/08/2017	16:31:58.1	     0.599	     0.992
03/08/2017	16:31:58.6	     0.599	     0.989
03/08/2017	16:31:59.1	     0.599	     0.990
03/08/2017	16:31:59.6	     0.599	     0.990
03/08/2017	16:32:00.1	     0.599	     0.990
03/08/2017	16:32:00.6	     0.599	     0.991
03/08/2017	16:32:01.1	     0.599	     0.990
03/08/2017	16:32:01.6	     0.599	     0.909
03/08/2017	16:32:02.1	     0.599	     0.638
03/08/2017	16:32:02.6	     0.599	     0.686
03/08/2017	16:32:03.1	     0.599	     0.702
03/08/2017	16:32:03.6	     0.599	     0.703
03/08/2017	16:32:04.1	     0.599	     0.704
03/08/2017	16:32:04.6	     0.599	     0.707
03/08/2017	16:32:05.1	     0.599	     0.706
03/08/2017	16:32:05.6	     0.599	     0.712
03/08/2017	16:32:06.1	     0.599	     0.723
03/08/2017	16:32:06.6	     0.599	     0.720
03/08/2017	16:32:07.1	     0.599	     0.733
03/08/2017	16:32:07.6	     0.599	     0.762
03/08/2017	16:32:08.1	     0.599	     0.777
03/08/2017	16:32:08.6	     0.599	     0.791
03/08/2017	16:32:09.1	     0.599	     0.823
03/08/2017	16:32:09.6	     0.599	     0.829
03/08/2017	16:32:10.1	     0.599	     0.835
03/08/2017	16:32:10.6	     0.599	     0.821
03/08/2017	16:32:11.1	     0.599	     0.849
03/08/2017	16:32:11.6	     0.599	     0.837
03/08/2017	16:32:12.1	     0.599	     0.836
03/08/2017	16:32:12.6	     0.599	     0.817
03/08/2017	16:32:13.1	     0.599	     0.792
03/08/2017	16:32:13.6	     0.599	     0.761
03/08/2017	16:32:14.1	     0.599	     0.765
03/08/2017	16:32:14.6	     0.599	     0.771
03/08/2017	16:32:15.1	     0.599	     0.770
03/08/2017	16:32:15.6	     0.599	     0.788
03/08/2017	16:32:16.1	     0.599	     0.790
03/08/2017	16:32:16.6	     0.599	     0.803
03/08/2017	16:32:17.1	     0.599	     0.824
03/08/2017	16:32:17.6	     0.599	     0.835
03/08/2017	16:32:18.1	     0.599	     0.847
03/08/2017	16:32:18.6	     0.599	     0.861
03/08/2017	16:32:19.1	     0.599	     0.861
03/08/2017	16:32:19.6	     0.599	     0.865
03/08/2017	16:32:20.1	     0.599	     0.861
03/08/2017	16:32:20.6	     0.599	     0.896
03/08/2017	16:32:21.1	     0.599	     0.911
03/08/2017	16:32:21.6	     0.599	     0.949
03/08/2017	16:32:22.1	     0.599	     0.979
03/08/2017	16:32:22.6	     0.599	     0.988
03/08/2017	16:32:23.1	     0.599	     1.021
03/08/2017	16:32:23.6	     0.599	     1.035
03/08/2017	16:32:24.1	     0.599	     1.080
03/08/2017	16:32:24.6	     0.599	     1.126
03/08/2017	16:32:25.1	     0.599	     1.146
03/08/2017	16:32:25.6	     0.599	     1.160
03/08/2017	16:32:26.1	     0.599	     1.164
03/08/2017	16:32:26.6	     0.599	     1.169
03/08/2017	16:32:27.1	     0.599	     1.167
03/08/2017	16:32:27.6	     0.599	     1.174
03/08/2017	16:32:28.1	     0.599	     1.179
03/08/2017	16:32:28.6	     0.599	     1.188
03/08/2017	16:32:29.1	     0.599	     1.112
03/08/2017	16:32:29.6	     0.599	     1.057
03/08/2017	16:32:30.1	     0.599	     1.061
03/08/2017	16:32:30.6	     0.599	     1.119
03/08/2017	16:32:31.1	     0.599	     1.179
03/08/2017	16:32:31.6	     0.599	     1.190
03/08/2017	16:32:32.1	     0.599	     1.192
03/08/2017	16:32:32.6	     0.599	     1.195
03/08/2017	16:32:33.1	     0.599	     1.197
03/08/2017	16:32:33.6	     0.599	     1.197
03/08/2017	16:32:34.1	     0.599	     1.200
03/08/2017	16:32:34.6	     0.599	     1.203
03/08/2017	16:32:35.1	     0.599	     1.203
03/08/2017	16:32:35.6	     0.599	     1.205
03/08/2017	16:32:36.1	     0.599	     1.209
03/08/2017	16:32:36.6	     0.599	     1.212
03/08/2017	16:32:37.1	     0.599	     1.212
03/08/2017	16:32:37.6	     0.599	     1.212
03/08/2017	16:32:38.1	     0.599	     1.210
03/08/2017	16:32:38.6	     0.599	     1.212
03/08/2017	16:32:39.1	     0.599	     1.215
03/08/2017	16:32:39.6	     0.599	     1.218
03/08/2017	16:32:40.1	     0.599	     1.217
03/08/2017	16:32:40.6	     0.599	     1.216
03/08/2017	16:32:41.1	     0.599	     1.221
03/08/2017	16:32:41.6	     0.599	     1.222
03/08/2017	16:32:42.1	     0.599	     1.223
03/08/2017	16:32:42.6	     0.599	     1.224
03/08/2017	16:32:43.1	     0.599	     1.223
03/08/2017	16:32:43.6	     0.599	     1.221
03/08/2017	16:32:44.1	     0.599	     1.221
03/08/2017	16:32:44.6	     0.599	     1.221
03/08/2017	16:32:45.1	     0.599	     1.221
03/08/2017	16:32:45.6	     0.599	     1.220
03/08/2017	16:32:46.1	     0.599	     1.221
03/08/2017	16:32:46.6	     0.599	     1.218
03/08/2017	16:32:47.1	     0.599	     1.217
03/08/2017	16:32:47.6	     0.599	     1.220
03/08/2017	16:32:48.1	     0.599	     1.222
03/08/2017	16:32:48.6	     0.599	     1.219
03/08/2017	16:32:49.1	     0.599	     1.219
03/08/2017	16:32:49.6	     0.599	     1.216
03/08/2017	16:32:50.1	     0.599	     1.215
03/08/2017	16:32:50.6	     0.599	     1.217
03/08/2017	16:32:51.1	     0.599	     1.211
03/08/2017	16:32:51.6	     0.599	     1.210
03/08/2017	16:32:52.1	     0.599	     1.213
03/08/2017	16:32:52.6	     0.599	     1.211
03/08/2017	16:32:53.1	     0.599	     1.209
03/08/2017	16:32:53.6	     0.599	     1.208
03/08/2017	16:32:54.1	     0.599	     1.208
03/08/2017	16:32:54.6	     0.599	     1.208
03/08/2017	16:32:55.1	     0.599	     1.203
03/08/2017	16:32:55.6	     0.599	     1.202
03/08/2017	16:32:56.1	     0.599	     1.202
03/08/2017	16:32:56.6	     0.599	     1.199
03/08/2017	16:32:57.1	     0.599	     1.198
03/08/2017	16:32:57.6	     0.599	     1.197
03/08/2017	16:32:58.1	     0.599	     1.197
03/08/2017	16:32:58.6	     0.599	     1.194
03/08/2017	16:32:59.1	     0.599	     1.194
03/08/2017	16:32:59.6	     0.598	     1.193
03/08/2017	16:33:00.1	     0.598	     1.194
03/08/2017	16:33:00.6	     0.598	     1.191
03/08/2017	16:33:01.1	     0.598	     1.187
03/08/2017	16:33:01.6	     0.598	     1.186
03/08/2017	16:33:02.1	     0.598	     1.184
03/08/2017	16:33:02.6	     0.598	     1.184
03/08/2017	16:33:03.1	     0.598	     1.183
03/08/2017	16:33:03.6	     0.598	     1.180
03/08/2017	16:33:04.1	     0.598	     1.177
03/08/2017	16:33:04.6	     0.598	     1.177
03/08/2017	16:33:05.1	     0.598	     1.176
03/08/2017	16:33:05.6	     0.598	     1.175
03/08/2017	16:33:06.1	     0.598	     1.175
03/08/2017	16:33:06.6	     0.598	     1.174
03/08/2017	16:33:07.1	     0.598	     1.170
03/08/2017	16:33:07.6	     0.598	     1.170
03/08/2017	16:33:08.1	     0.598	     1.166
03/08/2017	16:33:08.6	     0.598	     1.166
03/08/2017	16:33:09.1	     0.598	     1.167
03/08/2017	16:33:09.6	     0.598	     1.165
03/08/2017	16:33:10.1	     0.598	     1.162
03/08/2017	16:33:10.6	     0.598	     1.161
03/08/2017	16:33:11.1	     0.598	     1.160
03/08/2017	16:33:11.6	     0.598	     1.158
03/08/2017	16:33:12.1	     0.598	     1.157
03/08/2017	16:33:12.6	     0.598	     1.156
03/08/2017	16:33:13.1	     0.598	     1.153
03/08/2017	16:33:13.6	     0.598	     1.153
03/08/2017	16:33:14.1	     0.598	     1.153
03/08/2017	16:33:14.6	     0.598	     1.152
03/08/2017	16:33:15.1	     0.598	     1.151
03/08/2017	16:33:15.6	     0.598	     1.149
03/08/2017	16:33:16.1	     0.598	     1.146
03/08/2017	16:33:16.6	     0.598	     1.145
03/08/2017	16:33:17.1	     0.598	     1.145
03/08/2017	16:33:17.6	     0.597	     1.143
03/08/2017	16:33:18.1	     0.597	     1.139
03/08/2017	16:33:18.6	     0.597	     1.140
03/08/2017	16:33:19.1	     0.597	     1.139
03/08/2017	16:33:19.6	     0.597	     1.139
03/08/2017	16:33:20.1	     0.597	     1.136
03/08/2017	16:33:20.6	     0.597	     1.135
03/08/2017	16:33:21.1	     0.597	     1.135
03/08/2017	16:33:21.6	     0.597	     1.134
03/08/2017	16:33:22.1	     0.597	     1.133
03/08/2017	16:33:22.6	     0.597	     1.132
03/08/2017	16:33:23.1	     0.597	     1.131
03/08/2017	16:33:23.6	     0.597	     1.128
03/08/2017	16:33:24.1	     0.597	     1.128
03/08/2017	16:33:24.6	     0.597	     1.125
03/08/2017	16:33:25.1	     0.597	     1.125
03/08/2017	16:33:25.6	     0.597	     1.124
03/08/2017	16:33:26.1	     0.597	     1.123
03/08/2017	16:33:26.6	     0.597	     1.123
03/08/2017	16:33:27.1	     0.597	     1.122
03/08/2017	16:33:27.6	     0.597	     1.121
03/08/2017	16:33:28.1	     0.597	     1.119
03/08/2017	16:33:28.6	     0.597	     1.118
03/08/2017	16:33:29.1	     0.597	     1.117
03/08/2017	16:33:29.6	     0.597	     1.116
03/08/2017	16:33:30.1	     0.597	     1.115
03/08/2017	16:33:30.6	     0.597	     1.114
03/08/2017	16:33:31.1	     0.597	     1.114
03/08/2017	16:33:31.6	     0.597	     1.113
03/08/2017	16:33:32.1	     0.597	     1.112
03/08/2017	16:33:32.6	     0.597	     1.110
03/08/2017	16:33:33.1	     0.596	     1.108
03/08/2017	16:33:33.6	     0.596	     1.108
03/08/2017	16:33:34.1	     0.596	     1.108
03/08/2017	16:33:34.6	     0.596	     1.107
03/08/2017	16:33:35.1	     0.596	     1.107
03/08/2017	16:33:35.6	     0.596	     1.104
03/08/2017	16:33:36.1	     0.596	     1.103
03/08/2017	16:33:36.6	     0.596	     1.104
03/08/2017	16:33:37.1	     0.596	     1.102
03/08/2017	16:33:37.6	     0.596	     1.101
03/08/2017	16:33:38.1	     0.596	     1.099
03/08/2017	16:33:38.6	     0.596	     1.099
03/08/2017	16:33:39.1	     0.596	     1.098
03/08/2017	16:33:39.6	     0.596	     1.096
03/08/2017	16:33:40.1	     0.596	     1.096
03/08/2017	16:33:40.6	     0.596	     1.096
03/08/2017	16:33:41.1	     0.596	     1.096
03/08/2017	16:33:41.6	     0.596	     1.095
03/08/2017	16:33:42.1	     0.596	     1.094
03/08/2017	16:33:42.6	     0.596	     1.092
03/08/2017	16:33:43.1	     0.596	     1.090
03/08/2017	16:33:43.6	     0.596	     1.091
03/08/2017	16:33:44.1	     0.596	     1.089
03/08/2017	16:33:44.6	     0.596	     1.087
03/08/2017	16:33:45.1	     0.596	     1.087
03/08/2017	16:33:45.6	     0.595	     1.087
03/08/2017	16:33:46.1	     0.595	     1.087
03/08/2017	16:33:46.6	     0.595	     1.087
03/08/2017	16:33:47.1	     0.595	     1.086
03/08/2017	16:33:47.6	     0.595	     1.085
03/08/2017	16:33:48.1	     0.595	     1.084
03/08/2017	16:33:48.6	     0.595	     1.081
03/08/2017	16:33:49.1	     0.595	     1.081
03/08/2017	16:33:49.6	     0.595	     1.079
03/08/2017	16:33:50.1	     0.595	     1.079
03/08/2017	16:33:50.6	     0.595	     1.079
03/08/2017	16:33:51.1	     0.595	     1.079
03/08/2017	16:33:51.6	     0.595	     1.078
03/08/2017	16:33:52.1	     0.595	     1.078
03/08/2017	16:33:52.6	     0.595	     1.077
03/08/2017	16:33:53.1	     0.595	     1.075
03/08/2017	16:33:53.6	     0.595	     1.075
03/08/2017	16:33:54.1	     0.595	     1.074
03/08/2017	16:33:54.6	     0.595	     1.074
03/08/2017	16:33:55.1	     0.595	     1.074
03/08/2017	16:33:55.6	     0.595	     1.074
03/08/2017	16:33:56.1	     0.595	     1.073
03/08/2017	16:33:56.6	     0.595	     1.073
03/08/2017	16:33:57.1	     0.595	     1.072
03/08/2017	16:33:57.6	     0.595	     1.071
03/08/2017	16:33:58.1	     0.595	     1.070
03/08/2017	16:33:58.6	     0.595	     1.069
03/08/2017	16:33:59.1	     0.595	     1.065
03/08/2017	16:33:59.6	     0.595	     1.065
03/08/2017	16:34:00.1	     0.595	     1.066
03/08/2017	16:34:00.6	     0.595	     1.066
03/08/2017	16:34:01.1	     0.595	     1.066
03/08/2017	16:34:01.6	     0.595	     1.065
03/08/2017	16:34:02.1	     0.595	     1.065
03/08/2017	16:34:02.6	     0.595	     1.062
03/08/2017	16:34:03.1	     0.595	     1.062
03/08/2017	16:34:03.6	     0.595	     1.061
03/08/2017	16:34:04.1	     0.595	     1.061
03/08/2017	16:34:04.6	     0.594	     1.061
03/08/2017	16:34:05.1	     0.594	     1.060
03/08/2017	16:34:05.6	     0.594	     1.058
03/08/2017	16:34:06.1	     0.594	     1.057
03/08/2017	16:34:06.6	     0.594	     1.059
03/08/2017	16:34:07.1	     0.594	     1.058
03/08/2017	16:34:07.6	     0.594	     1.057
03/08/2017	16:34:08.1	     0.594	     1.057
03/08/2017	16:34:08.6	     0.594	     1.057
03/08/2017	16:34:09.1	     0.594	     1.054
03/08/2017	16:34:09.6	     0.594	     1.055
03/08/2017	16:34:10.1	     0.594	     1.055
03/08/2017	16:34:10.6	     0.594	     1.055
03/08/2017	16:34:11.1	     0.594	     1.055
03/08/2017	16:34:11.6	     0.594	     1.055
03/08/2017	16:34:12.1	     0.594	     1.054
03/08/2017	16:34:12.6	     0.594	     1.053
03/08/2017	16:34:13.1	     0.594	     1.052
03/08/2017	16:34:13.6	     0.593	     1.052
03/08/2017	16:34:14.1	     0.593	     1.050
03/08/2017	16:34:14.6	     0.593	     1.047
03/08/2017	16:34:15.1	     0.593	     1.047
03/08/2017	16:34:15.6	     0.593	     1.047
03/08/2017	16:34:16.1	     0.593	     1.047
03/08/2017	16:34:16.6	     0.593	     1.047
03/08/2017	16:34:17.1	     0.593	     1.046
03/08/2017	16:34:17.6	     0.593	     1.045
03/08/2017	16:34:18.1	     0.593	     1.045
03/08/2017	16:34:18.6	     0.593	     1.044
03/08/2017	16:34:19.1	     0.593	     1.044
03/08/2017	16:34:19.6	     0.593	     1.043
03/08/2017	16:34:20.1	     0.593	     1.043
03/08/2017	16:34:20.6	     0.593	     1.041
03/08/2017	16:34:21.1	     0.593	     1.038
03/08/2017	16:34:21.6	     0.593	     1.039
03/08/2017	16:34:22.1	     0.593	     1.040
03/08/2017	16:34:22.6	     0.593	     1.040
03/08/2017	16:34:23.1	     0.593	     1.038
03/08/2017	16:34:23.6	     0.593	     1.038
03/08/2017	16:34:24.1	     0.592	     1.038
03/08/2017	16:34:24.6	     0.592	     1.038
03/08/2017	16:34:25.1	     0.592	     1.037
03/08/2017	16:34:25.6	     0.592	     1.037
03/08/2017	16:34:26.1	     0.592	     1.038
03/08/2017	16:34:26.6	     0.592	     1.037
03/08/2017	16:34:27.1	     0.592	     1.037
03/08/2017	16:34:27.6	     0.592	     1.036
03/08/2017	16:34:28.1	     0.592	     1.036
03/08/2017	16:34:28.6	     0.592	     1.035
03/08/2017	16:34:29.1	     0.592	     1.036
03/08/2017	16:34:29.6	     0.592	     1.035
03/08/2017	16:34:30.1	     0.592	     1.034
03/08/2017	16:34:30.6	     0.592	     1.033
03/08/2017	16:34:31.1	     0.592	     1.034
03/08/2017	16:34:31.6	     0.592	     1.032
03/08/2017	16:34:32.1	     0.592	     1.032
03/08/2017	16:34:32.6	     0.592	     1.030
03/08/2017	16:34:33.1	     0.592	     1.029
03/08/2017	16:34:33.6	     0.592	     1.029
03/08/2017	16:34:34.1	     0.592	     1.029
03/08/2017	16:34:34.6	     0.592	     1.028
03/08/2017	16:34:35.1	     0.592	     1.028
03/08/2017	16:34:35.6	     0.592	     1.028
03/08/2017	16:34:36.1	     0.592	     1.027
03/08/2017	16:34:36.6	     0.592	     1.027
03/08/2017	16:34:37.1	     0.592	     1.026
03/08/2017	16:34:37.6	     0.592	     1.026
03/08/2017	16:34:38.1	     0.592	     1.025
03/08/2017	16:34:38.6	     0.592	     1.025
03/08/2017	16:34:39.1	     0.592	     1.025
03/08/2017	16:34:39.6	     0.592	     1.023
03/08/2017	16:34:40.1	     0.592	     1.022
03/08/2017	16:34:40.6	     0.592	     1.022
03/08/2017	16:34:41.1	     0.592	     1.022
03/08/2017	16:34:41.6	     0.592	     1.023
03/08/2017	16:34:42.1	     0.592	     1.023
03/08/2017	16:34:42.6	     0.592	     1.023
03/08/2017	16:34:43.1	     0.592	     1.023
03/08/2017	16:34:43.6	     0.592	     1.023
03/08/2017	16:34:44.1	     0.592	     1.022
03/08/2017	16:34:44.6	     0.592	     1.021
03/08/2017	16:34:45.1	     0.592	     1.021
03/08/2017	16:34:45.6	     0.592	     1.020
03/08/2017	16:34:46.1	     0.592	     1.019
03/08/2017	16:34:46.6	     0.592	     1.019
03/08/2017	16:34:47.1	     0.592	     1.019
03/08/2017	16:34:47.6	     0.592	     1.019
03/08/2017	16:34:48.1	     0.592	     1.019
03/08/2017	16:34:48.6	     0.592	     1.018
03/08/2017	16:34:49.1	     0.592	     1.018
03/08/2017	16:34:49.6	     0.592	     1.018
03/08/2017	16:34:50.1	     0.592	     1.017
03/08/2017	16:34:50.6	     0.592	     1.017
03/08/2017	16:34:51.1	     0.592	     1.016
03/08/2017	16:34:51.6	     0.592	     1.016
03/08/2017	16:34:52.1	     0.592	     1.015
03/08/2017	16:34:52.6	     0.592	     1.015
03/08/2017	16:34:53.1	     0.592	     1.015
03/08/2017	16:34:53.6	     0.592	     1.013
03/08/2017	16:34:54.1	     0.592	     1.013
03/08/2017	16:34:54.6	     0.592	     1.013
03/08/2017	16:34:55.1	     0.592	     1.012
03/08/2017	16:34:55.6	     0.592	     1.011
03/08/2017	16:34:56.1	     0.592	     1.012
03/08/2017	16:34:56.6	     0.592	     1.012
03/08/2017	16:34:57.1	     0.592	     1.011
03/08/2017	16:34:57.6	     0.592	     1.011
03/08/2017	16:34:58.1	     0.592	     1.010
03/08/2017	16:34:58.6	     0.592	     1.010
03/08/2017	16:34:59.1	     0.592	     1.010
03/08/2017	16:34:59.6	     0.592	     1.010
03/08/2017	16:35:00.1	     0.592	     1.010
03/08/2017	16:35:00.6	     0.592	     1.008
03/08/2017	16:35:01.1	     0.592	     1.006
03/08/2017	16:35:01.6	     0.592	     1.006
03/08/2017	16:35:02.1	     0.592	     1.006
03/08/2017	16:35:02.6	     0.592	     1.006
03/08/2017	16:35:03.1	     0.592	     1.006
03/08/2017	16:35:03.6	     0.592	     1.006
03/08/2017	16:35:04.1	     0.592	     1.006
03/08/2017	16:35:04.6	     0.592	     1.005
03/08/2017	16:35:05.1	     0.592	     1.006
03/08/2017	16:35:05.6	     0.591	     1.005
03/08/2017	16:35:06.1	     0.591	     1.005
03/08/2017	16:35:06.6	     0.591	     1.006
03/08/2017	16:35:07.1	     0.591	     1.006
03/08/2017	16:35:07.6	     0.591	     1.005
03/08/2017	16:35:08.1	     0.591	     1.005
03/08/2017	16:35:08.6	     0.591	     1.004
03/08/2017	16:35:09.1	     0.591	     1.003
03/08/2017	16:35:09.6	     0.591	     1.003
03/08/2017	16:35:10.1	     0.591	     1.003
03/08/2017	16:35:10.6	     0.591	     1.003
03/08/2017	16:35:11.1	     0.591	     1.002
03/08/2017	16:35:11.6	     0.591	     1.002
03/08/2017	16:35:12.1	     0.592	     1.002
03/08/2017	16:35:12.6	     0.592	     1.002
03/08/2017	16:35:13.1	     0.592	     1.002
03/08/2017	16:35:13.6	     0.592	     1.002
03/08/2017	16:35:14.1	     0.592	     1.001
03/08/2017	16:35:14.6	     0.592	     1.000
03/08/2017	16:35:15.1	     0.592	     1.001
03/08/2017	16:35:15.6	     0.592	     1.000
03/08/2017	16:35:16.1	     0.592	     1.000
03/08/2017	16:35:16.6	     0.592	     0.999
03/08/2017	16:35:17.1	     0.592	     0.999
03/08/2017	16:35:17.6	     0.592	     0.998
03/08/2017	16:35:18.1	     0.592	     0.998
03/08/2017	16:35:18.6	     0.592	     0.998
03/08/2017	16:35:19.1	     0.592	     0.998
03/08/2017	16:35:19.6	     0.592	     0.997
03/08/2017	16:35:20.1	     0.592	     0.997
03/08/2017	16:35:20.6	     0.592	     0.996
03/08/2017	16:35:21.1	     0.592	     0.996
03/08/2017	16:35:21.6	     0.592	     0.996
03/08/2017	16:35:22.1	     0.592	     0.996
03/08/2017	16:35:22.6	     0.592	     0.997
03/08/2017	16:35:23.1	     0.592	     0.997
03/08/2017	16:35:23.6	     0.592	     0.995
03/08/2017	16:35:24.1	     0.592	     0.994
03/08/2017	16:35:24.6	     0.592	     0.994
03/08/2017	16:35:25.1	     0.592	     0.993
03/08/2017	16:35:25.6	     0.592	     0.994
03/08/2017	16:35:26.1	     0.592	     0.994
03/08/2017	16:35:26.6	     0.592	     0.993
03/08/2017	16:35:27.1	     0.592	     0.993
03/08/2017	16:35:27.6	     0.592	     0.993
03/08/2017	16:35:28.1	     0.592	     0.993
03/08/2017	16:35:28.6	     0.592	     0.993
03/08/2017	16:35:29.1	     0.592	     0.992
03/08/2017	16:35:29.6	     0.592	     0.991
03/08/2017	16:35:30.1	     0.592	     0.991
03/08/2017	16:35:30.6	     0.592	     0.990
03/08/2017	16:35:31.1	     0.592	     0.990
03/08/2017	16:35:31.6	     0.592	     0.991
03/08/2017	16:35:32.1	     0.592	     0.990
03/08/2017	16:35:32.6	     0.592	     0.990
03/08/2017	16:35:33.1	     0.592	     0.990
03/08/2017	16:35:33.6	     0.592	     0.990
03/08/2017	16:35:34.1	     0.592	     0.990
03/08/2017	16:35:34.6	     0.592	     0.990
03/08/2017	16:35:35.1	     0.592	     0.990
03/08/2017	16:35:35.6	     0.592	     0.990
03/08/2017	16:35:36.1	     0.592	     0.990
03/08/2017	16:35:36.6	     0.592	     0.990
03/08/2017	16:35:37.1	     0.592	     0.990
03/08/2017	16:35:37.6	     0.592	     0.988
03/08/2017	16:35:38.1	     0.592	     0.988
03/08/2017	16:35:38.6	     0.592	     0.988
03/08/2017	16:35:39.1	     0.592	     0.988
03/08/2017	16:35:39.6	     0.593	     0.989
03/08/2017	16:35:40.1	     0.593	     0.987
03/08/2017	16:35:40.6	     0.593	     0.986
03/08/2017	16:35:41.1	     0.593	     0.986
03/08/2017	16:35:41.6	     0.593	     0.986
03/08/2017	16:35:42.1	     0.593	     0.986
03/08/2017	16:35:42.6	     0.593	     0.987
03/08/2017	16:35:43.1	     0.593	     0.986
03/08/2017	16:35:43.6	     0.593	     0.986
03/08/2017	16:35:44.1	     0.593	     0.987
03/08/2017	16:35:44.6	     0.593	     0.986
03/08/2017	16:35:45.1	     0.593	     0.984
03/08/2017	16:35:45.6	     0.593	     0.983
03/08/2017	16:35:46.1	     0.593	     0.983
03/08/2017	16:35:46.6	     0.593	     0.983
03/08/2017	16:35:47.1	     0.593	     0.983
03/08/2017	16:35:47.6	     0.593	     0.983
03/08/2017	16:35:48.1	     0.593	     0.983
03/08/2017	16:35:48.6	     0.593	     0.982
03/08/2017	16:35:49.1	     0.593	     0.983
03/08/2017	16:35:49.6	     0.593	     0.982
03/08/2017	16:35:50.1	     0.593	     0.981
03/08/2017	16:35:50.6	     0.593	     0.982
03/08/2017	16:35:51.1	     0.593	     0.981
03/08/2017	16:35:51.6	     0.593	     0.981
03/08/2017	16:35:52.1	     0.593	     0.980
03/08/2017	16:35:52.6	     0.593	     0.981
03/08/2017	16:35:53.1	     0.593	     0.980
03/08/2017	16:35:53.6	     0.593	     0.981
03/08/2017	16:35:54.1	     0.593	     0.980
03/08/2017	16:35:54.6	     0.593	     0.980
03/08/2017	16:35:55.1	     0.593	     0.980
03/08/2017	16:35:55.6	     0.593	     0.980
03/08/2017	16:35:56.1	     0.593	     0.981
03/08/2017	16:35:56.6	     0.594	     0.980
03/08/2017	16:35:57.1	     0.594	     0.979
03/08/2017	16:35:57.6	     0.594	     0.980
03/08/2017	16:35:58.1	     0.594	     0.979
03/08/2017	16:35:58.6	     0.594	     0.980
03/08/2017	16:35:59.1	     0.594	     0.979
03/08/2017	16:35:59.6	     0.594	     0.979
03/08/2017	16:36:00.1	     0.594	     0.979
03/08/2017	16:36:00.6	     0.594	     0.980
03/08/2017	16:36:01.1	     0.594	     0.979
03/08/2017	16:36:01.6	     0.594	     0.980
03/08/2017	16:36:02.1	     0.594	     0.979
03/08/2017	16:36:02.6	     0.594	     0.979
03/08/2017	16:36:03.1	     0.594	     0.978
03/08/2017	16:36:03.6	     0.594	     0.977
03/08/2017	16:36:04.1	     0.594	     0.977
03/08/2017	16:36:04.6	     0.594	     0.977
03/08/2017	16:36:05.1	     0.594	     0.978
03/08/2017	16:36:05.6	     0.594	     0.977
03/08/2017	16:36:06.1	     0.594	     0.977
03/08/2017	16:36:06.6	     0.594	     0.977
03/08/2017	16:36:07.1	     0.594	     0.976
03/08/2017	16:36:07.6	     0.594	     0.974
03/08/2017	16:36:08.1	     0.594	     0.974
03/08/2017	16:36:08.6	     0.594	     0.974
03/08/2017	16:36:09.1	     0.594	     0.975
03/08/2017	16:36:09.6	     0.594	     0.975
03/08/2017	16:36:10.1	     0.594	     0.975
03/08/2017	16:36:10.6	     0.594	     0.975
03/08/2017	16:36:11.1	     0.594	     0.975
03/08/2017	16:36:11.6	     0.594	     0.974
03/08/2017	16:36:12.1	     0.594	     0.971
03/08/2017	16:36:12.6	     0.594	     0.973
03/08/2017	16:36:13.1	     0.594	     0.973
03/08/2017	16:36:13.6	     0.594	     0.973
03/08/2017	16:36:14.1	     0.594	     0.973
03/08/2017	16:36:14.6	     0.594	     0.974
03/08/2017	16:36:15.1	     0.594	     0.973
03/08/2017	16:36:15.6	     0.594	     0.974
03/08/2017	16:36:16.1	     0.594	     0.973
03/08/2017	16:36:16.6	     0.594	     0.973
03/08/2017	16:36:17.1	     0.594	     0.972
03/08/2017	16:36:17.6	     0.594	     0.973
03/08/2017	16:36:18.1	     0.594	     0.972
03/08/2017	16:36:18.6	     0.594	     0.973
03/08/2017	16:36:19.1	     0.594	     0.972
03/08/2017	16:36:19.6	     0.594	     0.973
03/08/2017	16:36:20.1	     0.594	     0.972
03/08/2017	16:36:20.6	     0.594	     0.972
03/08/2017	16:36:21.1	     0.594	     0.971
03/08/2017	16:36:21.6	     0.594	     0.972
03/08/2017	16:36:22.1	     0.594	     0.970
03/08/2017	16:36:22.6	     0.594	     0.970
03/08/2017	16:36:23.1	     0.594	     0.970
03/08/2017	16:36:23.6	     0.594	     0.970
03/08/2017	16:36:24.1	     0.594	     0.968
03/08/2017	16:36:24.6	     0.594	     0.968
03/08/2017	16:36:25.1	     0.594	     0.969
03/08/2017	16:36:25.6	     0.594	     0.969
03/08/2017	16:36:26.1	     0.594	     0.968
03/08/2017	16:36:26.6	     0.594	     0.967
03/08/2017	16:36:27.1	     0.594	     0.966
03/08/2017	16:36:27.6	     0.594	     0.965
03/08/2017	16:36:28.1	     0.594	     0.966
03/08/2017	16:36:28.6	     0.594	     0.966
03/08/2017	16:36:29.1	     0.595	     0.965
03/08/2017	16:36:29.6	     0.595	     0.966
03/08/2017	16:36:30.1	     0.595	     0.967
03/08/2017	16:36:30.6	     0.595	     0.966
03/08/2017	16:36:31.1	     0.595	     0.966
03/08/2017	16:36:31.6	     0.595	     0.966
03/08/2017	16:36:32.1	     0.595	     0.966
03/08/2017	16:36:32.6	     0.595	     0.967
03/08/2017	16:36:33.1	     0.595	     0.966
03/08/2017	16:36:33.6	     0.595	     0.966
03/08/2017	16:36:34.1	     0.595	     0.966
03/08/2017	16:36:34.6	     0.595	     0.966
03/08/2017	16:36:35.1	     0.595	     0.966
03/08/2017	16:36:35.6	     0.595	     0.966
03/08/2017	16:36:36.1	     0.595	     0.966
03/08/2017	16:36:36.6	     0.595	     0.965
03/08/2017	16:36:37.1	     0.595	     0.966
03/08/2017	16:36:37.6	     0.595	     0.965
03/08/2017	16:36:38.1	     0.595	     0.965
03/08/2017	16:36:38.6	     0.595	     0.965
03/08/2017	16:36:39.1	     0.595	     0.965
03/08/2017	16:36:39.6	     0.595	     0.965
03/08/2017	16:36:40.1	     0.595	     0.964
03/08/2017	16:36:40.6	     0.595	     0.964
03/08/2017	16:36:41.1	     0.595	     0.965
03/08/2017	16:36:41.6	     0.595	     0.965
03/08/2017	16:36:42.1	     0.595	     0.965
03/08/2017	16:36:42.6	     0.595	     0.964
03/08/2017	16:36:43.1	     0.595	     0.963
03/08/2017	16:36:43.6	     0.595	     0.963
03/08/2017	16:36:44.1	     0.595	     0.963
03/08/2017	16:36:44.6	     0.595	     0.963
03/08/2017	16:36:45.1	     0.595	     0.962
03/08/2017	16:36:45.6	     0.595	     0.962
03/08/2017	16:36:46.1	     0.595	     0.962
03/08/2017	16:36:46.6	     0.595	     0.962
03/08/2017	16:36:47.1	     0.595	     0.961
03/08/2017	16:36:47.6	     0.595	     0.961
03/08/2017	16:36:48.1	     0.595	     0.962
03/08/2017	16:36:48.6	     0.596	     0.962
03/08/2017	16:36:49.1	     0.596	     0.961
03/08/2017	16:36:49.6	     0.596	     0.961
03/08/2017	16:36:50.1	     0.595	     0.961
03/08/2017	16:36:50.6	     0.596	     0.959
03/08/2017	16:36:51.1	     0.596	     0.959
03/08/2017	16:36:51.6	     0.596	     0.960
03/08/2017	16:36:52.1	     0.596	     0.960
03/08/2017	16:36:52.6	     0.596	     0.960
03/08/2017	16:36:53.1	     0.596	     0.961
03/08/2017	16:36:53.6	     0.596	     0.961
03/08/2017	16:36:54.1	     0.596	     0.961
03/08/2017	16:36:54.6	     0.596	     0.960
03/08/2017	16:36:55.1	     0.596	     0.960
03/08/2017	16:36:55.6	     0.596	     0.960
03/08/2017	16:36:56.1	     0.596	     0.960
03/08/2017	16:36:56.6	     0.596	     0.960
03/08/2017	16:36:57.1	     0.596	     0.959
03/08/2017	16:36:57.6	     0.596	     0.959
03/08/2017	16:36:58.1	     0.596	     0.958
03/08/2017	16:36:58.6	     0.596	     0.958
03/08/2017	16:36:59.1	     0.596	     0.959
03/08/2017	16:36:59.6	     0.596	     0.958
03/08/2017	16:37:00.1	     0.596	     0.958
03/08/2017	16:37:00.6	     0.596	     0.958
03/08/2017	16:37:01.1	     0.596	     0.958
03/08/2017	16:37:01.6	     0.596	     0.958
03/08/2017	16:37:02.1	     0.596	     0.958
03/08/2017	16:37:02.6	     0.596	     0.959
03/08/2017	16:37:03.1	     0.596	     0.959
03/08/2017	16:37:03.6	     0.596	     0.959
03/08/2017	16:37:04.1	     0.596	     0.959
03/08/2017	16:37:04.6	     0.596	     0.957
03/08/2017	16:37:05.1	     0.596	     0.957
03/08/2017	16:37:05.6	     0.596	     0.958
03/08/2017	16:37:06.1	     0.596	     0.957
03/08/2017	16:37:06.6	     0.596	     0.956
03/08/2017	16:37:07.1	     0.596	     0.958
03/08/2017	16:37:07.6	     0.596	     0.957
03/08/2017	16:37:08.1	     0.596	     0.957
03/08/2017	16:37:08.6	     0.596	     0.957
03/08/2017	16:37:09.1	     0.596	     0.957
03/08/2017	16:37:09.6	     0.596	     0.956
03/08/2017	16:37:10.1	     0.596	     0.955
03/08/2017	16:37:10.6	     0.596	     0.956
03/08/2017	16:37:11.1	     0.596	     0.956
03/08/2017	16:37:11.6	     0.596	     0.956
03/08/2017	16:37:12.1	     0.596	     0.956
03/08/2017	16:37:12.6	     0.596	     0.954
03/08/2017	16:37:13.1	     0.596	     0.956
03/08/2017	16:37:13.6	     0.596	     0.956
03/08/2017	16:37:14.1	     0.596	     0.956
03/08/2017	16:37:14.6	     0.596	     0.956
03/08/2017	16:37:15.1	     0.596	     0.955
03/08/2017	16:37:15.6	     0.596	     0.955
03/08/2017	16:37:16.1	     0.596	     0.954
03/08/2017	16:37:16.6	     0.596	     0.954
03/08/2017	16:37:17.1	     0.596	     0.955
03/08/2017	16:37:17.6	     0.596	     0.955
03/08/2017	16:37:18.1	     0.596	     0.955
03/08/2017	16:37:18.6	     0.596	     0.956
03/08/2017	16:37:19.1	     0.596	     0.954
03/08/2017	16:37:19.6	     0.596	     0.955
03/08/2017	16:37:20.1	     0.596	     0.956
03/08/2017	16:37:20.6	     0.596	     0.954
03/08/2017	16:37:21.1	     0.596	     0.954
03/08/2017	16:37:21.6	     0.596	     0.953
03/08/2017	16:37:22.1	     0.596	     0.954
03/08/2017	16:37:22.6	     0.596	     0.954
03/08/2017	16:37:23.1	     0.596	     0.954
03/08/2017	16:37:23.6	     0.596	     0.954
03/08/2017	16:37:24.1	     0.597	     0.953
03/08/2017	16:37:24.6	     0.597	     0.953
03/08/2017	16:37:25.1	     0.597	     0.953
03/08/2017	16:37:25.6	     0.597	     0.954
03/08/2017	16:37:26.1	     0.597	     0.952
03/08/2017	16:37:26.6	     0.597	     0.953
03/08/2017	16:37:27.1	     0.597	     0.953
03/08/2017	16:37:27.6	     0.597	     0.954
03/08/2017	16:37:28.1	     0.597	     0.954
03/08/2017	16:37:28.6	     0.597	     0.952
03/08/2017	16:37:29.1	     0.597	     0.952
03/08/2017	16:37:29.6	     0.597	     0.953
03/08/2017	16:37:30.1	     0.597	     0.951
03/08/2017	16:37:30.6	     0.597	     0.951
03/08/2017	16:37:31.1	     0.597	     0.952
03/08/2017	16:37:31.6	     0.597	     0.952
03/08/2017	16:37:32.1	     0.597	     0.952
03/08/2017	16:37:32.6	     0.597	     0.952
03/08/2017	16:37:33.1	     0.597	     0.952
03/08/2017	16:37:33.6	     0.597	     0.952
03/08/2017	16:37:34.1	     0.597	     0.951
03/08/2017	16:37:34.6	     0.597	     0.951
03/08/2017	16:37:35.1	     0.597	     0.951
03/08/2017	16:37:35.6	     0.597	     0.950
03/08/2017	16:37:36.1	     0.597	     0.952
03/08/2017	16:37:36.6	     0.597	     0.951
03/08/2017	16:37:37.1	     0.597	     0.950
03/08/2017	16:37:37.6	     0.597	     0.950
03/08/2017	16:37:38.1	     0.597	     0.950
03/08/2017	16:37:38.6	     0.597	     0.951
03/08/2017	16:37:39.1	     0.597	     0.951
03/08/2017	16:37:39.6	     0.597	     0.950
03/08/2017	16:37:40.1	     0.597	     0.951
03/08/2017	16:37:40.6	     0.597	     0.950
03/08/2017	16:37:41.1	     0.597	     0.949
03/08/2017	16:37:41.6	     0.597	     0.949
03/08/2017	16:37:42.1	     0.597	     0.949
03/08/2017	16:37:42.6	     0.597	     0.949
03/08/2017	16:37:43.1	     0.597	     0.949
03/08/2017	16:37:43.6	     0.597	     0.948
03/08/2017	16:37:44.1	     0.597	     0.948
03/08/2017	16:37:44.6	     0.597	     0.947
03/08/2017	16:37:45.1	     0.597	     0.949
03/08/2017	16:37:45.6	     0.597	     0.948
03/08/2017	16:37:46.1	     0.597	     0.949
03/08/2017	16:37:46.6	     0.597	     0.949
03/08/2017	16:37:47.1	     0.597	     0.948
03/08/2017	16:37:47.6	     0.597	     0.947
03/08/2017	16:37:48.1	     0.597	     0.947
03/08/2017	16:37:48.6	     0.597	     0.947
03/08/2017	16:37:49.1	     0.597	     0.948
03/08/2017	16:37:49.6	     0.597	     0.948
03/08/2017	16:37:50.1	     0.597	     0.946
03/08/2017	16:37:50.6	     0.597	     0.946
03/08/2017	16:37:51.1	     0.597	     0.946
03/08/2017	16:37:51.6	     0.597	     0.946
03/08/2017	16:37:52.1	     0.597	     0.947
03/08/2017	16:37:52.6	     0.597	     0.946
03/08/2017	16:37:53.1	     0.597	     0.947
03/08/2017	16:37:53.6	     0.597	     0.947
03/08/2017	16:37:54.1	     0.597	     0.947
03/08/2017	16:37:54.6	     0.597	     0.947
03/08/2017	16:37:55.1	     0.597	     0.946
03/08/2017	16:37:55.6	     0.597	     0.947
03/08/2017	16:37:56.1	     0.597	     0.947
03/08/2017	16:37:56.6	     0.597	     0.947
03/08/2017	16:37:57.1	     0.597	     0.947
03/08/2017	16:37:57.6	     0.597	     0.947
03/08/2017	16:37:58.1	     0.597	     0.946
03/08/2017	16:37:58.6	     0.597	     0.947
03/08/2017	16:37:59.1	     0.597	     0.946
03/08/2017	16:37:59.6	     0.597	     0.946
03/08/2017	16:38:00.1	     0.598	     0.946
03/08/2017	16:38:00.6	     0.598	     0.946
03/08/2017	16:38:01.1	     0.598	     0.945
03/08/2017	16:38:01.6	     0.598	     0.944
03/08/2017	16:38:02.1	     0.598	     0.943
03/08/2017	16:38:02.6	     0.598	     0.943
03/08/2017	16:38:03.1	     0.598	     0.943
03/08/2017	16:38:03.6	     0.598	     0.943
03/08/2017	16:38:04.1	     0.598	     0.944
03/08/2017	16:38:04.6	     0.598	     0.944
03/08/2017	16:38:05.1	     0.598	     0.945
03/08/2017	16:38:05.6	     0.598	     0.944
03/08/2017	16:38:06.1	     0.598	     0.945
03/08/2017	16:38:06.6	     0.598	     0.945
03/08/2017	16:38:07.1	     0.598	     0.944
03/08/2017	16:38:07.6	     0.598	     0.945
03/08/2017	16:38:08.1	     0.598	     0.944
03/08/2017	16:38:08.6	     0.598	     0.945
03/08/2017	16:38:09.1	     0.598	     0.944
03/08/2017	16:38:09.6	     0.598	     0.945
03/08/2017	16:38:10.1	     0.598	     0.945
03/08/2017	16:38:10.6	     0.598	     0.945
03/08/2017	16:38:11.1	     0.598	     0.944
03/08/2017	16:38:11.6	     0.597	     0.945
03/08/2017	16:38:12.1	     0.597	     0.944
03/08/2017	16:38:12.6	     0.598	     0.944
03/08/2017	16:38:13.1	     0.598	     0.944
03/08/2017	16:38:13.6	     0.598	     0.944
03/08/2017	16:38:14.1	     0.598	     0.944
03/08/2017	16:38:14.6	     0.598	     0.943
03/08/2017	16:38:15.1	     0.598	     0.943
03/08/2017	16:38:15.6	     0.598	     0.944
03/08/2017	16:38:16.1	     0.598	     0.944
03/08/2017	16:38:16.6	     0.598	     0.944
03/08/2017	16:38:17.1	     0.598	     0.944
03/08/2017	16:38:17.6	     0.598	     0.944
03/08/2017	16:38:18.1	     0.597	     0.944
03/08/2017	16:38:18.6	     0.597	     0.943
03/08/2017	16:38:19.1	     0.597	     0.943
03/08/2017	16:38:19.6	     0.597	     0.943
03/08/2017	16:38:20.1	     0.597	     0.943
03/08/2017	16:38:20.6	     0.597	     0.942
03/08/2017	16:38:21.1	     0.597	     0.943
03/08/2017	16:38:21.6	     0.597	     0.943
03/08/2017	16:38:22.1	     0.597	     0.943
03/08/2017	16:38:22.6	     0.597	     0.942
03/08/2017	16:38:23.1	     0.597	     0.943
03/08/2017	16:38:23.6	     0.597	     0.943
03/08/2017	16:38:24.1	     0.597	     0.943
03/08/2017	16:38:24.6	     0.597	     0.944
03/08/2017	16:38:25.1	     0.597	     0.944
03/08/2017	16:38:25.6	     0.597	     0.944
03/08/2017	16:38:26.1	     0.597	     0.941
03/08/2017	16:38:26.6	     0.597	     0.941
03/08/2017	16:38:27.1	     0.597	     0.943
03/08/2017	16:38:27.6	     0.597	     0.942
03/08/2017	16:38:28.1	     0.597	     0.942
03/08/2017	16:38:28.6	     0.598	     0.942
03/08/2017	16:38:29.1	     0.598	     0.942
03/08/2017	16:38:29.6	     0.598	     0.942
03/08/2017	16:38:30.1	     0.598	     0.941
03/08/2017	16:38:30.6	     0.597	     0.941
03/08/2017	16:38:31.1	     0.598	     0.942
03/08/2017	16:38:31.6	     0.598	     0.942
03/08/2017	16:38:32.1	     0.598	     0.941
03/08/2017	16:38:32.6	     0.597	     0.941
03/08/2017	16:38:33.1	     0.598	     0.942
03/08/2017	16:38:33.6	     0.598	     0.942
03/08/2017	16:38:34.1	     0.598	     0.942
03/08/2017	16:38:34.6	     0.598	     0.942
03/08/2017	16:38:35.1	     0.598	     0.941
03/08/2017	16:38:35.6	     0.598	     0.941
03/08/2017	16:38:36.1	     0.597	     0.941
03/08/2017	16:38:36.6	     0.597	     0.941
03/08/2017	16:38:37.1	     0.597	     0.940
03/08/2017	16:38:37.6	     0.597	     0.940
03/08/2017	16:38:38.1	     0.597	     0.940
03/08/2017	16:38:38.6	     0.597	     0.940
03/08/2017	16:38:39.1	     0.597	     0.940
03/08/2017	16:38:39.6	     0.597	     0.941
03/08/2017	16:38:40.1	     0.597	     0.940
03/08/2017	16:38:40.6	     0.598	     0.940
03/08/2017	16:38:41.1	     0.598	     0.940
03/08/2017	16:38:41.6	     0.598	     0.939
03/08/2017	16:38:42.1	     0.598	     0.940
03/08/2017	16:38:42.6	     0.598	     0.940
03/08/2017	16:38:43.1	     0.598	     0.939
03/08/2017	16:38:43.6	     0.598	     0.939
03/08/2017	16:38:44.1	     0.598	     0.940
03/08/2017	16:38:44.6	     0.598	     0.938
03/08/2017	16:38:45.1	     0.598	     0.938
03/08/2017	16:38:45.6	     0.598	     0.938
03/08/2017	16:38:46.1	     0.598	     0.938
03/08/2017	16:38:46.6	     0.597	     0.936
03/08/2017	16:38:47.1	     0.598	     0.937
03/08/2017	16:38:47.6	     0.597	     0.938
03/08/2017	16:38:48.1	     0.597	     0.938
03/08/2017	16:38:48.6	     0.597	     0.938
03/08/2017	16:38:49.1	     0.597	     0.938
03/08/2017	16:38:49.6	     0.597	     0.937
03/08/2017	16:38:50.1	     0.597	     0.938
03/08/2017	16:38:50.6	     0.597	     0.938
END DATA