VIRTUALBENCH-LOGGER 2.5 REPORT
NATIONAL INSTRUMENTS
DATE CREATED	14:40:32	03/08/2017

USER	


START COMMENT


END COMMENT

START DATA
Date	Time	AMPS(V)	PYRO(V)
03/08/2017	14:40:36.1	     0.597	     0.962
03/08/2017	14:40:36.6	     0.597	     0.976
03/08/2017	14:40:37.1	     0.597	     0.977
03/08/2017	14:40:37.6	     0.597	     0.977
03/08/2017	14:40:38.1	     0.597	     0.976
03/08/2017	14:40:38.6	     0.597	     0.977
03/08/2017	14:40:39.1	     0.596	     0.975
03/08/2017	14:40:39.6	     0.596	     0.976
03/08/2017	14:40:40.1	     0.596	     0.975
03/08/2017	14:40:40.6	     0.596	     0.975
03/08/2017	14:40:41.1	     0.596	     0.975
03/08/2017	14:40:41.6	     0.596	     0.975
03/08/2017	14:40:42.1	     0.596	     0.975
03/08/2017	14:40:42.6	     0.596	     0.975
03/08/2017	14:40:43.1	     0.596	     0.975
03/08/2017	14:40:43.6	     0.596	     0.975
03/08/2017	14:40:44.1	     0.596	     0.975
03/08/2017	14:40:44.6	     0.596	     0.975
03/08/2017	14:40:45.1	     0.596	     0.974
03/08/2017	14:40:45.6	     0.596	     0.975
03/08/2017	14:40:46.1	     0.596	     0.974
03/08/2017	14:40:46.6	     0.596	     0.976
03/08/2017	14:40:47.1	     0.596	     0.975
03/08/2017	14:40:47.6	     0.596	     0.974
03/08/2017	14:40:48.1	     0.596	     0.841
03/08/2017	14:40:48.6	     0.596	     0.670
03/08/2017	14:40:49.1	     0.596	     0.654
03/08/2017	14:40:49.6	     0.596	     0.687
03/08/2017	14:40:50.1	     0.596	     0.690
03/08/2017	14:40:50.6	     0.596	     0.696
03/08/2017	14:40:51.1	     0.596	     0.696
03/08/2017	14:40:51.6	     0.596	     0.697
03/08/2017	14:40:52.1	     0.596	     0.699
03/08/2017	14:40:52.6	     0.596	     0.704
03/08/2017	14:40:53.1	     0.596	     0.724
03/08/2017	14:40:53.6	     0.596	     0.744
03/08/2017	14:40:54.1	     0.596	     0.783
03/08/2017	14:40:54.6	     0.596	     0.772
03/08/2017	14:40:55.1	     0.596	     0.810
03/08/2017	14:40:55.6	     0.596	     0.771
03/08/2017	14:40:56.1	     0.596	     0.825
03/08/2017	14:40:56.6	     0.596	     0.833
03/08/2017	14:40:57.1	     0.596	     0.821
03/08/2017	14:40:57.6	     0.596	     0.833
03/08/2017	14:40:58.1	     0.596	     0.829
03/08/2017	14:40:58.6	     0.596	     0.821
03/08/2017	14:40:59.1	     0.596	     0.809
03/08/2017	14:40:59.6	     0.596	     0.810
03/08/2017	14:41:00.1	     0.596	     0.824
03/08/2017	14:41:00.6	     0.596	     0.827
03/08/2017	14:41:01.1	     0.596	     0.813
03/08/2017	14:41:01.6	     0.596	     0.800
03/08/2017	14:41:02.1	     0.596	     0.815
03/08/2017	14:41:02.6	     0.596	     0.828
03/08/2017	14:41:03.1	     0.596	     0.826
03/08/2017	14:41:03.6	     0.596	     0.811
03/08/2017	14:41:04.1	     0.596	     0.810
03/08/2017	14:41:04.6	     0.596	     0.809
03/08/2017	14:41:05.1	     0.596	     0.800
03/08/2017	14:41:05.6	     0.596	     0.819
03/08/2017	14:41:06.1	     0.596	     0.838
03/08/2017	14:41:06.6	     0.596	     0.850
03/08/2017	14:41:07.1	     0.596	     0.861
03/08/2017	14:41:07.6	     0.596	     0.871
03/08/2017	14:41:08.1	     0.596	     0.880
03/08/2017	14:41:08.6	     0.596	     0.887
03/08/2017	14:41:09.1	     0.596	     0.891
03/08/2017	14:41:09.6	     0.596	     0.900
03/08/2017	14:41:10.1	     0.596	     0.893
03/08/2017	14:41:10.6	     0.596	     0.901
03/08/2017	14:41:11.1	     0.596	     0.906
03/08/2017	14:41:11.6	     0.596	     0.919
03/08/2017	14:41:12.1	     0.596	     0.925
03/08/2017	14:41:12.6	     0.596	     0.935
03/08/2017	14:41:13.1	     0.596	     0.946
03/08/2017	14:41:13.6	     0.596	     0.950
03/08/2017	14:41:14.1	     0.596	     0.952
03/08/2017	14:41:14.6	     0.596	     0.974
03/08/2017	14:41:15.1	     0.596	     0.991
03/08/2017	14:41:15.6	     0.596	     1.006
03/08/2017	14:41:16.1	     0.596	     1.026
03/08/2017	14:41:16.6	     0.596	     1.031
03/08/2017	14:41:17.1	     0.596	     1.031
03/08/2017	14:41:17.6	     0.596	     1.022
03/08/2017	14:41:18.1	     0.596	     1.068
03/08/2017	14:41:18.6	     0.596	     1.102
03/08/2017	14:41:19.1	     0.596	     1.097
03/08/2017	14:41:19.6	     0.596	     1.088
03/08/2017	14:41:20.1	     0.596	     1.080
03/08/2017	14:41:20.6	     0.596	     1.082
03/08/2017	14:41:21.1	     0.596	     1.082
03/08/2017	14:41:21.6	     0.596	     1.064
03/08/2017	14:41:22.1	     0.596	     1.075
03/08/2017	14:41:22.6	     0.596	     1.075
03/08/2017	14:41:23.1	     0.596	     1.063
03/08/2017	14:41:23.6	     0.596	     1.131
03/08/2017	14:41:24.1	     0.596	     1.151
03/08/2017	14:41:24.6	     0.596	     1.152
03/08/2017	14:41:25.1	     0.596	     1.158
03/08/2017	14:41:25.6	     0.596	     1.158
03/08/2017	14:41:26.1	     0.596	     1.158
03/08/2017	14:41:26.6	     0.596	     1.158
03/08/2017	14:41:27.1	     0.596	     1.158
03/08/2017	14:41:27.6	     0.596	     1.158
03/08/2017	14:41:28.1	     0.596	     1.159
03/08/2017	14:41:28.6	     0.596	     1.159
03/08/2017	14:41:29.1	     0.596	     1.159
03/08/2017	14:41:29.6	     0.596	     1.160
03/08/2017	14:41:30.1	     0.596	     1.160
03/08/2017	14:41:30.6	     0.596	     1.161
03/08/2017	14:41:31.1	     0.596	     1.161
03/08/2017	14:41:31.6	     0.596	     1.162
03/08/2017	14:41:32.1	     0.596	     1.165
03/08/2017	14:41:32.6	     0.596	     1.165
03/08/2017	14:41:33.1	     0.596	     1.168
03/08/2017	14:41:33.6	     0.596	     1.165
03/08/2017	14:41:34.1	     0.596	     1.169
03/08/2017	14:41:34.6	     0.596	     1.170
03/08/2017	14:41:35.1	     0.596	     1.173
03/08/2017	14:41:35.6	     0.596	     1.172
03/08/2017	14:41:36.1	     0.596	     1.172
03/08/2017	14:41:36.6	     0.596	     1.171
03/08/2017	14:41:37.1	     0.596	     1.173
03/08/2017	14:41:37.6	     0.596	     1.177
03/08/2017	14:41:38.1	     0.596	     1.178
03/08/2017	14:41:38.6	     0.596	     1.175
03/08/2017	14:41:39.1	     0.596	     1.176
03/08/2017	14:41:39.6	     0.596	     1.177
03/08/2017	14:41:40.1	     0.596	     1.181
03/08/2017	14:41:40.6	     0.596	     1.181
03/08/2017	14:41:41.1	     0.596	     1.181
03/08/2017	14:41:41.6	     0.596	     1.181
03/08/2017	14:41:42.1	     0.596	     1.181
03/08/2017	14:41:42.6	     0.596	     1.182
03/08/2017	14:41:43.1	     0.596	     1.181
03/08/2017	14:41:43.6	     0.596	     1.183
03/08/2017	14:41:44.1	     0.596	     1.181
03/08/2017	14:41:44.6	     0.596	     1.183
03/08/2017	14:41:45.1	     0.596	     1.183
03/08/2017	14:41:45.6	     0.596	     1.179
03/08/2017	14:41:46.1	     0.596	     1.179
03/08/2017	14:41:46.6	     0.596	     1.179
03/08/2017	14:41:47.1	     0.596	     1.179
03/08/2017	14:41:47.6	     0.597	     1.179
03/08/2017	14:41:48.1	     0.597	     1.179
03/08/2017	14:41:48.6	     0.597	     1.178
03/08/2017	14:41:49.1	     0.597	     1.178
03/08/2017	14:41:49.6	     0.597	     1.177
03/08/2017	14:41:50.1	     0.597	     1.175
03/08/2017	14:41:50.6	     0.597	     1.173
03/08/2017	14:41:51.1	     0.597	     1.170
03/08/2017	14:41:51.6	     0.597	     1.172
03/08/2017	14:41:52.1	     0.597	     1.170
03/08/2017	14:41:52.6	     0.597	     1.171
03/08/2017	14:41:53.1	     0.597	     1.165
03/08/2017	14:41:53.6	     0.597	     1.167
03/08/2017	14:41:54.1	     0.597	     1.166
03/08/2017	14:41:54.6	     0.597	     1.166
03/08/2017	14:41:55.1	     0.597	     1.161
03/08/2017	14:41:55.6	     0.597	     1.160
03/08/2017	14:41:56.1	     0.597	     1.160
03/08/2017	14:41:56.6	     0.597	     1.160
03/08/2017	14:41:57.1	     0.597	     1.160
03/08/2017	14:41:57.6	     0.597	     1.158
03/08/2017	14:41:58.1	     0.597	     1.158
03/08/2017	14:41:58.6	     0.597	     1.155
03/08/2017	14:41:59.1	     0.597	     1.154
03/08/2017	14:41:59.6	     0.597	     1.151
03/08/2017	14:42:00.1	     0.597	     1.151
03/08/2017	14:42:00.6	     0.597	     1.150
03/08/2017	14:42:01.1	     0.597	     1.150
03/08/2017	14:42:01.6	     0.597	     1.151
03/08/2017	14:42:02.1	     0.597	     1.151
03/08/2017	14:42:02.6	     0.597	     1.148
03/08/2017	14:42:03.1	     0.597	     1.148
03/08/2017	14:42:03.6	     0.597	     1.147
03/08/2017	14:42:04.1	     0.597	     1.144
03/08/2017	14:42:04.6	     0.597	     1.143
03/08/2017	14:42:05.1	     0.597	     1.142
03/08/2017	14:42:05.6	     0.597	     1.140
03/08/2017	14:42:06.1	     0.597	     1.137
03/08/2017	14:42:06.6	     0.597	     1.137
03/08/2017	14:42:07.1	     0.597	     1.135
03/08/2017	14:42:07.6	     0.597	     1.134
03/08/2017	14:42:08.1	     0.597	     1.132
03/08/2017	14:42:08.6	     0.597	     1.130
03/08/2017	14:42:09.1	     0.597	     1.129
03/08/2017	14:42:09.6	     0.597	     1.129
03/08/2017	14:42:10.1	     0.598	     1.129
03/08/2017	14:42:10.6	     0.598	     1.128
03/08/2017	14:42:11.1	     0.598	     1.128
03/08/2017	14:42:11.6	     0.598	     1.126
03/08/2017	14:42:12.1	     0.598	     1.126
03/08/2017	14:42:12.6	     0.598	     1.126
03/08/2017	14:42:13.1	     0.598	     1.124
03/08/2017	14:42:13.6	     0.598	     1.120
03/08/2017	14:42:14.1	     0.598	     1.120
03/08/2017	14:42:14.6	     0.598	     1.119
03/08/2017	14:42:15.1	     0.598	     1.117
03/08/2017	14:42:15.6	     0.598	     1.117
03/08/2017	14:42:16.1	     0.598	     1.117
03/08/2017	14:42:16.6	     0.598	     1.114
03/08/2017	14:42:17.1	     0.598	     1.114
03/08/2017	14:42:17.6	     0.598	     1.114
03/08/2017	14:42:18.1	     0.598	     1.114
03/08/2017	14:42:18.6	     0.597	     1.112
03/08/2017	14:42:19.1	     0.597	     1.111
03/08/2017	14:42:19.6	     0.597	     1.111
03/08/2017	14:42:20.1	     0.597	     1.110
03/08/2017	14:42:20.6	     0.597	     1.110
03/08/2017	14:42:21.1	     0.597	     1.108
03/08/2017	14:42:21.6	     0.597	     1.108
03/08/2017	14:42:22.1	     0.597	     1.107
03/08/2017	14:42:22.6	     0.597	     1.107
03/08/2017	14:42:23.1	     0.597	     1.106
03/08/2017	14:42:23.6	     0.597	     1.102
03/08/2017	14:42:24.1	     0.597	     1.099
03/08/2017	14:42:24.6	     0.597	     1.098
03/08/2017	14:42:25.1	     0.597	     1.098
03/08/2017	14:42:25.6	     0.597	     1.097
03/08/2017	14:42:26.1	     0.597	     1.097
03/08/2017	14:42:26.6	     0.597	     1.096
03/08/2017	14:42:27.1	     0.597	     1.097
03/08/2017	14:42:27.6	     0.597	     1.095
03/08/2017	14:42:28.1	     0.597	     1.093
03/08/2017	14:42:28.6	     0.597	     1.094
03/08/2017	14:42:29.1	     0.597	     1.093
03/08/2017	14:42:29.6	     0.597	     1.093
03/08/2017	14:42:30.1	     0.597	     1.093
03/08/2017	14:42:30.6	     0.597	     1.092
03/08/2017	14:42:31.1	     0.597	     1.091
03/08/2017	14:42:31.6	     0.597	     1.090
03/08/2017	14:42:32.1	     0.597	     1.089
03/08/2017	14:42:32.6	     0.598	     1.089
03/08/2017	14:42:33.1	     0.598	     1.089
03/08/2017	14:42:33.6	     0.598	     1.087
03/08/2017	14:42:34.1	     0.598	     1.085
03/08/2017	14:42:34.6	     0.598	     1.085
03/08/2017	14:42:35.1	     0.598	     1.083
03/08/2017	14:42:35.6	     0.598	     1.082
03/08/2017	14:42:36.1	     0.598	     1.082
03/08/2017	14:42:36.6	     0.598	     1.082
03/08/2017	14:42:37.1	     0.598	     1.082
03/08/2017	14:42:37.6	     0.598	     1.081
03/08/2017	14:42:38.1	     0.598	     1.079
03/08/2017	14:42:38.6	     0.598	     1.079
03/08/2017	14:42:39.1	     0.598	     1.079
03/08/2017	14:42:39.6	     0.598	     1.079
03/08/2017	14:42:40.1	     0.598	     1.077
03/08/2017	14:42:40.6	     0.598	     1.076
03/08/2017	14:42:41.1	     0.598	     1.075
03/08/2017	14:42:41.6	     0.598	     1.075
03/08/2017	14:42:42.1	     0.598	     1.075
03/08/2017	14:42:42.6	     0.598	     1.075
03/08/2017	14:42:43.1	     0.598	     1.074
03/08/2017	14:42:43.6	     0.598	     1.074
03/08/2017	14:42:44.1	     0.598	     1.073
03/08/2017	14:42:44.6	     0.598	     1.072
03/08/2017	14:42:45.1	     0.598	     1.072
03/08/2017	14:42:45.6	     0.598	     1.071
03/08/2017	14:42:46.1	     0.598	     1.070
03/08/2017	14:42:46.6	     0.598	     1.069
03/08/2017	14:42:47.1	     0.598	     1.069
03/08/2017	14:42:47.6	     0.598	     1.068
03/08/2017	14:42:48.1	     0.598	     1.068
03/08/2017	14:42:48.6	     0.598	     1.067
03/08/2017	14:42:49.1	     0.598	     1.066
03/08/2017	14:42:49.6	     0.598	     1.066
03/08/2017	14:42:50.1	     0.598	     1.065
03/08/2017	14:42:50.6	     0.598	     1.065
03/08/2017	14:42:51.1	     0.598	     1.063
03/08/2017	14:42:51.6	     0.598	     1.062
03/08/2017	14:42:52.1	     0.598	     1.061
03/08/2017	14:42:52.6	     0.598	     1.062
03/08/2017	14:42:53.1	     0.598	     1.061
03/08/2017	14:42:53.6	     0.598	     1.062
03/08/2017	14:42:54.1	     0.598	     1.061
03/08/2017	14:42:54.6	     0.598	     1.060
03/08/2017	14:42:55.1	     0.598	     1.060
03/08/2017	14:42:55.6	     0.598	     1.057
03/08/2017	14:42:56.1	     0.598	     1.057
03/08/2017	14:42:56.6	     0.598	     1.057
03/08/2017	14:42:57.1	     0.598	     1.058
03/08/2017	14:42:57.6	     0.598	     1.057
03/08/2017	14:42:58.1	     0.598	     1.056
03/08/2017	14:42:58.6	     0.598	     1.056
03/08/2017	14:42:59.1	     0.598	     1.055
03/08/2017	14:42:59.6	     0.598	     1.055
03/08/2017	14:43:00.1	     0.598	     1.054
03/08/2017	14:43:00.6	     0.597	     1.053
03/08/2017	14:43:01.1	     0.597	     1.050
03/08/2017	14:43:01.6	     0.597	     1.050
03/08/2017	14:43:02.1	     0.597	     1.050
03/08/2017	14:43:02.6	     0.597	     1.050
03/08/2017	14:43:03.1	     0.597	     1.050
03/08/2017	14:43:03.6	     0.597	     1.050
03/08/2017	14:43:04.1	     0.597	     1.050
03/08/2017	14:43:04.6	     0.597	     1.049
03/08/2017	14:43:05.1	     0.597	     1.049
03/08/2017	14:43:05.6	     0.597	     1.048
03/08/2017	14:43:06.1	     0.597	     1.047
03/08/2017	14:43:06.6	     0.597	     1.046
03/08/2017	14:43:07.1	     0.597	     1.046
03/08/2017	14:43:07.6	     0.597	     1.046
03/08/2017	14:43:08.1	     0.597	     1.046
03/08/2017	14:43:08.6	     0.597	     1.045
03/08/2017	14:43:09.1	     0.597	     1.045
03/08/2017	14:43:09.6	     0.597	     1.044
03/08/2017	14:43:10.1	     0.597	     1.042
03/08/2017	14:43:10.6	     0.597	     1.042
03/08/2017	14:43:11.1	     0.597	     1.041
03/08/2017	14:43:11.6	     0.597	     1.040
03/08/2017	14:43:12.1	     0.598	     1.040
03/08/2017	14:43:12.6	     0.597	     1.040
03/08/2017	14:43:13.1	     0.598	     1.040
03/08/2017	14:43:13.6	     0.597	     1.039
03/08/2017	14:43:14.1	     0.597	     1.039
03/08/2017	14:43:14.6	     0.597	     1.039
03/08/2017	14:43:15.1	     0.597	     1.038
03/08/2017	14:43:15.6	     0.597	     1.038
03/08/2017	14:43:16.1	     0.597	     1.036
03/08/2017	14:43:16.6	     0.597	     1.037
03/08/2017	14:43:17.1	     0.597	     1.036
03/08/2017	14:43:17.6	     0.597	     1.037
03/08/2017	14:43:18.1	     0.597	     1.037
03/08/2017	14:43:18.6	     0.597	     1.037
03/08/2017	14:43:19.1	     0.597	     1.036
03/08/2017	14:43:19.6	     0.597	     1.036
03/08/2017	14:43:20.1	     0.597	     1.035
03/08/2017	14:43:20.6	     0.597	     1.035
03/08/2017	14:43:21.1	     0.597	     1.034
03/08/2017	14:43:21.6	     0.597	     1.034
03/08/2017	14:43:22.1	     0.597	     1.032
03/08/2017	14:43:22.6	     0.597	     1.032
03/08/2017	14:43:23.1	     0.597	     1.032
03/08/2017	14:43:23.6	     0.597	     1.031
03/08/2017	14:43:24.1	     0.597	     1.032
03/08/2017	14:43:24.6	     0.597	     1.031
03/08/2017	14:43:25.1	     0.597	     1.030
03/08/2017	14:43:25.6	     0.597	     1.030
03/08/2017	14:43:26.1	     0.597	     1.030
03/08/2017	14:43:26.6	     0.597	     1.029
03/08/2017	14:43:27.1	     0.597	     1.030
03/08/2017	14:43:27.6	     0.597	     1.029
03/08/2017	14:43:28.1	     0.597	     1.030
03/08/2017	14:43:28.6	     0.597	     1.029
03/08/2017	14:43:29.1	     0.597	     1.028
03/08/2017	14:43:29.6	     0.597	     1.026
03/08/2017	14:43:30.1	     0.597	     1.026
03/08/2017	14:43:30.6	     0.597	     1.026
03/08/2017	14:43:31.1	     0.597	     1.025
03/08/2017	14:43:31.6	     0.597	     1.025
03/08/2017	14:43:32.1	     0.597	     1.024
03/08/2017	14:43:32.6	     0.597	     1.024
03/08/2017	14:43:33.1	     0.597	     1.024
03/08/2017	14:43:33.6	     0.597	     1.023
03/08/2017	14:43:34.1	     0.597	     1.024
03/08/2017	14:43:34.6	     0.597	     1.023
03/08/2017	14:43:35.1	     0.597	     1.023
03/08/2017	14:43:35.6	     0.597	     1.023
03/08/2017	14:43:36.1	     0.597	     1.022
03/08/2017	14:43:36.6	     0.597	     1.021
03/08/2017	14:43:37.1	     0.597	     1.021
03/08/2017	14:43:37.6	     0.597	     1.018
03/08/2017	14:43:38.1	     0.597	     1.018
03/08/2017	14:43:38.6	     0.597	     1.018
03/08/2017	14:43:39.1	     0.597	     1.017
03/08/2017	14:43:39.6	     0.597	     1.018
03/08/2017	14:43:40.1	     0.597	     1.017
03/08/2017	14:43:40.6	     0.597	     1.017
03/08/2017	14:43:41.1	     0.597	     1.016
03/08/2017	14:43:41.6	     0.597	     1.016
03/08/2017	14:43:42.1	     0.597	     1.017
03/08/2017	14:43:42.6	     0.597	     1.016
03/08/2017	14:43:43.1	     0.597	     1.016
03/08/2017	14:43:43.6	     0.597	     1.015
03/08/2017	14:43:44.1	     0.597	     1.014
03/08/2017	14:43:44.6	     0.597	     1.014
03/08/2017	14:43:45.1	     0.597	     1.014
03/08/2017	14:43:45.6	     0.597	     1.013
03/08/2017	14:43:46.1	     0.597	     1.012
03/08/2017	14:43:46.6	     0.597	     1.009
03/08/2017	14:43:47.1	     0.597	     1.009
03/08/2017	14:43:47.6	     0.597	     1.010
03/08/2017	14:43:48.1	     0.597	     1.010
03/08/2017	14:43:48.6	     0.597	     1.010
03/08/2017	14:43:49.1	     0.597	     1.011
03/08/2017	14:43:49.6	     0.597	     1.010
03/08/2017	14:43:50.1	     0.597	     1.010
03/08/2017	14:43:50.6	     0.597	     1.010
03/08/2017	14:43:51.1	     0.597	     1.010
03/08/2017	14:43:51.6	     0.597	     1.010
03/08/2017	14:43:52.1	     0.597	     1.009
03/08/2017	14:43:52.6	     0.597	     1.010
03/08/2017	14:43:53.1	     0.597	     1.009
03/08/2017	14:43:53.6	     0.597	     1.010
03/08/2017	14:43:54.1	     0.597	     1.009
03/08/2017	14:43:54.6	     0.597	     1.009
03/08/2017	14:43:55.1	     0.597	     1.009
03/08/2017	14:43:55.6	     0.597	     1.009
03/08/2017	14:43:56.1	     0.597	     1.009
03/08/2017	14:43:56.6	     0.597	     1.008
03/08/2017	14:43:57.1	     0.597	     1.007
03/08/2017	14:43:57.6	     0.597	     1.007
03/08/2017	14:43:58.1	     0.597	     1.005
03/08/2017	14:43:58.6	     0.597	     1.006
03/08/2017	14:43:59.1	     0.597	     1.005
03/08/2017	14:43:59.6	     0.597	     1.005
03/08/2017	14:44:00.1	     0.597	     1.005
03/08/2017	14:44:00.6	     0.597	     1.005
03/08/2017	14:44:01.1	     0.596	     1.005
03/08/2017	14:44:01.6	     0.596	     1.005
03/08/2017	14:44:02.1	     0.596	     1.006
03/08/2017	14:44:02.6	     0.596	     1.003
03/08/2017	14:44:03.1	     0.596	     1.003
03/08/2017	14:44:03.6	     0.596	     1.004
03/08/2017	14:44:04.1	     0.596	     1.004
03/08/2017	14:44:04.6	     0.596	     1.001
03/08/2017	14:44:05.1	     0.596	     1.002
03/08/2017	14:44:05.6	     0.596	     1.002
03/08/2017	14:44:06.1	     0.596	     1.002
03/08/2017	14:44:06.6	     0.596	     1.002
03/08/2017	14:44:07.1	     0.596	     1.002
03/08/2017	14:44:07.6	     0.596	     1.002
03/08/2017	14:44:08.1	     0.596	     1.002
03/08/2017	14:44:08.6	     0.596	     1.001
03/08/2017	14:44:09.1	     0.596	     1.001
03/08/2017	14:44:09.6	     0.596	     1.002
03/08/2017	14:44:10.1	     0.596	     1.001
03/08/2017	14:44:10.6	     0.596	     1.000
03/08/2017	14:44:11.1	     0.596	     0.999
03/08/2017	14:44:11.6	     0.596	     1.000
03/08/2017	14:44:12.1	     0.596	     1.000
03/08/2017	14:44:12.6	     0.596	     0.999
03/08/2017	14:44:13.1	     0.596	     0.999
03/08/2017	14:44:13.6	     0.596	     0.998
03/08/2017	14:44:14.1	     0.596	     0.998
03/08/2017	14:44:14.6	     0.596	     0.998
03/08/2017	14:44:15.1	     0.597	     0.998
03/08/2017	14:44:15.6	     0.597	     0.998
03/08/2017	14:44:16.1	     0.597	     0.998
03/08/2017	14:44:16.6	     0.597	     0.998
03/08/2017	14:44:17.1	     0.597	     0.997
03/08/2017	14:44:17.6	     0.597	     0.997
03/08/2017	14:44:18.1	     0.597	     0.997
03/08/2017	14:44:18.6	     0.597	     0.997
03/08/2017	14:44:19.1	     0.597	     0.996
03/08/2017	14:44:19.6	     0.597	     0.995
03/08/2017	14:44:20.1	     0.597	     0.995
03/08/2017	14:44:20.6	     0.597	     0.995
03/08/2017	14:44:21.1	     0.597	     0.995
03/08/2017	14:44:21.6	     0.597	     0.996
03/08/2017	14:44:22.1	     0.597	     0.994
03/08/2017	14:44:22.6	     0.597	     0.994
03/08/2017	14:44:23.1	     0.597	     0.994
03/08/2017	14:44:23.6	     0.597	     0.994
03/08/2017	14:44:24.1	     0.597	     0.994
03/08/2017	14:44:24.6	     0.597	     0.993
03/08/2017	14:44:25.1	     0.597	     0.992
03/08/2017	14:44:25.6	     0.597	     0.992
03/08/2017	14:44:26.1	     0.597	     0.992
03/08/2017	14:44:26.6	     0.597	     0.992
03/08/2017	14:44:27.1	     0.597	     0.991
03/08/2017	14:44:27.6	     0.597	     0.992
03/08/2017	14:44:28.1	     0.597	     0.991
03/08/2017	14:44:28.6	     0.597	     0.991
03/08/2017	14:44:29.1	     0.597	     0.991
03/08/2017	14:44:29.6	     0.597	     0.991
03/08/2017	14:44:30.1	     0.597	     0.990
03/08/2017	14:44:30.6	     0.597	     0.991
03/08/2017	14:44:31.1	     0.597	     0.991
03/08/2017	14:44:31.6	     0.597	     0.991
03/08/2017	14:44:32.1	     0.597	     0.990
03/08/2017	14:44:32.6	     0.597	     0.990
03/08/2017	14:44:33.1	     0.597	     0.989
03/08/2017	14:44:33.6	     0.597	     0.990
03/08/2017	14:44:34.1	     0.597	     0.989
03/08/2017	14:44:34.6	     0.597	     0.989
03/08/2017	14:44:35.1	     0.597	     0.988
03/08/2017	14:44:35.6	     0.597	     0.988
03/08/2017	14:44:36.1	     0.597	     0.988
03/08/2017	14:44:36.6	     0.597	     0.987
03/08/2017	14:44:37.1	     0.597	     0.984
03/08/2017	14:44:37.6	     0.597	     0.985
03/08/2017	14:44:38.1	     0.597	     0.984
03/08/2017	14:44:38.6	     0.597	     0.986
03/08/2017	14:44:39.1	     0.597	     0.985
03/08/2017	14:44:39.6	     0.597	     0.985
03/08/2017	14:44:40.1	     0.597	     0.985
03/08/2017	14:44:40.6	     0.597	     0.985
03/08/2017	14:44:41.1	     0.597	     0.985
03/08/2017	14:44:41.6	     0.597	     0.985
03/08/2017	14:44:42.1	     0.597	     0.984
03/08/2017	14:44:42.6	     0.597	     0.984
03/08/2017	14:44:43.1	     0.597	     0.985
03/08/2017	14:44:43.6	     0.597	     0.985
03/08/2017	14:44:44.1	     0.597	     0.985
03/08/2017	14:44:44.6	     0.597	     0.984
03/08/2017	14:44:45.1	     0.597	     0.984
03/08/2017	14:44:45.6	     0.596	     0.984
03/08/2017	14:44:46.1	     0.596	     0.984
03/08/2017	14:44:46.6	     0.596	     0.984
03/08/2017	14:44:47.1	     0.596	     0.984
03/08/2017	14:44:47.6	     0.596	     0.983
03/08/2017	14:44:48.1	     0.596	     0.983
03/08/2017	14:44:48.6	     0.596	     0.982
03/08/2017	14:44:49.1	     0.596	     0.983
03/08/2017	14:44:49.6	     0.596	     0.982
03/08/2017	14:44:50.1	     0.596	     0.982
03/08/2017	14:44:50.6	     0.596	     0.982
03/08/2017	14:44:51.1	     0.596	     0.982
03/08/2017	14:44:51.6	     0.596	     0.983
03/08/2017	14:44:52.1	     0.596	     0.982
03/08/2017	14:44:52.6	     0.596	     0.982
03/08/2017	14:44:53.1	     0.596	     0.981
03/08/2017	14:44:53.6	     0.596	     0.982
03/08/2017	14:44:54.1	     0.596	     0.982
03/08/2017	14:44:54.6	     0.596	     0.981
03/08/2017	14:44:55.1	     0.596	     0.981
03/08/2017	14:44:55.6	     0.596	     0.981
03/08/2017	14:44:56.1	     0.596	     0.981
03/08/2017	14:44:56.6	     0.596	     0.981
03/08/2017	14:44:57.1	     0.596	     0.981
03/08/2017	14:44:57.6	     0.596	     0.981
03/08/2017	14:44:58.1	     0.596	     0.980
03/08/2017	14:44:58.6	     0.596	     0.980
03/08/2017	14:44:59.1	     0.596	     0.980
03/08/2017	14:44:59.6	     0.596	     0.979
03/08/2017	14:45:00.1	     0.596	     0.979
03/08/2017	14:45:00.6	     0.596	     0.979
03/08/2017	14:45:01.1	     0.596	     0.978
03/08/2017	14:45:01.6	     0.596	     0.978
03/08/2017	14:45:02.1	     0.596	     0.978
03/08/2017	14:45:02.6	     0.596	     0.978
03/08/2017	14:45:03.1	     0.596	     0.976
03/08/2017	14:45:03.6	     0.596	     0.976
03/08/2017	14:45:04.1	     0.596	     0.976
03/08/2017	14:45:04.6	     0.596	     0.976
03/08/2017	14:45:05.1	     0.596	     0.978
03/08/2017	14:45:05.6	     0.596	     0.976
03/08/2017	14:45:06.1	     0.596	     0.977
03/08/2017	14:45:06.6	     0.596	     0.976
03/08/2017	14:45:07.1	     0.596	     0.975
03/08/2017	14:45:07.6	     0.597	     0.974
03/08/2017	14:45:08.1	     0.597	     0.975
03/08/2017	14:45:08.6	     0.597	     0.974
03/08/2017	14:45:09.1	     0.597	     0.974
03/08/2017	14:45:09.6	     0.597	     0.975
03/08/2017	14:45:10.1	     0.597	     0.974
03/08/2017	14:45:10.6	     0.597	     0.974
03/08/2017	14:45:11.1	     0.597	     0.975
03/08/2017	14:45:11.6	     0.597	     0.975
03/08/2017	14:45:12.1	     0.597	     0.974
03/08/2017	14:45:12.6	     0.597	     0.973
03/08/2017	14:45:13.1	     0.597	     0.975
03/08/2017	14:45:13.6	     0.596	     0.974
03/08/2017	14:45:14.1	     0.596	     0.974
03/08/2017	14:45:14.6	     0.596	     0.974
03/08/2017	14:45:15.1	     0.596	     0.974
03/08/2017	14:45:15.6	     0.597	     0.974
03/08/2017	14:45:16.1	     0.597	     0.974
03/08/2017	14:45:16.6	     0.597	     0.973
03/08/2017	14:45:17.1	     0.597	     0.973
03/08/2017	14:45:17.6	     0.597	     0.973
03/08/2017	14:45:18.1	     0.597	     0.973
03/08/2017	14:45:18.6	     0.597	     0.973
03/08/2017	14:45:19.1	     0.597	     0.972
03/08/2017	14:45:19.6	     0.597	     0.973
03/08/2017	14:45:20.1	     0.597	     0.971
03/08/2017	14:45:20.6	     0.597	     0.971
03/08/2017	14:45:21.1	     0.597	     0.969
03/08/2017	14:45:21.6	     0.597	     0.970
03/08/2017	14:45:22.1	     0.597	     0.970
03/08/2017	14:45:22.6	     0.597	     0.971
03/08/2017	14:45:23.1	     0.597	     0.971
03/08/2017	14:45:23.6	     0.597	     0.970
03/08/2017	14:45:24.1	     0.597	     0.971
03/08/2017	14:45:24.6	     0.597	     0.971
03/08/2017	14:45:25.1	     0.597	     0.970
03/08/2017	14:45:25.6	     0.597	     0.970
03/08/2017	14:45:26.1	     0.597	     0.969
03/08/2017	14:45:26.6	     0.597	     0.968
03/08/2017	14:45:27.1	     0.597	     0.968
03/08/2017	14:45:27.6	     0.597	     0.968
03/08/2017	14:45:28.1	     0.597	     0.969
03/08/2017	14:45:28.6	     0.596	     0.969
03/08/2017	14:45:29.1	     0.596	     0.969
03/08/2017	14:45:29.6	     0.596	     0.969
03/08/2017	14:45:30.1	     0.596	     0.968
03/08/2017	14:45:30.6	     0.596	     0.969
03/08/2017	14:45:31.1	     0.596	     0.969
03/08/2017	14:45:31.6	     0.596	     0.969
03/08/2017	14:45:32.1	     0.596	     0.969
03/08/2017	14:45:32.6	     0.597	     0.968
03/08/2017	14:45:33.1	     0.597	     0.969
03/08/2017	14:45:33.6	     0.597	     0.969
03/08/2017	14:45:34.1	     0.597	     0.969
03/08/2017	14:45:34.6	     0.597	     0.969
03/08/2017	14:45:35.1	     0.597	     0.969
03/08/2017	14:45:35.6	     0.597	     0.968
03/08/2017	14:45:36.1	     0.597	     0.968
03/08/2017	14:45:36.6	     0.597	     0.969
03/08/2017	14:45:37.1	     0.597	     0.967
03/08/2017	14:45:37.6	     0.597	     0.966
03/08/2017	14:45:38.1	     0.597	     0.966
03/08/2017	14:45:38.6	     0.597	     0.966
03/08/2017	14:45:39.1	     0.597	     0.966
03/08/2017	14:45:39.6	     0.597	     0.965
03/08/2017	14:45:40.1	     0.597	     0.965
03/08/2017	14:45:40.6	     0.597	     0.964
03/08/2017	14:45:41.1	     0.597	     0.965
03/08/2017	14:45:41.6	     0.597	     0.965
03/08/2017	14:45:42.1	     0.597	     0.965
03/08/2017	14:45:42.6	     0.597	     0.963
03/08/2017	14:45:43.1	     0.597	     0.963
03/08/2017	14:45:43.6	     0.597	     0.964
03/08/2017	14:45:44.1	     0.597	     0.964
03/08/2017	14:45:44.6	     0.597	     0.964
03/08/2017	14:45:45.1	     0.597	     0.965
03/08/2017	14:45:45.6	     0.597	     0.964
03/08/2017	14:45:46.1	     0.597	     0.964
03/08/2017	14:45:46.6	     0.597	     0.965
03/08/2017	14:45:47.1	     0.597	     0.965
03/08/2017	14:45:47.6	     0.597	     0.965
03/08/2017	14:45:48.1	     0.597	     0.963
03/08/2017	14:45:48.6	     0.597	     0.964
03/08/2017	14:45:49.1	     0.597	     0.963
03/08/2017	14:45:49.6	     0.597	     0.963
03/08/2017	14:45:50.1	     0.597	     0.963
03/08/2017	14:45:50.6	     0.597	     0.963
03/08/2017	14:45:51.1	     0.597	     0.964
03/08/2017	14:45:51.6	     0.597	     0.963
03/08/2017	14:45:52.1	     0.597	     0.963
03/08/2017	14:45:52.6	     0.597	     0.964
03/08/2017	14:45:53.1	     0.597	     0.963
03/08/2017	14:45:53.6	     0.597	     0.964
03/08/2017	14:45:54.1	     0.597	     0.963
03/08/2017	14:45:54.6	     0.597	     0.964
03/08/2017	14:45:55.1	     0.597	     0.964
03/08/2017	14:45:55.6	     0.597	     0.963
03/08/2017	14:45:56.1	     0.597	     0.963
03/08/2017	14:45:56.6	     0.597	     0.963
03/08/2017	14:45:57.1	     0.597	     0.964
03/08/2017	14:45:57.6	     0.597	     0.963
03/08/2017	14:45:58.1	     0.597	     0.963
03/08/2017	14:45:58.6	     0.597	     0.963
03/08/2017	14:45:59.1	     0.597	     0.963
03/08/2017	14:45:59.6	     0.597	     0.963
03/08/2017	14:46:00.1	     0.597	     0.963
03/08/2017	14:46:00.6	     0.597	     0.962
03/08/2017	14:46:01.1	     0.597	     0.961
03/08/2017	14:46:01.6	     0.597	     0.961
03/08/2017	14:46:02.1	     0.597	     0.961
03/08/2017	14:46:02.6	     0.597	     0.961
03/08/2017	14:46:03.1	     0.597	     0.961
03/08/2017	14:46:03.6	     0.597	     0.959
03/08/2017	14:46:04.1	     0.597	     0.961
03/08/2017	14:46:04.6	     0.597	     0.960
03/08/2017	14:46:05.1	     0.597	     0.960
03/08/2017	14:46:05.6	     0.597	     0.959
03/08/2017	14:46:06.1	     0.597	     0.960
03/08/2017	14:46:06.6	     0.597	     0.959
03/08/2017	14:46:07.1	     0.597	     0.960
03/08/2017	14:46:07.6	     0.597	     0.959
03/08/2017	14:46:08.1	     0.597	     0.959
03/08/2017	14:46:08.6	     0.597	     0.958
03/08/2017	14:46:09.1	     0.597	     0.959
03/08/2017	14:46:09.6	     0.597	     0.960
03/08/2017	14:46:10.1	     0.597	     0.960
03/08/2017	14:46:10.6	     0.597	     0.960
03/08/2017	14:46:11.1	     0.597	     0.959
03/08/2017	14:46:11.6	     0.597	     0.959
03/08/2017	14:46:12.1	     0.597	     0.958
03/08/2017	14:46:12.6	     0.597	     0.958
03/08/2017	14:46:13.1	     0.597	     0.958
03/08/2017	14:46:13.6	     0.597	     0.957
03/08/2017	14:46:14.1	     0.597	     0.956
03/08/2017	14:46:14.6	     0.597	     0.958
03/08/2017	14:46:15.1	     0.597	     0.958
03/08/2017	14:46:15.6	     0.597	     0.959
03/08/2017	14:46:16.1	     0.597	     0.958
03/08/2017	14:46:16.6	     0.597	     0.957
03/08/2017	14:46:17.1	     0.597	     0.958
03/08/2017	14:46:17.6	     0.597	     0.958
03/08/2017	14:46:18.1	     0.597	     0.958
03/08/2017	14:46:18.6	     0.597	     0.958
03/08/2017	14:46:19.1	     0.597	     0.957
03/08/2017	14:46:19.6	     0.597	     0.957
03/08/2017	14:46:20.1	     0.597	     0.958
03/08/2017	14:46:20.6	     0.597	     0.956
03/08/2017	14:46:21.1	     0.597	     0.957
03/08/2017	14:46:21.6	     0.597	     0.957
03/08/2017	14:46:22.1	     0.597	     0.956
03/08/2017	14:46:22.6	     0.597	     0.956
03/08/2017	14:46:23.1	     0.597	     0.955
03/08/2017	14:46:23.6	     0.597	     0.955
03/08/2017	14:46:24.1	     0.597	     0.956
03/08/2017	14:46:24.6	     0.597	     0.957
03/08/2017	14:46:25.1	     0.597	     0.956
03/08/2017	14:46:25.6	     0.597	     0.957
03/08/2017	14:46:26.1	     0.597	     0.956
03/08/2017	14:46:26.6	     0.597	     0.957
03/08/2017	14:46:27.1	     0.598	     0.955
03/08/2017	14:46:27.6	     0.598	     0.955
03/08/2017	14:46:28.1	     0.598	     0.955
03/08/2017	14:46:28.6	     0.598	     0.956
03/08/2017	14:46:29.1	     0.597	     0.955
03/08/2017	14:46:29.6	     0.597	     0.954
03/08/2017	14:46:30.1	     0.597	     0.955
03/08/2017	14:46:30.6	     0.597	     0.955
03/08/2017	14:46:31.1	     0.597	     0.955
03/08/2017	14:46:31.6	     0.597	     0.954
03/08/2017	14:46:32.1	     0.597	     0.955
03/08/2017	14:46:32.6	     0.597	     0.954
03/08/2017	14:46:33.1	     0.597	     0.954
03/08/2017	14:46:33.6	     0.597	     0.956
03/08/2017	14:46:34.1	     0.597	     0.955
03/08/2017	14:46:34.6	     0.597	     0.955
03/08/2017	14:46:35.1	     0.597	     0.955
03/08/2017	14:46:35.6	     0.597	     0.955
03/08/2017	14:46:36.1	     0.597	     0.955
03/08/2017	14:46:36.6	     0.597	     0.955
03/08/2017	14:46:37.1	     0.597	     0.954
03/08/2017	14:46:37.6	     0.597	     0.955
03/08/2017	14:46:38.1	     0.597	     0.955
03/08/2017	14:46:38.6	     0.597	     0.954
03/08/2017	14:46:39.1	     0.597	     0.952
03/08/2017	14:46:39.6	     0.597	     0.952
03/08/2017	14:46:40.1	     0.597	     0.953
03/08/2017	14:46:40.6	     0.597	     0.953
03/08/2017	14:46:41.1	     0.597	     0.953
03/08/2017	14:46:41.6	     0.598	     0.954
03/08/2017	14:46:42.1	     0.598	     0.954
03/08/2017	14:46:42.6	     0.598	     0.953
03/08/2017	14:46:43.1	     0.598	     0.954
03/08/2017	14:46:43.6	     0.598	     0.953
03/08/2017	14:46:44.1	     0.598	     0.953
03/08/2017	14:46:44.6	     0.598	     0.954
03/08/2017	14:46:45.1	     0.598	     0.953
03/08/2017	14:46:45.6	     0.598	     0.950
03/08/2017	14:46:46.1	     0.598	     0.950
03/08/2017	14:46:46.6	     0.598	     0.951
03/08/2017	14:46:47.1	     0.598	     0.951
03/08/2017	14:46:47.6	     0.598	     0.951
03/08/2017	14:46:48.1	     0.598	     0.952
03/08/2017	14:46:48.6	     0.598	     0.952
03/08/2017	14:46:49.1	     0.598	     0.952
03/08/2017	14:46:49.6	     0.598	     0.952
03/08/2017	14:46:50.1	     0.598	     0.952
03/08/2017	14:46:50.6	     0.598	     0.952
03/08/2017	14:46:51.1	     0.598	     0.953
03/08/2017	14:46:51.6	     0.598	     0.953
03/08/2017	14:46:52.1	     0.598	     0.953
03/08/2017	14:46:52.6	     0.598	     0.951
03/08/2017	14:46:53.1	     0.598	     0.950
03/08/2017	14:46:53.6	     0.598	     0.951
03/08/2017	14:46:54.1	     0.598	     0.952
03/08/2017	14:46:54.6	     0.598	     0.951
03/08/2017	14:46:55.1	     0.598	     0.951
03/08/2017	14:46:55.6	     0.598	     0.951
03/08/2017	14:46:56.1	     0.598	     0.951
03/08/2017	14:46:56.6	     0.598	     0.951
03/08/2017	14:46:57.1	     0.598	     0.951
03/08/2017	14:46:57.6	     0.598	     0.950
03/08/2017	14:46:58.1	     0.598	     0.950
03/08/2017	14:46:58.6	     0.598	     0.951
03/08/2017	14:46:59.1	     0.598	     0.950
03/08/2017	14:46:59.6	     0.598	     0.950
03/08/2017	14:47:00.1	     0.598	     0.950
03/08/2017	14:47:00.6	     0.598	     0.949
03/08/2017	14:47:01.1	     0.598	     0.950
03/08/2017	14:47:01.6	     0.598	     0.949
03/08/2017	14:47:02.1	     0.598	     0.949
03/08/2017	14:47:02.6	     0.598	     0.949
03/08/2017	14:47:03.1	     0.598	     0.949
03/08/2017	14:47:03.6	     0.598	     0.950
03/08/2017	14:47:04.1	     0.598	     0.949
03/08/2017	14:47:04.6	     0.598	     0.949
03/08/2017	14:47:05.1	     0.598	     0.949
03/08/2017	14:47:05.6	     0.598	     0.948
03/08/2017	14:47:06.1	     0.598	     0.948
03/08/2017	14:47:06.6	     0.598	     0.948
03/08/2017	14:47:07.1	     0.598	     0.948
03/08/2017	14:47:07.6	     0.598	     0.949
03/08/2017	14:47:08.1	     0.598	     0.949
03/08/2017	14:47:08.6	     0.598	     0.948
03/08/2017	14:47:09.1	     0.598	     0.948
03/08/2017	14:47:09.6	     0.598	     0.948
03/08/2017	14:47:10.1	     0.598	     0.947
03/08/2017	14:47:10.6	     0.598	     0.948
03/08/2017	14:47:11.1	     0.598	     0.949
03/08/2017	14:47:11.6	     0.598	     0.949
03/08/2017	14:47:12.1	     0.598	     0.949
03/08/2017	14:47:12.6	     0.598	     0.949
03/08/2017	14:47:13.1	     0.598	     0.948
03/08/2017	14:47:13.6	     0.598	     0.949
03/08/2017	14:47:14.1	     0.598	     0.948
03/08/2017	14:47:14.6	     0.598	     0.948
03/08/2017	14:47:15.1	     0.598	     0.948
03/08/2017	14:47:15.6	     0.598	     0.947
03/08/2017	14:47:16.1	     0.598	     0.947
03/08/2017	14:47:16.6	     0.598	     0.948
03/08/2017	14:47:17.1	     0.598	     0.948
03/08/2017	14:47:17.6	     0.598	     0.945
03/08/2017	14:47:18.1	     0.598	     0.944
03/08/2017	14:47:18.6	     0.598	     0.946
03/08/2017	14:47:19.1	     0.598	     0.947
03/08/2017	14:47:19.6	     0.598	     0.947
03/08/2017	14:47:20.1	     0.598	     0.948
03/08/2017	14:47:20.6	     0.598	     0.947
03/08/2017	14:47:21.1	     0.598	     0.946
03/08/2017	14:47:21.6	     0.598	     0.946
03/08/2017	14:47:22.1	     0.598	     0.948
03/08/2017	14:47:22.6	     0.598	     0.947
03/08/2017	14:47:23.1	     0.598	     0.947
03/08/2017	14:47:23.6	     0.598	     0.947
03/08/2017	14:47:24.1	     0.598	     0.947
03/08/2017	14:47:24.6	     0.598	     0.946
03/08/2017	14:47:25.1	     0.598	     0.948
03/08/2017	14:47:25.6	     0.598	     0.948
03/08/2017	14:47:26.1	     0.598	     0.948
03/08/2017	14:47:26.6	     0.598	     0.948
03/08/2017	14:47:27.1	     0.598	     0.947
03/08/2017	14:47:27.6	     0.598	     0.946
03/08/2017	14:47:28.1	     0.598	     0.947
03/08/2017	14:47:28.6	     0.598	     0.947
03/08/2017	14:47:29.1	     0.598	     0.947
03/08/2017	14:47:29.6	     0.598	     0.945
03/08/2017	14:47:30.1	     0.598	     0.947
03/08/2017	14:47:30.6	     0.598	     0.946
03/08/2017	14:47:31.1	     0.598	     0.946
03/08/2017	14:47:31.6	     0.598	     0.945
03/08/2017	14:47:32.1	     0.598	     0.945
03/08/2017	14:47:32.6	     0.598	     0.945
03/08/2017	14:47:33.1	     0.598	     0.946
03/08/2017	14:47:33.6	     0.598	     0.946
03/08/2017	14:47:34.1	     0.598	     0.946
03/08/2017	14:47:34.6	     0.598	     0.945
03/08/2017	14:47:35.1	     0.598	     0.947
03/08/2017	14:47:35.6	     0.598	     0.947
END DATA