VIRTUALBENCH-LOGGER 2.5 REPORT
NATIONAL INSTRUMENTS
DATE CREATED	15:42:47	03/08/2017

USER	


START COMMENT


END COMMENT

START DATA
Date	Time	AMPS(V)	PYRO(V)
03/08/2017	15:42:51.8	     0.599	     0.982
03/08/2017	15:42:52.3	     0.599	     0.996
03/08/2017	15:42:52.8	     0.598	     0.994
03/08/2017	15:42:53.3	     0.598	     0.994
03/08/2017	15:42:53.8	     0.598	     0.993
03/08/2017	15:42:54.3	     0.598	     0.993
03/08/2017	15:42:54.8	     0.598	     0.993
03/08/2017	15:42:55.3	     0.598	     0.994
03/08/2017	15:42:55.8	     0.598	     0.992
03/08/2017	15:42:56.3	     0.598	     0.990
03/08/2017	15:42:56.8	     0.598	     0.992
03/08/2017	15:42:57.3	     0.598	     0.991
03/08/2017	15:42:57.8	     0.598	     0.991
03/08/2017	15:42:58.3	     0.598	     0.991
03/08/2017	15:42:58.8	     0.598	     0.990
03/08/2017	15:42:59.3	     0.598	     0.990
03/08/2017	15:42:59.8	     0.598	     0.990
03/08/2017	15:43:00.3	     0.598	     0.990
03/08/2017	15:43:00.8	     0.598	     0.990
03/08/2017	15:43:01.3	     0.598	     0.991
03/08/2017	15:43:01.8	     0.598	     0.990
03/08/2017	15:43:02.3	     0.598	     0.990
03/08/2017	15:43:02.8	     0.598	     0.989
03/08/2017	15:43:03.3	     0.598	     0.990
03/08/2017	15:43:03.8	     0.598	     0.938
03/08/2017	15:43:04.3	     0.598	     0.741
03/08/2017	15:43:04.8	     0.598	     0.701
03/08/2017	15:43:05.3	     0.598	     0.701
03/08/2017	15:43:05.8	     0.598	     0.720
03/08/2017	15:43:06.3	     0.598	     0.721
03/08/2017	15:43:06.8	     0.598	     0.725
03/08/2017	15:43:07.3	     0.598	     0.723
03/08/2017	15:43:07.8	     0.598	     0.724
03/08/2017	15:43:08.3	     0.598	     0.727
03/08/2017	15:43:08.8	     0.598	     0.733
03/08/2017	15:43:09.3	     0.598	     0.743
03/08/2017	15:43:09.8	     0.598	     0.758
03/08/2017	15:43:10.3	     0.598	     0.765
03/08/2017	15:43:10.8	     0.598	     0.764
03/08/2017	15:43:11.3	     0.598	     0.770
03/08/2017	15:43:11.8	     0.598	     0.802
03/08/2017	15:43:12.3	     0.598	     0.813
03/08/2017	15:43:12.8	     0.598	     0.843
03/08/2017	15:43:13.3	     0.598	     0.819
03/08/2017	15:43:13.8	     0.598	     0.835
03/08/2017	15:43:14.3	     0.598	     0.846
03/08/2017	15:43:14.8	     0.598	     0.863
03/08/2017	15:43:15.3	     0.598	     0.828
03/08/2017	15:43:15.8	     0.598	     0.831
03/08/2017	15:43:16.3	     0.598	     0.852
03/08/2017	15:43:16.8	     0.598	     0.835
03/08/2017	15:43:17.3	     0.598	     0.856
03/08/2017	15:43:17.8	     0.598	     0.839
03/08/2017	15:43:18.3	     0.598	     0.816
03/08/2017	15:43:18.8	     0.598	     0.805
03/08/2017	15:43:19.3	     0.598	     0.788
03/08/2017	15:43:19.8	     0.598	     0.780
03/08/2017	15:43:20.3	     0.598	     0.805
03/08/2017	15:43:20.8	     0.598	     0.817
03/08/2017	15:43:21.3	     0.598	     0.825
03/08/2017	15:43:21.8	     0.598	     0.845
03/08/2017	15:43:22.3	     0.598	     0.858
03/08/2017	15:43:22.8	     0.598	     0.859
03/08/2017	15:43:23.3	     0.598	     0.861
03/08/2017	15:43:23.8	     0.598	     0.875
03/08/2017	15:43:24.3	     0.598	     0.876
03/08/2017	15:43:24.8	     0.598	     0.889
03/08/2017	15:43:25.3	     0.598	     0.899
03/08/2017	15:43:25.8	     0.598	     0.903
03/08/2017	15:43:26.3	     0.598	     0.908
03/08/2017	15:43:26.8	     0.598	     0.918
03/08/2017	15:43:27.3	     0.598	     0.936
03/08/2017	15:43:27.8	     0.598	     0.945
03/08/2017	15:43:28.3	     0.598	     0.955
03/08/2017	15:43:28.8	     0.598	     0.970
03/08/2017	15:43:29.3	     0.598	     0.985
03/08/2017	15:43:29.8	     0.598	     1.000
03/08/2017	15:43:30.3	     0.598	     1.017
03/08/2017	15:43:30.8	     0.598	     1.023
03/08/2017	15:43:31.3	     0.598	     1.032
03/08/2017	15:43:31.8	     0.598	     1.044
03/08/2017	15:43:32.3	     0.598	     1.054
03/08/2017	15:43:32.8	     0.598	     1.061
03/08/2017	15:43:33.3	     0.598	     1.058
03/08/2017	15:43:33.8	     0.598	     1.063
03/08/2017	15:43:34.3	     0.598	     1.066
03/08/2017	15:43:34.8	     0.598	     1.073
03/08/2017	15:43:35.3	     0.598	     1.083
03/08/2017	15:43:35.8	     0.598	     1.094
03/08/2017	15:43:36.3	     0.598	     1.103
03/08/2017	15:43:36.8	     0.598	     1.102
03/08/2017	15:43:37.3	     0.598	     1.096
03/08/2017	15:43:37.8	     0.598	     1.097
03/08/2017	15:43:38.3	     0.598	     1.090
03/08/2017	15:43:38.8	     0.598	     1.092
03/08/2017	15:43:39.3	     0.598	     1.090
03/08/2017	15:43:39.8	     0.598	     1.077
03/08/2017	15:43:40.3	     0.598	     1.065
03/08/2017	15:43:40.8	     0.598	     1.060
03/08/2017	15:43:41.3	     0.598	     1.086
03/08/2017	15:43:41.8	     0.598	     1.102
03/08/2017	15:43:42.3	     0.598	     1.104
03/08/2017	15:43:42.8	     0.598	     1.111
03/08/2017	15:43:43.3	     0.598	     1.111
03/08/2017	15:43:43.8	     0.598	     1.116
03/08/2017	15:43:44.3	     0.598	     1.115
03/08/2017	15:43:44.8	     0.598	     1.116
03/08/2017	15:43:45.3	     0.598	     1.115
03/08/2017	15:43:45.8	     0.598	     1.116
03/08/2017	15:43:46.3	     0.598	     1.116
03/08/2017	15:43:46.8	     0.598	     1.116
03/08/2017	15:43:47.3	     0.598	     1.115
03/08/2017	15:43:47.8	     0.598	     1.116
03/08/2017	15:43:48.3	     0.598	     1.117
03/08/2017	15:43:48.8	     0.598	     1.117
03/08/2017	15:43:49.3	     0.598	     1.118
03/08/2017	15:43:49.8	     0.598	     1.120
03/08/2017	15:43:50.3	     0.598	     1.120
03/08/2017	15:43:50.8	     0.598	     1.120
03/08/2017	15:43:51.3	     0.598	     1.121
03/08/2017	15:43:51.8	     0.598	     1.121
03/08/2017	15:43:52.3	     0.598	     1.122
03/08/2017	15:43:52.8	     0.598	     1.123
03/08/2017	15:43:53.3	     0.598	     1.122
03/08/2017	15:43:53.8	     0.598	     1.123
03/08/2017	15:43:54.3	     0.598	     1.123
03/08/2017	15:43:54.8	     0.598	     1.125
03/08/2017	15:43:55.3	     0.598	     1.127
03/08/2017	15:43:55.8	     0.598	     1.127
03/08/2017	15:43:56.3	     0.598	     1.128
03/08/2017	15:43:56.8	     0.598	     1.129
03/08/2017	15:43:57.3	     0.598	     1.131
03/08/2017	15:43:57.8	     0.598	     1.132
03/08/2017	15:43:58.3	     0.598	     1.132
03/08/2017	15:43:58.8	     0.598	     1.134
03/08/2017	15:43:59.3	     0.598	     1.133
03/08/2017	15:43:59.8	     0.598	     1.134
03/08/2017	15:44:00.3	     0.598	     1.134
03/08/2017	15:44:00.8	     0.598	     1.136
03/08/2017	15:44:01.3	     0.598	     1.135
03/08/2017	15:44:01.8	     0.598	     1.136
03/08/2017	15:44:02.3	     0.598	     1.136
03/08/2017	15:44:02.8	     0.598	     1.139
03/08/2017	15:44:03.3	     0.598	     1.140
03/08/2017	15:44:03.8	     0.598	     1.140
03/08/2017	15:44:04.3	     0.598	     1.139
03/08/2017	15:44:04.8	     0.598	     1.139
03/08/2017	15:44:05.3	     0.598	     1.140
03/08/2017	15:44:05.8	     0.598	     1.140
03/08/2017	15:44:06.3	     0.598	     1.141
03/08/2017	15:44:06.8	     0.598	     1.141
03/08/2017	15:44:07.3	     0.598	     1.141
03/08/2017	15:44:07.8	     0.598	     1.143
03/08/2017	15:44:08.3	     0.598	     1.146
03/08/2017	15:44:08.8	     0.598	     1.144
03/08/2017	15:44:09.3	     0.598	     1.144
03/08/2017	15:44:09.8	     0.598	     1.144
03/08/2017	15:44:10.3	     0.598	     1.146
03/08/2017	15:44:10.8	     0.598	     1.145
03/08/2017	15:44:11.3	     0.598	     1.146
03/08/2017	15:44:11.8	     0.598	     1.145
03/08/2017	15:44:12.3	     0.598	     1.146
03/08/2017	15:44:12.8	     0.598	     1.146
03/08/2017	15:44:13.3	     0.598	     1.146
03/08/2017	15:44:13.8	     0.598	     1.146
03/08/2017	15:44:14.3	     0.598	     1.146
03/08/2017	15:44:14.8	     0.598	     1.146
03/08/2017	15:44:15.3	     0.598	     1.146
03/08/2017	15:44:15.8	     0.598	     1.147
03/08/2017	15:44:16.3	     0.598	     1.146
03/08/2017	15:44:16.8	     0.598	     1.147
03/08/2017	15:44:17.3	     0.598	     1.146
03/08/2017	15:44:17.8	     0.598	     1.146
03/08/2017	15:44:18.3	     0.598	     1.147
03/08/2017	15:44:18.8	     0.598	     1.146
03/08/2017	15:44:19.3	     0.598	     1.146
03/08/2017	15:44:19.8	     0.598	     1.145
03/08/2017	15:44:20.3	     0.598	     1.145
03/08/2017	15:44:20.8	     0.598	     1.144
03/08/2017	15:44:21.3	     0.599	     1.144
03/08/2017	15:44:21.8	     0.599	     1.144
03/08/2017	15:44:22.3	     0.599	     1.144
03/08/2017	15:44:22.8	     0.599	     1.143
03/08/2017	15:44:23.3	     0.599	     1.143
03/08/2017	15:44:23.8	     0.599	     1.142
03/08/2017	15:44:24.3	     0.599	     1.140
03/08/2017	15:44:24.8	     0.598	     1.140
03/08/2017	15:44:25.3	     0.598	     1.140
03/08/2017	15:44:25.8	     0.598	     1.140
03/08/2017	15:44:26.3	     0.598	     1.140
03/08/2017	15:44:26.8	     0.599	     1.140
03/08/2017	15:44:27.3	     0.599	     1.140
03/08/2017	15:44:27.8	     0.599	     1.139
03/08/2017	15:44:28.3	     0.599	     1.139
03/08/2017	15:44:28.8	     0.599	     1.136
03/08/2017	15:44:29.3	     0.599	     1.136
03/08/2017	15:44:29.8	     0.599	     1.135
03/08/2017	15:44:30.3	     0.599	     1.135
03/08/2017	15:44:30.8	     0.599	     1.134
03/08/2017	15:44:31.3	     0.599	     1.135
03/08/2017	15:44:31.8	     0.599	     1.133
03/08/2017	15:44:32.3	     0.599	     1.131
03/08/2017	15:44:32.8	     0.599	     1.132
03/08/2017	15:44:33.3	     0.599	     1.132
03/08/2017	15:44:33.8	     0.599	     1.130
03/08/2017	15:44:34.3	     0.599	     1.130
03/08/2017	15:44:34.8	     0.599	     1.129
03/08/2017	15:44:35.3	     0.599	     1.129
03/08/2017	15:44:35.8	     0.599	     1.126
03/08/2017	15:44:36.3	     0.599	     1.126
03/08/2017	15:44:36.8	     0.599	     1.126
03/08/2017	15:44:37.3	     0.599	     1.125
03/08/2017	15:44:37.8	     0.599	     1.125
03/08/2017	15:44:38.3	     0.599	     1.124
03/08/2017	15:44:38.8	     0.599	     1.123
03/08/2017	15:44:39.3	     0.599	     1.122
03/08/2017	15:44:39.8	     0.599	     1.123
03/08/2017	15:44:40.3	     0.599	     1.121
03/08/2017	15:44:40.8	     0.599	     1.121
03/08/2017	15:44:41.3	     0.599	     1.120
03/08/2017	15:44:41.8	     0.599	     1.119
03/08/2017	15:44:42.3	     0.599	     1.119
03/08/2017	15:44:42.8	     0.599	     1.117
03/08/2017	15:44:43.3	     0.599	     1.115
03/08/2017	15:44:43.8	     0.599	     1.115
03/08/2017	15:44:44.3	     0.599	     1.115
03/08/2017	15:44:44.8	     0.599	     1.115
03/08/2017	15:44:45.3	     0.599	     1.113
03/08/2017	15:44:45.8	     0.599	     1.113
03/08/2017	15:44:46.3	     0.599	     1.113
03/08/2017	15:44:46.8	     0.599	     1.112
03/08/2017	15:44:47.3	     0.599	     1.112
03/08/2017	15:44:47.8	     0.599	     1.110
03/08/2017	15:44:48.3	     0.599	     1.110
03/08/2017	15:44:48.8	     0.599	     1.109
03/08/2017	15:44:49.3	     0.599	     1.108
03/08/2017	15:44:49.8	     0.599	     1.108
03/08/2017	15:44:50.3	     0.599	     1.107
03/08/2017	15:44:50.8	     0.599	     1.107
03/08/2017	15:44:51.3	     0.599	     1.106
03/08/2017	15:44:51.8	     0.599	     1.105
03/08/2017	15:44:52.3	     0.599	     1.102
03/08/2017	15:44:52.8	     0.599	     1.103
03/08/2017	15:44:53.3	     0.599	     1.102
03/08/2017	15:44:53.8	     0.599	     1.099
03/08/2017	15:44:54.3	     0.599	     1.099
03/08/2017	15:44:54.8	     0.599	     1.098
03/08/2017	15:44:55.3	     0.599	     1.099
03/08/2017	15:44:55.8	     0.599	     1.099
03/08/2017	15:44:56.3	     0.599	     1.098
03/08/2017	15:44:56.8	     0.599	     1.098
03/08/2017	15:44:57.3	     0.599	     1.094
03/08/2017	15:44:57.8	     0.599	     1.093
03/08/2017	15:44:58.3	     0.599	     1.093
03/08/2017	15:44:58.8	     0.599	     1.093
03/08/2017	15:44:59.3	     0.599	     1.093
03/08/2017	15:44:59.8	     0.599	     1.092
03/08/2017	15:45:00.3	     0.599	     1.092
03/08/2017	15:45:00.8	     0.599	     1.092
03/08/2017	15:45:01.3	     0.599	     1.092
03/08/2017	15:45:01.8	     0.599	     1.091
03/08/2017	15:45:02.3	     0.599	     1.091
03/08/2017	15:45:02.8	     0.599	     1.090
03/08/2017	15:45:03.3	     0.599	     1.089
03/08/2017	15:45:03.8	     0.599	     1.088
03/08/2017	15:45:04.3	     0.599	     1.087
03/08/2017	15:45:04.8	     0.599	     1.086
03/08/2017	15:45:05.3	     0.599	     1.084
03/08/2017	15:45:05.8	     0.599	     1.084
03/08/2017	15:45:06.3	     0.599	     1.084
03/08/2017	15:45:06.8	     0.599	     1.084
03/08/2017	15:45:07.3	     0.599	     1.082
03/08/2017	15:45:07.8	     0.599	     1.081
03/08/2017	15:45:08.3	     0.599	     1.081
03/08/2017	15:45:08.8	     0.599	     1.080
03/08/2017	15:45:09.3	     0.599	     1.079
03/08/2017	15:45:09.8	     0.599	     1.079
03/08/2017	15:45:10.3	     0.599	     1.078
03/08/2017	15:45:10.8	     0.599	     1.077
03/08/2017	15:45:11.3	     0.599	     1.077
03/08/2017	15:45:11.8	     0.599	     1.077
03/08/2017	15:45:12.3	     0.599	     1.076
03/08/2017	15:45:12.8	     0.599	     1.075
03/08/2017	15:45:13.3	     0.598	     1.075
03/08/2017	15:45:13.8	     0.599	     1.075
03/08/2017	15:45:14.3	     0.599	     1.074
03/08/2017	15:45:14.8	     0.598	     1.074
03/08/2017	15:45:15.3	     0.598	     1.074
03/08/2017	15:45:15.8	     0.598	     1.073
03/08/2017	15:45:16.3	     0.598	     1.073
03/08/2017	15:45:16.8	     0.598	     1.073
03/08/2017	15:45:17.3	     0.598	     1.072
03/08/2017	15:45:17.8	     0.598	     1.072
03/08/2017	15:45:18.3	     0.598	     1.071
03/08/2017	15:45:18.8	     0.598	     1.071
03/08/2017	15:45:19.3	     0.598	     1.070
03/08/2017	15:45:19.8	     0.598	     1.069
03/08/2017	15:45:20.3	     0.598	     1.067
03/08/2017	15:45:20.8	     0.598	     1.065
03/08/2017	15:45:21.3	     0.598	     1.066
03/08/2017	15:45:21.8	     0.598	     1.066
03/08/2017	15:45:22.3	     0.598	     1.066
03/08/2017	15:45:22.8	     0.598	     1.066
03/08/2017	15:45:23.3	     0.598	     1.065
03/08/2017	15:45:23.8	     0.598	     1.065
03/08/2017	15:45:24.3	     0.598	     1.065
03/08/2017	15:45:24.8	     0.598	     1.064
03/08/2017	15:45:25.3	     0.598	     1.063
03/08/2017	15:45:25.8	     0.598	     1.063
03/08/2017	15:45:26.3	     0.598	     1.063
03/08/2017	15:45:26.8	     0.598	     1.062
03/08/2017	15:45:27.3	     0.598	     1.059
03/08/2017	15:45:27.8	     0.598	     1.059
03/08/2017	15:45:28.3	     0.598	     1.060
03/08/2017	15:45:28.8	     0.598	     1.059
03/08/2017	15:45:29.3	     0.598	     1.056
03/08/2017	15:45:29.8	     0.598	     1.057
03/08/2017	15:45:30.3	     0.598	     1.056
03/08/2017	15:45:30.8	     0.598	     1.056
03/08/2017	15:45:31.3	     0.598	     1.056
03/08/2017	15:45:31.8	     0.598	     1.056
03/08/2017	15:45:32.3	     0.598	     1.052
03/08/2017	15:45:32.8	     0.598	     1.053
03/08/2017	15:45:33.3	     0.597	     1.053
03/08/2017	15:45:33.8	     0.597	     1.054
03/08/2017	15:45:34.3	     0.597	     1.053
03/08/2017	15:45:34.8	     0.597	     1.053
03/08/2017	15:45:35.3	     0.597	     1.052
03/08/2017	15:45:35.8	     0.597	     1.052
03/08/2017	15:45:36.3	     0.597	     1.052
03/08/2017	15:45:36.8	     0.597	     1.050
03/08/2017	15:45:37.3	     0.597	     1.048
03/08/2017	15:45:37.8	     0.597	     1.048
03/08/2017	15:45:38.3	     0.597	     1.049
03/08/2017	15:45:38.8	     0.597	     1.049
03/08/2017	15:45:39.3	     0.597	     1.048
03/08/2017	15:45:39.8	     0.597	     1.048
03/08/2017	15:45:40.3	     0.597	     1.048
03/08/2017	15:45:40.8	     0.597	     1.047
03/08/2017	15:45:41.3	     0.597	     1.047
03/08/2017	15:45:41.8	     0.597	     1.047
03/08/2017	15:45:42.3	     0.597	     1.046
03/08/2017	15:45:42.8	     0.597	     1.046
03/08/2017	15:45:43.3	     0.596	     1.046
03/08/2017	15:45:43.8	     0.596	     1.045
03/08/2017	15:45:44.3	     0.596	     1.042
03/08/2017	15:45:44.8	     0.596	     1.042
03/08/2017	15:45:45.3	     0.596	     1.042
03/08/2017	15:45:45.8	     0.596	     1.042
03/08/2017	15:45:46.3	     0.596	     1.042
03/08/2017	15:45:46.8	     0.596	     1.041
03/08/2017	15:45:47.3	     0.596	     1.041
03/08/2017	15:45:47.8	     0.596	     1.040
03/08/2017	15:45:48.3	     0.596	     1.039
03/08/2017	15:45:48.8	     0.596	     1.039
03/08/2017	15:45:49.3	     0.596	     1.039
03/08/2017	15:45:49.8	     0.596	     1.039
03/08/2017	15:45:50.3	     0.596	     1.039
03/08/2017	15:45:50.8	     0.596	     1.039
03/08/2017	15:45:51.3	     0.596	     1.039
03/08/2017	15:45:51.8	     0.596	     1.038
03/08/2017	15:45:52.3	     0.596	     1.037
03/08/2017	15:45:52.8	     0.596	     1.037
03/08/2017	15:45:53.3	     0.596	     1.037
03/08/2017	15:45:53.8	     0.596	     1.036
03/08/2017	15:45:54.3	     0.596	     1.036
03/08/2017	15:45:54.8	     0.596	     1.036
03/08/2017	15:45:55.3	     0.596	     1.036
03/08/2017	15:45:55.8	     0.596	     1.035
03/08/2017	15:45:56.3	     0.597	     1.036
03/08/2017	15:45:56.8	     0.597	     1.035
03/08/2017	15:45:57.3	     0.597	     1.035
03/08/2017	15:45:57.8	     0.597	     1.033
03/08/2017	15:45:58.3	     0.597	     1.033
03/08/2017	15:45:58.8	     0.597	     1.033
03/08/2017	15:45:59.3	     0.597	     1.032
03/08/2017	15:45:59.8	     0.597	     1.032
03/08/2017	15:46:00.3	     0.597	     1.031
03/08/2017	15:46:00.8	     0.597	     1.031
03/08/2017	15:46:01.3	     0.597	     1.031
03/08/2017	15:46:01.8	     0.597	     1.030
03/08/2017	15:46:02.3	     0.597	     1.028
03/08/2017	15:46:02.8	     0.597	     1.029
03/08/2017	15:46:03.3	     0.597	     1.029
03/08/2017	15:46:03.8	     0.597	     1.028
03/08/2017	15:46:04.3	     0.597	     1.029
03/08/2017	15:46:04.8	     0.597	     1.028
03/08/2017	15:46:05.3	     0.597	     1.028
03/08/2017	15:46:05.8	     0.597	     1.027
03/08/2017	15:46:06.3	     0.597	     1.026
03/08/2017	15:46:06.8	     0.597	     1.024
03/08/2017	15:46:07.3	     0.597	     1.025
03/08/2017	15:46:07.8	     0.597	     1.025
03/08/2017	15:46:08.3	     0.597	     1.024
03/08/2017	15:46:08.8	     0.597	     1.024
03/08/2017	15:46:09.3	     0.597	     1.023
03/08/2017	15:46:09.8	     0.597	     1.023
03/08/2017	15:46:10.3	     0.597	     1.024
03/08/2017	15:46:10.8	     0.597	     1.023
03/08/2017	15:46:11.3	     0.597	     1.023
03/08/2017	15:46:11.8	     0.597	     1.023
03/08/2017	15:46:12.3	     0.597	     1.022
03/08/2017	15:46:12.8	     0.597	     1.021
03/08/2017	15:46:13.3	     0.597	     1.021
03/08/2017	15:46:13.8	     0.597	     1.021
03/08/2017	15:46:14.3	     0.597	     1.020
03/08/2017	15:46:14.8	     0.597	     1.020
03/08/2017	15:46:15.3	     0.597	     1.020
03/08/2017	15:46:15.8	     0.597	     1.020
03/08/2017	15:46:16.3	     0.597	     1.019
03/08/2017	15:46:16.8	     0.597	     1.019
03/08/2017	15:46:17.3	     0.597	     1.020
03/08/2017	15:46:17.8	     0.597	     1.019
03/08/2017	15:46:18.3	     0.597	     1.019
03/08/2017	15:46:18.8	     0.597	     1.019
03/08/2017	15:46:19.3	     0.597	     1.018
03/08/2017	15:46:19.8	     0.597	     1.018
03/08/2017	15:46:20.3	     0.597	     1.017
03/08/2017	15:46:20.8	     0.597	     1.016
03/08/2017	15:46:21.3	     0.597	     1.016
03/08/2017	15:46:21.8	     0.597	     1.016
03/08/2017	15:46:22.3	     0.597	     1.015
03/08/2017	15:46:22.8	     0.597	     1.014
03/08/2017	15:46:23.3	     0.597	     1.014
03/08/2017	15:46:23.8	     0.597	     1.015
03/08/2017	15:46:24.3	     0.597	     1.015
03/08/2017	15:46:24.8	     0.597	     1.014
03/08/2017	15:46:25.3	     0.597	     1.014
03/08/2017	15:46:25.8	     0.597	     1.014
03/08/2017	15:46:26.3	     0.597	     1.014
03/08/2017	15:46:26.8	     0.597	     1.013
03/08/2017	15:46:27.3	     0.597	     1.013
03/08/2017	15:46:27.8	     0.597	     1.012
03/08/2017	15:46:28.3	     0.596	     1.012
03/08/2017	15:46:28.8	     0.596	     1.011
03/08/2017	15:46:29.3	     0.596	     1.011
03/08/2017	15:46:29.8	     0.596	     1.010
03/08/2017	15:46:30.3	     0.596	     1.010
03/08/2017	15:46:30.8	     0.596	     1.010
03/08/2017	15:46:31.3	     0.596	     1.010
03/08/2017	15:46:31.8	     0.596	     1.010
03/08/2017	15:46:32.3	     0.596	     1.010
03/08/2017	15:46:32.8	     0.596	     1.010
03/08/2017	15:46:33.3	     0.596	     1.010
03/08/2017	15:46:33.8	     0.596	     1.010
03/08/2017	15:46:34.3	     0.596	     1.009
03/08/2017	15:46:34.8	     0.596	     1.009
03/08/2017	15:46:35.3	     0.596	     1.009
03/08/2017	15:46:35.8	     0.596	     1.008
03/08/2017	15:46:36.3	     0.596	     1.007
03/08/2017	15:46:36.8	     0.596	     1.007
03/08/2017	15:46:37.3	     0.596	     1.007
03/08/2017	15:46:37.8	     0.596	     1.007
03/08/2017	15:46:38.3	     0.596	     1.006
03/08/2017	15:46:38.8	     0.596	     1.006
03/08/2017	15:46:39.3	     0.596	     1.006
03/08/2017	15:46:39.8	     0.596	     1.006
03/08/2017	15:46:40.3	     0.596	     1.005
03/08/2017	15:46:40.8	     0.597	     1.005
03/08/2017	15:46:41.3	     0.597	     1.004
03/08/2017	15:46:41.8	     0.597	     1.004
03/08/2017	15:46:42.3	     0.597	     1.004
03/08/2017	15:46:42.8	     0.597	     1.004
03/08/2017	15:46:43.3	     0.597	     1.004
03/08/2017	15:46:43.8	     0.597	     1.001
03/08/2017	15:46:44.3	     0.597	     1.000
03/08/2017	15:46:44.8	     0.597	     1.002
03/08/2017	15:46:45.3	     0.597	     0.999
03/08/2017	15:46:45.8	     0.597	     1.001
03/08/2017	15:46:46.3	     0.597	     1.002
03/08/2017	15:46:46.8	     0.597	     1.002
03/08/2017	15:46:47.3	     0.597	     1.001
03/08/2017	15:46:47.8	     0.597	     0.999
03/08/2017	15:46:48.3	     0.597	     0.999
03/08/2017	15:46:48.8	     0.597	     0.999
03/08/2017	15:46:49.3	     0.597	     0.999
03/08/2017	15:46:49.8	     0.596	     0.998
03/08/2017	15:46:50.3	     0.596	     0.999
03/08/2017	15:46:50.8	     0.596	     0.998
03/08/2017	15:46:51.3	     0.596	     0.998
03/08/2017	15:46:51.8	     0.596	     0.998
03/08/2017	15:46:52.3	     0.596	     0.997
03/08/2017	15:46:52.8	     0.596	     0.997
03/08/2017	15:46:53.3	     0.596	     0.997
03/08/2017	15:46:53.8	     0.596	     0.997
03/08/2017	15:46:54.3	     0.596	     0.997
03/08/2017	15:46:54.8	     0.596	     0.997
03/08/2017	15:46:55.3	     0.596	     0.997
03/08/2017	15:46:55.8	     0.596	     0.996
03/08/2017	15:46:56.3	     0.596	     0.996
03/08/2017	15:46:56.8	     0.596	     0.996
03/08/2017	15:46:57.3	     0.596	     0.997
03/08/2017	15:46:57.8	     0.596	     0.997
03/08/2017	15:46:58.3	     0.596	     0.996
03/08/2017	15:46:58.8	     0.596	     0.996
03/08/2017	15:46:59.3	     0.596	     0.996
03/08/2017	15:46:59.8	     0.596	     0.996
03/08/2017	15:47:00.3	     0.596	     0.996
03/08/2017	15:47:00.8	     0.596	     0.995
03/08/2017	15:47:01.3	     0.596	     0.995
03/08/2017	15:47:01.8	     0.596	     0.995
03/08/2017	15:47:02.3	     0.596	     0.995
03/08/2017	15:47:02.8	     0.596	     0.995
03/08/2017	15:47:03.3	     0.596	     0.994
03/08/2017	15:47:03.8	     0.596	     0.995
03/08/2017	15:47:04.3	     0.596	     0.994
03/08/2017	15:47:04.8	     0.596	     0.993
03/08/2017	15:47:05.3	     0.596	     0.993
03/08/2017	15:47:05.8	     0.596	     0.993
03/08/2017	15:47:06.3	     0.596	     0.992
03/08/2017	15:47:06.8	     0.596	     0.992
03/08/2017	15:47:07.3	     0.596	     0.992
03/08/2017	15:47:07.8	     0.596	     0.992
03/08/2017	15:47:08.3	     0.596	     0.992
03/08/2017	15:47:08.8	     0.596	     0.989
03/08/2017	15:47:09.3	     0.596	     0.989
03/08/2017	15:47:09.8	     0.596	     0.989
03/08/2017	15:47:10.3	     0.596	     0.990
03/08/2017	15:47:10.8	     0.596	     0.990
03/08/2017	15:47:11.3	     0.596	     0.991
03/08/2017	15:47:11.8	     0.596	     0.990
03/08/2017	15:47:12.3	     0.596	     0.987
03/08/2017	15:47:12.8	     0.596	     0.987
03/08/2017	15:47:13.3	     0.596	     0.988
03/08/2017	15:47:13.8	     0.596	     0.989
03/08/2017	15:47:14.3	     0.596	     0.989
03/08/2017	15:47:14.8	     0.596	     0.989
03/08/2017	15:47:15.3	     0.596	     0.989
03/08/2017	15:47:15.8	     0.596	     0.989
03/08/2017	15:47:16.3	     0.596	     0.988
03/08/2017	15:47:16.8	     0.596	     0.988
03/08/2017	15:47:17.3	     0.596	     0.985
03/08/2017	15:47:17.8	     0.596	     0.985
03/08/2017	15:47:18.3	     0.596	     0.985
03/08/2017	15:47:18.8	     0.596	     0.986
03/08/2017	15:47:19.3	     0.596	     0.986
03/08/2017	15:47:19.8	     0.596	     0.986
03/08/2017	15:47:20.3	     0.596	     0.988
03/08/2017	15:47:20.8	     0.596	     0.987
03/08/2017	15:47:21.3	     0.596	     0.987
03/08/2017	15:47:21.8	     0.596	     0.987
03/08/2017	15:47:22.3	     0.596	     0.987
03/08/2017	15:47:22.8	     0.596	     0.987
03/08/2017	15:47:23.3	     0.596	     0.986
03/08/2017	15:47:23.8	     0.596	     0.987
03/08/2017	15:47:24.3	     0.596	     0.986
03/08/2017	15:47:24.8	     0.596	     0.986
03/08/2017	15:47:25.3	     0.596	     0.986
03/08/2017	15:47:25.8	     0.596	     0.985
03/08/2017	15:47:26.3	     0.596	     0.985
03/08/2017	15:47:26.8	     0.596	     0.985
03/08/2017	15:47:27.3	     0.596	     0.984
03/08/2017	15:47:27.8	     0.596	     0.985
03/08/2017	15:47:28.3	     0.596	     0.984
03/08/2017	15:47:28.8	     0.596	     0.984
03/08/2017	15:47:29.3	     0.596	     0.983
03/08/2017	15:47:29.8	     0.596	     0.984
03/08/2017	15:47:30.3	     0.596	     0.983
03/08/2017	15:47:30.8	     0.596	     0.984
03/08/2017	15:47:31.3	     0.596	     0.984
03/08/2017	15:47:31.8	     0.596	     0.983
03/08/2017	15:47:32.3	     0.596	     0.983
03/08/2017	15:47:32.8	     0.596	     0.983
03/08/2017	15:47:33.3	     0.596	     0.982
03/08/2017	15:47:33.8	     0.596	     0.982
03/08/2017	15:47:34.3	     0.596	     0.982
03/08/2017	15:47:34.8	     0.596	     0.981
03/08/2017	15:47:35.3	     0.596	     0.981
03/08/2017	15:47:35.8	     0.596	     0.982
03/08/2017	15:47:36.3	     0.596	     0.981
03/08/2017	15:47:36.8	     0.596	     0.981
03/08/2017	15:47:37.3	     0.596	     0.981
03/08/2017	15:47:37.8	     0.596	     0.980
03/08/2017	15:47:38.3	     0.595	     0.981
03/08/2017	15:47:38.8	     0.595	     0.979
03/08/2017	15:47:39.3	     0.595	     0.980
03/08/2017	15:47:39.8	     0.595	     0.979
03/08/2017	15:47:40.3	     0.595	     0.979
03/08/2017	15:47:40.8	     0.595	     0.980
03/08/2017	15:47:41.3	     0.595	     0.979
03/08/2017	15:47:41.8	     0.596	     0.979
03/08/2017	15:47:42.3	     0.596	     0.978
03/08/2017	15:47:42.8	     0.596	     0.978
03/08/2017	15:47:43.3	     0.596	     0.977
03/08/2017	15:47:43.8	     0.596	     0.976
03/08/2017	15:47:44.3	     0.596	     0.977
03/08/2017	15:47:44.8	     0.596	     0.977
03/08/2017	15:47:45.3	     0.596	     0.977
03/08/2017	15:47:45.8	     0.596	     0.977
03/08/2017	15:47:46.3	     0.596	     0.976
03/08/2017	15:47:46.8	     0.596	     0.976
03/08/2017	15:47:47.3	     0.596	     0.977
03/08/2017	15:47:47.8	     0.596	     0.976
03/08/2017	15:47:48.3	     0.596	     0.975
03/08/2017	15:47:48.8	     0.596	     0.976
03/08/2017	15:47:49.3	     0.596	     0.976
03/08/2017	15:47:49.8	     0.596	     0.975
03/08/2017	15:47:50.3	     0.596	     0.976
03/08/2017	15:47:50.8	     0.596	     0.975
03/08/2017	15:47:51.3	     0.596	     0.976
03/08/2017	15:47:51.8	     0.596	     0.975
03/08/2017	15:47:52.3	     0.596	     0.976
03/08/2017	15:47:52.8	     0.596	     0.975
03/08/2017	15:47:53.3	     0.596	     0.975
03/08/2017	15:47:53.8	     0.597	     0.974
03/08/2017	15:47:54.3	     0.597	     0.975
03/08/2017	15:47:54.8	     0.597	     0.975
03/08/2017	15:47:55.3	     0.597	     0.974
03/08/2017	15:47:55.8	     0.597	     0.975
03/08/2017	15:47:56.3	     0.597	     0.973
03/08/2017	15:47:56.8	     0.597	     0.973
03/08/2017	15:47:57.3	     0.597	     0.974
03/08/2017	15:47:57.8	     0.597	     0.974
03/08/2017	15:47:58.3	     0.597	     0.974
03/08/2017	15:47:58.8	     0.597	     0.974
03/08/2017	15:47:59.3	     0.597	     0.974
03/08/2017	15:47:59.8	     0.597	     0.974
03/08/2017	15:48:00.3	     0.597	     0.974
03/08/2017	15:48:00.8	     0.597	     0.974
03/08/2017	15:48:01.3	     0.597	     0.974
03/08/2017	15:48:01.8	     0.597	     0.973
03/08/2017	15:48:02.3	     0.597	     0.971
03/08/2017	15:48:02.8	     0.597	     0.970
03/08/2017	15:48:03.3	     0.597	     0.971
03/08/2017	15:48:03.8	     0.597	     0.971
03/08/2017	15:48:04.3	     0.597	     0.971
03/08/2017	15:48:04.8	     0.597	     0.971
03/08/2017	15:48:05.3	     0.597	     0.972
03/08/2017	15:48:05.8	     0.597	     0.972
03/08/2017	15:48:06.3	     0.597	     0.972
03/08/2017	15:48:06.8	     0.597	     0.973
03/08/2017	15:48:07.3	     0.597	     0.972
03/08/2017	15:48:07.8	     0.597	     0.973
03/08/2017	15:48:08.3	     0.597	     0.972
03/08/2017	15:48:08.8	     0.597	     0.972
03/08/2017	15:48:09.3	     0.597	     0.971
03/08/2017	15:48:09.8	     0.597	     0.972
03/08/2017	15:48:10.3	     0.597	     0.971
03/08/2017	15:48:10.8	     0.597	     0.971
03/08/2017	15:48:11.3	     0.597	     0.970
03/08/2017	15:48:11.8	     0.597	     0.971
03/08/2017	15:48:12.3	     0.597	     0.969
03/08/2017	15:48:12.8	     0.597	     0.969
03/08/2017	15:48:13.3	     0.597	     0.969
03/08/2017	15:48:13.8	     0.597	     0.969
03/08/2017	15:48:14.3	     0.597	     0.969
03/08/2017	15:48:14.8	     0.597	     0.970
03/08/2017	15:48:15.3	     0.597	     0.969
03/08/2017	15:48:15.8	     0.597	     0.968
03/08/2017	15:48:16.3	     0.597	     0.968
03/08/2017	15:48:16.8	     0.597	     0.968
03/08/2017	15:48:17.3	     0.597	     0.969
03/08/2017	15:48:17.8	     0.597	     0.968
03/08/2017	15:48:18.3	     0.597	     0.969
03/08/2017	15:48:18.8	     0.597	     0.967
03/08/2017	15:48:19.3	     0.597	     0.968
03/08/2017	15:48:19.8	     0.597	     0.968
03/08/2017	15:48:20.3	     0.597	     0.968
03/08/2017	15:48:20.8	     0.597	     0.965
03/08/2017	15:48:21.3	     0.597	     0.965
03/08/2017	15:48:21.8	     0.597	     0.966
03/08/2017	15:48:22.3	     0.597	     0.966
03/08/2017	15:48:22.8	     0.597	     0.967
03/08/2017	15:48:23.3	     0.597	     0.966
03/08/2017	15:48:23.8	     0.597	     0.966
03/08/2017	15:48:24.3	     0.597	     0.966
03/08/2017	15:48:24.8	     0.597	     0.965
03/08/2017	15:48:25.3	     0.597	     0.966
03/08/2017	15:48:25.8	     0.597	     0.966
03/08/2017	15:48:26.3	     0.597	     0.966
03/08/2017	15:48:26.8	     0.597	     0.965
03/08/2017	15:48:27.3	     0.597	     0.965
03/08/2017	15:48:27.8	     0.597	     0.966
03/08/2017	15:48:28.3	     0.597	     0.966
03/08/2017	15:48:28.8	     0.597	     0.966
03/08/2017	15:48:29.3	     0.597	     0.966
03/08/2017	15:48:29.8	     0.597	     0.965
03/08/2017	15:48:30.3	     0.597	     0.965
03/08/2017	15:48:30.8	     0.597	     0.964
03/08/2017	15:48:31.3	     0.597	     0.964
03/08/2017	15:48:31.8	     0.597	     0.964
03/08/2017	15:48:32.3	     0.597	     0.964
03/08/2017	15:48:32.8	     0.597	     0.965
03/08/2017	15:48:33.3	     0.597	     0.964
03/08/2017	15:48:33.8	     0.597	     0.963
03/08/2017	15:48:34.3	     0.597	     0.963
03/08/2017	15:48:34.8	     0.597	     0.964
03/08/2017	15:48:35.3	     0.597	     0.963
03/08/2017	15:48:35.8	     0.597	     0.963
03/08/2017	15:48:36.3	     0.597	     0.963
03/08/2017	15:48:36.8	     0.597	     0.963
03/08/2017	15:48:37.3	     0.597	     0.964
03/08/2017	15:48:37.8	     0.597	     0.963
03/08/2017	15:48:38.3	     0.597	     0.963
03/08/2017	15:48:38.8	     0.597	     0.963
03/08/2017	15:48:39.3	     0.597	     0.964
03/08/2017	15:48:39.8	     0.597	     0.963
03/08/2017	15:48:40.3	     0.597	     0.963
03/08/2017	15:48:40.8	     0.597	     0.963
03/08/2017	15:48:41.3	     0.597	     0.963
03/08/2017	15:48:41.8	     0.597	     0.963
03/08/2017	15:48:42.3	     0.597	     0.963
03/08/2017	15:48:42.8	     0.597	     0.963
03/08/2017	15:48:43.3	     0.597	     0.963
03/08/2017	15:48:43.8	     0.597	     0.963
03/08/2017	15:48:44.3	     0.597	     0.963
03/08/2017	15:48:44.8	     0.597	     0.963
03/08/2017	15:48:45.3	     0.597	     0.962
03/08/2017	15:48:45.8	     0.597	     0.962
03/08/2017	15:48:46.3	     0.597	     0.960
03/08/2017	15:48:46.8	     0.597	     0.962
03/08/2017	15:48:47.3	     0.597	     0.962
03/08/2017	15:48:47.8	     0.597	     0.961
03/08/2017	15:48:48.3	     0.596	     0.960
03/08/2017	15:48:48.8	     0.596	     0.961
03/08/2017	15:48:49.3	     0.596	     0.961
03/08/2017	15:48:49.8	     0.596	     0.961
03/08/2017	15:48:50.3	     0.596	     0.961
03/08/2017	15:48:50.8	     0.596	     0.960
03/08/2017	15:48:51.3	     0.596	     0.960
03/08/2017	15:48:51.8	     0.596	     0.960
03/08/2017	15:48:52.3	     0.596	     0.960
03/08/2017	15:48:52.8	     0.596	     0.961
03/08/2017	15:48:53.3	     0.596	     0.960
03/08/2017	15:48:53.8	     0.596	     0.960
03/08/2017	15:48:54.3	     0.597	     0.960
03/08/2017	15:48:54.8	     0.597	     0.959
03/08/2017	15:48:55.3	     0.597	     0.959
03/08/2017	15:48:55.8	     0.597	     0.960
03/08/2017	15:48:56.3	     0.597	     0.960
03/08/2017	15:48:56.8	     0.597	     0.959
03/08/2017	15:48:57.3	     0.597	     0.960
03/08/2017	15:48:57.8	     0.597	     0.960
03/08/2017	15:48:58.3	     0.597	     0.959
03/08/2017	15:48:58.8	     0.597	     0.958
03/08/2017	15:48:59.3	     0.597	     0.959
03/08/2017	15:48:59.8	     0.597	     0.959
03/08/2017	15:49:00.3	     0.597	     0.958
03/08/2017	15:49:00.8	     0.597	     0.958
03/08/2017	15:49:01.3	     0.597	     0.958
03/08/2017	15:49:01.8	     0.597	     0.958
03/08/2017	15:49:02.3	     0.597	     0.958
03/08/2017	15:49:02.8	     0.597	     0.959
03/08/2017	15:49:03.3	     0.597	     0.958
03/08/2017	15:49:03.8	     0.597	     0.958
03/08/2017	15:49:04.3	     0.597	     0.958
03/08/2017	15:49:04.8	     0.597	     0.958
03/08/2017	15:49:05.3	     0.597	     0.957
03/08/2017	15:49:05.8	     0.597	     0.957
03/08/2017	15:49:06.3	     0.597	     0.957
03/08/2017	15:49:06.8	     0.597	     0.958
03/08/2017	15:49:07.3	     0.597	     0.958
03/08/2017	15:49:07.8	     0.597	     0.958
03/08/2017	15:49:08.3	     0.597	     0.958
03/08/2017	15:49:08.8	     0.597	     0.956
03/08/2017	15:49:09.3	     0.597	     0.956
03/08/2017	15:49:09.8	     0.597	     0.955
03/08/2017	15:49:10.3	     0.597	     0.955
03/08/2017	15:49:10.8	     0.597	     0.954
03/08/2017	15:49:11.3	     0.597	     0.956
03/08/2017	15:49:11.8	     0.597	     0.957
03/08/2017	15:49:12.3	     0.597	     0.957
03/08/2017	15:49:12.8	     0.597	     0.957
03/08/2017	15:49:13.3	     0.597	     0.957
03/08/2017	15:49:13.8	     0.597	     0.956
03/08/2017	15:49:14.3	     0.597	     0.957
03/08/2017	15:49:14.8	     0.597	     0.956
03/08/2017	15:49:15.3	     0.597	     0.957
03/08/2017	15:49:15.8	     0.597	     0.956
03/08/2017	15:49:16.3	     0.598	     0.956
03/08/2017	15:49:16.8	     0.598	     0.956
03/08/2017	15:49:17.3	     0.598	     0.955
03/08/2017	15:49:17.8	     0.598	     0.955
03/08/2017	15:49:18.3	     0.598	     0.956
03/08/2017	15:49:18.8	     0.598	     0.956
03/08/2017	15:49:19.3	     0.598	     0.956
03/08/2017	15:49:19.8	     0.598	     0.956
03/08/2017	15:49:20.3	     0.598	     0.955
03/08/2017	15:49:20.8	     0.598	     0.955
03/08/2017	15:49:21.3	     0.598	     0.955
03/08/2017	15:49:21.8	     0.598	     0.955
03/08/2017	15:49:22.3	     0.597	     0.955
03/08/2017	15:49:22.8	     0.597	     0.955
03/08/2017	15:49:23.3	     0.597	     0.955
03/08/2017	15:49:23.8	     0.597	     0.956
03/08/2017	15:49:24.3	     0.597	     0.954
03/08/2017	15:49:24.8	     0.597	     0.954
03/08/2017	15:49:25.3	     0.597	     0.953
03/08/2017	15:49:25.8	     0.597	     0.955
03/08/2017	15:49:26.3	     0.597	     0.955
03/08/2017	15:49:26.8	     0.597	     0.956
03/08/2017	15:49:27.3	     0.597	     0.954
03/08/2017	15:49:27.8	     0.597	     0.955
03/08/2017	15:49:28.3	     0.597	     0.955
03/08/2017	15:49:28.8	     0.598	     0.955
03/08/2017	15:49:29.3	     0.598	     0.955
03/08/2017	15:49:29.8	     0.598	     0.954
03/08/2017	15:49:30.3	     0.598	     0.954
03/08/2017	15:49:30.8	     0.598	     0.954
03/08/2017	15:49:31.3	     0.598	     0.955
03/08/2017	15:49:31.8	     0.598	     0.954
03/08/2017	15:49:32.3	     0.598	     0.955
03/08/2017	15:49:32.8	     0.598	     0.954
03/08/2017	15:49:33.3	     0.598	     0.954
03/08/2017	15:49:33.8	     0.598	     0.954
03/08/2017	15:49:34.3	     0.598	     0.954
03/08/2017	15:49:34.8	     0.598	     0.953
03/08/2017	15:49:35.3	     0.598	     0.953
03/08/2017	15:49:35.8	     0.598	     0.953
03/08/2017	15:49:36.3	     0.598	     0.954
03/08/2017	15:49:36.8	     0.598	     0.953
03/08/2017	15:49:37.3	     0.597	     0.950
03/08/2017	15:49:37.8	     0.597	     0.951
03/08/2017	15:49:38.3	     0.597	     0.951
03/08/2017	15:49:38.8	     0.597	     0.951
03/08/2017	15:49:39.3	     0.597	     0.952
03/08/2017	15:49:39.8	     0.597	     0.951
03/08/2017	15:49:40.3	     0.597	     0.951
03/08/2017	15:49:40.8	     0.597	     0.951
03/08/2017	15:49:41.3	     0.597	     0.952
03/08/2017	15:49:41.8	     0.597	     0.952
03/08/2017	15:49:42.3	     0.597	     0.952
03/08/2017	15:49:42.8	     0.597	     0.952
03/08/2017	15:49:43.3	     0.597	     0.952
03/08/2017	15:49:43.8	     0.597	     0.951
03/08/2017	15:49:44.3	     0.597	     0.951
03/08/2017	15:49:44.8	     0.597	     0.952
03/08/2017	15:49:45.3	     0.598	     0.952
03/08/2017	15:49:45.8	     0.598	     0.952
03/08/2017	15:49:46.3	     0.598	     0.952
03/08/2017	15:49:46.8	     0.598	     0.952
03/08/2017	15:49:47.3	     0.598	     0.951
03/08/2017	15:49:47.8	     0.598	     0.952
03/08/2017	15:49:48.3	     0.598	     0.951
03/08/2017	15:49:48.8	     0.598	     0.950
03/08/2017	15:49:49.3	     0.598	     0.951
03/08/2017	15:49:49.8	     0.598	     0.950
03/08/2017	15:49:50.3	     0.598	     0.951
03/08/2017	15:49:50.8	     0.598	     0.952
03/08/2017	15:49:51.3	     0.598	     0.952
END DATA