VIRTUALBENCH-LOGGER 2.5 REPORT
NATIONAL INSTRUMENTS
DATE CREATED	15:21:17	03/08/2017

USER	


START COMMENT


END COMMENT

START DATA
Date	Time	AMPS(V)	PYRO(V)
03/08/2017	15:21:59.2	     0.598	     0.983
03/08/2017	15:21:59.7	     0.597	     0.991
03/08/2017	15:22:00.2	     0.597	     0.991
03/08/2017	15:22:00.7	     0.597	     0.992
03/08/2017	15:22:01.2	     0.597	     0.992
03/08/2017	15:22:01.7	     0.597	     0.992
03/08/2017	15:22:02.2	     0.597	     0.993
03/08/2017	15:22:02.7	     0.597	     0.991
03/08/2017	15:22:03.2	     0.597	     0.992
03/08/2017	15:22:03.7	     0.597	     0.991
03/08/2017	15:22:04.2	     0.597	     0.991
03/08/2017	15:22:04.7	     0.597	     0.992
03/08/2017	15:22:05.2	     0.597	     0.992
03/08/2017	15:22:05.7	     0.597	     0.989
03/08/2017	15:22:06.2	     0.597	     0.989
03/08/2017	15:22:06.7	     0.597	     0.989
03/08/2017	15:22:07.2	     0.598	     0.990
03/08/2017	15:22:07.7	     0.598	     0.989
03/08/2017	15:22:08.2	     0.598	     0.990
03/08/2017	15:22:08.7	     0.598	     0.990
03/08/2017	15:22:09.2	     0.598	     0.990
03/08/2017	15:22:09.7	     0.598	     0.990
03/08/2017	15:22:10.2	     0.598	     0.990
03/08/2017	15:22:10.7	     0.598	     0.991
03/08/2017	15:22:11.2	     0.598	     0.990
03/08/2017	15:22:11.7	     0.598	     0.951
03/08/2017	15:22:12.2	     0.598	     0.841
03/08/2017	15:22:12.7	     0.598	     0.658
03/08/2017	15:22:13.2	     0.598	     0.702
03/08/2017	15:22:13.7	     0.598	     0.720
03/08/2017	15:22:14.2	     0.598	     0.730
03/08/2017	15:22:14.7	     0.598	     0.735
03/08/2017	15:22:15.2	     0.598	     0.735
03/08/2017	15:22:15.7	     0.598	     0.738
03/08/2017	15:22:16.2	     0.598	     0.735
03/08/2017	15:22:16.7	     0.598	     0.748
03/08/2017	15:22:17.2	     0.598	     0.763
03/08/2017	15:22:17.7	     0.598	     0.801
03/08/2017	15:22:18.2	     0.598	     0.801
03/08/2017	15:22:18.7	     0.599	     0.799
03/08/2017	15:22:19.2	     0.599	     0.834
03/08/2017	15:22:19.7	     0.599	     0.839
03/08/2017	15:22:20.2	     0.599	     0.818
03/08/2017	15:22:20.7	     0.599	     0.846
03/08/2017	15:22:21.2	     0.599	     0.855
03/08/2017	15:22:21.7	     0.599	     0.796
03/08/2017	15:22:22.2	     0.599	     0.811
03/08/2017	15:22:22.7	     0.599	     0.772
03/08/2017	15:22:23.2	     0.599	     0.846
03/08/2017	15:22:23.7	     0.599	     0.829
03/08/2017	15:22:24.2	     0.599	     0.785
03/08/2017	15:22:24.7	     0.599	     0.769
03/08/2017	15:22:25.2	     0.599	     0.769
03/08/2017	15:22:25.7	     0.599	     0.782
03/08/2017	15:22:26.2	     0.599	     0.798
03/08/2017	15:22:26.7	     0.599	     0.813
03/08/2017	15:22:27.2	     0.599	     0.821
03/08/2017	15:22:27.7	     0.599	     0.835
03/08/2017	15:22:28.2	     0.599	     0.851
03/08/2017	15:22:28.7	     0.599	     0.874
03/08/2017	15:22:29.2	     0.599	     0.902
03/08/2017	15:22:29.7	     0.599	     0.925
03/08/2017	15:22:30.2	     0.599	     0.945
03/08/2017	15:22:30.7	     0.599	     0.981
03/08/2017	15:22:31.2	     0.599	     1.015
03/08/2017	15:22:31.7	     0.599	     1.039
03/08/2017	15:22:32.2	     0.599	     1.054
03/08/2017	15:22:32.7	     0.599	     1.058
03/08/2017	15:22:33.2	     0.599	     1.079
03/08/2017	15:22:33.7	     0.599	     1.089
03/08/2017	15:22:34.2	     0.599	     1.072
03/08/2017	15:22:34.7	     0.599	     1.054
03/08/2017	15:22:35.2	     0.599	     1.069
03/08/2017	15:22:35.7	     0.599	     1.094
03/08/2017	15:22:36.2	     0.599	     1.120
03/08/2017	15:22:36.7	     0.599	     1.144
03/08/2017	15:22:37.2	     0.599	     1.165
03/08/2017	15:22:37.7	     0.599	     1.151
03/08/2017	15:22:38.2	     0.599	     1.153
03/08/2017	15:22:38.7	     0.599	     1.096
03/08/2017	15:22:39.2	     0.599	     1.126
03/08/2017	15:22:39.7	     0.599	     1.132
03/08/2017	15:22:40.2	     0.599	     1.157
03/08/2017	15:22:40.7	     0.599	     1.177
03/08/2017	15:22:41.2	     0.599	     1.183
03/08/2017	15:22:41.7	     0.599	     1.183
03/08/2017	15:22:42.2	     0.599	     1.184
03/08/2017	15:22:42.7	     0.599	     1.186
03/08/2017	15:22:43.2	     0.599	     1.186
03/08/2017	15:22:43.7	     0.599	     1.187
03/08/2017	15:22:44.2	     0.599	     1.186
03/08/2017	15:22:44.7	     0.599	     1.186
03/08/2017	15:22:45.2	     0.599	     1.187
03/08/2017	15:22:45.7	     0.599	     1.187
03/08/2017	15:22:46.2	     0.599	     1.189
03/08/2017	15:22:46.7	     0.599	     1.190
03/08/2017	15:22:47.2	     0.599	     1.192
03/08/2017	15:22:47.7	     0.599	     1.191
03/08/2017	15:22:48.2	     0.599	     1.190
03/08/2017	15:22:48.7	     0.599	     1.190
03/08/2017	15:22:49.2	     0.599	     1.189
03/08/2017	15:22:49.7	     0.599	     1.191
03/08/2017	15:22:50.2	     0.599	     1.192
03/08/2017	15:22:50.7	     0.599	     1.192
03/08/2017	15:22:51.2	     0.599	     1.192
03/08/2017	15:22:51.7	     0.599	     1.191
03/08/2017	15:22:52.2	     0.599	     1.190
03/08/2017	15:22:52.7	     0.599	     1.191
03/08/2017	15:22:53.2	     0.599	     1.193
03/08/2017	15:22:53.7	     0.599	     1.190
03/08/2017	15:22:54.2	     0.599	     1.190
03/08/2017	15:22:54.7	     0.599	     1.190
03/08/2017	15:22:55.2	     0.599	     1.188
03/08/2017	15:22:55.7	     0.599	     1.187
03/08/2017	15:22:56.2	     0.599	     1.186
03/08/2017	15:22:56.7	     0.599	     1.186
03/08/2017	15:22:57.2	     0.599	     1.186
03/08/2017	15:22:57.7	     0.599	     1.187
03/08/2017	15:22:58.2	     0.599	     1.185
03/08/2017	15:22:58.7	     0.599	     1.182
03/08/2017	15:22:59.2	     0.599	     1.182
03/08/2017	15:22:59.7	     0.599	     1.180
03/08/2017	15:23:00.2	     0.599	     1.180
03/08/2017	15:23:00.7	     0.599	     1.180
03/08/2017	15:23:01.2	     0.599	     1.180
03/08/2017	15:23:01.7	     0.599	     1.180
03/08/2017	15:23:02.2	     0.599	     1.179
03/08/2017	15:23:02.7	     0.599	     1.179
03/08/2017	15:23:03.2	     0.599	     1.177
03/08/2017	15:23:03.7	     0.599	     1.177
03/08/2017	15:23:04.2	     0.599	     1.175
03/08/2017	15:23:04.7	     0.599	     1.175
03/08/2017	15:23:05.2	     0.599	     1.173
03/08/2017	15:23:05.7	     0.599	     1.172
03/08/2017	15:23:06.2	     0.599	     1.172
03/08/2017	15:23:06.7	     0.599	     1.170
03/08/2017	15:23:07.2	     0.599	     1.168
03/08/2017	15:23:07.7	     0.599	     1.167
03/08/2017	15:23:08.2	     0.599	     1.165
03/08/2017	15:23:08.7	     0.598	     1.166
03/08/2017	15:23:09.2	     0.598	     1.164
03/08/2017	15:23:09.7	     0.597	     1.164
03/08/2017	15:23:10.2	     0.597	     1.164
03/08/2017	15:23:10.7	     0.597	     1.160
03/08/2017	15:23:11.2	     0.597	     1.159
03/08/2017	15:23:11.7	     0.597	     1.159
03/08/2017	15:23:12.2	     0.597	     1.157
03/08/2017	15:23:12.7	     0.597	     1.155
03/08/2017	15:23:13.2	     0.597	     1.155
03/08/2017	15:23:13.7	     0.597	     1.153
03/08/2017	15:23:14.2	     0.597	     1.153
03/08/2017	15:23:14.7	     0.597	     1.153
03/08/2017	15:23:15.2	     0.597	     1.151
03/08/2017	15:23:15.7	     0.597	     1.150
03/08/2017	15:23:16.2	     0.597	     1.146
03/08/2017	15:23:16.7	     0.597	     1.148
03/08/2017	15:23:17.2	     0.597	     1.146
03/08/2017	15:23:17.7	     0.597	     1.145
03/08/2017	15:23:18.2	     0.597	     1.143
03/08/2017	15:23:18.7	     0.597	     1.141
03/08/2017	15:23:19.2	     0.597	     1.140
03/08/2017	15:23:19.7	     0.596	     1.140
03/08/2017	15:23:20.2	     0.596	     1.137
03/08/2017	15:23:20.7	     0.596	     1.136
03/08/2017	15:23:21.2	     0.596	     1.136
03/08/2017	15:23:21.7	     0.596	     1.134
03/08/2017	15:23:22.2	     0.596	     1.133
03/08/2017	15:23:22.7	     0.597	     1.132
03/08/2017	15:23:23.2	     0.597	     1.130
03/08/2017	15:23:23.7	     0.597	     1.130
03/08/2017	15:23:24.2	     0.597	     1.130
03/08/2017	15:23:24.7	     0.596	     1.130
03/08/2017	15:23:25.2	     0.596	     1.129
03/08/2017	15:23:25.7	     0.596	     1.128
03/08/2017	15:23:26.2	     0.596	     1.128
03/08/2017	15:23:26.7	     0.596	     1.127
03/08/2017	15:23:27.2	     0.596	     1.124
03/08/2017	15:23:27.7	     0.596	     1.124
03/08/2017	15:23:28.2	     0.596	     1.123
03/08/2017	15:23:28.7	     0.596	     1.122
03/08/2017	15:23:29.2	     0.596	     1.122
03/08/2017	15:23:29.7	     0.596	     1.118
03/08/2017	15:23:30.2	     0.596	     1.117
03/08/2017	15:23:30.7	     0.596	     1.117
03/08/2017	15:23:31.2	     0.596	     1.116
03/08/2017	15:23:31.7	     0.596	     1.115
03/08/2017	15:23:32.2	     0.596	     1.112
03/08/2017	15:23:32.7	     0.596	     1.110
03/08/2017	15:23:33.2	     0.596	     1.110
03/08/2017	15:23:33.7	     0.596	     1.110
03/08/2017	15:23:34.2	     0.596	     1.109
03/08/2017	15:23:34.7	     0.596	     1.107
03/08/2017	15:23:35.2	     0.596	     1.105
03/08/2017	15:23:35.7	     0.596	     1.105
03/08/2017	15:23:36.2	     0.596	     1.104
03/08/2017	15:23:36.7	     0.596	     1.103
03/08/2017	15:23:37.2	     0.596	     1.100
03/08/2017	15:23:37.7	     0.596	     1.100
03/08/2017	15:23:38.2	     0.596	     1.097
03/08/2017	15:23:38.7	     0.596	     1.097
03/08/2017	15:23:39.2	     0.596	     1.097
03/08/2017	15:23:39.7	     0.596	     1.098
03/08/2017	15:23:40.2	     0.596	     1.097
03/08/2017	15:23:40.7	     0.596	     1.097
03/08/2017	15:23:41.2	     0.596	     1.097
03/08/2017	15:23:41.7	     0.596	     1.095
03/08/2017	15:23:42.2	     0.596	     1.091
03/08/2017	15:23:42.7	     0.596	     1.091
03/08/2017	15:23:43.2	     0.595	     1.091
03/08/2017	15:23:43.7	     0.595	     1.091
03/08/2017	15:23:44.2	     0.595	     1.090
03/08/2017	15:23:44.7	     0.595	     1.089
03/08/2017	15:23:45.2	     0.595	     1.086
03/08/2017	15:23:45.7	     0.595	     1.087
03/08/2017	15:23:46.2	     0.595	     1.087
03/08/2017	15:23:46.7	     0.595	     1.087
03/08/2017	15:23:47.2	     0.595	     1.085
03/08/2017	15:23:47.7	     0.595	     1.084
03/08/2017	15:23:48.2	     0.595	     1.083
03/08/2017	15:23:48.7	     0.595	     1.082
03/08/2017	15:23:49.2	     0.595	     1.081
03/08/2017	15:23:49.7	     0.595	     1.081
03/08/2017	15:23:50.2	     0.594	     1.080
03/08/2017	15:23:50.7	     0.594	     1.079
03/08/2017	15:23:51.2	     0.594	     1.080
03/08/2017	15:23:51.7	     0.594	     1.079
03/08/2017	15:23:52.2	     0.594	     1.077
03/08/2017	15:23:52.7	     0.594	     1.075
03/08/2017	15:23:53.2	     0.594	     1.072
03/08/2017	15:23:53.7	     0.594	     1.073
03/08/2017	15:23:54.2	     0.594	     1.073
03/08/2017	15:23:54.7	     0.594	     1.073
03/08/2017	15:23:55.2	     0.594	     1.072
03/08/2017	15:23:55.7	     0.594	     1.070
03/08/2017	15:23:56.2	     0.594	     1.069
03/08/2017	15:23:56.7	     0.594	     1.069
03/08/2017	15:23:57.2	     0.594	     1.069
03/08/2017	15:23:57.7	     0.593	     1.068
03/08/2017	15:23:58.2	     0.593	     1.068
03/08/2017	15:23:58.7	     0.593	     1.068
03/08/2017	15:23:59.2	     0.593	     1.068
03/08/2017	15:23:59.7	     0.593	     1.067
03/08/2017	15:24:00.2	     0.593	     1.065
03/08/2017	15:24:00.7	     0.593	     1.064
03/08/2017	15:24:01.2	     0.593	     1.063
03/08/2017	15:24:01.7	     0.593	     1.063
03/08/2017	15:24:02.2	     0.593	     1.063
03/08/2017	15:24:02.7	     0.592	     1.063
03/08/2017	15:24:03.2	     0.592	     1.062
03/08/2017	15:24:03.7	     0.592	     1.062
03/08/2017	15:24:04.2	     0.592	     1.061
03/08/2017	15:24:04.7	     0.592	     1.060
03/08/2017	15:24:05.2	     0.592	     1.060
03/08/2017	15:24:05.7	     0.592	     1.060
03/08/2017	15:24:06.2	     0.592	     1.059
03/08/2017	15:24:06.7	     0.592	     1.058
03/08/2017	15:24:07.2	     0.592	     1.057
03/08/2017	15:24:07.7	     0.592	     1.057
03/08/2017	15:24:08.2	     0.591	     1.056
03/08/2017	15:24:08.7	     0.591	     1.055
03/08/2017	15:24:09.2	     0.591	     1.055
03/08/2017	15:24:09.7	     0.591	     1.054
03/08/2017	15:24:10.2	     0.591	     1.052
03/08/2017	15:24:10.7	     0.591	     1.051
03/08/2017	15:24:11.2	     0.591	     1.050
03/08/2017	15:24:11.7	     0.591	     1.050
03/08/2017	15:24:12.2	     0.591	     1.049
03/08/2017	15:24:12.7	     0.591	     1.049
03/08/2017	15:24:13.2	     0.591	     1.049
03/08/2017	15:24:13.7	     0.591	     1.049
03/08/2017	15:24:14.2	     0.591	     1.049
03/08/2017	15:24:14.7	     0.591	     1.047
03/08/2017	15:24:15.2	     0.591	     1.045
03/08/2017	15:24:15.7	     0.591	     1.045
03/08/2017	15:24:16.2	     0.591	     1.046
03/08/2017	15:24:16.7	     0.591	     1.045
03/08/2017	15:24:17.2	     0.591	     1.044
03/08/2017	15:24:17.7	     0.591	     1.045
03/08/2017	15:24:18.2	     0.591	     1.045
03/08/2017	15:24:18.7	     0.591	     1.044
03/08/2017	15:24:19.2	     0.590	     1.044
03/08/2017	15:24:19.7	     0.590	     1.043
03/08/2017	15:24:20.2	     0.590	     1.040
03/08/2017	15:24:20.7	     0.590	     1.040
03/08/2017	15:24:21.2	     0.590	     1.039
03/08/2017	15:24:21.7	     0.590	     1.039
03/08/2017	15:24:22.2	     0.590	     1.039
03/08/2017	15:24:22.7	     0.590	     1.038
03/08/2017	15:24:23.2	     0.590	     1.038
03/08/2017	15:24:23.7	     0.590	     1.038
03/08/2017	15:24:24.2	     0.590	     1.037
03/08/2017	15:24:24.7	     0.590	     1.035
03/08/2017	15:24:25.2	     0.590	     1.035
03/08/2017	15:24:25.7	     0.590	     1.035
03/08/2017	15:24:26.2	     0.590	     1.035
03/08/2017	15:24:26.7	     0.590	     1.035
03/08/2017	15:24:27.2	     0.590	     1.034
03/08/2017	15:24:27.7	     0.590	     1.034
03/08/2017	15:24:28.2	     0.590	     1.034
03/08/2017	15:24:28.7	     0.590	     1.033
03/08/2017	15:24:29.2	     0.590	     1.033
03/08/2017	15:24:29.7	     0.590	     1.032
03/08/2017	15:24:30.2	     0.590	     1.032
03/08/2017	15:24:30.7	     0.590	     1.031
03/08/2017	15:24:31.2	     0.590	     1.031
03/08/2017	15:24:31.7	     0.590	     1.028
03/08/2017	15:24:32.2	     0.589	     1.028
03/08/2017	15:24:32.7	     0.589	     1.028
03/08/2017	15:24:33.2	     0.589	     1.028
03/08/2017	15:24:33.7	     0.589	     1.028
03/08/2017	15:24:34.2	     0.589	     1.029
03/08/2017	15:24:34.7	     0.589	     1.027
03/08/2017	15:24:35.2	     0.589	     1.028
03/08/2017	15:24:35.7	     0.589	     1.027
03/08/2017	15:24:36.2	     0.589	     1.027
03/08/2017	15:24:36.7	     0.589	     1.027
03/08/2017	15:24:37.2	     0.589	     1.025
03/08/2017	15:24:37.7	     0.589	     1.023
03/08/2017	15:24:38.2	     0.589	     1.023
03/08/2017	15:24:38.7	     0.589	     1.023
03/08/2017	15:24:39.2	     0.589	     1.022
03/08/2017	15:24:39.7	     0.589	     1.022
03/08/2017	15:24:40.2	     0.589	     1.022
03/08/2017	15:24:40.7	     0.589	     1.021
03/08/2017	15:24:41.2	     0.589	     1.021
03/08/2017	15:24:41.7	     0.589	     1.021
03/08/2017	15:24:42.2	     0.589	     1.020
03/08/2017	15:24:42.7	     0.589	     1.021
03/08/2017	15:24:43.2	     0.589	     1.020
03/08/2017	15:24:43.7	     0.589	     1.020
03/08/2017	15:24:44.2	     0.589	     1.019
03/08/2017	15:24:44.7	     0.589	     1.018
03/08/2017	15:24:45.2	     0.589	     1.017
03/08/2017	15:24:45.7	     0.589	     1.017
03/08/2017	15:24:46.2	     0.589	     1.017
03/08/2017	15:24:46.7	     0.589	     1.017
03/08/2017	15:24:47.2	     0.589	     1.017
03/08/2017	15:24:47.7	     0.589	     1.016
03/08/2017	15:24:48.2	     0.589	     1.015
03/08/2017	15:24:48.7	     0.589	     1.015
03/08/2017	15:24:49.2	     0.589	     1.015
03/08/2017	15:24:49.7	     0.589	     1.014
03/08/2017	15:24:50.2	     0.589	     1.014
03/08/2017	15:24:50.7	     0.589	     1.013
03/08/2017	15:24:51.2	     0.589	     1.013
03/08/2017	15:24:51.7	     0.589	     1.012
03/08/2017	15:24:52.2	     0.589	     1.011
03/08/2017	15:24:52.7	     0.589	     1.011
03/08/2017	15:24:53.2	     0.589	     1.012
03/08/2017	15:24:53.7	     0.589	     1.011
03/08/2017	15:24:54.2	     0.589	     1.012
03/08/2017	15:24:54.7	     0.589	     1.012
03/08/2017	15:24:55.2	     0.589	     1.011
03/08/2017	15:24:55.7	     0.589	     1.009
03/08/2017	15:24:56.2	     0.589	     1.009
03/08/2017	15:24:56.7	     0.589	     1.009
03/08/2017	15:24:57.2	     0.589	     1.009
03/08/2017	15:24:57.7	     0.589	     1.007
03/08/2017	15:24:58.2	     0.589	     1.008
03/08/2017	15:24:58.7	     0.589	     1.008
03/08/2017	15:24:59.2	     0.589	     1.007
03/08/2017	15:24:59.7	     0.589	     1.006
03/08/2017	15:25:00.2	     0.589	     1.006
03/08/2017	15:25:00.7	     0.589	     1.005
03/08/2017	15:25:01.2	     0.589	     1.005
03/08/2017	15:25:01.7	     0.589	     1.005
03/08/2017	15:25:02.2	     0.589	     1.005
03/08/2017	15:25:02.7	     0.589	     1.004
03/08/2017	15:25:03.2	     0.589	     1.003
03/08/2017	15:25:03.7	     0.589	     1.003
03/08/2017	15:25:04.2	     0.589	     1.003
03/08/2017	15:25:04.7	     0.589	     1.002
03/08/2017	15:25:05.2	     0.589	     1.001
03/08/2017	15:25:05.7	     0.589	     0.998
03/08/2017	15:25:06.2	     0.589	     0.999
03/08/2017	15:25:06.7	     0.589	     1.000
03/08/2017	15:25:07.2	     0.589	     0.999
03/08/2017	15:25:07.7	     0.589	     1.000
03/08/2017	15:25:08.2	     0.589	     1.000
03/08/2017	15:25:08.7	     0.589	     1.000
03/08/2017	15:25:09.2	     0.589	     1.000
03/08/2017	15:25:09.7	     0.589	     0.999
03/08/2017	15:25:10.2	     0.589	     0.998
03/08/2017	15:25:10.7	     0.589	     0.998
03/08/2017	15:25:11.2	     0.589	     0.998
03/08/2017	15:25:11.7	     0.589	     0.998
03/08/2017	15:25:12.2	     0.589	     0.998
03/08/2017	15:25:12.7	     0.589	     0.998
03/08/2017	15:25:13.2	     0.589	     0.998
03/08/2017	15:25:13.7	     0.589	     0.998
03/08/2017	15:25:14.2	     0.589	     0.998
03/08/2017	15:25:14.7	     0.589	     0.997
03/08/2017	15:25:15.2	     0.589	     0.996
03/08/2017	15:25:15.7	     0.589	     0.996
03/08/2017	15:25:16.2	     0.589	     0.996
03/08/2017	15:25:16.7	     0.589	     0.996
03/08/2017	15:25:17.2	     0.589	     0.996
03/08/2017	15:25:17.7	     0.589	     0.995
03/08/2017	15:25:18.2	     0.589	     0.995
03/08/2017	15:25:18.7	     0.589	     0.995
03/08/2017	15:25:19.2	     0.589	     0.995
03/08/2017	15:25:19.7	     0.589	     0.995
03/08/2017	15:25:20.2	     0.589	     0.994
03/08/2017	15:25:20.7	     0.589	     0.993
03/08/2017	15:25:21.2	     0.589	     0.993
03/08/2017	15:25:21.7	     0.589	     0.991
03/08/2017	15:25:22.2	     0.589	     0.992
03/08/2017	15:25:22.7	     0.589	     0.992
03/08/2017	15:25:23.2	     0.589	     0.991
03/08/2017	15:25:23.7	     0.589	     0.991
03/08/2017	15:25:24.2	     0.589	     0.991
03/08/2017	15:25:24.7	     0.589	     0.991
03/08/2017	15:25:25.2	     0.589	     0.991
03/08/2017	15:25:25.7	     0.589	     0.991
03/08/2017	15:25:26.2	     0.590	     0.990
03/08/2017	15:25:26.7	     0.590	     0.990
03/08/2017	15:25:27.2	     0.590	     0.989
03/08/2017	15:25:27.7	     0.590	     0.989
03/08/2017	15:25:28.2	     0.590	     0.990
03/08/2017	15:25:28.7	     0.590	     0.989
03/08/2017	15:25:29.2	     0.590	     0.989
03/08/2017	15:25:29.7	     0.590	     0.988
03/08/2017	15:25:30.2	     0.590	     0.988
03/08/2017	15:25:30.7	     0.590	     0.988
03/08/2017	15:25:31.2	     0.590	     0.988
03/08/2017	15:25:31.7	     0.590	     0.988
03/08/2017	15:25:32.2	     0.590	     0.988
03/08/2017	15:25:32.7	     0.590	     0.989
03/08/2017	15:25:33.2	     0.590	     0.988
03/08/2017	15:25:33.7	     0.590	     0.988
03/08/2017	15:25:34.2	     0.590	     0.988
03/08/2017	15:25:34.7	     0.590	     0.988
03/08/2017	15:25:35.2	     0.590	     0.987
03/08/2017	15:25:35.7	     0.590	     0.986
03/08/2017	15:25:36.2	     0.590	     0.987
03/08/2017	15:25:36.7	     0.590	     0.986
03/08/2017	15:25:37.2	     0.590	     0.986
03/08/2017	15:25:37.7	     0.590	     0.986
03/08/2017	15:25:38.2	     0.590	     0.985
03/08/2017	15:25:38.7	     0.590	     0.982
03/08/2017	15:25:39.2	     0.590	     0.981
03/08/2017	15:25:39.7	     0.590	     0.982
03/08/2017	15:25:40.2	     0.590	     0.982
03/08/2017	15:25:40.7	     0.590	     0.983
03/08/2017	15:25:41.2	     0.590	     0.983
03/08/2017	15:25:41.7	     0.590	     0.983
03/08/2017	15:25:42.2	     0.590	     0.982
03/08/2017	15:25:42.7	     0.590	     0.982
03/08/2017	15:25:43.2	     0.590	     0.981
03/08/2017	15:25:43.7	     0.590	     0.981
03/08/2017	15:25:44.2	     0.590	     0.982
03/08/2017	15:25:44.7	     0.591	     0.982
03/08/2017	15:25:45.2	     0.591	     0.982
03/08/2017	15:25:45.7	     0.591	     0.982
03/08/2017	15:25:46.2	     0.591	     0.981
03/08/2017	15:25:46.7	     0.591	     0.982
03/08/2017	15:25:47.2	     0.591	     0.981
03/08/2017	15:25:47.7	     0.591	     0.982
03/08/2017	15:25:48.2	     0.591	     0.982
03/08/2017	15:25:48.7	     0.591	     0.981
03/08/2017	15:25:49.2	     0.591	     0.981
03/08/2017	15:25:49.7	     0.591	     0.981
03/08/2017	15:25:50.2	     0.591	     0.980
03/08/2017	15:25:50.7	     0.591	     0.979
03/08/2017	15:25:51.2	     0.590	     0.979
03/08/2017	15:25:51.7	     0.590	     0.979
03/08/2017	15:25:52.2	     0.591	     0.979
03/08/2017	15:25:52.7	     0.591	     0.979
03/08/2017	15:25:53.2	     0.591	     0.978
03/08/2017	15:25:53.7	     0.591	     0.978
03/08/2017	15:25:54.2	     0.591	     0.979
03/08/2017	15:25:54.7	     0.591	     0.979
03/08/2017	15:25:55.2	     0.591	     0.978
03/08/2017	15:25:55.7	     0.591	     0.978
03/08/2017	15:25:56.2	     0.591	     0.977
03/08/2017	15:25:56.7	     0.591	     0.977
03/08/2017	15:25:57.2	     0.591	     0.978
03/08/2017	15:25:57.7	     0.591	     0.976
03/08/2017	15:25:58.2	     0.591	     0.976
03/08/2017	15:25:58.7	     0.591	     0.976
03/08/2017	15:25:59.2	     0.591	     0.977
03/08/2017	15:25:59.7	     0.591	     0.976
03/08/2017	15:26:00.2	     0.591	     0.976
03/08/2017	15:26:00.7	     0.591	     0.976
03/08/2017	15:26:01.2	     0.591	     0.976
03/08/2017	15:26:01.7	     0.591	     0.975
03/08/2017	15:26:02.2	     0.591	     0.975
03/08/2017	15:26:02.7	     0.591	     0.975
03/08/2017	15:26:03.2	     0.591	     0.974
03/08/2017	15:26:03.7	     0.592	     0.974
03/08/2017	15:26:04.2	     0.592	     0.973
03/08/2017	15:26:04.7	     0.592	     0.974
03/08/2017	15:26:05.2	     0.591	     0.974
03/08/2017	15:26:05.7	     0.591	     0.974
03/08/2017	15:26:06.2	     0.591	     0.972
03/08/2017	15:26:06.7	     0.591	     0.972
03/08/2017	15:26:07.2	     0.591	     0.972
03/08/2017	15:26:07.7	     0.592	     0.971
03/08/2017	15:26:08.2	     0.592	     0.973
03/08/2017	15:26:08.7	     0.591	     0.972
03/08/2017	15:26:09.2	     0.591	     0.972
03/08/2017	15:26:09.7	     0.591	     0.972
03/08/2017	15:26:10.2	     0.591	     0.971
03/08/2017	15:26:10.7	     0.591	     0.970
03/08/2017	15:26:11.2	     0.591	     0.969
03/08/2017	15:26:11.7	     0.591	     0.970
03/08/2017	15:26:12.2	     0.591	     0.970
03/08/2017	15:26:12.7	     0.591	     0.971
03/08/2017	15:26:13.2	     0.591	     0.971
03/08/2017	15:26:13.7	     0.591	     0.970
03/08/2017	15:26:14.2	     0.591	     0.969
03/08/2017	15:26:14.7	     0.591	     0.970
03/08/2017	15:26:15.2	     0.591	     0.969
03/08/2017	15:26:15.7	     0.592	     0.970
03/08/2017	15:26:16.2	     0.592	     0.968
03/08/2017	15:26:16.7	     0.592	     0.967
03/08/2017	15:26:17.2	     0.592	     0.967
03/08/2017	15:26:17.7	     0.592	     0.966
03/08/2017	15:26:18.2	     0.592	     0.966
03/08/2017	15:26:18.7	     0.592	     0.967
03/08/2017	15:26:19.2	     0.592	     0.967
03/08/2017	15:26:19.7	     0.592	     0.967
03/08/2017	15:26:20.2	     0.592	     0.968
03/08/2017	15:26:20.7	     0.592	     0.968
03/08/2017	15:26:21.2	     0.592	     0.966
03/08/2017	15:26:21.7	     0.592	     0.967
03/08/2017	15:26:22.2	     0.592	     0.966
03/08/2017	15:26:22.7	     0.592	     0.967
03/08/2017	15:26:23.2	     0.592	     0.967
03/08/2017	15:26:23.7	     0.592	     0.967
03/08/2017	15:26:24.2	     0.592	     0.966
03/08/2017	15:26:24.7	     0.592	     0.967
03/08/2017	15:26:25.2	     0.592	     0.965
03/08/2017	15:26:25.7	     0.592	     0.966
03/08/2017	15:26:26.2	     0.592	     0.966
03/08/2017	15:26:26.7	     0.592	     0.966
03/08/2017	15:26:27.2	     0.592	     0.966
03/08/2017	15:26:27.7	     0.592	     0.966
03/08/2017	15:26:28.2	     0.592	     0.967
03/08/2017	15:26:28.7	     0.592	     0.967
03/08/2017	15:26:29.2	     0.592	     0.967
03/08/2017	15:26:29.7	     0.592	     0.967
03/08/2017	15:26:30.2	     0.592	     0.966
03/08/2017	15:26:30.7	     0.592	     0.965
03/08/2017	15:26:31.2	     0.592	     0.965
03/08/2017	15:26:31.7	     0.592	     0.965
03/08/2017	15:26:32.2	     0.592	     0.965
03/08/2017	15:26:32.7	     0.592	     0.965
03/08/2017	15:26:33.2	     0.592	     0.965
03/08/2017	15:26:33.7	     0.592	     0.964
03/08/2017	15:26:34.2	     0.592	     0.964
03/08/2017	15:26:34.7	     0.592	     0.963
03/08/2017	15:26:35.2	     0.592	     0.964
03/08/2017	15:26:35.7	     0.592	     0.964
03/08/2017	15:26:36.2	     0.592	     0.964
03/08/2017	15:26:36.7	     0.592	     0.963
03/08/2017	15:26:37.2	     0.592	     0.963
03/08/2017	15:26:37.7	     0.592	     0.963
03/08/2017	15:26:38.2	     0.593	     0.963
03/08/2017	15:26:38.7	     0.593	     0.963
03/08/2017	15:26:39.2	     0.592	     0.961
03/08/2017	15:26:39.7	     0.592	     0.962
03/08/2017	15:26:40.2	     0.592	     0.962
03/08/2017	15:26:40.7	     0.592	     0.961
03/08/2017	15:26:41.2	     0.592	     0.961
03/08/2017	15:26:41.7	     0.592	     0.962
03/08/2017	15:26:42.2	     0.593	     0.962
03/08/2017	15:26:42.7	     0.593	     0.962
03/08/2017	15:26:43.2	     0.593	     0.961
03/08/2017	15:26:43.7	     0.593	     0.961
03/08/2017	15:26:44.2	     0.593	     0.959
03/08/2017	15:26:44.7	     0.593	     0.957
03/08/2017	15:26:45.2	     0.593	     0.958
03/08/2017	15:26:45.7	     0.593	     0.958
03/08/2017	15:26:46.2	     0.593	     0.958
03/08/2017	15:26:46.7	     0.592	     0.958
03/08/2017	15:26:47.2	     0.592	     0.958
03/08/2017	15:26:47.7	     0.592	     0.957
03/08/2017	15:26:48.2	     0.592	     0.957
03/08/2017	15:26:48.7	     0.592	     0.958
03/08/2017	15:26:49.2	     0.593	     0.958
03/08/2017	15:26:49.7	     0.593	     0.959
03/08/2017	15:26:50.2	     0.593	     0.959
03/08/2017	15:26:50.7	     0.593	     0.958
03/08/2017	15:26:51.2	     0.593	     0.959
03/08/2017	15:26:51.7	     0.593	     0.957
03/08/2017	15:26:52.2	     0.593	     0.955
03/08/2017	15:26:52.7	     0.593	     0.957
03/08/2017	15:26:53.2	     0.593	     0.956
03/08/2017	15:26:53.7	     0.593	     0.957
03/08/2017	15:26:54.2	     0.593	     0.956
03/08/2017	15:26:54.7	     0.593	     0.957
03/08/2017	15:26:55.2	     0.593	     0.956
03/08/2017	15:26:55.7	     0.593	     0.958
03/08/2017	15:26:56.2	     0.593	     0.957
03/08/2017	15:26:56.7	     0.593	     0.957
03/08/2017	15:26:57.2	     0.593	     0.958
03/08/2017	15:26:57.7	     0.593	     0.957
03/08/2017	15:26:58.2	     0.594	     0.957
03/08/2017	15:26:58.7	     0.594	     0.957
03/08/2017	15:26:59.2	     0.594	     0.957
03/08/2017	15:26:59.7	     0.594	     0.957
03/08/2017	15:27:00.2	     0.594	     0.957
03/08/2017	15:27:00.7	     0.594	     0.956
03/08/2017	15:27:01.2	     0.594	     0.956
03/08/2017	15:27:01.7	     0.594	     0.956
03/08/2017	15:27:02.2	     0.594	     0.956
03/08/2017	15:27:02.7	     0.594	     0.956
03/08/2017	15:27:03.2	     0.594	     0.953
03/08/2017	15:27:03.7	     0.594	     0.954
03/08/2017	15:27:04.2	     0.594	     0.953
03/08/2017	15:27:04.7	     0.594	     0.954
03/08/2017	15:27:05.2	     0.594	     0.955
03/08/2017	15:27:05.7	     0.594	     0.956
03/08/2017	15:27:06.2	     0.594	     0.957
03/08/2017	15:27:06.7	     0.595	     0.956
03/08/2017	15:27:07.2	     0.595	     0.955
03/08/2017	15:27:07.7	     0.595	     0.955
03/08/2017	15:27:08.2	     0.595	     0.956
03/08/2017	15:27:08.7	     0.595	     0.955
03/08/2017	15:27:09.2	     0.595	     0.954
03/08/2017	15:27:09.7	     0.595	     0.955
03/08/2017	15:27:10.2	     0.595	     0.955
03/08/2017	15:27:10.7	     0.595	     0.953
03/08/2017	15:27:11.2	     0.595	     0.954
03/08/2017	15:27:11.7	     0.595	     0.953
03/08/2017	15:27:12.2	     0.595	     0.953
03/08/2017	15:27:12.7	     0.595	     0.953
03/08/2017	15:27:13.2	     0.595	     0.954
03/08/2017	15:27:13.7	     0.595	     0.953
03/08/2017	15:27:14.2	     0.595	     0.954
03/08/2017	15:27:14.7	     0.595	     0.954
03/08/2017	15:27:15.2	     0.595	     0.953
03/08/2017	15:27:15.7	     0.595	     0.954
03/08/2017	15:27:16.2	     0.595	     0.952
03/08/2017	15:27:16.7	     0.595	     0.952
03/08/2017	15:27:17.2	     0.595	     0.951
03/08/2017	15:27:17.7	     0.595	     0.951
03/08/2017	15:27:18.2	     0.595	     0.952
03/08/2017	15:27:18.7	     0.594	     0.951
03/08/2017	15:27:19.2	     0.594	     0.951
03/08/2017	15:27:19.7	     0.594	     0.951
03/08/2017	15:27:20.2	     0.594	     0.951
03/08/2017	15:27:20.7	     0.594	     0.952
03/08/2017	15:27:21.2	     0.594	     0.951
03/08/2017	15:27:21.7	     0.595	     0.949
03/08/2017	15:27:22.2	     0.595	     0.949
03/08/2017	15:27:22.7	     0.595	     0.951
03/08/2017	15:27:23.2	     0.595	     0.951
03/08/2017	15:27:23.7	     0.595	     0.951
03/08/2017	15:27:24.2	     0.595	     0.950
03/08/2017	15:27:24.7	     0.595	     0.949
03/08/2017	15:27:25.2	     0.595	     0.948
03/08/2017	15:27:25.7	     0.595	     0.949
03/08/2017	15:27:26.2	     0.595	     0.950
03/08/2017	15:27:26.7	     0.595	     0.949
03/08/2017	15:27:27.2	     0.595	     0.950
03/08/2017	15:27:27.7	     0.595	     0.949
03/08/2017	15:27:28.2	     0.595	     0.951
03/08/2017	15:27:28.7	     0.595	     0.950
03/08/2017	15:27:29.2	     0.595	     0.950
03/08/2017	15:27:29.7	     0.595	     0.949
03/08/2017	15:27:30.2	     0.595	     0.950
03/08/2017	15:27:30.7	     0.595	     0.950
03/08/2017	15:27:31.2	     0.595	     0.950
03/08/2017	15:27:31.7	     0.595	     0.950
03/08/2017	15:27:32.2	     0.595	     0.950
03/08/2017	15:27:32.7	     0.595	     0.950
03/08/2017	15:27:33.2	     0.595	     0.950
03/08/2017	15:27:33.7	     0.595	     0.950
03/08/2017	15:27:34.2	     0.595	     0.950
03/08/2017	15:27:34.7	     0.595	     0.949
03/08/2017	15:27:35.2	     0.595	     0.949
03/08/2017	15:27:35.7	     0.595	     0.950
03/08/2017	15:27:36.2	     0.595	     0.949
03/08/2017	15:27:36.7	     0.595	     0.949
03/08/2017	15:27:37.2	     0.596	     0.948
03/08/2017	15:27:37.7	     0.596	     0.949
03/08/2017	15:27:38.2	     0.596	     0.949
03/08/2017	15:27:38.7	     0.595	     0.948
03/08/2017	15:27:39.2	     0.595	     0.948
03/08/2017	15:27:39.7	     0.595	     0.948
03/08/2017	15:27:40.2	     0.595	     0.948
03/08/2017	15:27:40.7	     0.595	     0.948
03/08/2017	15:27:41.2	     0.595	     0.947
03/08/2017	15:27:41.7	     0.595	     0.947
03/08/2017	15:27:42.2	     0.595	     0.946
03/08/2017	15:27:42.7	     0.595	     0.947
03/08/2017	15:27:43.2	     0.595	     0.947
03/08/2017	15:27:43.7	     0.595	     0.947
03/08/2017	15:27:44.2	     0.595	     0.946
03/08/2017	15:27:44.7	     0.595	     0.946
03/08/2017	15:27:45.2	     0.595	     0.946
03/08/2017	15:27:45.7	     0.595	     0.945
03/08/2017	15:27:46.2	     0.595	     0.947
03/08/2017	15:27:46.7	     0.595	     0.947
03/08/2017	15:27:47.2	     0.595	     0.946
03/08/2017	15:27:47.7	     0.595	     0.946
03/08/2017	15:27:48.2	     0.595	     0.946
03/08/2017	15:27:48.7	     0.595	     0.945
03/08/2017	15:27:49.2	     0.595	     0.945
03/08/2017	15:27:49.7	     0.595	     0.945
03/08/2017	15:27:50.2	     0.595	     0.945
03/08/2017	15:27:50.7	     0.595	     0.946
03/08/2017	15:27:51.2	     0.595	     0.947
03/08/2017	15:27:51.7	     0.595	     0.947
03/08/2017	15:27:52.2	     0.595	     0.946
03/08/2017	15:27:52.7	     0.595	     0.946
03/08/2017	15:27:53.2	     0.595	     0.946
03/08/2017	15:27:53.7	     0.595	     0.947
03/08/2017	15:27:54.2	     0.595	     0.947
03/08/2017	15:27:54.7	     0.595	     0.947
03/08/2017	15:27:55.2	     0.595	     0.946
03/08/2017	15:27:55.7	     0.595	     0.947
03/08/2017	15:27:56.2	     0.595	     0.945
03/08/2017	15:27:56.7	     0.595	     0.944
03/08/2017	15:27:57.2	     0.595	     0.944
03/08/2017	15:27:57.7	     0.595	     0.944
03/08/2017	15:27:58.2	     0.595	     0.943
03/08/2017	15:27:58.7	     0.595	     0.945
03/08/2017	15:27:59.2	     0.595	     0.945
03/08/2017	15:27:59.7	     0.595	     0.944
03/08/2017	15:28:00.2	     0.595	     0.945
03/08/2017	15:28:00.7	     0.595	     0.943
03/08/2017	15:28:01.2	     0.595	     0.941
03/08/2017	15:28:01.7	     0.595	     0.941
03/08/2017	15:28:02.2	     0.595	     0.942
03/08/2017	15:28:02.7	     0.595	     0.941
03/08/2017	15:28:03.2	     0.595	     0.941
03/08/2017	15:28:03.7	     0.595	     0.941
03/08/2017	15:28:04.2	     0.595	     0.942
03/08/2017	15:28:04.7	     0.595	     0.942
03/08/2017	15:28:05.2	     0.596	     0.941
03/08/2017	15:28:05.7	     0.596	     0.942
03/08/2017	15:28:06.2	     0.596	     0.943
03/08/2017	15:28:06.7	     0.596	     0.942
03/08/2017	15:28:07.2	     0.596	     0.942
03/08/2017	15:28:07.7	     0.596	     0.942
03/08/2017	15:28:08.2	     0.596	     0.941
03/08/2017	15:28:08.7	     0.596	     0.943
03/08/2017	15:28:09.2	     0.596	     0.942
03/08/2017	15:28:09.7	     0.596	     0.941
03/08/2017	15:28:10.2	     0.596	     0.942
03/08/2017	15:28:10.7	     0.596	     0.943
03/08/2017	15:28:11.2	     0.596	     0.942
03/08/2017	15:28:11.7	     0.596	     0.942
03/08/2017	15:28:12.2	     0.596	     0.942
03/08/2017	15:28:12.7	     0.596	     0.942
03/08/2017	15:28:13.2	     0.596	     0.941
03/08/2017	15:28:13.7	     0.596	     0.941
03/08/2017	15:28:14.2	     0.596	     0.942
03/08/2017	15:28:14.7	     0.596	     0.942
03/08/2017	15:28:15.2	     0.596	     0.942
03/08/2017	15:28:15.7	     0.596	     0.942
03/08/2017	15:28:16.2	     0.596	     0.941
03/08/2017	15:28:16.7	     0.596	     0.941
03/08/2017	15:28:17.2	     0.596	     0.942
03/08/2017	15:28:17.7	     0.596	     0.942
03/08/2017	15:28:18.2	     0.596	     0.942
03/08/2017	15:28:18.7	     0.596	     0.942
03/08/2017	15:28:19.2	     0.596	     0.942
03/08/2017	15:28:19.7	     0.596	     0.942
03/08/2017	15:28:20.2	     0.596	     0.941
03/08/2017	15:28:20.7	     0.596	     0.942
03/08/2017	15:28:21.2	     0.596	     0.940
03/08/2017	15:28:21.7	     0.596	     0.938
03/08/2017	15:28:22.2	     0.596	     0.940
03/08/2017	15:28:22.7	     0.596	     0.940
03/08/2017	15:28:23.2	     0.596	     0.941
03/08/2017	15:28:23.7	     0.596	     0.941
03/08/2017	15:28:24.2	     0.596	     0.940
03/08/2017	15:28:24.7	     0.596	     0.939
03/08/2017	15:28:25.2	     0.596	     0.941
03/08/2017	15:28:25.7	     0.596	     0.941
03/08/2017	15:28:26.2	     0.596	     0.941
03/08/2017	15:28:26.7	     0.596	     0.941
03/08/2017	15:28:27.2	     0.596	     0.939
03/08/2017	15:28:27.7	     0.596	     0.941
03/08/2017	15:28:28.2	     0.596	     0.941
03/08/2017	15:28:28.7	     0.596	     0.939
03/08/2017	15:28:29.2	     0.596	     0.940
03/08/2017	15:28:29.7	     0.596	     0.941
03/08/2017	15:28:30.2	     0.596	     0.940
03/08/2017	15:28:30.7	     0.596	     0.941
03/08/2017	15:28:31.2	     0.596	     0.941
03/08/2017	15:28:31.7	     0.596	     0.940
03/08/2017	15:28:32.2	     0.596	     0.940
03/08/2017	15:28:32.7	     0.596	     0.939
03/08/2017	15:28:33.2	     0.596	     0.940
03/08/2017	15:28:33.7	     0.596	     0.940
03/08/2017	15:28:34.2	     0.596	     0.940
03/08/2017	15:28:34.7	     0.596	     0.939
03/08/2017	15:28:35.2	     0.596	     0.940
03/08/2017	15:28:35.7	     0.596	     0.939
03/08/2017	15:28:36.2	     0.596	     0.938
03/08/2017	15:28:36.7	     0.595	     0.939
03/08/2017	15:28:37.2	     0.595	     0.938
03/08/2017	15:28:37.7	     0.595	     0.939
03/08/2017	15:28:38.2	     0.595	     0.939
03/08/2017	15:28:38.7	     0.595	     0.939
03/08/2017	15:28:39.2	     0.595	     0.938
03/08/2017	15:28:39.7	     0.595	     0.938
03/08/2017	15:28:40.2	     0.595	     0.938
03/08/2017	15:28:40.7	     0.595	     0.938
03/08/2017	15:28:41.2	     0.595	     0.938
03/08/2017	15:28:41.7	     0.595	     0.937
03/08/2017	15:28:42.2	     0.595	     0.937
03/08/2017	15:28:42.7	     0.596	     0.936
03/08/2017	15:28:43.2	     0.596	     0.937
03/08/2017	15:28:43.7	     0.596	     0.937
03/08/2017	15:28:44.2	     0.596	     0.936
03/08/2017	15:28:44.7	     0.596	     0.937
03/08/2017	15:28:45.2	     0.596	     0.937
03/08/2017	15:28:45.7	     0.596	     0.936
03/08/2017	15:28:46.2	     0.596	     0.937
03/08/2017	15:28:46.7	     0.596	     0.937
03/08/2017	15:28:47.2	     0.596	     0.937
03/08/2017	15:28:47.7	     0.596	     0.938
03/08/2017	15:28:48.2	     0.596	     0.937
03/08/2017	15:28:48.7	     0.596	     0.937
03/08/2017	15:28:49.2	     0.596	     0.937
03/08/2017	15:28:49.7	     0.596	     0.937
03/08/2017	15:28:50.2	     0.596	     0.938
03/08/2017	15:28:50.7	     0.596	     0.937
03/08/2017	15:28:51.2	     0.596	     0.938
03/08/2017	15:28:51.7	     0.596	     0.938
03/08/2017	15:28:52.2	     0.596	     0.937
03/08/2017	15:28:52.7	     0.597	     0.937
03/08/2017	15:28:53.2	     0.597	     0.937
03/08/2017	15:28:53.7	     0.597	     0.935
03/08/2017	15:28:54.2	     0.597	     0.936
03/08/2017	15:28:54.7	     0.597	     0.936
03/08/2017	15:28:55.2	     0.597	     0.934
03/08/2017	15:28:55.7	     0.597	     0.936
03/08/2017	15:28:56.2	     0.597	     0.935
03/08/2017	15:28:56.7	     0.597	     0.936
03/08/2017	15:28:57.2	     0.597	     0.935
03/08/2017	15:28:57.7	     0.597	     0.935
03/08/2017	15:28:58.2	     0.597	     0.936
03/08/2017	15:28:58.7	     0.597	     0.936
END DATA