VIRTUALBENCH-LOGGER 2.5 REPORT
NATIONAL INSTRUMENTS
DATE CREATED	15:32:13	03/08/2017

USER	


START COMMENT


END COMMENT

START DATA
Date	Time	AMPS(V)	PYRO(V)
03/08/2017	15:32:13.4	     0.598	     0.990
03/08/2017	15:32:13.9	     0.598	     1.001
03/08/2017	15:32:14.4	     0.598	     0.999
03/08/2017	15:32:14.9	     0.598	     0.999
03/08/2017	15:32:15.4	     0.598	     0.998
03/08/2017	15:32:15.9	     0.598	     0.996
03/08/2017	15:32:16.4	     0.598	     0.997
03/08/2017	15:32:16.9	     0.598	     0.997
03/08/2017	15:32:17.4	     0.598	     0.997
03/08/2017	15:32:17.9	     0.598	     0.997
03/08/2017	15:32:18.4	     0.598	     0.998
03/08/2017	15:32:18.9	     0.598	     0.997
03/08/2017	15:32:19.4	     0.598	     0.998
03/08/2017	15:32:19.9	     0.598	     0.997
03/08/2017	15:32:20.4	     0.598	     0.995
03/08/2017	15:32:20.9	     0.598	     0.994
03/08/2017	15:32:21.4	     0.598	     0.995
03/08/2017	15:32:21.9	     0.598	     0.996
03/08/2017	15:32:22.4	     0.598	     0.995
03/08/2017	15:32:22.9	     0.598	     0.839
03/08/2017	15:32:23.4	     0.598	     0.775
03/08/2017	15:32:23.9	     0.598	     0.647
03/08/2017	15:32:24.4	     0.598	     0.688
03/08/2017	15:32:24.9	     0.598	     0.695
03/08/2017	15:32:25.4	     0.598	     0.694
03/08/2017	15:32:25.9	     0.598	     0.695
03/08/2017	15:32:26.4	     0.598	     0.693
03/08/2017	15:32:26.9	     0.598	     0.697
03/08/2017	15:32:27.4	     0.598	     0.707
03/08/2017	15:32:27.9	     0.598	     0.706
03/08/2017	15:32:28.4	     0.598	     0.720
03/08/2017	15:32:28.9	     0.598	     0.743
03/08/2017	15:32:29.4	     0.598	     0.786
03/08/2017	15:32:29.9	     0.598	     0.777
03/08/2017	15:32:30.4	     0.598	     0.805
03/08/2017	15:32:30.9	     0.598	     0.813
03/08/2017	15:32:31.4	     0.598	     0.825
03/08/2017	15:32:31.9	     0.598	     0.832
03/08/2017	15:32:32.4	     0.598	     0.850
03/08/2017	15:32:32.9	     0.598	     0.854
03/08/2017	15:32:33.4	     0.598	     0.821
03/08/2017	15:32:33.9	     0.598	     0.855
03/08/2017	15:32:34.4	     0.598	     0.836
03/08/2017	15:32:34.9	     0.598	     0.864
03/08/2017	15:32:35.4	     0.598	     0.825
03/08/2017	15:32:35.9	     0.597	     0.817
03/08/2017	15:32:36.4	     0.597	     0.808
03/08/2017	15:32:36.9	     0.597	     0.811
03/08/2017	15:32:37.4	     0.597	     0.806
03/08/2017	15:32:37.9	     0.598	     0.816
03/08/2017	15:32:38.4	     0.598	     0.816
03/08/2017	15:32:38.9	     0.598	     0.804
03/08/2017	15:32:39.4	     0.598	     0.820
03/08/2017	15:32:39.9	     0.598	     0.836
03/08/2017	15:32:40.4	     0.598	     0.839
03/08/2017	15:32:40.9	     0.598	     0.867
03/08/2017	15:32:41.4	     0.598	     0.887
03/08/2017	15:32:41.9	     0.598	     0.901
03/08/2017	15:32:42.4	     0.598	     0.925
03/08/2017	15:32:42.9	     0.598	     0.936
03/08/2017	15:32:43.4	     0.598	     0.948
03/08/2017	15:32:43.9	     0.598	     0.960
03/08/2017	15:32:44.4	     0.598	     0.972
03/08/2017	15:32:44.9	     0.598	     0.990
03/08/2017	15:32:45.4	     0.598	     1.002
03/08/2017	15:32:45.9	     0.598	     1.017
03/08/2017	15:32:46.4	     0.598	     1.006
03/08/2017	15:32:46.9	     0.597	     1.037
03/08/2017	15:32:47.4	     0.597	     1.096
03/08/2017	15:32:47.9	     0.597	     1.166
03/08/2017	15:32:48.4	     0.597	     1.176
03/08/2017	15:32:48.9	     0.598	     1.158
03/08/2017	15:32:49.4	     0.598	     1.139
03/08/2017	15:32:49.9	     0.598	     1.115
03/08/2017	15:32:50.4	     0.598	     1.073
03/08/2017	15:32:50.9	     0.598	     1.043
03/08/2017	15:32:51.4	     0.598	     1.022
03/08/2017	15:32:51.9	     0.598	     1.017
03/08/2017	15:32:52.4	     0.598	     1.007
03/08/2017	15:32:52.9	     0.598	     1.048
03/08/2017	15:32:53.4	     0.598	     1.098
03/08/2017	15:32:53.9	     0.598	     1.155
03/08/2017	15:32:54.4	     0.598	     1.170
03/08/2017	15:32:54.9	     0.598	     1.175
03/08/2017	15:32:55.4	     0.598	     1.178
03/08/2017	15:32:55.9	     0.598	     1.180
03/08/2017	15:32:56.4	     0.598	     1.181
03/08/2017	15:32:56.9	     0.598	     1.181
03/08/2017	15:32:57.4	     0.598	     1.181
03/08/2017	15:32:57.9	     0.598	     1.181
03/08/2017	15:32:58.4	     0.598	     1.180
03/08/2017	15:32:58.9	     0.598	     1.180
03/08/2017	15:32:59.4	     0.598	     1.180
03/08/2017	15:32:59.9	     0.598	     1.180
03/08/2017	15:33:00.4	     0.598	     1.179
03/08/2017	15:33:00.9	     0.598	     1.180
03/08/2017	15:33:01.4	     0.598	     1.180
03/08/2017	15:33:01.9	     0.598	     1.180
03/08/2017	15:33:02.4	     0.598	     1.181
03/08/2017	15:33:02.9	     0.598	     1.181
03/08/2017	15:33:03.4	     0.598	     1.181
03/08/2017	15:33:03.9	     0.598	     1.180
03/08/2017	15:33:04.4	     0.598	     1.179
03/08/2017	15:33:04.9	     0.598	     1.180
03/08/2017	15:33:05.4	     0.597	     1.180
03/08/2017	15:33:05.9	     0.597	     1.180
03/08/2017	15:33:06.4	     0.597	     1.179
03/08/2017	15:33:06.9	     0.597	     1.179
03/08/2017	15:33:07.4	     0.598	     1.179
03/08/2017	15:33:07.9	     0.598	     1.179
03/08/2017	15:33:08.4	     0.598	     1.179
03/08/2017	15:33:08.9	     0.598	     1.177
03/08/2017	15:33:09.4	     0.598	     1.177
03/08/2017	15:33:09.9	     0.598	     1.177
03/08/2017	15:33:10.4	     0.598	     1.177
03/08/2017	15:33:10.9	     0.598	     1.177
03/08/2017	15:33:11.4	     0.598	     1.174
03/08/2017	15:33:11.9	     0.598	     1.173
03/08/2017	15:33:12.4	     0.598	     1.174
03/08/2017	15:33:12.9	     0.598	     1.172
03/08/2017	15:33:13.4	     0.598	     1.173
03/08/2017	15:33:13.9	     0.598	     1.172
03/08/2017	15:33:14.4	     0.598	     1.169
03/08/2017	15:33:14.9	     0.598	     1.169
03/08/2017	15:33:15.4	     0.598	     1.168
03/08/2017	15:33:15.9	     0.598	     1.169
03/08/2017	15:33:16.4	     0.598	     1.168
03/08/2017	15:33:16.9	     0.598	     1.168
03/08/2017	15:33:17.4	     0.598	     1.167
03/08/2017	15:33:17.9	     0.598	     1.167
03/08/2017	15:33:18.4	     0.598	     1.166
03/08/2017	15:33:18.9	     0.598	     1.163
03/08/2017	15:33:19.4	     0.598	     1.162
03/08/2017	15:33:19.9	     0.598	     1.162
03/08/2017	15:33:20.4	     0.598	     1.162
03/08/2017	15:33:20.9	     0.598	     1.161
03/08/2017	15:33:21.4	     0.598	     1.159
03/08/2017	15:33:21.9	     0.598	     1.158
03/08/2017	15:33:22.4	     0.598	     1.158
03/08/2017	15:33:22.9	     0.598	     1.153
03/08/2017	15:33:23.4	     0.598	     1.152
03/08/2017	15:33:23.9	     0.598	     1.151
03/08/2017	15:33:24.4	     0.598	     1.149
03/08/2017	15:33:24.9	     0.598	     1.148
03/08/2017	15:33:25.4	     0.598	     1.149
03/08/2017	15:33:25.9	     0.598	     1.148
03/08/2017	15:33:26.4	     0.598	     1.147
03/08/2017	15:33:26.9	     0.598	     1.144
03/08/2017	15:33:27.4	     0.598	     1.144
03/08/2017	15:33:27.9	     0.598	     1.143
03/08/2017	15:33:28.4	     0.598	     1.141
03/08/2017	15:33:28.9	     0.598	     1.140
03/08/2017	15:33:29.4	     0.598	     1.139
03/08/2017	15:33:29.9	     0.598	     1.138
03/08/2017	15:33:30.4	     0.598	     1.137
03/08/2017	15:33:30.9	     0.598	     1.135
03/08/2017	15:33:31.4	     0.598	     1.135
03/08/2017	15:33:31.9	     0.598	     1.134
03/08/2017	15:33:32.4	     0.598	     1.133
03/08/2017	15:33:32.9	     0.598	     1.131
03/08/2017	15:33:33.4	     0.598	     1.130
03/08/2017	15:33:33.9	     0.598	     1.129
03/08/2017	15:33:34.4	     0.598	     1.128
03/08/2017	15:33:34.9	     0.598	     1.125
03/08/2017	15:33:35.4	     0.598	     1.125
03/08/2017	15:33:35.9	     0.598	     1.126
03/08/2017	15:33:36.4	     0.598	     1.124
03/08/2017	15:33:36.9	     0.598	     1.121
03/08/2017	15:33:37.4	     0.598	     1.119
03/08/2017	15:33:37.9	     0.598	     1.119
03/08/2017	15:33:38.4	     0.597	     1.119
03/08/2017	15:33:38.9	     0.597	     1.116
03/08/2017	15:33:39.4	     0.597	     1.116
03/08/2017	15:33:39.9	     0.597	     1.115
03/08/2017	15:33:40.4	     0.598	     1.115
03/08/2017	15:33:40.9	     0.598	     1.111
03/08/2017	15:33:41.4	     0.598	     1.111
03/08/2017	15:33:41.9	     0.598	     1.111
03/08/2017	15:33:42.4	     0.598	     1.110
03/08/2017	15:33:42.9	     0.598	     1.110
03/08/2017	15:33:43.4	     0.598	     1.108
03/08/2017	15:33:43.9	     0.598	     1.107
03/08/2017	15:33:44.4	     0.597	     1.105
03/08/2017	15:33:44.9	     0.597	     1.104
03/08/2017	15:33:45.4	     0.597	     1.104
03/08/2017	15:33:45.9	     0.597	     1.104
03/08/2017	15:33:46.4	     0.597	     1.102
03/08/2017	15:33:46.9	     0.597	     1.102
03/08/2017	15:33:47.4	     0.597	     1.100
03/08/2017	15:33:47.9	     0.597	     1.099
03/08/2017	15:33:48.4	     0.597	     1.098
03/08/2017	15:33:48.9	     0.597	     1.095
03/08/2017	15:33:49.4	     0.597	     1.094
03/08/2017	15:33:49.9	     0.597	     1.094
03/08/2017	15:33:50.4	     0.597	     1.091
03/08/2017	15:33:50.9	     0.597	     1.091
03/08/2017	15:33:51.4	     0.597	     1.091
03/08/2017	15:33:51.9	     0.597	     1.091
03/08/2017	15:33:52.4	     0.597	     1.090
03/08/2017	15:33:52.9	     0.597	     1.090
03/08/2017	15:33:53.4	     0.597	     1.089
03/08/2017	15:33:53.9	     0.597	     1.088
03/08/2017	15:33:54.4	     0.597	     1.085
03/08/2017	15:33:54.9	     0.596	     1.085
03/08/2017	15:33:55.4	     0.597	     1.083
03/08/2017	15:33:55.9	     0.597	     1.082
03/08/2017	15:33:56.4	     0.597	     1.082
03/08/2017	15:33:56.9	     0.597	     1.082
03/08/2017	15:33:57.4	     0.597	     1.082
03/08/2017	15:33:57.9	     0.596	     1.079
03/08/2017	15:33:58.4	     0.596	     1.077
03/08/2017	15:33:58.9	     0.596	     1.075
03/08/2017	15:33:59.4	     0.596	     1.074
03/08/2017	15:33:59.9	     0.596	     1.075
03/08/2017	15:34:00.4	     0.596	     1.074
03/08/2017	15:34:00.9	     0.596	     1.073
03/08/2017	15:34:01.4	     0.596	     1.073
03/08/2017	15:34:01.9	     0.596	     1.073
03/08/2017	15:34:02.4	     0.596	     1.071
03/08/2017	15:34:02.9	     0.596	     1.069
03/08/2017	15:34:03.4	     0.596	     1.069
03/08/2017	15:34:03.9	     0.596	     1.069
03/08/2017	15:34:04.4	     0.596	     1.068
03/08/2017	15:34:04.9	     0.596	     1.068
03/08/2017	15:34:05.4	     0.596	     1.068
03/08/2017	15:34:05.9	     0.596	     1.068
03/08/2017	15:34:06.4	     0.596	     1.068
03/08/2017	15:34:06.9	     0.596	     1.066
03/08/2017	15:34:07.4	     0.596	     1.066
03/08/2017	15:34:07.9	     0.596	     1.062
03/08/2017	15:34:08.4	     0.596	     1.063
03/08/2017	15:34:08.9	     0.596	     1.061
03/08/2017	15:34:09.4	     0.596	     1.062
03/08/2017	15:34:09.9	     0.596	     1.061
03/08/2017	15:34:10.4	     0.596	     1.060
03/08/2017	15:34:10.9	     0.596	     1.058
03/08/2017	15:34:11.4	     0.596	     1.057
03/08/2017	15:34:11.9	     0.596	     1.057
03/08/2017	15:34:12.4	     0.596	     1.057
03/08/2017	15:34:12.9	     0.596	     1.057
03/08/2017	15:34:13.4	     0.596	     1.057
03/08/2017	15:34:13.9	     0.596	     1.056
03/08/2017	15:34:14.4	     0.596	     1.055
03/08/2017	15:34:14.9	     0.596	     1.054
03/08/2017	15:34:15.4	     0.596	     1.054
03/08/2017	15:34:15.9	     0.596	     1.053
03/08/2017	15:34:16.4	     0.596	     1.052
03/08/2017	15:34:16.9	     0.596	     1.050
03/08/2017	15:34:17.4	     0.596	     1.049
03/08/2017	15:34:17.9	     0.596	     1.050
03/08/2017	15:34:18.4	     0.596	     1.050
03/08/2017	15:34:18.9	     0.595	     1.050
03/08/2017	15:34:19.4	     0.595	     1.047
03/08/2017	15:34:19.9	     0.595	     1.047
03/08/2017	15:34:20.4	     0.595	     1.047
03/08/2017	15:34:20.9	     0.595	     1.047
03/08/2017	15:34:21.4	     0.595	     1.047
03/08/2017	15:34:21.9	     0.595	     1.045
03/08/2017	15:34:22.4	     0.595	     1.045
03/08/2017	15:34:22.9	     0.595	     1.043
03/08/2017	15:34:23.4	     0.595	     1.042
03/08/2017	15:34:23.9	     0.595	     1.041
03/08/2017	15:34:24.4	     0.595	     1.041
03/08/2017	15:34:24.9	     0.595	     1.041
03/08/2017	15:34:25.4	     0.595	     1.042
03/08/2017	15:34:25.9	     0.595	     1.041
03/08/2017	15:34:26.4	     0.595	     1.040
03/08/2017	15:34:26.9	     0.595	     1.040
03/08/2017	15:34:27.4	     0.595	     1.039
03/08/2017	15:34:27.9	     0.595	     1.039
03/08/2017	15:34:28.4	     0.595	     1.039
03/08/2017	15:34:28.9	     0.595	     1.039
03/08/2017	15:34:29.4	     0.595	     1.038
03/08/2017	15:34:29.9	     0.595	     1.037
03/08/2017	15:34:30.4	     0.595	     1.036
03/08/2017	15:34:30.9	     0.595	     1.037
03/08/2017	15:34:31.4	     0.595	     1.033
03/08/2017	15:34:31.9	     0.595	     1.033
03/08/2017	15:34:32.4	     0.595	     1.033
03/08/2017	15:34:32.9	     0.595	     1.033
03/08/2017	15:34:33.4	     0.594	     1.032
03/08/2017	15:34:33.9	     0.594	     1.033
03/08/2017	15:34:34.4	     0.594	     1.032
03/08/2017	15:34:34.9	     0.594	     1.032
03/08/2017	15:34:35.4	     0.594	     1.031
03/08/2017	15:34:35.9	     0.594	     1.031
03/08/2017	15:34:36.4	     0.594	     1.030
03/08/2017	15:34:36.9	     0.594	     1.029
03/08/2017	15:34:37.4	     0.594	     1.028
03/08/2017	15:34:37.9	     0.594	     1.028
03/08/2017	15:34:38.4	     0.594	     1.028
03/08/2017	15:34:38.9	     0.594	     1.027
03/08/2017	15:34:39.4	     0.594	     1.028
03/08/2017	15:34:39.9	     0.594	     1.027
03/08/2017	15:34:40.4	     0.594	     1.027
03/08/2017	15:34:40.9	     0.594	     1.026
03/08/2017	15:34:41.4	     0.594	     1.023
03/08/2017	15:34:41.9	     0.594	     1.023
03/08/2017	15:34:42.4	     0.594	     1.024
03/08/2017	15:34:42.9	     0.594	     1.024
03/08/2017	15:34:43.4	     0.594	     1.023
03/08/2017	15:34:43.9	     0.594	     1.022
03/08/2017	15:34:44.4	     0.594	     1.021
03/08/2017	15:34:44.9	     0.594	     1.021
03/08/2017	15:34:45.4	     0.594	     1.020
03/08/2017	15:34:45.9	     0.594	     1.021
03/08/2017	15:34:46.4	     0.594	     1.021
03/08/2017	15:34:46.9	     0.594	     1.021
03/08/2017	15:34:47.4	     0.594	     1.020
03/08/2017	15:34:47.9	     0.594	     1.020
03/08/2017	15:34:48.4	     0.594	     1.020
03/08/2017	15:34:48.9	     0.594	     1.019
03/08/2017	15:34:49.4	     0.594	     1.017
03/08/2017	15:34:49.9	     0.594	     1.017
03/08/2017	15:34:50.4	     0.594	     1.017
03/08/2017	15:34:50.9	     0.594	     1.017
03/08/2017	15:34:51.4	     0.594	     1.017
03/08/2017	15:34:51.9	     0.594	     1.015
03/08/2017	15:34:52.4	     0.594	     1.016
03/08/2017	15:34:52.9	     0.594	     1.015
03/08/2017	15:34:53.4	     0.594	     1.013
03/08/2017	15:34:53.9	     0.594	     1.012
03/08/2017	15:34:54.4	     0.594	     1.012
03/08/2017	15:34:54.9	     0.594	     1.012
03/08/2017	15:34:55.4	     0.594	     1.012
03/08/2017	15:34:55.9	     0.594	     1.011
03/08/2017	15:34:56.4	     0.594	     1.011
03/08/2017	15:34:56.9	     0.594	     1.011
03/08/2017	15:34:57.4	     0.594	     1.011
03/08/2017	15:34:57.9	     0.594	     1.011
03/08/2017	15:34:58.4	     0.594	     1.011
03/08/2017	15:34:58.9	     0.594	     1.011
03/08/2017	15:34:59.4	     0.594	     1.010
03/08/2017	15:34:59.9	     0.594	     1.010
03/08/2017	15:35:00.4	     0.594	     1.009
03/08/2017	15:35:00.9	     0.594	     1.008
03/08/2017	15:35:01.4	     0.594	     1.008
03/08/2017	15:35:01.9	     0.594	     1.008
03/08/2017	15:35:02.4	     0.594	     1.007
03/08/2017	15:35:02.9	     0.594	     1.008
03/08/2017	15:35:03.4	     0.594	     1.007
03/08/2017	15:35:03.9	     0.594	     1.006
03/08/2017	15:35:04.4	     0.594	     1.007
03/08/2017	15:35:04.9	     0.594	     1.006
03/08/2017	15:35:05.4	     0.594	     1.006
03/08/2017	15:35:05.9	     0.594	     1.005
03/08/2017	15:35:06.4	     0.594	     1.005
03/08/2017	15:35:06.9	     0.594	     1.004
03/08/2017	15:35:07.4	     0.594	     1.003
03/08/2017	15:35:07.9	     0.594	     1.004
03/08/2017	15:35:08.4	     0.594	     1.004
03/08/2017	15:35:08.9	     0.594	     1.003
03/08/2017	15:35:09.4	     0.594	     1.001
03/08/2017	15:35:09.9	     0.594	     1.001
03/08/2017	15:35:10.4	     0.594	     1.001
03/08/2017	15:35:10.9	     0.594	     1.001
03/08/2017	15:35:11.4	     0.594	     0.999
03/08/2017	15:35:11.9	     0.594	     1.000
03/08/2017	15:35:12.4	     0.594	     0.998
03/08/2017	15:35:12.9	     0.594	     0.998
03/08/2017	15:35:13.4	     0.594	     0.998
03/08/2017	15:35:13.9	     0.594	     0.997
03/08/2017	15:35:14.4	     0.594	     0.997
03/08/2017	15:35:14.9	     0.594	     0.997
03/08/2017	15:35:15.4	     0.594	     0.997
03/08/2017	15:35:15.9	     0.594	     0.997
03/08/2017	15:35:16.4	     0.594	     0.996
03/08/2017	15:35:16.9	     0.594	     0.994
03/08/2017	15:35:17.4	     0.594	     0.995
03/08/2017	15:35:17.9	     0.594	     0.995
03/08/2017	15:35:18.4	     0.593	     0.996
03/08/2017	15:35:18.9	     0.593	     0.996
03/08/2017	15:35:19.4	     0.593	     0.996
03/08/2017	15:35:19.9	     0.593	     0.997
03/08/2017	15:35:20.4	     0.593	     0.995
03/08/2017	15:35:20.9	     0.593	     0.996
03/08/2017	15:35:21.4	     0.593	     0.995
03/08/2017	15:35:21.9	     0.593	     0.994
03/08/2017	15:35:22.4	     0.593	     0.994
03/08/2017	15:35:22.9	     0.593	     0.993
03/08/2017	15:35:23.4	     0.593	     0.993
03/08/2017	15:35:23.9	     0.593	     0.993
03/08/2017	15:35:24.4	     0.593	     0.992
03/08/2017	15:35:24.9	     0.593	     0.992
03/08/2017	15:35:25.4	     0.593	     0.992
03/08/2017	15:35:25.9	     0.593	     0.991
03/08/2017	15:35:26.4	     0.593	     0.991
03/08/2017	15:35:26.9	     0.593	     0.990
03/08/2017	15:35:27.4	     0.593	     0.990
03/08/2017	15:35:27.9	     0.593	     0.990
03/08/2017	15:35:28.4	     0.593	     0.989
03/08/2017	15:35:28.9	     0.593	     0.989
03/08/2017	15:35:29.4	     0.593	     0.989
03/08/2017	15:35:29.9	     0.593	     0.990
03/08/2017	15:35:30.4	     0.593	     0.989
03/08/2017	15:35:30.9	     0.593	     0.989
03/08/2017	15:35:31.4	     0.593	     0.989
03/08/2017	15:35:31.9	     0.593	     0.989
03/08/2017	15:35:32.4	     0.593	     0.989
03/08/2017	15:35:32.9	     0.593	     0.988
03/08/2017	15:35:33.4	     0.593	     0.987
03/08/2017	15:35:33.9	     0.593	     0.987
03/08/2017	15:35:34.4	     0.593	     0.988
03/08/2017	15:35:34.9	     0.593	     0.987
03/08/2017	15:35:35.4	     0.593	     0.986
03/08/2017	15:35:35.9	     0.593	     0.986
03/08/2017	15:35:36.4	     0.593	     0.986
03/08/2017	15:35:36.9	     0.593	     0.986
03/08/2017	15:35:37.4	     0.593	     0.985
03/08/2017	15:35:37.9	     0.593	     0.984
03/08/2017	15:35:38.4	     0.593	     0.984
03/08/2017	15:35:38.9	     0.593	     0.984
03/08/2017	15:35:39.4	     0.593	     0.984
03/08/2017	15:35:39.9	     0.593	     0.984
03/08/2017	15:35:40.4	     0.593	     0.983
03/08/2017	15:35:40.9	     0.593	     0.984
03/08/2017	15:35:41.4	     0.593	     0.984
03/08/2017	15:35:41.9	     0.593	     0.983
03/08/2017	15:35:42.4	     0.593	     0.983
03/08/2017	15:35:42.9	     0.593	     0.983
03/08/2017	15:35:43.4	     0.593	     0.982
03/08/2017	15:35:43.9	     0.593	     0.983
03/08/2017	15:35:44.4	     0.593	     0.982
03/08/2017	15:35:44.9	     0.593	     0.981
03/08/2017	15:35:45.4	     0.593	     0.981
03/08/2017	15:35:45.9	     0.593	     0.981
03/08/2017	15:35:46.4	     0.593	     0.981
03/08/2017	15:35:46.9	     0.593	     0.981
03/08/2017	15:35:47.4	     0.593	     0.980
03/08/2017	15:35:47.9	     0.593	     0.980
03/08/2017	15:35:48.4	     0.593	     0.980
03/08/2017	15:35:48.9	     0.593	     0.980
03/08/2017	15:35:49.4	     0.593	     0.979
03/08/2017	15:35:49.9	     0.594	     0.979
03/08/2017	15:35:50.4	     0.594	     0.980
03/08/2017	15:35:50.9	     0.594	     0.980
03/08/2017	15:35:51.4	     0.594	     0.979
03/08/2017	15:35:51.9	     0.594	     0.979
03/08/2017	15:35:52.4	     0.594	     0.975
03/08/2017	15:35:52.9	     0.594	     0.976
03/08/2017	15:35:53.4	     0.594	     0.977
03/08/2017	15:35:53.9	     0.594	     0.977
03/08/2017	15:35:54.4	     0.594	     0.977
03/08/2017	15:35:54.9	     0.594	     0.977
03/08/2017	15:35:55.4	     0.594	     0.978
03/08/2017	15:35:55.9	     0.594	     0.977
03/08/2017	15:35:56.4	     0.594	     0.977
03/08/2017	15:35:56.9	     0.594	     0.976
03/08/2017	15:35:57.4	     0.594	     0.977
03/08/2017	15:35:57.9	     0.594	     0.977
03/08/2017	15:35:58.4	     0.594	     0.976
03/08/2017	15:35:58.9	     0.594	     0.975
03/08/2017	15:35:59.4	     0.594	     0.974
03/08/2017	15:35:59.9	     0.594	     0.972
03/08/2017	15:36:00.4	     0.594	     0.973
03/08/2017	15:36:00.9	     0.594	     0.973
03/08/2017	15:36:01.4	     0.594	     0.974
03/08/2017	15:36:01.9	     0.594	     0.973
03/08/2017	15:36:02.4	     0.594	     0.973
03/08/2017	15:36:02.9	     0.594	     0.973
03/08/2017	15:36:03.4	     0.594	     0.973
03/08/2017	15:36:03.9	     0.594	     0.973
03/08/2017	15:36:04.4	     0.594	     0.973
03/08/2017	15:36:04.9	     0.594	     0.970
03/08/2017	15:36:05.4	     0.594	     0.972
03/08/2017	15:36:05.9	     0.594	     0.971
03/08/2017	15:36:06.4	     0.594	     0.971
03/08/2017	15:36:06.9	     0.594	     0.972
03/08/2017	15:36:07.4	     0.594	     0.970
03/08/2017	15:36:07.9	     0.594	     0.970
03/08/2017	15:36:08.4	     0.594	     0.971
03/08/2017	15:36:08.9	     0.594	     0.971
03/08/2017	15:36:09.4	     0.594	     0.971
03/08/2017	15:36:09.9	     0.594	     0.970
03/08/2017	15:36:10.4	     0.594	     0.971
03/08/2017	15:36:10.9	     0.594	     0.971
03/08/2017	15:36:11.4	     0.594	     0.970
03/08/2017	15:36:11.9	     0.594	     0.970
03/08/2017	15:36:12.4	     0.594	     0.970
03/08/2017	15:36:12.9	     0.594	     0.970
03/08/2017	15:36:13.4	     0.594	     0.969
03/08/2017	15:36:13.9	     0.594	     0.970
03/08/2017	15:36:14.4	     0.594	     0.970
03/08/2017	15:36:14.9	     0.594	     0.970
03/08/2017	15:36:15.4	     0.594	     0.969
03/08/2017	15:36:15.9	     0.594	     0.970
03/08/2017	15:36:16.4	     0.594	     0.969
03/08/2017	15:36:16.9	     0.594	     0.969
03/08/2017	15:36:17.4	     0.594	     0.968
03/08/2017	15:36:17.9	     0.594	     0.968
03/08/2017	15:36:18.4	     0.594	     0.967
03/08/2017	15:36:18.9	     0.594	     0.965
03/08/2017	15:36:19.4	     0.594	     0.964
03/08/2017	15:36:19.9	     0.594	     0.963
03/08/2017	15:36:20.4	     0.594	     0.963
03/08/2017	15:36:20.9	     0.594	     0.964
03/08/2017	15:36:21.4	     0.595	     0.964
03/08/2017	15:36:21.9	     0.595	     0.964
03/08/2017	15:36:22.4	     0.595	     0.964
03/08/2017	15:36:22.9	     0.595	     0.964
03/08/2017	15:36:23.4	     0.595	     0.964
03/08/2017	15:36:23.9	     0.595	     0.963
03/08/2017	15:36:24.4	     0.595	     0.964
03/08/2017	15:36:24.9	     0.595	     0.964
03/08/2017	15:36:25.4	     0.595	     0.963
03/08/2017	15:36:25.9	     0.595	     0.963
03/08/2017	15:36:26.4	     0.595	     0.964
03/08/2017	15:36:26.9	     0.595	     0.963
03/08/2017	15:36:27.4	     0.595	     0.964
03/08/2017	15:36:27.9	     0.595	     0.963
03/08/2017	15:36:28.4	     0.595	     0.964
03/08/2017	15:36:28.9	     0.595	     0.964
03/08/2017	15:36:29.4	     0.595	     0.964
03/08/2017	15:36:29.9	     0.595	     0.964
03/08/2017	15:36:30.4	     0.596	     0.964
03/08/2017	15:36:30.9	     0.596	     0.963
03/08/2017	15:36:31.4	     0.596	     0.964
03/08/2017	15:36:31.9	     0.596	     0.963
03/08/2017	15:36:32.4	     0.595	     0.963
03/08/2017	15:36:32.9	     0.595	     0.962
03/08/2017	15:36:33.4	     0.595	     0.961
03/08/2017	15:36:33.9	     0.595	     0.959
03/08/2017	15:36:34.4	     0.595	     0.958
03/08/2017	15:36:34.9	     0.595	     0.960
03/08/2017	15:36:35.4	     0.595	     0.961
03/08/2017	15:36:35.9	     0.595	     0.961
03/08/2017	15:36:36.4	     0.595	     0.961
03/08/2017	15:36:36.9	     0.595	     0.960
03/08/2017	15:36:37.4	     0.595	     0.960
03/08/2017	15:36:37.9	     0.596	     0.959
03/08/2017	15:36:38.4	     0.595	     0.959
03/08/2017	15:36:38.9	     0.596	     0.959
03/08/2017	15:36:39.4	     0.596	     0.960
03/08/2017	15:36:39.9	     0.596	     0.959
03/08/2017	15:36:40.4	     0.596	     0.959
03/08/2017	15:36:40.9	     0.596	     0.959
03/08/2017	15:36:41.4	     0.596	     0.959
03/08/2017	15:36:41.9	     0.596	     0.960
03/08/2017	15:36:42.4	     0.596	     0.958
03/08/2017	15:36:42.9	     0.596	     0.957
03/08/2017	15:36:43.4	     0.596	     0.958
03/08/2017	15:36:43.9	     0.596	     0.957
03/08/2017	15:36:44.4	     0.596	     0.956
03/08/2017	15:36:44.9	     0.596	     0.957
03/08/2017	15:36:45.4	     0.596	     0.957
03/08/2017	15:36:45.9	     0.596	     0.958
03/08/2017	15:36:46.4	     0.596	     0.958
03/08/2017	15:36:46.9	     0.596	     0.957
03/08/2017	15:36:47.4	     0.596	     0.957
03/08/2017	15:36:47.9	     0.596	     0.957
03/08/2017	15:36:48.4	     0.596	     0.958
03/08/2017	15:36:48.9	     0.596	     0.958
03/08/2017	15:36:49.4	     0.596	     0.956
03/08/2017	15:36:49.9	     0.596	     0.956
03/08/2017	15:36:50.4	     0.596	     0.956
03/08/2017	15:36:50.9	     0.596	     0.956
03/08/2017	15:36:51.4	     0.596	     0.956
03/08/2017	15:36:51.9	     0.596	     0.955
03/08/2017	15:36:52.4	     0.596	     0.953
03/08/2017	15:36:52.9	     0.596	     0.953
03/08/2017	15:36:53.4	     0.596	     0.954
03/08/2017	15:36:53.9	     0.596	     0.955
03/08/2017	15:36:54.4	     0.596	     0.954
03/08/2017	15:36:54.9	     0.596	     0.953
03/08/2017	15:36:55.4	     0.596	     0.954
03/08/2017	15:36:55.9	     0.596	     0.953
03/08/2017	15:36:56.4	     0.596	     0.954
03/08/2017	15:36:56.9	     0.596	     0.954
03/08/2017	15:36:57.4	     0.596	     0.953
03/08/2017	15:36:57.9	     0.596	     0.954
03/08/2017	15:36:58.4	     0.596	     0.954
03/08/2017	15:36:58.9	     0.596	     0.953
03/08/2017	15:36:59.4	     0.596	     0.950
03/08/2017	15:36:59.9	     0.596	     0.950
03/08/2017	15:37:00.4	     0.596	     0.951
03/08/2017	15:37:00.9	     0.596	     0.952
03/08/2017	15:37:01.4	     0.596	     0.951
03/08/2017	15:37:01.9	     0.596	     0.952
03/08/2017	15:37:02.4	     0.596	     0.952
03/08/2017	15:37:02.9	     0.596	     0.952
03/08/2017	15:37:03.4	     0.596	     0.952
03/08/2017	15:37:03.9	     0.596	     0.951
03/08/2017	15:37:04.4	     0.596	     0.951
03/08/2017	15:37:04.9	     0.596	     0.952
03/08/2017	15:37:05.4	     0.596	     0.952
03/08/2017	15:37:05.9	     0.596	     0.952
03/08/2017	15:37:06.4	     0.596	     0.951
03/08/2017	15:37:06.9	     0.596	     0.950
03/08/2017	15:37:07.4	     0.596	     0.948
03/08/2017	15:37:07.9	     0.596	     0.951
03/08/2017	15:37:08.4	     0.596	     0.951
03/08/2017	15:37:08.9	     0.596	     0.951
03/08/2017	15:37:09.4	     0.596	     0.951
03/08/2017	15:37:09.9	     0.596	     0.949
03/08/2017	15:37:10.4	     0.596	     0.949
03/08/2017	15:37:10.9	     0.596	     0.949
03/08/2017	15:37:11.4	     0.596	     0.950
03/08/2017	15:37:11.9	     0.596	     0.950
03/08/2017	15:37:12.4	     0.596	     0.950
03/08/2017	15:37:12.9	     0.596	     0.951
03/08/2017	15:37:13.4	     0.596	     0.950
03/08/2017	15:37:13.9	     0.596	     0.950
03/08/2017	15:37:14.4	     0.596	     0.951
03/08/2017	15:37:14.9	     0.596	     0.950
03/08/2017	15:37:15.4	     0.596	     0.950
03/08/2017	15:37:15.9	     0.596	     0.950
03/08/2017	15:37:16.4	     0.596	     0.950
03/08/2017	15:37:16.9	     0.596	     0.950
03/08/2017	15:37:17.4	     0.596	     0.951
03/08/2017	15:37:17.9	     0.596	     0.951
03/08/2017	15:37:18.4	     0.596	     0.950
03/08/2017	15:37:18.9	     0.596	     0.950
03/08/2017	15:37:19.4	     0.596	     0.949
03/08/2017	15:37:19.9	     0.595	     0.949
03/08/2017	15:37:20.4	     0.595	     0.950
03/08/2017	15:37:20.9	     0.595	     0.950
03/08/2017	15:37:21.4	     0.595	     0.950
03/08/2017	15:37:21.9	     0.595	     0.950
03/08/2017	15:37:22.4	     0.595	     0.947
03/08/2017	15:37:22.9	     0.595	     0.947
03/08/2017	15:37:23.4	     0.596	     0.947
03/08/2017	15:37:23.9	     0.596	     0.949
03/08/2017	15:37:24.4	     0.596	     0.949
03/08/2017	15:37:24.9	     0.596	     0.947
03/08/2017	15:37:25.4	     0.596	     0.947
03/08/2017	15:37:25.9	     0.596	     0.948
03/08/2017	15:37:26.4	     0.596	     0.948
03/08/2017	15:37:26.9	     0.596	     0.948
03/08/2017	15:37:27.4	     0.596	     0.947
03/08/2017	15:37:27.9	     0.596	     0.946
03/08/2017	15:37:28.4	     0.596	     0.945
03/08/2017	15:37:28.9	     0.596	     0.945
03/08/2017	15:37:29.4	     0.596	     0.944
03/08/2017	15:37:29.9	     0.596	     0.944
03/08/2017	15:37:30.4	     0.596	     0.945
03/08/2017	15:37:30.9	     0.596	     0.944
03/08/2017	15:37:31.4	     0.596	     0.944
03/08/2017	15:37:31.9	     0.596	     0.943
03/08/2017	15:37:32.4	     0.596	     0.944
03/08/2017	15:37:32.9	     0.596	     0.943
03/08/2017	15:37:33.4	     0.596	     0.944
03/08/2017	15:37:33.9	     0.596	     0.943
03/08/2017	15:37:34.4	     0.596	     0.944
03/08/2017	15:37:34.9	     0.596	     0.942
03/08/2017	15:37:35.4	     0.596	     0.942
03/08/2017	15:37:35.9	     0.596	     0.942
03/08/2017	15:37:36.4	     0.596	     0.942
03/08/2017	15:37:36.9	     0.596	     0.943
03/08/2017	15:37:37.4	     0.596	     0.942
03/08/2017	15:37:37.9	     0.596	     0.943
03/08/2017	15:37:38.4	     0.596	     0.943
03/08/2017	15:37:38.9	     0.597	     0.941
03/08/2017	15:37:39.4	     0.597	     0.942
03/08/2017	15:37:39.9	     0.597	     0.942
03/08/2017	15:37:40.4	     0.597	     0.943
03/08/2017	15:37:40.9	     0.597	     0.942
03/08/2017	15:37:41.4	     0.597	     0.943
03/08/2017	15:37:41.9	     0.597	     0.943
03/08/2017	15:37:42.4	     0.597	     0.943
03/08/2017	15:37:42.9	     0.597	     0.943
03/08/2017	15:37:43.4	     0.597	     0.942
03/08/2017	15:37:43.9	     0.597	     0.943
03/08/2017	15:37:44.4	     0.597	     0.943
03/08/2017	15:37:44.9	     0.597	     0.944
03/08/2017	15:37:45.4	     0.597	     0.943
03/08/2017	15:37:45.9	     0.597	     0.943
03/08/2017	15:37:46.4	     0.597	     0.942
03/08/2017	15:37:46.9	     0.597	     0.943
03/08/2017	15:37:47.4	     0.597	     0.943
03/08/2017	15:37:47.9	     0.597	     0.944
03/08/2017	15:37:48.4	     0.597	     0.943
03/08/2017	15:37:48.9	     0.597	     0.942
03/08/2017	15:37:49.4	     0.597	     0.943
03/08/2017	15:37:49.9	     0.597	     0.940
03/08/2017	15:37:50.4	     0.597	     0.939
03/08/2017	15:37:50.9	     0.597	     0.939
03/08/2017	15:37:51.4	     0.597	     0.937
03/08/2017	15:37:51.9	     0.597	     0.939
03/08/2017	15:37:52.4	     0.597	     0.939
03/08/2017	15:37:52.9	     0.597	     0.940
03/08/2017	15:37:53.4	     0.597	     0.941
03/08/2017	15:37:53.9	     0.597	     0.941
03/08/2017	15:37:54.4	     0.597	     0.941
03/08/2017	15:37:54.9	     0.597	     0.941
03/08/2017	15:37:55.4	     0.597	     0.940
03/08/2017	15:37:55.9	     0.597	     0.941
03/08/2017	15:37:56.4	     0.597	     0.941
03/08/2017	15:37:56.9	     0.597	     0.941
03/08/2017	15:37:57.4	     0.597	     0.940
03/08/2017	15:37:57.9	     0.597	     0.940
03/08/2017	15:37:58.4	     0.597	     0.940
03/08/2017	15:37:58.9	     0.597	     0.940
03/08/2017	15:37:59.4	     0.597	     0.940
03/08/2017	15:37:59.9	     0.597	     0.940
03/08/2017	15:38:00.4	     0.597	     0.940
03/08/2017	15:38:00.9	     0.597	     0.942
03/08/2017	15:38:01.4	     0.597	     0.940
03/08/2017	15:38:01.9	     0.597	     0.941
03/08/2017	15:38:02.4	     0.597	     0.941
03/08/2017	15:38:02.9	     0.597	     0.941
03/08/2017	15:38:03.4	     0.597	     0.940
03/08/2017	15:38:03.9	     0.597	     0.940
03/08/2017	15:38:04.4	     0.597	     0.939
03/08/2017	15:38:04.9	     0.597	     0.939
03/08/2017	15:38:05.4	     0.597	     0.939
03/08/2017	15:38:05.9	     0.597	     0.939
03/08/2017	15:38:06.4	     0.597	     0.938
03/08/2017	15:38:06.9	     0.597	     0.940
03/08/2017	15:38:07.4	     0.597	     0.939
03/08/2017	15:38:07.9	     0.597	     0.940
03/08/2017	15:38:08.4	     0.597	     0.940
03/08/2017	15:38:08.9	     0.597	     0.937
03/08/2017	15:38:09.4	     0.597	     0.936
03/08/2017	15:38:09.9	     0.597	     0.937
03/08/2017	15:38:10.4	     0.597	     0.937
03/08/2017	15:38:10.9	     0.597	     0.938
03/08/2017	15:38:11.4	     0.597	     0.937
03/08/2017	15:38:11.9	     0.597	     0.939
03/08/2017	15:38:12.4	     0.597	     0.938
03/08/2017	15:38:12.9	     0.597	     0.938
03/08/2017	15:38:13.4	     0.597	     0.939
03/08/2017	15:38:13.9	     0.597	     0.939
03/08/2017	15:38:14.4	     0.597	     0.938
03/08/2017	15:38:14.9	     0.597	     0.937
03/08/2017	15:38:15.4	     0.597	     0.939
03/08/2017	15:38:15.9	     0.597	     0.939
03/08/2017	15:38:16.4	     0.597	     0.938
03/08/2017	15:38:16.9	     0.597	     0.938
03/08/2017	15:38:17.4	     0.597	     0.937
03/08/2017	15:38:17.9	     0.597	     0.938
03/08/2017	15:38:18.4	     0.597	     0.938
03/08/2017	15:38:18.9	     0.597	     0.937
03/08/2017	15:38:19.4	     0.597	     0.937
03/08/2017	15:38:19.9	     0.597	     0.938
03/08/2017	15:38:20.4	     0.597	     0.938
03/08/2017	15:38:20.9	     0.597	     0.937
03/08/2017	15:38:21.4	     0.598	     0.936
03/08/2017	15:38:21.9	     0.598	     0.933
03/08/2017	15:38:22.4	     0.598	     0.935
03/08/2017	15:38:22.9	     0.598	     0.935
03/08/2017	15:38:23.4	     0.598	     0.935
03/08/2017	15:38:23.9	     0.598	     0.935
03/08/2017	15:38:24.4	     0.598	     0.935
03/08/2017	15:38:24.9	     0.598	     0.934
03/08/2017	15:38:25.4	     0.598	     0.935
03/08/2017	15:38:25.9	     0.598	     0.935
03/08/2017	15:38:26.4	     0.598	     0.935
03/08/2017	15:38:26.9	     0.597	     0.934
03/08/2017	15:38:27.4	     0.598	     0.935
03/08/2017	15:38:27.9	     0.598	     0.934
03/08/2017	15:38:28.4	     0.598	     0.934
03/08/2017	15:38:28.9	     0.598	     0.933
03/08/2017	15:38:29.4	     0.598	     0.932
03/08/2017	15:38:29.9	     0.598	     0.934
03/08/2017	15:38:30.4	     0.598	     0.934
03/08/2017	15:38:30.9	     0.598	     0.935
03/08/2017	15:38:31.4	     0.598	     0.935
03/08/2017	15:38:31.9	     0.598	     0.934
03/08/2017	15:38:32.4	     0.598	     0.932
03/08/2017	15:38:32.9	     0.598	     0.934
03/08/2017	15:38:33.4	     0.598	     0.934
03/08/2017	15:38:33.9	     0.598	     0.935
03/08/2017	15:38:34.4	     0.598	     0.935
03/08/2017	15:38:34.9	     0.598	     0.934
03/08/2017	15:38:35.4	     0.598	     0.934
03/08/2017	15:38:35.9	     0.598	     0.933
03/08/2017	15:38:36.4	     0.598	     0.933
03/08/2017	15:38:36.9	     0.598	     0.933
03/08/2017	15:38:37.4	     0.598	     0.934
03/08/2017	15:38:37.9	     0.598	     0.933
03/08/2017	15:38:38.4	     0.598	     0.933
03/08/2017	15:38:38.9	     0.598	     0.933
03/08/2017	15:38:39.4	     0.598	     0.933
03/08/2017	15:38:39.9	     0.598	     0.933
03/08/2017	15:38:40.4	     0.598	     0.933
03/08/2017	15:38:40.9	     0.598	     0.933
03/08/2017	15:38:41.4	     0.598	     0.933
03/08/2017	15:38:41.9	     0.598	     0.933
03/08/2017	15:38:42.4	     0.598	     0.933
03/08/2017	15:38:42.9	     0.598	     0.932
03/08/2017	15:38:43.4	     0.598	     0.932
03/08/2017	15:38:43.9	     0.598	     0.932
03/08/2017	15:38:44.4	     0.598	     0.933
03/08/2017	15:38:44.9	     0.598	     0.932
03/08/2017	15:38:45.4	     0.598	     0.932
03/08/2017	15:38:45.9	     0.598	     0.933
03/08/2017	15:38:46.4	     0.598	     0.932
03/08/2017	15:38:46.9	     0.598	     0.932
03/08/2017	15:38:47.4	     0.598	     0.932
03/08/2017	15:38:47.9	     0.598	     0.932
03/08/2017	15:38:48.4	     0.598	     0.932
03/08/2017	15:38:48.9	     0.598	     0.932
03/08/2017	15:38:49.4	     0.598	     0.932
03/08/2017	15:38:49.9	     0.598	     0.932
03/08/2017	15:38:50.4	     0.598	     0.932
03/08/2017	15:38:50.9	     0.598	     0.933
03/08/2017	15:38:51.4	     0.598	     0.933
03/08/2017	15:38:51.9	     0.598	     0.932
03/08/2017	15:38:52.4	     0.598	     0.933
03/08/2017	15:38:52.9	     0.598	     0.933
03/08/2017	15:38:53.4	     0.598	     0.933
03/08/2017	15:38:53.9	     0.598	     0.933
03/08/2017	15:38:54.4	     0.598	     0.933
03/08/2017	15:38:54.9	     0.598	     0.934
03/08/2017	15:38:55.4	     0.598	     0.934
03/08/2017	15:38:55.9	     0.598	     0.934
03/08/2017	15:38:56.4	     0.598	     0.934
03/08/2017	15:38:56.9	     0.598	     0.934
03/08/2017	15:38:57.4	     0.598	     0.933
03/08/2017	15:38:57.9	     0.598	     0.932
03/08/2017	15:38:58.4	     0.598	     0.934
03/08/2017	15:38:58.9	     0.598	     0.933
03/08/2017	15:38:59.4	     0.598	     0.933
03/08/2017	15:38:59.9	     0.598	     0.932
03/08/2017	15:39:00.4	     0.598	     0.933
03/08/2017	15:39:00.9	     0.598	     0.933
03/08/2017	15:39:01.4	     0.598	     0.932
03/08/2017	15:39:01.9	     0.598	     0.933
03/08/2017	15:39:02.4	     0.598	     0.932
03/08/2017	15:39:02.9	     0.598	     0.932
03/08/2017	15:39:03.4	     0.598	     0.932
03/08/2017	15:39:03.9	     0.598	     0.932
03/08/2017	15:39:04.4	     0.598	     0.930
03/08/2017	15:39:04.9	     0.598	     0.931
03/08/2017	15:39:05.4	     0.598	     0.930
03/08/2017	15:39:05.9	     0.598	     0.930
03/08/2017	15:39:06.4	     0.598	     0.931
03/08/2017	15:39:06.9	     0.598	     0.931
03/08/2017	15:39:07.4	     0.598	     0.931
03/08/2017	15:39:07.9	     0.598	     0.931
03/08/2017	15:39:08.4	     0.598	     0.931
03/08/2017	15:39:08.9	     0.598	     0.930
03/08/2017	15:39:09.4	     0.598	     0.930
03/08/2017	15:39:09.9	     0.598	     0.931
03/08/2017	15:39:10.4	     0.598	     0.930
03/08/2017	15:39:10.9	     0.598	     0.931
03/08/2017	15:39:11.4	     0.598	     0.931
03/08/2017	15:39:11.9	     0.598	     0.930
03/08/2017	15:39:12.4	     0.598	     0.929
03/08/2017	15:39:12.9	     0.598	     0.929
END DATA