VIRTUALBENCH-LOGGER 2.5 REPORT
NATIONAL INSTRUMENTS
DATE CREATED	16:43:33	03/08/2017

USER	


START COMMENT


END COMMENT

START DATA
Date	Time	AMPS(V)	PYRO(V)
03/08/2017	16:43:35.2	     0.600	     0.986
03/08/2017	16:43:35.7	     0.600	     0.998
03/08/2017	16:43:36.2	     0.600	     0.998
03/08/2017	16:43:36.7	     0.600	     0.997
03/08/2017	16:43:37.2	     0.600	     0.997
03/08/2017	16:43:37.7	     0.600	     0.996
03/08/2017	16:43:38.2	     0.600	     0.994
03/08/2017	16:43:38.7	     0.600	     0.993
03/08/2017	16:43:39.2	     0.600	     0.993
03/08/2017	16:43:39.7	     0.600	     0.990
03/08/2017	16:43:40.2	     0.600	     0.991
03/08/2017	16:43:40.7	     0.600	     0.991
03/08/2017	16:43:41.2	     0.600	     0.992
03/08/2017	16:43:41.7	     0.600	     0.991
03/08/2017	16:43:42.2	     0.600	     0.991
03/08/2017	16:43:42.7	     0.600	     0.991
03/08/2017	16:43:43.2	     0.600	     0.991
03/08/2017	16:43:43.7	     0.600	     0.990
03/08/2017	16:43:44.2	     0.600	     0.990
03/08/2017	16:43:44.7	     0.600	     0.990
03/08/2017	16:43:45.2	     0.600	     0.990
03/08/2017	16:43:45.7	     0.600	     0.989
03/08/2017	16:43:46.2	     0.600	     0.988
03/08/2017	16:43:46.7	     0.600	     0.900
03/08/2017	16:43:47.2	     0.600	     0.683
03/08/2017	16:43:47.7	     0.600	     0.671
03/08/2017	16:43:48.2	     0.600	     0.699
03/08/2017	16:43:48.7	     0.600	     0.704
03/08/2017	16:43:49.2	     0.600	     0.703
03/08/2017	16:43:49.7	     0.600	     0.702
03/08/2017	16:43:50.2	     0.600	     0.702
03/08/2017	16:43:50.7	     0.600	     0.704
03/08/2017	16:43:51.2	     0.600	     0.721
03/08/2017	16:43:51.7	     0.600	     0.765
03/08/2017	16:43:52.2	     0.600	     0.745
03/08/2017	16:43:52.7	     0.600	     0.771
03/08/2017	16:43:53.2	     0.600	     0.808
03/08/2017	16:43:53.7	     0.600	     0.808
03/08/2017	16:43:54.2	     0.600	     0.794
03/08/2017	16:43:54.7	     0.600	     0.808
03/08/2017	16:43:55.2	     0.600	     0.816
03/08/2017	16:43:55.7	     0.600	     0.823
03/08/2017	16:43:56.2	     0.600	     0.858
03/08/2017	16:43:56.7	     0.600	     0.822
03/08/2017	16:43:57.2	     0.600	     0.825
03/08/2017	16:43:57.7	     0.600	     0.840
03/08/2017	16:43:58.2	     0.600	     0.821
03/08/2017	16:43:58.7	     0.600	     0.812
03/08/2017	16:43:59.2	     0.600	     0.809
03/08/2017	16:43:59.7	     0.600	     0.798
03/08/2017	16:44:00.2	     0.600	     0.818
03/08/2017	16:44:00.7	     0.600	     0.807
03/08/2017	16:44:01.2	     0.600	     0.796
03/08/2017	16:44:01.7	     0.600	     0.839
03/08/2017	16:44:02.2	     0.600	     0.822
03/08/2017	16:44:02.7	     0.600	     0.824
03/08/2017	16:44:03.2	     0.600	     0.810
03/08/2017	16:44:03.7	     0.600	     0.817
03/08/2017	16:44:04.2	     0.600	     0.810
03/08/2017	16:44:04.7	     0.600	     0.795
03/08/2017	16:44:05.2	     0.600	     0.769
03/08/2017	16:44:05.7	     0.600	     0.800
03/08/2017	16:44:06.2	     0.600	     0.816
03/08/2017	16:44:06.7	     0.600	     0.825
03/08/2017	16:44:07.2	     0.600	     0.839
03/08/2017	16:44:07.7	     0.600	     0.848
03/08/2017	16:44:08.2	     0.600	     0.861
03/08/2017	16:44:08.7	     0.600	     0.872
03/08/2017	16:44:09.2	     0.600	     0.874
03/08/2017	16:44:09.7	     0.600	     0.881
03/08/2017	16:44:10.2	     0.600	     0.885
03/08/2017	16:44:10.7	     0.600	     0.884
03/08/2017	16:44:11.2	     0.600	     0.906
03/08/2017	16:44:11.7	     0.600	     0.913
03/08/2017	16:44:12.2	     0.600	     0.921
03/08/2017	16:44:12.7	     0.600	     0.958
03/08/2017	16:44:13.2	     0.600	     0.971
03/08/2017	16:44:13.7	     0.600	     0.980
03/08/2017	16:44:14.2	     0.600	     0.988
03/08/2017	16:44:14.7	     0.600	     1.006
03/08/2017	16:44:15.2	     0.600	     1.020
03/08/2017	16:44:15.7	     0.600	     1.054
03/08/2017	16:44:16.2	     0.600	     1.065
03/08/2017	16:44:16.7	     0.600	     1.068
03/08/2017	16:44:17.2	     0.600	     1.069
03/08/2017	16:44:17.7	     0.600	     1.068
03/08/2017	16:44:18.2	     0.600	     1.052
03/08/2017	16:44:18.7	     0.600	     1.049
03/08/2017	16:44:19.2	     0.600	     1.069
03/08/2017	16:44:19.7	     0.600	     1.073
03/08/2017	16:44:20.2	     0.600	     1.091
03/08/2017	16:44:20.7	     0.600	     1.083
03/08/2017	16:44:21.2	     0.600	     1.075
03/08/2017	16:44:21.7	     0.600	     1.012
03/08/2017	16:44:22.2	     0.600	     1.004
03/08/2017	16:44:22.7	     0.600	     0.984
03/08/2017	16:44:23.2	     0.600	     0.969
03/08/2017	16:44:23.7	     0.600	     1.009
03/08/2017	16:44:24.2	     0.600	     1.043
03/08/2017	16:44:24.7	     0.600	     1.060
03/08/2017	16:44:25.2	     0.600	     1.096
03/08/2017	16:44:25.7	     0.600	     1.119
03/08/2017	16:44:26.2	     0.600	     1.130
03/08/2017	16:44:26.7	     0.600	     1.134
03/08/2017	16:44:27.2	     0.600	     1.135
03/08/2017	16:44:27.7	     0.600	     1.137
03/08/2017	16:44:28.2	     0.600	     1.138
03/08/2017	16:44:28.7	     0.600	     1.140
03/08/2017	16:44:29.2	     0.600	     1.145
03/08/2017	16:44:29.7	     0.600	     1.147
03/08/2017	16:44:30.2	     0.600	     1.147
03/08/2017	16:44:30.7	     0.600	     1.148
03/08/2017	16:44:31.2	     0.600	     1.149
03/08/2017	16:44:31.7	     0.600	     1.151
03/08/2017	16:44:32.2	     0.600	     1.153
03/08/2017	16:44:32.7	     0.600	     1.154
03/08/2017	16:44:33.2	     0.600	     1.155
03/08/2017	16:44:33.7	     0.600	     1.160
03/08/2017	16:44:34.2	     0.600	     1.161
03/08/2017	16:44:34.7	     0.600	     1.163
03/08/2017	16:44:35.2	     0.600	     1.164
03/08/2017	16:44:35.7	     0.600	     1.165
03/08/2017	16:44:36.2	     0.599	     1.167
03/08/2017	16:44:36.7	     0.599	     1.169
03/08/2017	16:44:37.2	     0.600	     1.171
03/08/2017	16:44:37.7	     0.600	     1.173
03/08/2017	16:44:38.2	     0.600	     1.174
03/08/2017	16:44:38.7	     0.600	     1.174
03/08/2017	16:44:39.2	     0.600	     1.175
03/08/2017	16:44:39.7	     0.600	     1.177
03/08/2017	16:44:40.2	     0.600	     1.178
03/08/2017	16:44:40.7	     0.600	     1.178
03/08/2017	16:44:41.2	     0.599	     1.178
03/08/2017	16:44:41.7	     0.599	     1.178
03/08/2017	16:44:42.2	     0.599	     1.178
03/08/2017	16:44:42.7	     0.599	     1.177
03/08/2017	16:44:43.2	     0.599	     1.178
03/08/2017	16:44:43.7	     0.599	     1.177
03/08/2017	16:44:44.2	     0.599	     1.178
03/08/2017	16:44:44.7	     0.599	     1.181
03/08/2017	16:44:45.2	     0.599	     1.180
03/08/2017	16:44:45.7	     0.599	     1.177
03/08/2017	16:44:46.2	     0.599	     1.175
03/08/2017	16:44:46.7	     0.599	     1.177
03/08/2017	16:44:47.2	     0.599	     1.178
03/08/2017	16:44:47.7	     0.599	     1.177
03/08/2017	16:44:48.2	     0.599	     1.177
03/08/2017	16:44:48.7	     0.599	     1.176
03/08/2017	16:44:49.2	     0.599	     1.177
03/08/2017	16:44:49.7	     0.599	     1.176
03/08/2017	16:44:50.2	     0.599	     1.175
03/08/2017	16:44:50.7	     0.599	     1.174
03/08/2017	16:44:51.2	     0.599	     1.173
03/08/2017	16:44:51.7	     0.599	     1.173
03/08/2017	16:44:52.2	     0.600	     1.170
03/08/2017	16:44:52.7	     0.600	     1.170
03/08/2017	16:44:53.2	     0.600	     1.167
03/08/2017	16:44:53.7	     0.600	     1.167
03/08/2017	16:44:54.2	     0.600	     1.167
03/08/2017	16:44:54.7	     0.600	     1.168
03/08/2017	16:44:55.2	     0.600	     1.167
03/08/2017	16:44:55.7	     0.600	     1.164
03/08/2017	16:44:56.2	     0.600	     1.161
03/08/2017	16:44:56.7	     0.600	     1.161
03/08/2017	16:44:57.2	     0.600	     1.161
03/08/2017	16:44:57.7	     0.600	     1.160
03/08/2017	16:44:58.2	     0.600	     1.157
03/08/2017	16:44:58.7	     0.600	     1.157
03/08/2017	16:44:59.2	     0.600	     1.156
03/08/2017	16:44:59.7	     0.600	     1.156
03/08/2017	16:45:00.2	     0.600	     1.156
03/08/2017	16:45:00.7	     0.600	     1.155
03/08/2017	16:45:01.2	     0.600	     1.152
03/08/2017	16:45:01.7	     0.600	     1.151
03/08/2017	16:45:02.2	     0.600	     1.151
03/08/2017	16:45:02.7	     0.600	     1.151
03/08/2017	16:45:03.2	     0.599	     1.150
03/08/2017	16:45:03.7	     0.599	     1.149
03/08/2017	16:45:04.2	     0.600	     1.148
03/08/2017	16:45:04.7	     0.600	     1.146
03/08/2017	16:45:05.2	     0.600	     1.146
03/08/2017	16:45:05.7	     0.600	     1.143
03/08/2017	16:45:06.2	     0.600	     1.143
03/08/2017	16:45:06.7	     0.600	     1.142
03/08/2017	16:45:07.2	     0.600	     1.142
03/08/2017	16:45:07.7	     0.600	     1.141
03/08/2017	16:45:08.2	     0.600	     1.138
03/08/2017	16:45:08.7	     0.600	     1.137
03/08/2017	16:45:09.2	     0.600	     1.137
03/08/2017	16:45:09.7	     0.600	     1.136
03/08/2017	16:45:10.2	     0.600	     1.137
03/08/2017	16:45:10.7	     0.600	     1.136
03/08/2017	16:45:11.2	     0.600	     1.133
03/08/2017	16:45:11.7	     0.600	     1.133
03/08/2017	16:45:12.2	     0.600	     1.131
03/08/2017	16:45:12.7	     0.600	     1.132
03/08/2017	16:45:13.2	     0.600	     1.130
03/08/2017	16:45:13.7	     0.600	     1.130
03/08/2017	16:45:14.2	     0.600	     1.129
03/08/2017	16:45:14.7	     0.600	     1.127
03/08/2017	16:45:15.2	     0.600	     1.126
03/08/2017	16:45:15.7	     0.599	     1.125
03/08/2017	16:45:16.2	     0.599	     1.125
03/08/2017	16:45:16.7	     0.599	     1.123
03/08/2017	16:45:17.2	     0.599	     1.121
03/08/2017	16:45:17.7	     0.599	     1.121
03/08/2017	16:45:18.2	     0.599	     1.120
03/08/2017	16:45:18.7	     0.599	     1.120
03/08/2017	16:45:19.2	     0.599	     1.119
03/08/2017	16:45:19.7	     0.599	     1.118
03/08/2017	16:45:20.2	     0.599	     1.118
03/08/2017	16:45:20.7	     0.599	     1.117
03/08/2017	16:45:21.2	     0.599	     1.117
03/08/2017	16:45:21.7	     0.599	     1.116
03/08/2017	16:45:22.2	     0.599	     1.114
03/08/2017	16:45:22.7	     0.599	     1.114
03/08/2017	16:45:23.2	     0.599	     1.111
03/08/2017	16:45:23.7	     0.599	     1.110
03/08/2017	16:45:24.2	     0.599	     1.111
03/08/2017	16:45:24.7	     0.599	     1.109
03/08/2017	16:45:25.2	     0.599	     1.107
03/08/2017	16:45:25.7	     0.599	     1.106
03/08/2017	16:45:26.2	     0.599	     1.107
03/08/2017	16:45:26.7	     0.599	     1.104
03/08/2017	16:45:27.2	     0.599	     1.103
03/08/2017	16:45:27.7	     0.599	     1.104
03/08/2017	16:45:28.2	     0.599	     1.103
03/08/2017	16:45:28.7	     0.599	     1.102
03/08/2017	16:45:29.2	     0.599	     1.099
03/08/2017	16:45:29.7	     0.599	     1.100
03/08/2017	16:45:30.2	     0.599	     1.100
03/08/2017	16:45:30.7	     0.599	     1.101
03/08/2017	16:45:31.2	     0.599	     1.099
03/08/2017	16:45:31.7	     0.599	     1.100
03/08/2017	16:45:32.2	     0.599	     1.099
03/08/2017	16:45:32.7	     0.599	     1.099
03/08/2017	16:45:33.2	     0.599	     1.098
03/08/2017	16:45:33.7	     0.599	     1.097
03/08/2017	16:45:34.2	     0.599	     1.097
03/08/2017	16:45:34.7	     0.599	     1.096
03/08/2017	16:45:35.2	     0.599	     1.095
03/08/2017	16:45:35.7	     0.599	     1.095
03/08/2017	16:45:36.2	     0.599	     1.092
03/08/2017	16:45:36.7	     0.599	     1.091
03/08/2017	16:45:37.2	     0.599	     1.091
03/08/2017	16:45:37.7	     0.599	     1.091
03/08/2017	16:45:38.2	     0.599	     1.090
03/08/2017	16:45:38.7	     0.599	     1.090
03/08/2017	16:45:39.2	     0.599	     1.089
03/08/2017	16:45:39.7	     0.599	     1.089
03/08/2017	16:45:40.2	     0.599	     1.089
03/08/2017	16:45:40.7	     0.599	     1.086
03/08/2017	16:45:41.2	     0.599	     1.086
03/08/2017	16:45:41.7	     0.599	     1.085
03/08/2017	16:45:42.2	     0.599	     1.086
03/08/2017	16:45:42.7	     0.599	     1.085
03/08/2017	16:45:43.2	     0.599	     1.085
03/08/2017	16:45:43.7	     0.599	     1.084
03/08/2017	16:45:44.2	     0.599	     1.084
03/08/2017	16:45:44.7	     0.599	     1.083
03/08/2017	16:45:45.2	     0.599	     1.082
03/08/2017	16:45:45.7	     0.599	     1.082
03/08/2017	16:45:46.2	     0.599	     1.081
03/08/2017	16:45:46.7	     0.599	     1.081
03/08/2017	16:45:47.2	     0.599	     1.079
03/08/2017	16:45:47.7	     0.599	     1.079
03/08/2017	16:45:48.2	     0.598	     1.079
03/08/2017	16:45:48.7	     0.598	     1.076
03/08/2017	16:45:49.2	     0.598	     1.076
03/08/2017	16:45:49.7	     0.598	     1.076
03/08/2017	16:45:50.2	     0.598	     1.075
03/08/2017	16:45:50.7	     0.598	     1.072
03/08/2017	16:45:51.2	     0.598	     1.072
03/08/2017	16:45:51.7	     0.598	     1.072
03/08/2017	16:45:52.2	     0.598	     1.073
03/08/2017	16:45:52.7	     0.598	     1.072
03/08/2017	16:45:53.2	     0.598	     1.071
03/08/2017	16:45:53.7	     0.598	     1.068
03/08/2017	16:45:54.2	     0.598	     1.069
03/08/2017	16:45:54.7	     0.598	     1.069
03/08/2017	16:45:55.2	     0.598	     1.068
03/08/2017	16:45:55.7	     0.598	     1.068
03/08/2017	16:45:56.2	     0.598	     1.068
03/08/2017	16:45:56.7	     0.598	     1.069
03/08/2017	16:45:57.2	     0.598	     1.066
03/08/2017	16:45:57.7	     0.598	     1.065
03/08/2017	16:45:58.2	     0.598	     1.066
03/08/2017	16:45:58.7	     0.598	     1.066
03/08/2017	16:45:59.2	     0.598	     1.066
03/08/2017	16:45:59.7	     0.598	     1.063
03/08/2017	16:46:00.2	     0.598	     1.063
03/08/2017	16:46:00.7	     0.598	     1.063
03/08/2017	16:46:01.2	     0.598	     1.063
03/08/2017	16:46:01.7	     0.598	     1.062
03/08/2017	16:46:02.2	     0.598	     1.061
03/08/2017	16:46:02.7	     0.598	     1.061
03/08/2017	16:46:03.2	     0.598	     1.060
03/08/2017	16:46:03.7	     0.598	     1.060
03/08/2017	16:46:04.2	     0.598	     1.060
03/08/2017	16:46:04.7	     0.598	     1.060
03/08/2017	16:46:05.2	     0.598	     1.057
03/08/2017	16:46:05.7	     0.598	     1.057
03/08/2017	16:46:06.2	     0.598	     1.057
03/08/2017	16:46:06.7	     0.598	     1.057
03/08/2017	16:46:07.2	     0.598	     1.057
03/08/2017	16:46:07.7	     0.597	     1.057
03/08/2017	16:46:08.2	     0.597	     1.057
03/08/2017	16:46:08.7	     0.598	     1.057
03/08/2017	16:46:09.2	     0.597	     1.056
03/08/2017	16:46:09.7	     0.597	     1.055
03/08/2017	16:46:10.2	     0.597	     1.054
03/08/2017	16:46:10.7	     0.597	     1.054
03/08/2017	16:46:11.2	     0.597	     1.054
03/08/2017	16:46:11.7	     0.597	     1.053
03/08/2017	16:46:12.2	     0.597	     1.053
03/08/2017	16:46:12.7	     0.597	     1.053
03/08/2017	16:46:13.2	     0.597	     1.052
03/08/2017	16:46:13.7	     0.597	     1.050
03/08/2017	16:46:14.2	     0.597	     1.049
03/08/2017	16:46:14.7	     0.597	     1.050
03/08/2017	16:46:15.2	     0.597	     1.049
03/08/2017	16:46:15.7	     0.597	     1.047
03/08/2017	16:46:16.2	     0.597	     1.047
03/08/2017	16:46:16.7	     0.597	     1.048
03/08/2017	16:46:17.2	     0.597	     1.047
03/08/2017	16:46:17.7	     0.597	     1.046
03/08/2017	16:46:18.2	     0.597	     1.047
03/08/2017	16:46:18.7	     0.597	     1.045
03/08/2017	16:46:19.2	     0.596	     1.044
03/08/2017	16:46:19.7	     0.596	     1.044
03/08/2017	16:46:20.2	     0.596	     1.044
03/08/2017	16:46:20.7	     0.596	     1.044
03/08/2017	16:46:21.2	     0.596	     1.044
03/08/2017	16:46:21.7	     0.596	     1.043
03/08/2017	16:46:22.2	     0.596	     1.043
03/08/2017	16:46:22.7	     0.596	     1.043
03/08/2017	16:46:23.2	     0.596	     1.042
03/08/2017	16:46:23.7	     0.596	     1.040
03/08/2017	16:46:24.2	     0.596	     1.039
03/08/2017	16:46:24.7	     0.596	     1.039
03/08/2017	16:46:25.2	     0.596	     1.040
03/08/2017	16:46:25.7	     0.596	     1.038
03/08/2017	16:46:26.2	     0.596	     1.038
03/08/2017	16:46:26.7	     0.596	     1.038
03/08/2017	16:46:27.2	     0.596	     1.039
03/08/2017	16:46:27.7	     0.596	     1.038
03/08/2017	16:46:28.2	     0.596	     1.035
03/08/2017	16:46:28.7	     0.596	     1.035
03/08/2017	16:46:29.2	     0.596	     1.036
03/08/2017	16:46:29.7	     0.596	     1.035
03/08/2017	16:46:30.2	     0.596	     1.034
03/08/2017	16:46:30.7	     0.596	     1.033
03/08/2017	16:46:31.2	     0.596	     1.034
03/08/2017	16:46:31.7	     0.596	     1.032
03/08/2017	16:46:32.2	     0.596	     1.033
03/08/2017	16:46:32.7	     0.596	     1.033
03/08/2017	16:46:33.2	     0.596	     1.032
03/08/2017	16:46:33.7	     0.596	     1.033
03/08/2017	16:46:34.2	     0.596	     1.032
03/08/2017	16:46:34.7	     0.596	     1.032
03/08/2017	16:46:35.2	     0.596	     1.032
03/08/2017	16:46:35.7	     0.596	     1.031
03/08/2017	16:46:36.2	     0.596	     1.029
03/08/2017	16:46:36.7	     0.596	     1.028
03/08/2017	16:46:37.2	     0.596	     1.028
03/08/2017	16:46:37.7	     0.596	     1.029
03/08/2017	16:46:38.2	     0.596	     1.029
03/08/2017	16:46:38.7	     0.596	     1.029
03/08/2017	16:46:39.2	     0.596	     1.029
03/08/2017	16:46:39.7	     0.596	     1.028
03/08/2017	16:46:40.2	     0.596	     1.028
03/08/2017	16:46:40.7	     0.596	     1.028
03/08/2017	16:46:41.2	     0.596	     1.026
03/08/2017	16:46:41.7	     0.596	     1.026
03/08/2017	16:46:42.2	     0.596	     1.025
03/08/2017	16:46:42.7	     0.596	     1.025
03/08/2017	16:46:43.2	     0.596	     1.024
03/08/2017	16:46:43.7	     0.596	     1.023
03/08/2017	16:46:44.2	     0.596	     1.022
03/08/2017	16:46:44.7	     0.596	     1.023
03/08/2017	16:46:45.2	     0.596	     1.022
03/08/2017	16:46:45.7	     0.596	     1.021
03/08/2017	16:46:46.2	     0.596	     1.020
03/08/2017	16:46:46.7	     0.596	     1.018
03/08/2017	16:46:47.2	     0.596	     1.018
03/08/2017	16:46:47.7	     0.596	     1.018
03/08/2017	16:46:48.2	     0.596	     1.019
03/08/2017	16:46:48.7	     0.596	     1.018
03/08/2017	16:46:49.2	     0.596	     1.018
03/08/2017	16:46:49.7	     0.596	     1.019
03/08/2017	16:46:50.2	     0.596	     1.019
03/08/2017	16:46:50.7	     0.596	     1.019
03/08/2017	16:46:51.2	     0.596	     1.017
03/08/2017	16:46:51.7	     0.596	     1.017
03/08/2017	16:46:52.2	     0.596	     1.017
03/08/2017	16:46:52.7	     0.596	     1.017
03/08/2017	16:46:53.2	     0.596	     1.017
03/08/2017	16:46:53.7	     0.596	     1.017
03/08/2017	16:46:54.2	     0.596	     1.018
03/08/2017	16:46:54.7	     0.596	     1.017
03/08/2017	16:46:55.2	     0.596	     1.018
03/08/2017	16:46:55.7	     0.596	     1.017
03/08/2017	16:46:56.2	     0.596	     1.017
03/08/2017	16:46:56.7	     0.596	     1.017
03/08/2017	16:46:57.2	     0.596	     1.016
03/08/2017	16:46:57.7	     0.596	     1.016
03/08/2017	16:46:58.2	     0.596	     1.015
03/08/2017	16:46:58.7	     0.596	     1.016
03/08/2017	16:46:59.2	     0.596	     1.015
03/08/2017	16:46:59.7	     0.596	     1.015
03/08/2017	16:47:00.2	     0.596	     1.014
03/08/2017	16:47:00.7	     0.596	     1.014
03/08/2017	16:47:01.2	     0.596	     1.014
03/08/2017	16:47:01.7	     0.596	     1.014
03/08/2017	16:47:02.2	     0.596	     1.013
03/08/2017	16:47:02.7	     0.596	     1.013
03/08/2017	16:47:03.2	     0.596	     1.012
03/08/2017	16:47:03.7	     0.596	     1.011
03/08/2017	16:47:04.2	     0.596	     1.011
03/08/2017	16:47:04.7	     0.596	     1.011
03/08/2017	16:47:05.2	     0.596	     1.011
03/08/2017	16:47:05.7	     0.596	     1.011
03/08/2017	16:47:06.2	     0.596	     1.010
03/08/2017	16:47:06.7	     0.596	     1.010
03/08/2017	16:47:07.2	     0.596	     1.010
03/08/2017	16:47:07.7	     0.596	     1.010
03/08/2017	16:47:08.2	     0.596	     1.010
03/08/2017	16:47:08.7	     0.596	     1.009
03/08/2017	16:47:09.2	     0.596	     1.009
03/08/2017	16:47:09.7	     0.595	     1.009
03/08/2017	16:47:10.2	     0.595	     1.009
03/08/2017	16:47:10.7	     0.595	     1.008
03/08/2017	16:47:11.2	     0.595	     1.008
03/08/2017	16:47:11.7	     0.595	     1.007
03/08/2017	16:47:12.2	     0.595	     1.005
03/08/2017	16:47:12.7	     0.595	     1.004
03/08/2017	16:47:13.2	     0.595	     1.004
03/08/2017	16:47:13.7	     0.595	     1.005
03/08/2017	16:47:14.2	     0.595	     1.005
03/08/2017	16:47:14.7	     0.595	     1.001
03/08/2017	16:47:15.2	     0.595	     1.001
03/08/2017	16:47:15.7	     0.595	     1.002
03/08/2017	16:47:16.2	     0.595	     1.002
03/08/2017	16:47:16.7	     0.595	     1.002
03/08/2017	16:47:17.2	     0.595	     1.002
03/08/2017	16:47:17.7	     0.595	     1.002
03/08/2017	16:47:18.2	     0.595	     1.003
03/08/2017	16:47:18.7	     0.595	     1.002
03/08/2017	16:47:19.2	     0.596	     1.003
03/08/2017	16:47:19.7	     0.596	     1.002
03/08/2017	16:47:20.2	     0.596	     1.003
03/08/2017	16:47:20.7	     0.596	     1.003
03/08/2017	16:47:21.2	     0.596	     1.002
03/08/2017	16:47:21.7	     0.595	     1.002
03/08/2017	16:47:22.2	     0.596	     1.001
03/08/2017	16:47:22.7	     0.596	     1.001
03/08/2017	16:47:23.2	     0.595	     1.001
03/08/2017	16:47:23.7	     0.595	     1.001
03/08/2017	16:47:24.2	     0.595	     1.001
03/08/2017	16:47:24.7	     0.595	     1.000
03/08/2017	16:47:25.2	     0.595	     1.000
03/08/2017	16:47:25.7	     0.595	     0.999
03/08/2017	16:47:26.2	     0.595	     0.999
03/08/2017	16:47:26.7	     0.595	     0.998
03/08/2017	16:47:27.2	     0.595	     0.999
03/08/2017	16:47:27.7	     0.595	     0.999
03/08/2017	16:47:28.2	     0.595	     0.998
03/08/2017	16:47:28.7	     0.595	     0.998
03/08/2017	16:47:29.2	     0.595	     0.998
03/08/2017	16:47:29.7	     0.595	     0.997
03/08/2017	16:47:30.2	     0.595	     0.997
03/08/2017	16:47:30.7	     0.595	     0.997
03/08/2017	16:47:31.2	     0.595	     0.997
03/08/2017	16:47:31.7	     0.595	     0.997
03/08/2017	16:47:32.2	     0.595	     0.995
03/08/2017	16:47:32.7	     0.595	     0.996
03/08/2017	16:47:33.2	     0.595	     0.995
03/08/2017	16:47:33.7	     0.595	     0.995
03/08/2017	16:47:34.2	     0.596	     0.995
03/08/2017	16:47:34.7	     0.596	     0.995
03/08/2017	16:47:35.2	     0.596	     0.995
03/08/2017	16:47:35.7	     0.596	     0.994
03/08/2017	16:47:36.2	     0.596	     0.994
03/08/2017	16:47:36.7	     0.596	     0.993
03/08/2017	16:47:37.2	     0.596	     0.994
03/08/2017	16:47:37.7	     0.596	     0.993
03/08/2017	16:47:38.2	     0.596	     0.993
03/08/2017	16:47:38.7	     0.596	     0.992
03/08/2017	16:47:39.2	     0.596	     0.991
03/08/2017	16:47:39.7	     0.596	     0.991
03/08/2017	16:47:40.2	     0.595	     0.991
03/08/2017	16:47:40.7	     0.596	     0.992
03/08/2017	16:47:41.2	     0.596	     0.991
03/08/2017	16:47:41.7	     0.595	     0.991
03/08/2017	16:47:42.2	     0.595	     0.991
03/08/2017	16:47:42.7	     0.596	     0.992
03/08/2017	16:47:43.2	     0.596	     0.991
03/08/2017	16:47:43.7	     0.596	     0.990
03/08/2017	16:47:44.2	     0.596	     0.989
03/08/2017	16:47:44.7	     0.596	     0.988
03/08/2017	16:47:45.2	     0.595	     0.988
03/08/2017	16:47:45.7	     0.595	     0.988
03/08/2017	16:47:46.2	     0.595	     0.988
03/08/2017	16:47:46.7	     0.596	     0.988
03/08/2017	16:47:47.2	     0.596	     0.988
03/08/2017	16:47:47.7	     0.596	     0.988
03/08/2017	16:47:48.2	     0.596	     0.987
03/08/2017	16:47:48.7	     0.596	     0.986
03/08/2017	16:47:49.2	     0.596	     0.986
03/08/2017	16:47:49.7	     0.596	     0.986
03/08/2017	16:47:50.2	     0.596	     0.985
03/08/2017	16:47:50.7	     0.596	     0.983
03/08/2017	16:47:51.2	     0.596	     0.984
03/08/2017	16:47:51.7	     0.596	     0.984
03/08/2017	16:47:52.2	     0.596	     0.984
03/08/2017	16:47:52.7	     0.596	     0.984
03/08/2017	16:47:53.2	     0.596	     0.984
03/08/2017	16:47:53.7	     0.596	     0.984
03/08/2017	16:47:54.2	     0.596	     0.983
03/08/2017	16:47:54.7	     0.596	     0.982
03/08/2017	16:47:55.2	     0.596	     0.981
03/08/2017	16:47:55.7	     0.596	     0.982
03/08/2017	16:47:56.2	     0.596	     0.982
03/08/2017	16:47:56.7	     0.596	     0.983
03/08/2017	16:47:57.2	     0.596	     0.982
03/08/2017	16:47:57.7	     0.596	     0.982
03/08/2017	16:47:58.2	     0.596	     0.982
03/08/2017	16:47:58.7	     0.596	     0.981
03/08/2017	16:47:59.2	     0.596	     0.980
03/08/2017	16:47:59.7	     0.596	     0.981
03/08/2017	16:48:00.2	     0.596	     0.980
03/08/2017	16:48:00.7	     0.596	     0.981
03/08/2017	16:48:01.2	     0.596	     0.981
03/08/2017	16:48:01.7	     0.596	     0.981
03/08/2017	16:48:02.2	     0.596	     0.981
03/08/2017	16:48:02.7	     0.596	     0.981
03/08/2017	16:48:03.2	     0.596	     0.981
03/08/2017	16:48:03.7	     0.596	     0.981
03/08/2017	16:48:04.2	     0.596	     0.979
03/08/2017	16:48:04.7	     0.595	     0.979
03/08/2017	16:48:05.2	     0.595	     0.979
03/08/2017	16:48:05.7	     0.596	     0.979
03/08/2017	16:48:06.2	     0.595	     0.979
03/08/2017	16:48:06.7	     0.595	     0.979
03/08/2017	16:48:07.2	     0.595	     0.979
03/08/2017	16:48:07.7	     0.595	     0.978
03/08/2017	16:48:08.2	     0.595	     0.976
03/08/2017	16:48:08.7	     0.595	     0.977
03/08/2017	16:48:09.2	     0.595	     0.976
03/08/2017	16:48:09.7	     0.595	     0.976
03/08/2017	16:48:10.2	     0.595	     0.976
03/08/2017	16:48:10.7	     0.595	     0.976
03/08/2017	16:48:11.2	     0.595	     0.976
03/08/2017	16:48:11.7	     0.595	     0.976
03/08/2017	16:48:12.2	     0.595	     0.977
03/08/2017	16:48:12.7	     0.595	     0.976
03/08/2017	16:48:13.2	     0.595	     0.976
03/08/2017	16:48:13.7	     0.595	     0.976
03/08/2017	16:48:14.2	     0.595	     0.976
03/08/2017	16:48:14.7	     0.595	     0.975
03/08/2017	16:48:15.2	     0.595	     0.974
03/08/2017	16:48:15.7	     0.595	     0.975
03/08/2017	16:48:16.2	     0.595	     0.975
03/08/2017	16:48:16.7	     0.596	     0.974
03/08/2017	16:48:17.2	     0.596	     0.974
03/08/2017	16:48:17.7	     0.596	     0.974
03/08/2017	16:48:18.2	     0.596	     0.974
03/08/2017	16:48:18.7	     0.596	     0.973
03/08/2017	16:48:19.2	     0.596	     0.973
03/08/2017	16:48:19.7	     0.596	     0.974
03/08/2017	16:48:20.2	     0.596	     0.972
03/08/2017	16:48:20.7	     0.596	     0.972
03/08/2017	16:48:21.2	     0.596	     0.972
03/08/2017	16:48:21.7	     0.596	     0.971
03/08/2017	16:48:22.2	     0.596	     0.972
03/08/2017	16:48:22.7	     0.596	     0.972
03/08/2017	16:48:23.2	     0.596	     0.972
03/08/2017	16:48:23.7	     0.596	     0.971
03/08/2017	16:48:24.2	     0.596	     0.971
03/08/2017	16:48:24.7	     0.596	     0.971
03/08/2017	16:48:25.2	     0.596	     0.970
03/08/2017	16:48:25.7	     0.596	     0.970
03/08/2017	16:48:26.2	     0.596	     0.971
03/08/2017	16:48:26.7	     0.596	     0.970
03/08/2017	16:48:27.2	     0.596	     0.971
03/08/2017	16:48:27.7	     0.596	     0.971
03/08/2017	16:48:28.2	     0.596	     0.971
03/08/2017	16:48:28.7	     0.596	     0.970
03/08/2017	16:48:29.2	     0.596	     0.970
03/08/2017	16:48:29.7	     0.596	     0.970
03/08/2017	16:48:30.2	     0.596	     0.971
03/08/2017	16:48:30.7	     0.596	     0.969
03/08/2017	16:48:31.2	     0.596	     0.969
03/08/2017	16:48:31.7	     0.596	     0.969
03/08/2017	16:48:32.2	     0.596	     0.968
03/08/2017	16:48:32.7	     0.596	     0.969
03/08/2017	16:48:33.2	     0.596	     0.966
03/08/2017	16:48:33.7	     0.596	     0.966
03/08/2017	16:48:34.2	     0.596	     0.967
03/08/2017	16:48:34.7	     0.596	     0.967
03/08/2017	16:48:35.2	     0.596	     0.967
03/08/2017	16:48:35.7	     0.596	     0.967
03/08/2017	16:48:36.2	     0.596	     0.967
03/08/2017	16:48:36.7	     0.596	     0.967
03/08/2017	16:48:37.2	     0.596	     0.967
03/08/2017	16:48:37.7	     0.596	     0.966
03/08/2017	16:48:38.2	     0.596	     0.966
03/08/2017	16:48:38.7	     0.596	     0.966
03/08/2017	16:48:39.2	     0.596	     0.967
03/08/2017	16:48:39.7	     0.596	     0.966
03/08/2017	16:48:40.2	     0.596	     0.965
03/08/2017	16:48:40.7	     0.596	     0.966
03/08/2017	16:48:41.2	     0.596	     0.967
03/08/2017	16:48:41.7	     0.596	     0.966
03/08/2017	16:48:42.2	     0.596	     0.968
03/08/2017	16:48:42.7	     0.596	     0.968
03/08/2017	16:48:43.2	     0.596	     0.967
03/08/2017	16:48:43.7	     0.596	     0.967
03/08/2017	16:48:44.2	     0.596	     0.965
03/08/2017	16:48:44.7	     0.596	     0.966
03/08/2017	16:48:45.2	     0.597	     0.965
03/08/2017	16:48:45.7	     0.597	     0.965
03/08/2017	16:48:46.2	     0.597	     0.964
03/08/2017	16:48:46.7	     0.597	     0.965
03/08/2017	16:48:47.2	     0.597	     0.964
03/08/2017	16:48:47.7	     0.597	     0.964
03/08/2017	16:48:48.2	     0.597	     0.963
03/08/2017	16:48:48.7	     0.597	     0.964
03/08/2017	16:48:49.2	     0.597	     0.964
03/08/2017	16:48:49.7	     0.597	     0.962
03/08/2017	16:48:50.2	     0.597	     0.962
03/08/2017	16:48:50.7	     0.597	     0.963
03/08/2017	16:48:51.2	     0.597	     0.963
03/08/2017	16:48:51.7	     0.597	     0.962
03/08/2017	16:48:52.2	     0.597	     0.961
03/08/2017	16:48:52.7	     0.597	     0.962
03/08/2017	16:48:53.2	     0.597	     0.961
03/08/2017	16:48:53.7	     0.597	     0.962
03/08/2017	16:48:54.2	     0.597	     0.961
03/08/2017	16:48:54.7	     0.597	     0.962
03/08/2017	16:48:55.2	     0.597	     0.960
03/08/2017	16:48:55.7	     0.597	     0.957
03/08/2017	16:48:56.2	     0.597	     0.958
03/08/2017	16:48:56.7	     0.597	     0.959
03/08/2017	16:48:57.2	     0.597	     0.960
03/08/2017	16:48:57.7	     0.597	     0.960
03/08/2017	16:48:58.2	     0.597	     0.960
03/08/2017	16:48:58.7	     0.597	     0.960
03/08/2017	16:48:59.2	     0.597	     0.960
03/08/2017	16:48:59.7	     0.597	     0.960
03/08/2017	16:49:00.2	     0.597	     0.960
03/08/2017	16:49:00.7	     0.597	     0.959
03/08/2017	16:49:01.2	     0.597	     0.960
03/08/2017	16:49:01.7	     0.597	     0.960
03/08/2017	16:49:02.2	     0.597	     0.960
03/08/2017	16:49:02.7	     0.597	     0.960
03/08/2017	16:49:03.2	     0.597	     0.960
03/08/2017	16:49:03.7	     0.597	     0.960
03/08/2017	16:49:04.2	     0.597	     0.960
03/08/2017	16:49:04.7	     0.597	     0.959
03/08/2017	16:49:05.2	     0.597	     0.960
03/08/2017	16:49:05.7	     0.597	     0.960
03/08/2017	16:49:06.2	     0.597	     0.959
03/08/2017	16:49:06.7	     0.597	     0.960
03/08/2017	16:49:07.2	     0.597	     0.959
03/08/2017	16:49:07.7	     0.597	     0.959
03/08/2017	16:49:08.2	     0.597	     0.958
03/08/2017	16:49:08.7	     0.597	     0.957
03/08/2017	16:49:09.2	     0.597	     0.958
03/08/2017	16:49:09.7	     0.597	     0.957
03/08/2017	16:49:10.2	     0.597	     0.956
03/08/2017	16:49:10.7	     0.597	     0.958
03/08/2017	16:49:11.2	     0.597	     0.958
03/08/2017	16:49:11.7	     0.597	     0.957
03/08/2017	16:49:12.2	     0.597	     0.958
03/08/2017	16:49:12.7	     0.597	     0.958
03/08/2017	16:49:13.2	     0.597	     0.957
03/08/2017	16:49:13.7	     0.597	     0.957
03/08/2017	16:49:14.2	     0.597	     0.957
03/08/2017	16:49:14.7	     0.597	     0.958
03/08/2017	16:49:15.2	     0.597	     0.958
03/08/2017	16:49:15.7	     0.597	     0.956
03/08/2017	16:49:16.2	     0.597	     0.955
03/08/2017	16:49:16.7	     0.597	     0.956
03/08/2017	16:49:17.2	     0.597	     0.956
03/08/2017	16:49:17.7	     0.597	     0.956
03/08/2017	16:49:18.2	     0.597	     0.956
03/08/2017	16:49:18.7	     0.597	     0.955
03/08/2017	16:49:19.2	     0.597	     0.955
03/08/2017	16:49:19.7	     0.597	     0.955
03/08/2017	16:49:20.2	     0.597	     0.954
03/08/2017	16:49:20.7	     0.597	     0.955
03/08/2017	16:49:21.2	     0.597	     0.953
03/08/2017	16:49:21.7	     0.597	     0.954
03/08/2017	16:49:22.2	     0.597	     0.955
03/08/2017	16:49:22.7	     0.597	     0.953
03/08/2017	16:49:23.2	     0.597	     0.953
03/08/2017	16:49:23.7	     0.597	     0.951
03/08/2017	16:49:24.2	     0.597	     0.953
03/08/2017	16:49:24.7	     0.597	     0.954
03/08/2017	16:49:25.2	     0.597	     0.953
03/08/2017	16:49:25.7	     0.597	     0.954
03/08/2017	16:49:26.2	     0.597	     0.954
03/08/2017	16:49:26.7	     0.597	     0.953
03/08/2017	16:49:27.2	     0.597	     0.953
03/08/2017	16:49:27.7	     0.597	     0.953
03/08/2017	16:49:28.2	     0.597	     0.953
03/08/2017	16:49:28.7	     0.597	     0.952
03/08/2017	16:49:29.2	     0.597	     0.953
03/08/2017	16:49:29.7	     0.597	     0.952
03/08/2017	16:49:30.2	     0.597	     0.952
03/08/2017	16:49:30.7	     0.597	     0.953
03/08/2017	16:49:31.2	     0.597	     0.952
03/08/2017	16:49:31.7	     0.597	     0.953
03/08/2017	16:49:32.2	     0.597	     0.953
03/08/2017	16:49:32.7	     0.597	     0.952
03/08/2017	16:49:33.2	     0.597	     0.951
03/08/2017	16:49:33.7	     0.597	     0.952
03/08/2017	16:49:34.2	     0.597	     0.952
03/08/2017	16:49:34.7	     0.597	     0.952
03/08/2017	16:49:35.2	     0.597	     0.952
03/08/2017	16:49:35.7	     0.597	     0.952
03/08/2017	16:49:36.2	     0.597	     0.948
03/08/2017	16:49:36.7	     0.597	     0.948
03/08/2017	16:49:37.2	     0.597	     0.949
03/08/2017	16:49:37.7	     0.597	     0.949
03/08/2017	16:49:38.2	     0.597	     0.949
03/08/2017	16:49:38.7	     0.597	     0.950
03/08/2017	16:49:39.2	     0.597	     0.949
03/08/2017	16:49:39.7	     0.597	     0.949
03/08/2017	16:49:40.2	     0.597	     0.949
03/08/2017	16:49:40.7	     0.597	     0.949
03/08/2017	16:49:41.2	     0.597	     0.949
03/08/2017	16:49:41.7	     0.597	     0.949
03/08/2017	16:49:42.2	     0.597	     0.949
03/08/2017	16:49:42.7	     0.597	     0.949
03/08/2017	16:49:43.2	     0.597	     0.949
03/08/2017	16:49:43.7	     0.597	     0.949
03/08/2017	16:49:44.2	     0.597	     0.949
03/08/2017	16:49:44.7	     0.597	     0.949
03/08/2017	16:49:45.2	     0.597	     0.949
03/08/2017	16:49:45.7	     0.597	     0.948
03/08/2017	16:49:46.2	     0.597	     0.948
03/08/2017	16:49:46.7	     0.597	     0.947
03/08/2017	16:49:47.2	     0.597	     0.948
03/08/2017	16:49:47.7	     0.597	     0.948
03/08/2017	16:49:48.2	     0.597	     0.948
03/08/2017	16:49:48.7	     0.597	     0.948
03/08/2017	16:49:49.2	     0.597	     0.947
03/08/2017	16:49:49.7	     0.597	     0.947
03/08/2017	16:49:50.2	     0.597	     0.947
03/08/2017	16:49:50.7	     0.597	     0.946
03/08/2017	16:49:51.2	     0.597	     0.947
03/08/2017	16:49:51.7	     0.597	     0.947
03/08/2017	16:49:52.2	     0.597	     0.947
03/08/2017	16:49:52.7	     0.597	     0.946
03/08/2017	16:49:53.2	     0.597	     0.946
03/08/2017	16:49:53.7	     0.597	     0.946
03/08/2017	16:49:54.2	     0.597	     0.947
03/08/2017	16:49:54.7	     0.597	     0.947
03/08/2017	16:49:55.2	     0.597	     0.947
03/08/2017	16:49:55.7	     0.597	     0.947
03/08/2017	16:49:56.2	     0.597	     0.947
03/08/2017	16:49:56.7	     0.597	     0.947
03/08/2017	16:49:57.2	     0.597	     0.947
03/08/2017	16:49:57.7	     0.597	     0.947
03/08/2017	16:49:58.2	     0.597	     0.946
03/08/2017	16:49:58.7	     0.597	     0.945
03/08/2017	16:49:59.2	     0.597	     0.947
03/08/2017	16:49:59.7	     0.597	     0.947
03/08/2017	16:50:00.2	     0.597	     0.946
03/08/2017	16:50:00.7	     0.597	     0.946
03/08/2017	16:50:01.2	     0.597	     0.947
03/08/2017	16:50:01.7	     0.597	     0.947
03/08/2017	16:50:02.2	     0.597	     0.946
03/08/2017	16:50:02.7	     0.597	     0.945
03/08/2017	16:50:03.2	     0.597	     0.946
03/08/2017	16:50:03.7	     0.597	     0.947
03/08/2017	16:50:04.2	     0.598	     0.946
03/08/2017	16:50:04.7	     0.598	     0.947
03/08/2017	16:50:05.2	     0.597	     0.946
03/08/2017	16:50:05.7	     0.597	     0.945
03/08/2017	16:50:06.2	     0.597	     0.946
03/08/2017	16:50:06.7	     0.597	     0.944
03/08/2017	16:50:07.2	     0.597	     0.946
03/08/2017	16:50:07.7	     0.598	     0.945
03/08/2017	16:50:08.2	     0.598	     0.945
03/08/2017	16:50:08.7	     0.598	     0.945
03/08/2017	16:50:09.2	     0.598	     0.945
03/08/2017	16:50:09.7	     0.598	     0.945
03/08/2017	16:50:10.2	     0.598	     0.945
03/08/2017	16:50:10.7	     0.598	     0.945
03/08/2017	16:50:11.2	     0.598	     0.945
03/08/2017	16:50:11.7	     0.598	     0.945
03/08/2017	16:50:12.2	     0.598	     0.944
03/08/2017	16:50:12.7	     0.598	     0.945
03/08/2017	16:50:13.2	     0.598	     0.944
03/08/2017	16:50:13.7	     0.598	     0.945
03/08/2017	16:50:14.2	     0.598	     0.944
03/08/2017	16:50:14.7	     0.598	     0.945
03/08/2017	16:50:15.2	     0.598	     0.943
03/08/2017	16:50:15.7	     0.598	     0.945
03/08/2017	16:50:16.2	     0.598	     0.944
03/08/2017	16:50:16.7	     0.598	     0.944
03/08/2017	16:50:17.2	     0.598	     0.943
03/08/2017	16:50:17.7	     0.598	     0.944
03/08/2017	16:50:18.2	     0.598	     0.943
03/08/2017	16:50:18.7	     0.598	     0.943
03/08/2017	16:50:19.2	     0.598	     0.943
03/08/2017	16:50:19.7	     0.598	     0.942
03/08/2017	16:50:20.2	     0.598	     0.943
03/08/2017	16:50:20.7	     0.598	     0.943
03/08/2017	16:50:21.2	     0.598	     0.942
03/08/2017	16:50:21.7	     0.598	     0.942
03/08/2017	16:50:22.2	     0.598	     0.942
03/08/2017	16:50:22.7	     0.598	     0.942
03/08/2017	16:50:23.2	     0.598	     0.941
03/08/2017	16:50:23.7	     0.598	     0.941
03/08/2017	16:50:24.2	     0.598	     0.940
03/08/2017	16:50:24.7	     0.598	     0.941
03/08/2017	16:50:25.2	     0.598	     0.941
03/08/2017	16:50:25.7	     0.598	     0.941
03/08/2017	16:50:26.2	     0.598	     0.942
03/08/2017	16:50:26.7	     0.598	     0.941
03/08/2017	16:50:27.2	     0.598	     0.943
03/08/2017	16:50:27.7	     0.598	     0.942
03/08/2017	16:50:28.2	     0.598	     0.941
03/08/2017	16:50:28.7	     0.598	     0.942
03/08/2017	16:50:29.2	     0.598	     0.941
03/08/2017	16:50:29.7	     0.598	     0.942
03/08/2017	16:50:30.2	     0.598	     0.941
03/08/2017	16:50:30.7	     0.598	     0.941
03/08/2017	16:50:31.2	     0.598	     0.941
03/08/2017	16:50:31.7	     0.598	     0.941
03/08/2017	16:50:32.2	     0.598	     0.940
03/08/2017	16:50:32.7	     0.598	     0.940
03/08/2017	16:50:33.2	     0.598	     0.940
03/08/2017	16:50:33.7	     0.598	     0.940
03/08/2017	16:50:34.2	     0.598	     0.941
03/08/2017	16:50:34.7	     0.598	     0.940
END DATA