VIRTUALBENCH-LOGGER 2.5 REPORT
NATIONAL INSTRUMENTS
DATE CREATED	12:54:42	03/08/2017

USER	


START COMMENT


END COMMENT

START DATA
Date	Time	AMPS(V)	PYRO(V)
03/08/2017	12:54:42.5	     0.596	     0.972
03/08/2017	12:54:43.0	     0.596	     0.986
03/08/2017	12:54:43.5	     0.596	     0.986
03/08/2017	12:54:44.0	     0.596	     0.986
03/08/2017	12:54:44.5	     0.595	     0.986
03/08/2017	12:54:45.0	     0.595	     0.986
03/08/2017	12:54:45.5	     0.595	     0.986
03/08/2017	12:54:46.0	     0.595	     0.985
03/08/2017	12:54:46.5	     0.595	     0.984
03/08/2017	12:54:47.0	     0.595	     0.984
03/08/2017	12:54:47.5	     0.595	     0.985
03/08/2017	12:54:48.0	     0.595	     0.983
03/08/2017	12:54:48.5	     0.595	     0.984
03/08/2017	12:54:49.0	     0.595	     0.984
03/08/2017	12:54:49.5	     0.595	     0.985
03/08/2017	12:54:50.0	     0.595	     0.985
03/08/2017	12:54:50.5	     0.595	     0.985
03/08/2017	12:54:51.0	     0.595	     0.985
03/08/2017	12:54:51.5	     0.595	     0.985
03/08/2017	12:54:52.0	     0.595	     0.984
03/08/2017	12:54:52.5	     0.595	     0.982
03/08/2017	12:54:53.0	     0.595	     0.984
03/08/2017	12:54:53.5	     0.595	     0.984
03/08/2017	12:54:54.0	     0.595	     0.984
03/08/2017	12:54:54.5	     0.595	     0.983
03/08/2017	12:54:55.0	     0.595	     0.983
03/08/2017	12:54:55.5	     0.595	     0.983
03/08/2017	12:54:56.0	     0.595	     0.983
03/08/2017	12:54:56.5	     0.595	     0.913
03/08/2017	12:54:57.0	     0.595	     0.802
03/08/2017	12:54:57.5	     0.595	     0.650
03/08/2017	12:54:58.0	     0.595	     0.725
03/08/2017	12:54:58.5	     0.595	     0.732
03/08/2017	12:54:59.0	     0.595	     0.737
03/08/2017	12:54:59.5	     0.595	     0.748
03/08/2017	12:55:00.0	     0.595	     0.751
03/08/2017	12:55:00.5	     0.595	     0.753
03/08/2017	12:55:01.0	     0.595	     0.756
03/08/2017	12:55:01.5	     0.595	     0.778
03/08/2017	12:55:02.0	     0.595	     0.776
03/08/2017	12:55:02.5	     0.595	     0.792
03/08/2017	12:55:03.0	     0.595	     0.805
03/08/2017	12:55:03.5	     0.595	     0.819
03/08/2017	12:55:04.0	     0.595	     0.829
03/08/2017	12:55:04.5	     0.595	     0.849
03/08/2017	12:55:05.0	     0.595	     0.859
03/08/2017	12:55:05.5	     0.595	     0.840
03/08/2017	12:55:06.0	     0.595	     0.848
03/08/2017	12:55:06.5	     0.595	     0.855
03/08/2017	12:55:07.0	     0.595	     0.844
03/08/2017	12:55:07.5	     0.595	     0.787
03/08/2017	12:55:08.0	     0.595	     0.785
03/08/2017	12:55:08.5	     0.595	     0.791
03/08/2017	12:55:09.0	     0.595	     0.783
03/08/2017	12:55:09.5	     0.595	     0.790
03/08/2017	12:55:10.0	     0.595	     0.776
03/08/2017	12:55:10.5	     0.595	     0.772
03/08/2017	12:55:11.0	     0.595	     0.798
03/08/2017	12:55:11.5	     0.595	     0.789
03/08/2017	12:55:12.0	     0.595	     0.796
03/08/2017	12:55:12.5	     0.595	     0.799
03/08/2017	12:55:13.0	     0.595	     0.822
03/08/2017	12:55:13.5	     0.595	     0.833
03/08/2017	12:55:14.0	     0.595	     0.858
03/08/2017	12:55:14.5	     0.595	     0.867
03/08/2017	12:55:15.0	     0.595	     0.894
03/08/2017	12:55:15.5	     0.595	     0.938
03/08/2017	12:55:16.0	     0.595	     0.990
03/08/2017	12:55:16.5	     0.595	     1.027
03/08/2017	12:55:17.0	     0.595	     1.010
03/08/2017	12:55:17.5	     0.595	     1.010
03/08/2017	12:55:18.0	     0.595	     1.015
03/08/2017	12:55:18.5	     0.595	     1.023
03/08/2017	12:55:19.0	     0.595	     1.054
03/08/2017	12:55:19.5	     0.595	     1.067
03/08/2017	12:55:20.0	     0.595	     1.071
03/08/2017	12:55:20.5	     0.595	     1.085
03/08/2017	12:55:21.0	     0.595	     1.080
03/08/2017	12:55:21.5	     0.595	     1.066
03/08/2017	12:55:22.0	     0.595	     1.073
03/08/2017	12:55:22.5	     0.595	     1.135
03/08/2017	12:55:23.0	     0.595	     1.124
03/08/2017	12:55:23.5	     0.595	     1.086
03/08/2017	12:55:24.0	     0.595	     1.033
03/08/2017	12:55:24.5	     0.595	     1.066
03/08/2017	12:55:25.0	     0.595	     1.100
03/08/2017	12:55:25.5	     0.595	     1.153
03/08/2017	12:55:26.0	     0.595	     1.178
03/08/2017	12:55:26.5	     0.595	     1.186
03/08/2017	12:55:27.0	     0.595	     1.184
03/08/2017	12:55:27.5	     0.595	     1.184
03/08/2017	12:55:28.0	     0.595	     1.183
03/08/2017	12:55:28.5	     0.595	     1.182
03/08/2017	12:55:29.0	     0.595	     1.180
03/08/2017	12:55:29.5	     0.595	     1.181
03/08/2017	12:55:30.0	     0.595	     1.181
03/08/2017	12:55:30.5	     0.595	     1.184
03/08/2017	12:55:31.0	     0.595	     1.183
03/08/2017	12:55:31.5	     0.595	     1.184
03/08/2017	12:55:32.0	     0.595	     1.183
03/08/2017	12:55:32.5	     0.595	     1.183
03/08/2017	12:55:33.0	     0.595	     1.183
03/08/2017	12:55:33.5	     0.595	     1.183
03/08/2017	12:55:34.0	     0.595	     1.183
03/08/2017	12:55:34.5	     0.595	     1.184
03/08/2017	12:55:35.0	     0.595	     1.184
03/08/2017	12:55:35.5	     0.595	     1.184
03/08/2017	12:55:36.0	     0.595	     1.181
03/08/2017	12:55:36.5	     0.595	     1.179
03/08/2017	12:55:37.0	     0.595	     1.181
03/08/2017	12:55:37.5	     0.595	     1.182
03/08/2017	12:55:38.0	     0.596	     1.181
03/08/2017	12:55:38.5	     0.596	     1.181
03/08/2017	12:55:39.0	     0.596	     1.180
03/08/2017	12:55:39.5	     0.596	     1.179
03/08/2017	12:55:40.0	     0.596	     1.180
03/08/2017	12:55:40.5	     0.596	     1.179
03/08/2017	12:55:41.0	     0.596	     1.178
03/08/2017	12:55:41.5	     0.596	     1.177
03/08/2017	12:55:42.0	     0.596	     1.175
03/08/2017	12:55:42.5	     0.596	     1.177
03/08/2017	12:55:43.0	     0.596	     1.175
03/08/2017	12:55:43.5	     0.596	     1.174
03/08/2017	12:55:44.0	     0.596	     1.173
03/08/2017	12:55:44.5	     0.596	     1.175
03/08/2017	12:55:45.0	     0.596	     1.172
03/08/2017	12:55:45.5	     0.596	     1.171
03/08/2017	12:55:46.0	     0.596	     1.172
03/08/2017	12:55:46.5	     0.596	     1.171
03/08/2017	12:55:47.0	     0.596	     1.170
03/08/2017	12:55:47.5	     0.596	     1.169
03/08/2017	12:55:48.0	     0.596	     1.166
03/08/2017	12:55:48.5	     0.596	     1.167
03/08/2017	12:55:49.0	     0.596	     1.167
03/08/2017	12:55:49.5	     0.596	     1.166
03/08/2017	12:55:50.0	     0.596	     1.165
03/08/2017	12:55:50.5	     0.597	     1.163
03/08/2017	12:55:51.0	     0.597	     1.163
03/08/2017	12:55:51.5	     0.597	     1.163
03/08/2017	12:55:52.0	     0.597	     1.160
03/08/2017	12:55:52.5	     0.597	     1.159
03/08/2017	12:55:53.0	     0.597	     1.158
03/08/2017	12:55:53.5	     0.597	     1.157
03/08/2017	12:55:54.0	     0.597	     1.156
03/08/2017	12:55:54.5	     0.597	     1.156
03/08/2017	12:55:55.0	     0.597	     1.151
03/08/2017	12:55:55.5	     0.597	     1.152
03/08/2017	12:55:56.0	     0.597	     1.151
03/08/2017	12:55:56.5	     0.597	     1.151
03/08/2017	12:55:57.0	     0.597	     1.148
03/08/2017	12:55:57.5	     0.597	     1.148
03/08/2017	12:55:58.0	     0.597	     1.147
03/08/2017	12:55:58.5	     0.597	     1.145
03/08/2017	12:55:59.0	     0.597	     1.144
03/08/2017	12:55:59.5	     0.597	     1.145
03/08/2017	12:56:00.0	     0.597	     1.145
03/08/2017	12:56:00.5	     0.597	     1.141
03/08/2017	12:56:01.0	     0.597	     1.141
03/08/2017	12:56:01.5	     0.597	     1.141
03/08/2017	12:56:02.0	     0.597	     1.141
03/08/2017	12:56:02.5	     0.597	     1.138
03/08/2017	12:56:03.0	     0.597	     1.136
03/08/2017	12:56:03.5	     0.597	     1.137
03/08/2017	12:56:04.0	     0.597	     1.132
03/08/2017	12:56:04.5	     0.597	     1.132
03/08/2017	12:56:05.0	     0.597	     1.132
03/08/2017	12:56:05.5	     0.597	     1.132
03/08/2017	12:56:06.0	     0.597	     1.131
03/08/2017	12:56:06.5	     0.597	     1.128
03/08/2017	12:56:07.0	     0.597	     1.128
03/08/2017	12:56:07.5	     0.597	     1.127
03/08/2017	12:56:08.0	     0.597	     1.127
03/08/2017	12:56:08.5	     0.597	     1.127
03/08/2017	12:56:09.0	     0.597	     1.126
03/08/2017	12:56:09.5	     0.597	     1.124
03/08/2017	12:56:10.0	     0.597	     1.121
03/08/2017	12:56:10.5	     0.597	     1.120
03/08/2017	12:56:11.0	     0.597	     1.118
03/08/2017	12:56:11.5	     0.597	     1.120
03/08/2017	12:56:12.0	     0.597	     1.119
03/08/2017	12:56:12.5	     0.597	     1.116
03/08/2017	12:56:13.0	     0.597	     1.116
03/08/2017	12:56:13.5	     0.597	     1.116
03/08/2017	12:56:14.0	     0.597	     1.114
03/08/2017	12:56:14.5	     0.597	     1.112
03/08/2017	12:56:15.0	     0.597	     1.112
03/08/2017	12:56:15.5	     0.597	     1.111
03/08/2017	12:56:16.0	     0.597	     1.112
03/08/2017	12:56:16.5	     0.597	     1.110
03/08/2017	12:56:17.0	     0.597	     1.109
03/08/2017	12:56:17.5	     0.597	     1.109
03/08/2017	12:56:18.0	     0.597	     1.106
03/08/2017	12:56:18.5	     0.597	     1.107
03/08/2017	12:56:19.0	     0.597	     1.107
03/08/2017	12:56:19.5	     0.597	     1.105
03/08/2017	12:56:20.0	     0.597	     1.106
03/08/2017	12:56:20.5	     0.597	     1.104
03/08/2017	12:56:21.0	     0.597	     1.103
03/08/2017	12:56:21.5	     0.597	     1.101
03/08/2017	12:56:22.0	     0.597	     1.101
03/08/2017	12:56:22.5	     0.597	     1.100
03/08/2017	12:56:23.0	     0.597	     1.100
03/08/2017	12:56:23.5	     0.597	     1.098
03/08/2017	12:56:24.0	     0.597	     1.094
03/08/2017	12:56:24.5	     0.597	     1.095
03/08/2017	12:56:25.0	     0.597	     1.095
03/08/2017	12:56:25.5	     0.597	     1.094
03/08/2017	12:56:26.0	     0.597	     1.090
03/08/2017	12:56:26.5	     0.597	     1.090
03/08/2017	12:56:27.0	     0.597	     1.090
03/08/2017	12:56:27.5	     0.597	     1.090
03/08/2017	12:56:28.0	     0.597	     1.090
03/08/2017	12:56:28.5	     0.597	     1.089
03/08/2017	12:56:29.0	     0.597	     1.088
03/08/2017	12:56:29.5	     0.596	     1.088
03/08/2017	12:56:30.0	     0.596	     1.087
03/08/2017	12:56:30.5	     0.596	     1.087
03/08/2017	12:56:31.0	     0.596	     1.086
03/08/2017	12:56:31.5	     0.596	     1.086
03/08/2017	12:56:32.0	     0.596	     1.085
03/08/2017	12:56:32.5	     0.596	     1.083
03/08/2017	12:56:33.0	     0.596	     1.082
03/08/2017	12:56:33.5	     0.596	     1.082
03/08/2017	12:56:34.0	     0.596	     1.081
03/08/2017	12:56:34.5	     0.596	     1.081
03/08/2017	12:56:35.0	     0.596	     1.079
03/08/2017	12:56:35.5	     0.596	     1.079
03/08/2017	12:56:36.0	     0.596	     1.076
03/08/2017	12:56:36.5	     0.596	     1.075
03/08/2017	12:56:37.0	     0.596	     1.075
03/08/2017	12:56:37.5	     0.596	     1.075
03/08/2017	12:56:38.0	     0.596	     1.075
03/08/2017	12:56:38.5	     0.596	     1.074
03/08/2017	12:56:39.0	     0.596	     1.071
03/08/2017	12:56:39.5	     0.596	     1.071
03/08/2017	12:56:40.0	     0.596	     1.071
03/08/2017	12:56:40.5	     0.596	     1.071
03/08/2017	12:56:41.0	     0.596	     1.071
03/08/2017	12:56:41.5	     0.596	     1.070
03/08/2017	12:56:42.0	     0.596	     1.069
03/08/2017	12:56:42.5	     0.596	     1.069
03/08/2017	12:56:43.0	     0.596	     1.068
03/08/2017	12:56:43.5	     0.596	     1.067
03/08/2017	12:56:44.0	     0.596	     1.067
03/08/2017	12:56:44.5	     0.596	     1.064
03/08/2017	12:56:45.0	     0.596	     1.064
03/08/2017	12:56:45.5	     0.596	     1.064
03/08/2017	12:56:46.0	     0.596	     1.064
03/08/2017	12:56:46.5	     0.596	     1.064
03/08/2017	12:56:47.0	     0.596	     1.061
03/08/2017	12:56:47.5	     0.597	     1.060
03/08/2017	12:56:48.0	     0.596	     1.060
03/08/2017	12:56:48.5	     0.596	     1.060
03/08/2017	12:56:49.0	     0.597	     1.059
03/08/2017	12:56:49.5	     0.597	     1.058
03/08/2017	12:56:50.0	     0.596	     1.058
03/08/2017	12:56:50.5	     0.596	     1.058
03/08/2017	12:56:51.0	     0.596	     1.058
03/08/2017	12:56:51.5	     0.596	     1.058
03/08/2017	12:56:52.0	     0.596	     1.057
03/08/2017	12:56:52.5	     0.596	     1.056
03/08/2017	12:56:53.0	     0.596	     1.055
03/08/2017	12:56:53.5	     0.596	     1.055
03/08/2017	12:56:54.0	     0.596	     1.055
03/08/2017	12:56:54.5	     0.596	     1.054
03/08/2017	12:56:55.0	     0.596	     1.054
03/08/2017	12:56:55.5	     0.596	     1.053
03/08/2017	12:56:56.0	     0.596	     1.053
03/08/2017	12:56:56.5	     0.596	     1.053
03/08/2017	12:56:57.0	     0.596	     1.052
03/08/2017	12:56:57.5	     0.596	     1.051
03/08/2017	12:56:58.0	     0.596	     1.051
03/08/2017	12:56:58.5	     0.596	     1.050
03/08/2017	12:56:59.0	     0.596	     1.049
03/08/2017	12:56:59.5	     0.596	     1.048
03/08/2017	12:57:00.0	     0.596	     1.049
03/08/2017	12:57:00.5	     0.596	     1.047
03/08/2017	12:57:01.0	     0.596	     1.047
03/08/2017	12:57:01.5	     0.596	     1.044
03/08/2017	12:57:02.0	     0.596	     1.044
03/08/2017	12:57:02.5	     0.596	     1.045
03/08/2017	12:57:03.0	     0.596	     1.045
03/08/2017	12:57:03.5	     0.596	     1.045
03/08/2017	12:57:04.0	     0.596	     1.045
03/08/2017	12:57:04.5	     0.596	     1.044
03/08/2017	12:57:05.0	     0.596	     1.044
03/08/2017	12:57:05.5	     0.596	     1.043
03/08/2017	12:57:06.0	     0.596	     1.041
03/08/2017	12:57:06.5	     0.596	     1.041
03/08/2017	12:57:07.0	     0.596	     1.040
03/08/2017	12:57:07.5	     0.596	     1.037
03/08/2017	12:57:08.0	     0.596	     1.037
03/08/2017	12:57:08.5	     0.596	     1.038
03/08/2017	12:57:09.0	     0.596	     1.038
03/08/2017	12:57:09.5	     0.596	     1.037
03/08/2017	12:57:10.0	     0.596	     1.037
03/08/2017	12:57:10.5	     0.596	     1.036
03/08/2017	12:57:11.0	     0.596	     1.036
03/08/2017	12:57:11.5	     0.596	     1.035
03/08/2017	12:57:12.0	     0.596	     1.035
03/08/2017	12:57:12.5	     0.596	     1.035
03/08/2017	12:57:13.0	     0.596	     1.034
03/08/2017	12:57:13.5	     0.596	     1.034
03/08/2017	12:57:14.0	     0.596	     1.032
03/08/2017	12:57:14.5	     0.596	     1.031
03/08/2017	12:57:15.0	     0.596	     1.031
03/08/2017	12:57:15.5	     0.596	     1.031
03/08/2017	12:57:16.0	     0.596	     1.031
03/08/2017	12:57:16.5	     0.596	     1.031
03/08/2017	12:57:17.0	     0.596	     1.031
03/08/2017	12:57:17.5	     0.596	     1.030
03/08/2017	12:57:18.0	     0.596	     1.029
03/08/2017	12:57:18.5	     0.596	     1.029
03/08/2017	12:57:19.0	     0.596	     1.029
03/08/2017	12:57:19.5	     0.596	     1.028
03/08/2017	12:57:20.0	     0.596	     1.029
03/08/2017	12:57:20.5	     0.596	     1.029
03/08/2017	12:57:21.0	     0.596	     1.028
03/08/2017	12:57:21.5	     0.596	     1.027
03/08/2017	12:57:22.0	     0.596	     1.026
03/08/2017	12:57:22.5	     0.596	     1.026
03/08/2017	12:57:23.0	     0.596	     1.026
03/08/2017	12:57:23.5	     0.596	     1.024
03/08/2017	12:57:24.0	     0.596	     1.024
03/08/2017	12:57:24.5	     0.596	     1.024
03/08/2017	12:57:25.0	     0.596	     1.023
03/08/2017	12:57:25.5	     0.596	     1.022
03/08/2017	12:57:26.0	     0.596	     1.023
03/08/2017	12:57:26.5	     0.596	     1.023
03/08/2017	12:57:27.0	     0.596	     1.023
03/08/2017	12:57:27.5	     0.596	     1.023
03/08/2017	12:57:28.0	     0.596	     1.022
03/08/2017	12:57:28.5	     0.596	     1.021
03/08/2017	12:57:29.0	     0.596	     1.021
03/08/2017	12:57:29.5	     0.596	     1.021
03/08/2017	12:57:30.0	     0.596	     1.020
03/08/2017	12:57:30.5	     0.596	     1.020
03/08/2017	12:57:31.0	     0.596	     1.019
03/08/2017	12:57:31.5	     0.596	     1.018
03/08/2017	12:57:32.0	     0.596	     1.018
03/08/2017	12:57:32.5	     0.596	     1.019
03/08/2017	12:57:33.0	     0.596	     1.016
03/08/2017	12:57:33.5	     0.596	     1.017
03/08/2017	12:57:34.0	     0.596	     1.017
03/08/2017	12:57:34.5	     0.596	     1.016
03/08/2017	12:57:35.0	     0.596	     1.016
03/08/2017	12:57:35.5	     0.596	     1.016
03/08/2017	12:57:36.0	     0.596	     1.016
03/08/2017	12:57:36.5	     0.596	     1.015
03/08/2017	12:57:37.0	     0.596	     1.015
03/08/2017	12:57:37.5	     0.596	     1.015
03/08/2017	12:57:38.0	     0.596	     1.014
03/08/2017	12:57:38.5	     0.596	     1.014
03/08/2017	12:57:39.0	     0.596	     1.013
03/08/2017	12:57:39.5	     0.596	     1.014
03/08/2017	12:57:40.0	     0.596	     1.014
03/08/2017	12:57:40.5	     0.596	     1.014
03/08/2017	12:57:41.0	     0.596	     1.013
03/08/2017	12:57:41.5	     0.596	     1.012
03/08/2017	12:57:42.0	     0.596	     1.011
03/08/2017	12:57:42.5	     0.596	     1.011
03/08/2017	12:57:43.0	     0.596	     1.010
03/08/2017	12:57:43.5	     0.596	     1.011
03/08/2017	12:57:44.0	     0.596	     1.010
03/08/2017	12:57:44.5	     0.596	     1.010
03/08/2017	12:57:45.0	     0.596	     1.010
03/08/2017	12:57:45.5	     0.596	     1.010
03/08/2017	12:57:46.0	     0.596	     1.011
03/08/2017	12:57:46.5	     0.596	     1.009
03/08/2017	12:57:47.0	     0.596	     1.008
03/08/2017	12:57:47.5	     0.596	     1.008
03/08/2017	12:57:48.0	     0.596	     1.008
03/08/2017	12:57:48.5	     0.596	     1.007
03/08/2017	12:57:49.0	     0.596	     1.008
03/08/2017	12:57:49.5	     0.596	     1.007
03/08/2017	12:57:50.0	     0.596	     1.006
03/08/2017	12:57:50.5	     0.596	     1.007
03/08/2017	12:57:51.0	     0.596	     1.007
03/08/2017	12:57:51.5	     0.596	     1.006
03/08/2017	12:57:52.0	     0.596	     1.006
03/08/2017	12:57:52.5	     0.596	     1.006
03/08/2017	12:57:53.0	     0.596	     1.006
03/08/2017	12:57:53.5	     0.596	     1.003
03/08/2017	12:57:54.0	     0.596	     1.003
03/08/2017	12:57:54.5	     0.596	     1.004
03/08/2017	12:57:55.0	     0.596	     1.004
03/08/2017	12:57:55.5	     0.596	     1.004
03/08/2017	12:57:56.0	     0.596	     1.004
03/08/2017	12:57:56.5	     0.596	     1.005
03/08/2017	12:57:57.0	     0.596	     1.003
03/08/2017	12:57:57.5	     0.596	     1.003
03/08/2017	12:57:58.0	     0.596	     1.002
03/08/2017	12:57:58.5	     0.596	     1.002
03/08/2017	12:57:59.0	     0.596	     1.001
03/08/2017	12:57:59.5	     0.596	     1.001
03/08/2017	12:58:00.0	     0.596	     1.002
03/08/2017	12:58:00.5	     0.596	     1.002
03/08/2017	12:58:01.0	     0.596	     1.002
03/08/2017	12:58:01.5	     0.596	     1.001
03/08/2017	12:58:02.0	     0.596	     1.001
03/08/2017	12:58:02.5	     0.596	     1.000
03/08/2017	12:58:03.0	     0.596	     1.000
03/08/2017	12:58:03.5	     0.596	     0.999
03/08/2017	12:58:04.0	     0.596	     1.000
03/08/2017	12:58:04.5	     0.596	     1.000
03/08/2017	12:58:05.0	     0.596	     1.000
03/08/2017	12:58:05.5	     0.596	     0.999
03/08/2017	12:58:06.0	     0.596	     0.999
03/08/2017	12:58:06.5	     0.596	     0.999
03/08/2017	12:58:07.0	     0.596	     0.999
03/08/2017	12:58:07.5	     0.596	     0.998
03/08/2017	12:58:08.0	     0.596	     0.998
03/08/2017	12:58:08.5	     0.596	     0.997
03/08/2017	12:58:09.0	     0.596	     0.998
03/08/2017	12:58:09.5	     0.596	     0.998
03/08/2017	12:58:10.0	     0.596	     0.997
03/08/2017	12:58:10.5	     0.596	     0.997
03/08/2017	12:58:11.0	     0.596	     0.996
03/08/2017	12:58:11.5	     0.595	     0.997
03/08/2017	12:58:12.0	     0.595	     0.996
03/08/2017	12:58:12.5	     0.595	     0.996
03/08/2017	12:58:13.0	     0.595	     0.993
03/08/2017	12:58:13.5	     0.595	     0.993
03/08/2017	12:58:14.0	     0.595	     0.993
03/08/2017	12:58:14.5	     0.595	     0.993
03/08/2017	12:58:15.0	     0.595	     0.994
03/08/2017	12:58:15.5	     0.595	     0.993
03/08/2017	12:58:16.0	     0.595	     0.993
03/08/2017	12:58:16.5	     0.595	     0.993
03/08/2017	12:58:17.0	     0.595	     0.993
03/08/2017	12:58:17.5	     0.595	     0.992
03/08/2017	12:58:18.0	     0.595	     0.992
03/08/2017	12:58:18.5	     0.595	     0.993
03/08/2017	12:58:19.0	     0.595	     0.992
03/08/2017	12:58:19.5	     0.595	     0.993
03/08/2017	12:58:20.0	     0.595	     0.992
03/08/2017	12:58:20.5	     0.595	     0.992
03/08/2017	12:58:21.0	     0.595	     0.992
03/08/2017	12:58:21.5	     0.595	     0.992
03/08/2017	12:58:22.0	     0.595	     0.989
03/08/2017	12:58:22.5	     0.595	     0.990
03/08/2017	12:58:23.0	     0.595	     0.990
03/08/2017	12:58:23.5	     0.595	     0.990
03/08/2017	12:58:24.0	     0.596	     0.990
03/08/2017	12:58:24.5	     0.596	     0.990
03/08/2017	12:58:25.0	     0.596	     0.990
03/08/2017	12:58:25.5	     0.596	     0.990
03/08/2017	12:58:26.0	     0.596	     0.990
03/08/2017	12:58:26.5	     0.596	     0.990
03/08/2017	12:58:27.0	     0.596	     0.989
03/08/2017	12:58:27.5	     0.596	     0.989
03/08/2017	12:58:28.0	     0.596	     0.989
03/08/2017	12:58:28.5	     0.596	     0.989
03/08/2017	12:58:29.0	     0.596	     0.989
03/08/2017	12:58:29.5	     0.596	     0.989
03/08/2017	12:58:30.0	     0.596	     0.988
03/08/2017	12:58:30.5	     0.596	     0.988
03/08/2017	12:58:31.0	     0.596	     0.988
03/08/2017	12:58:31.5	     0.596	     0.987
03/08/2017	12:58:32.0	     0.596	     0.986
03/08/2017	12:58:32.5	     0.596	     0.986
03/08/2017	12:58:33.0	     0.596	     0.986
03/08/2017	12:58:33.5	     0.596	     0.986
03/08/2017	12:58:34.0	     0.596	     0.986
03/08/2017	12:58:34.5	     0.596	     0.986
03/08/2017	12:58:35.0	     0.596	     0.986
03/08/2017	12:58:35.5	     0.596	     0.986
03/08/2017	12:58:36.0	     0.596	     0.986
03/08/2017	12:58:36.5	     0.596	     0.986
03/08/2017	12:58:37.0	     0.596	     0.985
03/08/2017	12:58:37.5	     0.596	     0.984
03/08/2017	12:58:38.0	     0.596	     0.985
03/08/2017	12:58:38.5	     0.596	     0.984
03/08/2017	12:58:39.0	     0.596	     0.984
03/08/2017	12:58:39.5	     0.596	     0.984
03/08/2017	12:58:40.0	     0.596	     0.984
03/08/2017	12:58:40.5	     0.595	     0.984
03/08/2017	12:58:41.0	     0.595	     0.984
03/08/2017	12:58:41.5	     0.595	     0.983
03/08/2017	12:58:42.0	     0.595	     0.984
03/08/2017	12:58:42.5	     0.595	     0.983
03/08/2017	12:58:43.0	     0.595	     0.983
03/08/2017	12:58:43.5	     0.595	     0.982
03/08/2017	12:58:44.0	     0.595	     0.982
03/08/2017	12:58:44.5	     0.595	     0.981
03/08/2017	12:58:45.0	     0.595	     0.981
03/08/2017	12:58:45.5	     0.595	     0.981
03/08/2017	12:58:46.0	     0.595	     0.981
03/08/2017	12:58:46.5	     0.595	     0.980
03/08/2017	12:58:47.0	     0.595	     0.980
03/08/2017	12:58:47.5	     0.595	     0.980
03/08/2017	12:58:48.0	     0.595	     0.981
03/08/2017	12:58:48.5	     0.595	     0.980
03/08/2017	12:58:49.0	     0.595	     0.980
03/08/2017	12:58:49.5	     0.595	     0.980
03/08/2017	12:58:50.0	     0.595	     0.980
03/08/2017	12:58:50.5	     0.595	     0.980
03/08/2017	12:58:51.0	     0.595	     0.979
03/08/2017	12:58:51.5	     0.595	     0.978
03/08/2017	12:58:52.0	     0.595	     0.978
03/08/2017	12:58:52.5	     0.595	     0.978
03/08/2017	12:58:53.0	     0.596	     0.976
03/08/2017	12:58:53.5	     0.596	     0.976
03/08/2017	12:58:54.0	     0.596	     0.977
03/08/2017	12:58:54.5	     0.596	     0.977
03/08/2017	12:58:55.0	     0.596	     0.978
03/08/2017	12:58:55.5	     0.596	     0.978
03/08/2017	12:58:56.0	     0.596	     0.976
03/08/2017	12:58:56.5	     0.596	     0.977
03/08/2017	12:58:57.0	     0.596	     0.977
03/08/2017	12:58:57.5	     0.596	     0.977
03/08/2017	12:58:58.0	     0.596	     0.977
03/08/2017	12:58:58.5	     0.596	     0.977
03/08/2017	12:58:59.0	     0.596	     0.978
03/08/2017	12:58:59.5	     0.596	     0.976
03/08/2017	12:59:00.0	     0.596	     0.976
03/08/2017	12:59:00.5	     0.596	     0.976
03/08/2017	12:59:01.0	     0.596	     0.977
03/08/2017	12:59:01.5	     0.596	     0.977
03/08/2017	12:59:02.0	     0.596	     0.978
03/08/2017	12:59:02.5	     0.596	     0.977
03/08/2017	12:59:03.0	     0.596	     0.977
03/08/2017	12:59:03.5	     0.596	     0.976
03/08/2017	12:59:04.0	     0.596	     0.975
03/08/2017	12:59:04.5	     0.596	     0.975
03/08/2017	12:59:05.0	     0.596	     0.975
03/08/2017	12:59:05.5	     0.596	     0.974
03/08/2017	12:59:06.0	     0.596	     0.974
03/08/2017	12:59:06.5	     0.596	     0.974
03/08/2017	12:59:07.0	     0.596	     0.975
03/08/2017	12:59:07.5	     0.596	     0.974
03/08/2017	12:59:08.0	     0.596	     0.975
03/08/2017	12:59:08.5	     0.596	     0.975
03/08/2017	12:59:09.0	     0.596	     0.973
03/08/2017	12:59:09.5	     0.596	     0.974
03/08/2017	12:59:10.0	     0.596	     0.974
03/08/2017	12:59:10.5	     0.596	     0.973
03/08/2017	12:59:11.0	     0.596	     0.974
03/08/2017	12:59:11.5	     0.596	     0.973
03/08/2017	12:59:12.0	     0.596	     0.974
03/08/2017	12:59:12.5	     0.596	     0.974
03/08/2017	12:59:13.0	     0.596	     0.972
03/08/2017	12:59:13.5	     0.596	     0.973
03/08/2017	12:59:14.0	     0.596	     0.973
03/08/2017	12:59:14.5	     0.596	     0.973
03/08/2017	12:59:15.0	     0.596	     0.972
03/08/2017	12:59:15.5	     0.596	     0.973
03/08/2017	12:59:16.0	     0.596	     0.972
03/08/2017	12:59:16.5	     0.596	     0.972
03/08/2017	12:59:17.0	     0.596	     0.972
03/08/2017	12:59:17.5	     0.596	     0.971
03/08/2017	12:59:18.0	     0.596	     0.971
03/08/2017	12:59:18.5	     0.596	     0.971
03/08/2017	12:59:19.0	     0.596	     0.971
03/08/2017	12:59:19.5	     0.596	     0.971
03/08/2017	12:59:20.0	     0.596	     0.970
03/08/2017	12:59:20.5	     0.596	     0.971
03/08/2017	12:59:21.0	     0.596	     0.972
03/08/2017	12:59:21.5	     0.596	     0.971
03/08/2017	12:59:22.0	     0.596	     0.970
03/08/2017	12:59:22.5	     0.596	     0.970
03/08/2017	12:59:23.0	     0.596	     0.970
03/08/2017	12:59:23.5	     0.596	     0.970
03/08/2017	12:59:24.0	     0.596	     0.970
03/08/2017	12:59:24.5	     0.596	     0.970
03/08/2017	12:59:25.0	     0.596	     0.970
03/08/2017	12:59:25.5	     0.596	     0.970
03/08/2017	12:59:26.0	     0.596	     0.971
03/08/2017	12:59:26.5	     0.596	     0.970
03/08/2017	12:59:27.0	     0.596	     0.969
03/08/2017	12:59:27.5	     0.596	     0.970
03/08/2017	12:59:28.0	     0.596	     0.969
03/08/2017	12:59:28.5	     0.596	     0.969
03/08/2017	12:59:29.0	     0.596	     0.969
03/08/2017	12:59:29.5	     0.596	     0.970
03/08/2017	12:59:30.0	     0.596	     0.970
03/08/2017	12:59:30.5	     0.596	     0.969
03/08/2017	12:59:31.0	     0.596	     0.969
03/08/2017	12:59:31.5	     0.596	     0.969
03/08/2017	12:59:32.0	     0.596	     0.969
03/08/2017	12:59:32.5	     0.596	     0.969
03/08/2017	12:59:33.0	     0.596	     0.969
03/08/2017	12:59:33.5	     0.596	     0.969
03/08/2017	12:59:34.0	     0.596	     0.968
03/08/2017	12:59:34.5	     0.596	     0.968
03/08/2017	12:59:35.0	     0.596	     0.967
03/08/2017	12:59:35.5	     0.596	     0.967
03/08/2017	12:59:36.0	     0.596	     0.967
03/08/2017	12:59:36.5	     0.596	     0.966
03/08/2017	12:59:37.0	     0.596	     0.965
03/08/2017	12:59:37.5	     0.596	     0.966
03/08/2017	12:59:38.0	     0.596	     0.966
03/08/2017	12:59:38.5	     0.596	     0.964
03/08/2017	12:59:39.0	     0.596	     0.965
03/08/2017	12:59:39.5	     0.596	     0.966
03/08/2017	12:59:40.0	     0.596	     0.966
03/08/2017	12:59:40.5	     0.596	     0.966
03/08/2017	12:59:41.0	     0.596	     0.965
03/08/2017	12:59:41.5	     0.596	     0.964
03/08/2017	12:59:42.0	     0.596	     0.965
03/08/2017	12:59:42.5	     0.596	     0.965
03/08/2017	12:59:43.0	     0.596	     0.963
03/08/2017	12:59:43.5	     0.596	     0.964
03/08/2017	12:59:44.0	     0.596	     0.963
03/08/2017	12:59:44.5	     0.596	     0.964
03/08/2017	12:59:45.0	     0.596	     0.963
03/08/2017	12:59:45.5	     0.596	     0.964
03/08/2017	12:59:46.0	     0.596	     0.964
03/08/2017	12:59:46.5	     0.596	     0.963
03/08/2017	12:59:47.0	     0.596	     0.964
03/08/2017	12:59:47.5	     0.596	     0.963
03/08/2017	12:59:48.0	     0.596	     0.962
03/08/2017	12:59:48.5	     0.596	     0.962
03/08/2017	12:59:49.0	     0.596	     0.963
03/08/2017	12:59:49.5	     0.596	     0.963
03/08/2017	12:59:50.0	     0.596	     0.963
03/08/2017	12:59:50.5	     0.596	     0.964
03/08/2017	12:59:51.0	     0.596	     0.964
03/08/2017	12:59:51.5	     0.596	     0.964
03/08/2017	12:59:52.0	     0.596	     0.963
03/08/2017	12:59:52.5	     0.596	     0.963
03/08/2017	12:59:53.0	     0.596	     0.964
03/08/2017	12:59:53.5	     0.596	     0.963
03/08/2017	12:59:54.0	     0.596	     0.964
03/08/2017	12:59:54.5	     0.596	     0.963
03/08/2017	12:59:55.0	     0.596	     0.964
03/08/2017	12:59:55.5	     0.596	     0.963
03/08/2017	12:59:56.0	     0.596	     0.962
03/08/2017	12:59:56.5	     0.596	     0.962
03/08/2017	12:59:57.0	     0.596	     0.962
03/08/2017	12:59:57.5	     0.596	     0.962
03/08/2017	12:59:58.0	     0.596	     0.962
03/08/2017	12:59:58.5	     0.596	     0.963
03/08/2017	12:59:59.0	     0.596	     0.962
03/08/2017	12:59:59.5	     0.596	     0.961
03/08/2017	13:00:00.0	     0.596	     0.961
03/08/2017	13:00:00.5	     0.596	     0.962
03/08/2017	13:00:01.0	     0.596	     0.962
03/08/2017	13:00:01.5	     0.596	     0.961
03/08/2017	13:00:02.0	     0.596	     0.961
03/08/2017	13:00:02.5	     0.596	     0.960
03/08/2017	13:00:03.0	     0.596	     0.960
03/08/2017	13:00:03.5	     0.596	     0.961
03/08/2017	13:00:04.0	     0.596	     0.960
03/08/2017	13:00:04.5	     0.596	     0.960
03/08/2017	13:00:05.0	     0.596	     0.960
03/08/2017	13:00:05.5	     0.596	     0.960
03/08/2017	13:00:06.0	     0.596	     0.960
03/08/2017	13:00:06.5	     0.596	     0.959
03/08/2017	13:00:07.0	     0.596	     0.960
03/08/2017	13:00:07.5	     0.596	     0.960
03/08/2017	13:00:08.0	     0.597	     0.959
03/08/2017	13:00:08.5	     0.597	     0.959
03/08/2017	13:00:09.0	     0.597	     0.959
03/08/2017	13:00:09.5	     0.597	     0.958
03/08/2017	13:00:10.0	     0.597	     0.959
03/08/2017	13:00:10.5	     0.596	     0.958
03/08/2017	13:00:11.0	     0.597	     0.959
03/08/2017	13:00:11.5	     0.597	     0.958
03/08/2017	13:00:12.0	     0.597	     0.958
03/08/2017	13:00:12.5	     0.597	     0.958
03/08/2017	13:00:13.0	     0.597	     0.959
03/08/2017	13:00:13.5	     0.596	     0.958
03/08/2017	13:00:14.0	     0.597	     0.957
03/08/2017	13:00:14.5	     0.597	     0.958
03/08/2017	13:00:15.0	     0.597	     0.957
03/08/2017	13:00:15.5	     0.597	     0.957
03/08/2017	13:00:16.0	     0.597	     0.957
03/08/2017	13:00:16.5	     0.597	     0.958
03/08/2017	13:00:17.0	     0.597	     0.959
03/08/2017	13:00:17.5	     0.597	     0.958
03/08/2017	13:00:18.0	     0.597	     0.957
03/08/2017	13:00:18.5	     0.597	     0.957
03/08/2017	13:00:19.0	     0.597	     0.957
03/08/2017	13:00:19.5	     0.597	     0.957
03/08/2017	13:00:20.0	     0.597	     0.957
03/08/2017	13:00:20.5	     0.597	     0.957
03/08/2017	13:00:21.0	     0.597	     0.957
03/08/2017	13:00:21.5	     0.597	     0.956
03/08/2017	13:00:22.0	     0.597	     0.958
03/08/2017	13:00:22.5	     0.597	     0.957
03/08/2017	13:00:23.0	     0.597	     0.957
03/08/2017	13:00:23.5	     0.597	     0.957
03/08/2017	13:00:24.0	     0.597	     0.957
03/08/2017	13:00:24.5	     0.597	     0.957
03/08/2017	13:00:25.0	     0.596	     0.957
03/08/2017	13:00:25.5	     0.596	     0.957
03/08/2017	13:00:26.0	     0.596	     0.956
03/08/2017	13:00:26.5	     0.596	     0.957
03/08/2017	13:00:27.0	     0.596	     0.956
03/08/2017	13:00:27.5	     0.597	     0.955
03/08/2017	13:00:28.0	     0.597	     0.955
03/08/2017	13:00:28.5	     0.597	     0.955
03/08/2017	13:00:29.0	     0.597	     0.956
03/08/2017	13:00:29.5	     0.597	     0.954
03/08/2017	13:00:30.0	     0.597	     0.953
03/08/2017	13:00:30.5	     0.597	     0.953
03/08/2017	13:00:31.0	     0.597	     0.954
03/08/2017	13:00:31.5	     0.597	     0.955
03/08/2017	13:00:32.0	     0.597	     0.955
03/08/2017	13:00:32.5	     0.597	     0.955
03/08/2017	13:00:33.0	     0.597	     0.955
03/08/2017	13:00:33.5	     0.597	     0.955
03/08/2017	13:00:34.0	     0.597	     0.955
03/08/2017	13:00:34.5	     0.597	     0.955
03/08/2017	13:00:35.0	     0.597	     0.955
03/08/2017	13:00:35.5	     0.597	     0.955
03/08/2017	13:00:36.0	     0.597	     0.954
03/08/2017	13:00:36.5	     0.597	     0.955
03/08/2017	13:00:37.0	     0.597	     0.954
03/08/2017	13:00:37.5	     0.597	     0.955
03/08/2017	13:00:38.0	     0.597	     0.955
03/08/2017	13:00:38.5	     0.597	     0.954
03/08/2017	13:00:39.0	     0.597	     0.954
03/08/2017	13:00:39.5	     0.597	     0.954
03/08/2017	13:00:40.0	     0.597	     0.954
03/08/2017	13:00:40.5	     0.597	     0.954
03/08/2017	13:00:41.0	     0.597	     0.954
03/08/2017	13:00:41.5	     0.597	     0.954
03/08/2017	13:00:42.0	     0.597	     0.955
03/08/2017	13:00:42.5	     0.597	     0.955
03/08/2017	13:00:43.0	     0.597	     0.955
03/08/2017	13:00:43.5	     0.597	     0.954
03/08/2017	13:00:44.0	     0.597	     0.955
03/08/2017	13:00:44.5	     0.597	     0.954
03/08/2017	13:00:45.0	     0.597	     0.953
03/08/2017	13:00:45.5	     0.597	     0.954
03/08/2017	13:00:46.0	     0.597	     0.952
03/08/2017	13:00:46.5	     0.597	     0.951
03/08/2017	13:00:47.0	     0.597	     0.951
03/08/2017	13:00:47.5	     0.597	     0.952
03/08/2017	13:00:48.0	     0.597	     0.952
03/08/2017	13:00:48.5	     0.596	     0.952
03/08/2017	13:00:49.0	     0.596	     0.953
03/08/2017	13:00:49.5	     0.596	     0.952
03/08/2017	13:00:50.0	     0.596	     0.952
03/08/2017	13:00:50.5	     0.596	     0.952
03/08/2017	13:00:51.0	     0.596	     0.953
03/08/2017	13:00:51.5	     0.596	     0.952
03/08/2017	13:00:52.0	     0.596	     0.953
03/08/2017	13:00:52.5	     0.596	     0.952
03/08/2017	13:00:53.0	     0.596	     0.951
03/08/2017	13:00:53.5	     0.596	     0.949
03/08/2017	13:00:54.0	     0.596	     0.950
03/08/2017	13:00:54.5	     0.596	     0.951
03/08/2017	13:00:55.0	     0.596	     0.950
03/08/2017	13:00:55.5	     0.596	     0.951
03/08/2017	13:00:56.0	     0.596	     0.950
03/08/2017	13:00:56.5	     0.596	     0.950
03/08/2017	13:00:57.0	     0.596	     0.951
03/08/2017	13:00:57.5	     0.596	     0.951
03/08/2017	13:00:58.0	     0.596	     0.951
03/08/2017	13:00:58.5	     0.596	     0.952
03/08/2017	13:00:59.0	     0.596	     0.950
03/08/2017	13:00:59.5	     0.596	     0.951
03/08/2017	13:01:00.0	     0.596	     0.951
03/08/2017	13:01:00.5	     0.596	     0.951
03/08/2017	13:01:01.0	     0.596	     0.951
03/08/2017	13:01:01.5	     0.596	     0.951
03/08/2017	13:01:02.0	     0.596	     0.952
03/08/2017	13:01:02.5	     0.596	     0.952
03/08/2017	13:01:03.0	     0.596	     0.952
03/08/2017	13:01:03.5	     0.596	     0.952
03/08/2017	13:01:04.0	     0.596	     0.952
03/08/2017	13:01:04.5	     0.596	     0.952
03/08/2017	13:01:05.0	     0.596	     0.951
03/08/2017	13:01:05.5	     0.596	     0.951
03/08/2017	13:01:06.0	     0.596	     0.951
03/08/2017	13:01:06.5	     0.596	     0.951
03/08/2017	13:01:07.0	     0.596	     0.952
03/08/2017	13:01:07.5	     0.596	     0.951
03/08/2017	13:01:08.0	     0.596	     0.951
03/08/2017	13:01:08.5	     0.596	     0.950
03/08/2017	13:01:09.0	     0.596	     0.950
03/08/2017	13:01:09.5	     0.596	     0.951
03/08/2017	13:01:10.0	     0.596	     0.951
03/08/2017	13:01:10.5	     0.596	     0.951
03/08/2017	13:01:11.0	     0.596	     0.950
03/08/2017	13:01:11.5	     0.596	     0.951
03/08/2017	13:01:12.0	     0.596	     0.950
03/08/2017	13:01:12.5	     0.596	     0.950
03/08/2017	13:01:13.0	     0.596	     0.951
03/08/2017	13:01:13.5	     0.596	     0.951
03/08/2017	13:01:14.0	     0.596	     0.951
03/08/2017	13:01:14.5	     0.596	     0.951
03/08/2017	13:01:15.0	     0.596	     0.951
03/08/2017	13:01:15.5	     0.596	     0.951
03/08/2017	13:01:16.0	     0.596	     0.950
03/08/2017	13:01:16.5	     0.597	     0.949
03/08/2017	13:01:17.0	     0.597	     0.949
03/08/2017	13:01:17.5	     0.596	     0.950
03/08/2017	13:01:18.0	     0.596	     0.950
03/08/2017	13:01:18.5	     0.596	     0.949
03/08/2017	13:01:19.0	     0.596	     0.949
03/08/2017	13:01:19.5	     0.596	     0.948
03/08/2017	13:01:20.0	     0.596	     0.949
03/08/2017	13:01:20.5	     0.596	     0.949
03/08/2017	13:01:21.0	     0.596	     0.949
03/08/2017	13:01:21.5	     0.596	     0.949
03/08/2017	13:01:22.0	     0.596	     0.950
03/08/2017	13:01:22.5	     0.596	     0.949
03/08/2017	13:01:23.0	     0.596	     0.949
03/08/2017	13:01:23.5	     0.596	     0.949
03/08/2017	13:01:24.0	     0.596	     0.948
03/08/2017	13:01:24.5	     0.596	     0.949
03/08/2017	13:01:25.0	     0.596	     0.950
03/08/2017	13:01:25.5	     0.596	     0.948
03/08/2017	13:01:26.0	     0.596	     0.948
03/08/2017	13:01:26.5	     0.596	     0.949
03/08/2017	13:01:27.0	     0.596	     0.949
03/08/2017	13:01:27.5	     0.596	     0.947
03/08/2017	13:01:28.0	     0.596	     0.948
03/08/2017	13:01:28.5	     0.596	     0.947
03/08/2017	13:01:29.0	     0.596	     0.949
03/08/2017	13:01:29.5	     0.596	     0.948
03/08/2017	13:01:30.0	     0.596	     0.947
03/08/2017	13:01:30.5	     0.596	     0.946
03/08/2017	13:01:31.0	     0.596	     0.946
03/08/2017	13:01:31.5	     0.596	     0.946
03/08/2017	13:01:32.0	     0.596	     0.946
03/08/2017	13:01:32.5	     0.596	     0.947
03/08/2017	13:01:33.0	     0.596	     0.946
03/08/2017	13:01:33.5	     0.596	     0.947
03/08/2017	13:01:34.0	     0.596	     0.946
03/08/2017	13:01:34.5	     0.597	     0.947
03/08/2017	13:01:35.0	     0.597	     0.946
03/08/2017	13:01:35.5	     0.597	     0.947
03/08/2017	13:01:36.0	     0.597	     0.947
03/08/2017	13:01:36.5	     0.597	     0.947
03/08/2017	13:01:37.0	     0.597	     0.947
03/08/2017	13:01:37.5	     0.597	     0.946
03/08/2017	13:01:38.0	     0.597	     0.947
03/08/2017	13:01:38.5	     0.596	     0.945
03/08/2017	13:01:39.0	     0.596	     0.946
03/08/2017	13:01:39.5	     0.596	     0.946
03/08/2017	13:01:40.0	     0.596	     0.947
03/08/2017	13:01:40.5	     0.596	     0.948
03/08/2017	13:01:41.0	     0.596	     0.947
03/08/2017	13:01:41.5	     0.596	     0.947
03/08/2017	13:01:42.0	     0.596	     0.947
END DATA