VIRTUALBENCH-LOGGER 2.5 REPORT
NATIONAL INSTRUMENTS
DATE CREATED	13:22:21	03/08/2017

USER	


START COMMENT


END COMMENT

START DATA
Date	Time	AMPS(V)	PYRO(V)
03/08/2017	13:22:23.2	     0.596	     0.982
03/08/2017	13:22:23.7	     0.596	     0.994
03/08/2017	13:22:24.2	     0.596	     0.994
03/08/2017	13:22:24.7	     0.596	     0.992
03/08/2017	13:22:25.2	     0.596	     0.992
03/08/2017	13:22:25.7	     0.596	     0.992
03/08/2017	13:22:26.2	     0.596	     0.993
03/08/2017	13:22:26.7	     0.596	     0.993
03/08/2017	13:22:27.2	     0.596	     0.993
03/08/2017	13:22:27.7	     0.596	     0.992
03/08/2017	13:22:28.2	     0.596	     0.990
03/08/2017	13:22:28.7	     0.596	     0.991
03/08/2017	13:22:29.2	     0.596	     0.992
03/08/2017	13:22:29.7	     0.596	     0.992
03/08/2017	13:22:30.2	     0.596	     0.992
03/08/2017	13:22:30.7	     0.596	     0.991
03/08/2017	13:22:31.2	     0.596	     0.794
03/08/2017	13:22:31.7	     0.596	     0.686
03/08/2017	13:22:32.2	     0.596	     0.665
03/08/2017	13:22:32.7	     0.596	     0.714
03/08/2017	13:22:33.2	     0.597	     0.718
03/08/2017	13:22:33.7	     0.597	     0.727
03/08/2017	13:22:34.2	     0.597	     0.731
03/08/2017	13:22:34.7	     0.597	     0.734
03/08/2017	13:22:35.2	     0.597	     0.736
03/08/2017	13:22:35.7	     0.597	     0.740
03/08/2017	13:22:36.2	     0.597	     0.761
03/08/2017	13:22:36.7	     0.597	     0.771
03/08/2017	13:22:37.2	     0.597	     0.770
03/08/2017	13:22:37.7	     0.597	     0.820
03/08/2017	13:22:38.2	     0.597	     0.829
03/08/2017	13:22:38.7	     0.597	     0.814
03/08/2017	13:22:39.2	     0.597	     0.830
03/08/2017	13:22:39.7	     0.597	     0.839
03/08/2017	13:22:40.2	     0.597	     0.840
03/08/2017	13:22:40.7	     0.597	     0.852
03/08/2017	13:22:41.2	     0.597	     0.841
03/08/2017	13:22:41.7	     0.597	     0.825
03/08/2017	13:22:42.2	     0.597	     0.847
03/08/2017	13:22:42.7	     0.597	     0.835
03/08/2017	13:22:43.2	     0.597	     0.856
03/08/2017	13:22:43.7	     0.597	     0.861
03/08/2017	13:22:44.2	     0.597	     0.851
03/08/2017	13:22:44.7	     0.597	     0.818
03/08/2017	13:22:45.2	     0.597	     0.822
03/08/2017	13:22:45.7	     0.597	     0.815
03/08/2017	13:22:46.2	     0.597	     0.810
03/08/2017	13:22:46.7	     0.597	     0.814
03/08/2017	13:22:47.2	     0.597	     0.823
03/08/2017	13:22:47.7	     0.597	     0.827
03/08/2017	13:22:48.2	     0.597	     0.837
03/08/2017	13:22:48.7	     0.597	     0.844
03/08/2017	13:22:49.2	     0.597	     0.849
03/08/2017	13:22:49.7	     0.597	     0.860
03/08/2017	13:22:50.2	     0.597	     0.873
03/08/2017	13:22:50.7	     0.597	     0.879
03/08/2017	13:22:51.2	     0.597	     0.892
03/08/2017	13:22:51.7	     0.597	     0.898
03/08/2017	13:22:52.2	     0.597	     0.911
03/08/2017	13:22:52.7	     0.597	     0.916
03/08/2017	13:22:53.2	     0.597	     0.929
03/08/2017	13:22:53.7	     0.597	     0.941
03/08/2017	13:22:54.2	     0.597	     0.943
03/08/2017	13:22:54.7	     0.597	     0.956
03/08/2017	13:22:55.2	     0.597	     0.974
03/08/2017	13:22:55.7	     0.597	     0.987
03/08/2017	13:22:56.2	     0.597	     0.991
03/08/2017	13:22:56.7	     0.597	     1.003
03/08/2017	13:22:57.2	     0.597	     1.014
03/08/2017	13:22:57.7	     0.597	     1.022
03/08/2017	13:22:58.2	     0.597	     1.022
03/08/2017	13:22:58.7	     0.597	     1.031
03/08/2017	13:22:59.2	     0.597	     1.030
03/08/2017	13:22:59.7	     0.597	     1.042
03/08/2017	13:23:00.2	     0.597	     1.046
03/08/2017	13:23:00.7	     0.597	     1.051
03/08/2017	13:23:01.2	     0.597	     1.060
03/08/2017	13:23:01.7	     0.597	     1.070
03/08/2017	13:23:02.2	     0.597	     1.082
03/08/2017	13:23:02.7	     0.597	     1.089
03/08/2017	13:23:03.2	     0.597	     1.083
03/08/2017	13:23:03.7	     0.597	     1.080
03/08/2017	13:23:04.2	     0.597	     1.090
03/08/2017	13:23:04.7	     0.597	     1.088
03/08/2017	13:23:05.2	     0.597	     1.063
03/08/2017	13:23:05.7	     0.597	     1.070
03/08/2017	13:23:06.2	     0.597	     1.060
03/08/2017	13:23:06.7	     0.597	     1.076
03/08/2017	13:23:07.2	     0.597	     1.100
03/08/2017	13:23:07.7	     0.597	     1.113
03/08/2017	13:23:08.2	     0.597	     1.117
03/08/2017	13:23:08.7	     0.597	     1.121
03/08/2017	13:23:09.2	     0.597	     1.122
03/08/2017	13:23:09.7	     0.597	     1.122
03/08/2017	13:23:10.2	     0.597	     1.123
03/08/2017	13:23:10.7	     0.597	     1.125
03/08/2017	13:23:11.2	     0.597	     1.124
03/08/2017	13:23:11.7	     0.597	     1.125
03/08/2017	13:23:12.2	     0.597	     1.125
03/08/2017	13:23:12.7	     0.597	     1.126
03/08/2017	13:23:13.2	     0.597	     1.127
03/08/2017	13:23:13.7	     0.597	     1.126
03/08/2017	13:23:14.2	     0.597	     1.127
03/08/2017	13:23:14.7	     0.597	     1.128
03/08/2017	13:23:15.2	     0.597	     1.129
03/08/2017	13:23:15.7	     0.597	     1.128
03/08/2017	13:23:16.2	     0.597	     1.128
03/08/2017	13:23:16.7	     0.597	     1.129
03/08/2017	13:23:17.2	     0.597	     1.130
03/08/2017	13:23:17.7	     0.597	     1.130
03/08/2017	13:23:18.2	     0.597	     1.131
03/08/2017	13:23:18.7	     0.597	     1.131
03/08/2017	13:23:19.2	     0.597	     1.133
03/08/2017	13:23:19.7	     0.597	     1.133
03/08/2017	13:23:20.2	     0.597	     1.134
03/08/2017	13:23:20.7	     0.596	     1.136
03/08/2017	13:23:21.2	     0.596	     1.137
03/08/2017	13:23:21.7	     0.596	     1.138
03/08/2017	13:23:22.2	     0.596	     1.138
03/08/2017	13:23:22.7	     0.596	     1.138
03/08/2017	13:23:23.2	     0.596	     1.141
03/08/2017	13:23:23.7	     0.596	     1.142
03/08/2017	13:23:24.2	     0.596	     1.141
03/08/2017	13:23:24.7	     0.596	     1.142
03/08/2017	13:23:25.2	     0.596	     1.143
03/08/2017	13:23:25.7	     0.596	     1.144
03/08/2017	13:23:26.2	     0.596	     1.146
03/08/2017	13:23:26.7	     0.596	     1.145
03/08/2017	13:23:27.2	     0.596	     1.147
03/08/2017	13:23:27.7	     0.596	     1.147
03/08/2017	13:23:28.2	     0.596	     1.147
03/08/2017	13:23:28.7	     0.596	     1.147
03/08/2017	13:23:29.2	     0.596	     1.149
03/08/2017	13:23:29.7	     0.596	     1.149
03/08/2017	13:23:30.2	     0.596	     1.149
03/08/2017	13:23:30.7	     0.596	     1.150
03/08/2017	13:23:31.2	     0.596	     1.150
03/08/2017	13:23:31.7	     0.597	     1.151
03/08/2017	13:23:32.2	     0.597	     1.152
03/08/2017	13:23:32.7	     0.596	     1.152
03/08/2017	13:23:33.2	     0.596	     1.154
03/08/2017	13:23:33.7	     0.595	     1.153
03/08/2017	13:23:34.2	     0.595	     1.153
03/08/2017	13:23:34.7	     0.595	     1.153
03/08/2017	13:23:35.2	     0.595	     1.152
03/08/2017	13:23:35.7	     0.595	     1.151
03/08/2017	13:23:36.2	     0.595	     1.152
03/08/2017	13:23:36.7	     0.596	     1.152
03/08/2017	13:23:37.2	     0.596	     1.152
03/08/2017	13:23:37.7	     0.596	     1.152
03/08/2017	13:23:38.2	     0.596	     1.153
03/08/2017	13:23:38.7	     0.596	     1.152
03/08/2017	13:23:39.2	     0.596	     1.150
03/08/2017	13:23:39.7	     0.596	     1.151
03/08/2017	13:23:40.2	     0.596	     1.151
03/08/2017	13:23:40.7	     0.596	     1.149
03/08/2017	13:23:41.2	     0.596	     1.150
03/08/2017	13:23:41.7	     0.596	     1.150
03/08/2017	13:23:42.2	     0.596	     1.149
03/08/2017	13:23:42.7	     0.596	     1.146
03/08/2017	13:23:43.2	     0.596	     1.146
03/08/2017	13:23:43.7	     0.596	     1.147
03/08/2017	13:23:44.2	     0.596	     1.146
03/08/2017	13:23:44.7	     0.596	     1.146
03/08/2017	13:23:45.2	     0.596	     1.144
03/08/2017	13:23:45.7	     0.596	     1.142
03/08/2017	13:23:46.2	     0.596	     1.142
03/08/2017	13:23:46.7	     0.596	     1.142
03/08/2017	13:23:47.2	     0.596	     1.141
03/08/2017	13:23:47.7	     0.597	     1.140
03/08/2017	13:23:48.2	     0.597	     1.137
03/08/2017	13:23:48.7	     0.597	     1.137
03/08/2017	13:23:49.2	     0.597	     1.135
03/08/2017	13:23:49.7	     0.597	     1.136
03/08/2017	13:23:50.2	     0.597	     1.133
03/08/2017	13:23:50.7	     0.597	     1.132
03/08/2017	13:23:51.2	     0.597	     1.133
03/08/2017	13:23:51.7	     0.597	     1.133
03/08/2017	13:23:52.2	     0.597	     1.133
03/08/2017	13:23:52.7	     0.597	     1.131
03/08/2017	13:23:53.2	     0.597	     1.131
03/08/2017	13:23:53.7	     0.597	     1.131
03/08/2017	13:23:54.2	     0.596	     1.129
03/08/2017	13:23:54.7	     0.596	     1.126
03/08/2017	13:23:55.2	     0.596	     1.126
03/08/2017	13:23:55.7	     0.596	     1.126
03/08/2017	13:23:56.2	     0.596	     1.126
03/08/2017	13:23:56.7	     0.596	     1.124
03/08/2017	13:23:57.2	     0.596	     1.124
03/08/2017	13:23:57.7	     0.596	     1.122
03/08/2017	13:23:58.2	     0.596	     1.119
03/08/2017	13:23:58.7	     0.596	     1.120
03/08/2017	13:23:59.2	     0.596	     1.119
03/08/2017	13:23:59.7	     0.596	     1.120
03/08/2017	13:24:00.2	     0.596	     1.118
03/08/2017	13:24:00.7	     0.596	     1.115
03/08/2017	13:24:01.2	     0.596	     1.113
03/08/2017	13:24:01.7	     0.596	     1.114
03/08/2017	13:24:02.2	     0.596	     1.111
03/08/2017	13:24:02.7	     0.596	     1.110
03/08/2017	13:24:03.2	     0.596	     1.110
03/08/2017	13:24:03.7	     0.596	     1.111
03/08/2017	13:24:04.2	     0.597	     1.110
03/08/2017	13:24:04.7	     0.597	     1.110
03/08/2017	13:24:05.2	     0.597	     1.109
03/08/2017	13:24:05.7	     0.597	     1.108
03/08/2017	13:24:06.2	     0.597	     1.107
03/08/2017	13:24:06.7	     0.597	     1.104
03/08/2017	13:24:07.2	     0.597	     1.104
03/08/2017	13:24:07.7	     0.597	     1.104
03/08/2017	13:24:08.2	     0.597	     1.103
03/08/2017	13:24:08.7	     0.597	     1.100
03/08/2017	13:24:09.2	     0.597	     1.102
03/08/2017	13:24:09.7	     0.597	     1.102
03/08/2017	13:24:10.2	     0.597	     1.102
03/08/2017	13:24:10.7	     0.597	     1.099
03/08/2017	13:24:11.2	     0.596	     1.099
03/08/2017	13:24:11.7	     0.596	     1.098
03/08/2017	13:24:12.2	     0.596	     1.096
03/08/2017	13:24:12.7	     0.596	     1.097
03/08/2017	13:24:13.2	     0.596	     1.095
03/08/2017	13:24:13.7	     0.596	     1.092
03/08/2017	13:24:14.2	     0.596	     1.093
03/08/2017	13:24:14.7	     0.596	     1.091
03/08/2017	13:24:15.2	     0.596	     1.091
03/08/2017	13:24:15.7	     0.596	     1.091
03/08/2017	13:24:16.2	     0.596	     1.090
03/08/2017	13:24:16.7	     0.596	     1.090
03/08/2017	13:24:17.2	     0.596	     1.089
03/08/2017	13:24:17.7	     0.596	     1.089
03/08/2017	13:24:18.2	     0.596	     1.088
03/08/2017	13:24:18.7	     0.596	     1.086
03/08/2017	13:24:19.2	     0.596	     1.084
03/08/2017	13:24:19.7	     0.596	     1.084
03/08/2017	13:24:20.2	     0.596	     1.085
03/08/2017	13:24:20.7	     0.596	     1.084
03/08/2017	13:24:21.2	     0.596	     1.081
03/08/2017	13:24:21.7	     0.596	     1.081
03/08/2017	13:24:22.2	     0.596	     1.081
03/08/2017	13:24:22.7	     0.596	     1.080
03/08/2017	13:24:23.2	     0.596	     1.077
03/08/2017	13:24:23.7	     0.596	     1.077
03/08/2017	13:24:24.2	     0.596	     1.074
03/08/2017	13:24:24.7	     0.596	     1.073
03/08/2017	13:24:25.2	     0.596	     1.074
03/08/2017	13:24:25.7	     0.596	     1.074
03/08/2017	13:24:26.2	     0.596	     1.075
03/08/2017	13:24:26.7	     0.596	     1.074
03/08/2017	13:24:27.2	     0.596	     1.075
03/08/2017	13:24:27.7	     0.596	     1.073
03/08/2017	13:24:28.2	     0.596	     1.072
03/08/2017	13:24:28.7	     0.596	     1.072
03/08/2017	13:24:29.2	     0.596	     1.072
03/08/2017	13:24:29.7	     0.596	     1.071
03/08/2017	13:24:30.2	     0.595	     1.067
03/08/2017	13:24:30.7	     0.595	     1.068
03/08/2017	13:24:31.2	     0.595	     1.068
03/08/2017	13:24:31.7	     0.595	     1.068
03/08/2017	13:24:32.2	     0.595	     1.068
03/08/2017	13:24:32.7	     0.595	     1.068
03/08/2017	13:24:33.2	     0.595	     1.067
03/08/2017	13:24:33.7	     0.595	     1.067
03/08/2017	13:24:34.2	     0.594	     1.066
03/08/2017	13:24:34.7	     0.594	     1.065
03/08/2017	13:24:35.2	     0.594	     1.064
03/08/2017	13:24:35.7	     0.594	     1.062
03/08/2017	13:24:36.2	     0.594	     1.062
03/08/2017	13:24:36.7	     0.594	     1.062
03/08/2017	13:24:37.2	     0.594	     1.062
03/08/2017	13:24:37.7	     0.594	     1.060
03/08/2017	13:24:38.2	     0.594	     1.058
03/08/2017	13:24:38.7	     0.594	     1.058
03/08/2017	13:24:39.2	     0.594	     1.057
03/08/2017	13:24:39.7	     0.594	     1.057
03/08/2017	13:24:40.2	     0.594	     1.055
03/08/2017	13:24:40.7	     0.594	     1.056
03/08/2017	13:24:41.2	     0.594	     1.056
03/08/2017	13:24:41.7	     0.594	     1.055
03/08/2017	13:24:42.2	     0.594	     1.056
03/08/2017	13:24:42.7	     0.594	     1.054
03/08/2017	13:24:43.2	     0.594	     1.052
03/08/2017	13:24:43.7	     0.594	     1.052
03/08/2017	13:24:44.2	     0.594	     1.053
03/08/2017	13:24:44.7	     0.594	     1.053
03/08/2017	13:24:45.2	     0.594	     1.052
03/08/2017	13:24:45.7	     0.594	     1.051
03/08/2017	13:24:46.2	     0.594	     1.050
03/08/2017	13:24:46.7	     0.594	     1.050
03/08/2017	13:24:47.2	     0.594	     1.050
03/08/2017	13:24:47.7	     0.594	     1.049
03/08/2017	13:24:48.2	     0.594	     1.048
03/08/2017	13:24:48.7	     0.594	     1.048
03/08/2017	13:24:49.2	     0.594	     1.047
03/08/2017	13:24:49.7	     0.595	     1.046
03/08/2017	13:24:50.2	     0.595	     1.047
03/08/2017	13:24:50.7	     0.595	     1.044
03/08/2017	13:24:51.2	     0.595	     1.045
03/08/2017	13:24:51.7	     0.594	     1.044
03/08/2017	13:24:52.2	     0.594	     1.044
03/08/2017	13:24:52.7	     0.594	     1.042
03/08/2017	13:24:53.2	     0.594	     1.040
03/08/2017	13:24:53.7	     0.594	     1.040
03/08/2017	13:24:54.2	     0.594	     1.041
03/08/2017	13:24:54.7	     0.594	     1.040
03/08/2017	13:24:55.2	     0.594	     1.041
03/08/2017	13:24:55.7	     0.594	     1.040
03/08/2017	13:24:56.2	     0.594	     1.040
03/08/2017	13:24:56.7	     0.594	     1.040
03/08/2017	13:24:57.2	     0.594	     1.041
03/08/2017	13:24:57.7	     0.594	     1.039
03/08/2017	13:24:58.2	     0.594	     1.039
03/08/2017	13:24:58.7	     0.594	     1.039
03/08/2017	13:24:59.2	     0.594	     1.036
03/08/2017	13:24:59.7	     0.594	     1.036
03/08/2017	13:25:00.2	     0.594	     1.037
03/08/2017	13:25:00.7	     0.594	     1.037
03/08/2017	13:25:01.2	     0.593	     1.036
03/08/2017	13:25:01.7	     0.593	     1.035
03/08/2017	13:25:02.2	     0.593	     1.036
03/08/2017	13:25:02.7	     0.593	     1.036
03/08/2017	13:25:03.2	     0.593	     1.035
03/08/2017	13:25:03.7	     0.593	     1.034
03/08/2017	13:25:04.2	     0.593	     1.034
03/08/2017	13:25:04.7	     0.593	     1.033
03/08/2017	13:25:05.2	     0.593	     1.033
03/08/2017	13:25:05.7	     0.593	     1.032
03/08/2017	13:25:06.2	     0.593	     1.032
03/08/2017	13:25:06.7	     0.593	     1.032
03/08/2017	13:25:07.2	     0.593	     1.031
03/08/2017	13:25:07.7	     0.593	     1.031
03/08/2017	13:25:08.2	     0.593	     1.030
03/08/2017	13:25:08.7	     0.593	     1.030
03/08/2017	13:25:09.2	     0.593	     1.027
03/08/2017	13:25:09.7	     0.593	     1.027
03/08/2017	13:25:10.2	     0.593	     1.028
03/08/2017	13:25:10.7	     0.593	     1.028
03/08/2017	13:25:11.2	     0.593	     1.027
03/08/2017	13:25:11.7	     0.593	     1.027
03/08/2017	13:25:12.2	     0.593	     1.023
03/08/2017	13:25:12.7	     0.593	     1.023
03/08/2017	13:25:13.2	     0.593	     1.023
03/08/2017	13:25:13.7	     0.593	     1.023
03/08/2017	13:25:14.2	     0.593	     1.023
03/08/2017	13:25:14.7	     0.593	     1.023
03/08/2017	13:25:15.2	     0.593	     1.023
03/08/2017	13:25:15.7	     0.593	     1.023
03/08/2017	13:25:16.2	     0.593	     1.023
03/08/2017	13:25:16.7	     0.593	     1.021
03/08/2017	13:25:17.2	     0.593	     1.021
03/08/2017	13:25:17.7	     0.593	     1.022
03/08/2017	13:25:18.2	     0.593	     1.022
03/08/2017	13:25:18.7	     0.592	     1.021
03/08/2017	13:25:19.2	     0.592	     1.021
03/08/2017	13:25:19.7	     0.592	     1.019
03/08/2017	13:25:20.2	     0.592	     1.019
03/08/2017	13:25:20.7	     0.592	     1.018
03/08/2017	13:25:21.2	     0.592	     1.018
03/08/2017	13:25:21.7	     0.592	     1.018
03/08/2017	13:25:22.2	     0.592	     1.018
03/08/2017	13:25:22.7	     0.592	     1.018
03/08/2017	13:25:23.2	     0.592	     1.017
03/08/2017	13:25:23.7	     0.592	     1.015
03/08/2017	13:25:24.2	     0.592	     1.016
03/08/2017	13:25:24.7	     0.592	     1.015
03/08/2017	13:25:25.2	     0.592	     1.016
03/08/2017	13:25:25.7	     0.592	     1.016
03/08/2017	13:25:26.2	     0.592	     1.016
03/08/2017	13:25:26.7	     0.592	     1.016
03/08/2017	13:25:27.2	     0.592	     1.014
03/08/2017	13:25:27.7	     0.592	     1.014
03/08/2017	13:25:28.2	     0.592	     1.014
03/08/2017	13:25:28.7	     0.592	     1.013
03/08/2017	13:25:29.2	     0.592	     1.013
03/08/2017	13:25:29.7	     0.592	     1.013
03/08/2017	13:25:30.2	     0.592	     1.013
03/08/2017	13:25:30.7	     0.592	     1.013
03/08/2017	13:25:31.2	     0.592	     1.013
03/08/2017	13:25:31.7	     0.592	     1.012
03/08/2017	13:25:32.2	     0.592	     1.011
03/08/2017	13:25:32.7	     0.592	     1.011
03/08/2017	13:25:33.2	     0.592	     1.011
03/08/2017	13:25:33.7	     0.592	     1.010
03/08/2017	13:25:34.2	     0.592	     1.010
03/08/2017	13:25:34.7	     0.592	     1.010
03/08/2017	13:25:35.2	     0.592	     1.010
03/08/2017	13:25:35.7	     0.592	     1.010
03/08/2017	13:25:36.2	     0.592	     1.010
03/08/2017	13:25:36.7	     0.592	     1.009
03/08/2017	13:25:37.2	     0.592	     1.010
03/08/2017	13:25:37.7	     0.592	     1.010
03/08/2017	13:25:38.2	     0.592	     1.010
03/08/2017	13:25:38.7	     0.592	     1.009
03/08/2017	13:25:39.2	     0.592	     1.007
03/08/2017	13:25:39.7	     0.592	     1.006
03/08/2017	13:25:40.2	     0.592	     1.006
03/08/2017	13:25:40.7	     0.592	     1.007
03/08/2017	13:25:41.2	     0.592	     1.007
03/08/2017	13:25:41.7	     0.592	     1.007
03/08/2017	13:25:42.2	     0.592	     1.006
03/08/2017	13:25:42.7	     0.592	     1.007
03/08/2017	13:25:43.2	     0.592	     1.005
03/08/2017	13:25:43.7	     0.592	     1.004
03/08/2017	13:25:44.2	     0.592	     1.004
03/08/2017	13:25:44.7	     0.592	     1.004
03/08/2017	13:25:45.2	     0.591	     1.004
03/08/2017	13:25:45.7	     0.591	     1.003
03/08/2017	13:25:46.2	     0.591	     1.004
03/08/2017	13:25:46.7	     0.591	     1.003
03/08/2017	13:25:47.2	     0.592	     1.003
03/08/2017	13:25:47.7	     0.592	     1.003
03/08/2017	13:25:48.2	     0.592	     1.002
03/08/2017	13:25:48.7	     0.592	     1.002
03/08/2017	13:25:49.2	     0.592	     1.001
03/08/2017	13:25:49.7	     0.592	     1.001
03/08/2017	13:25:50.2	     0.592	     1.000
03/08/2017	13:25:50.7	     0.592	     1.000
03/08/2017	13:25:51.2	     0.592	     0.999
03/08/2017	13:25:51.7	     0.592	     0.999
03/08/2017	13:25:52.2	     0.592	     1.000
03/08/2017	13:25:52.7	     0.592	     0.999
03/08/2017	13:25:53.2	     0.592	     0.998
03/08/2017	13:25:53.7	     0.592	     0.998
03/08/2017	13:25:54.2	     0.592	     0.997
03/08/2017	13:25:54.7	     0.592	     0.998
03/08/2017	13:25:55.2	     0.592	     0.997
03/08/2017	13:25:55.7	     0.592	     0.998
03/08/2017	13:25:56.2	     0.592	     0.997
03/08/2017	13:25:56.7	     0.592	     0.997
03/08/2017	13:25:57.2	     0.592	     0.997
03/08/2017	13:25:57.7	     0.592	     0.997
03/08/2017	13:25:58.2	     0.592	     0.996
03/08/2017	13:25:58.7	     0.592	     0.996
03/08/2017	13:25:59.2	     0.592	     0.993
03/08/2017	13:25:59.7	     0.592	     0.992
03/08/2017	13:26:00.2	     0.592	     0.992
03/08/2017	13:26:00.7	     0.592	     0.992
03/08/2017	13:26:01.2	     0.592	     0.992
03/08/2017	13:26:01.7	     0.592	     0.993
03/08/2017	13:26:02.2	     0.592	     0.993
03/08/2017	13:26:02.7	     0.592	     0.993
03/08/2017	13:26:03.2	     0.592	     0.992
03/08/2017	13:26:03.7	     0.592	     0.992
03/08/2017	13:26:04.2	     0.592	     0.989
03/08/2017	13:26:04.7	     0.592	     0.991
03/08/2017	13:26:05.2	     0.592	     0.991
03/08/2017	13:26:05.7	     0.592	     0.990
03/08/2017	13:26:06.2	     0.592	     0.990
03/08/2017	13:26:06.7	     0.592	     0.990
03/08/2017	13:26:07.2	     0.592	     0.990
03/08/2017	13:26:07.7	     0.592	     0.990
03/08/2017	13:26:08.2	     0.592	     0.989
03/08/2017	13:26:08.7	     0.592	     0.989
03/08/2017	13:26:09.2	     0.592	     0.989
03/08/2017	13:26:09.7	     0.592	     0.988
03/08/2017	13:26:10.2	     0.592	     0.988
03/08/2017	13:26:10.7	     0.592	     0.989
03/08/2017	13:26:11.2	     0.592	     0.988
03/08/2017	13:26:11.7	     0.592	     0.988
03/08/2017	13:26:12.2	     0.592	     0.987
03/08/2017	13:26:12.7	     0.592	     0.988
03/08/2017	13:26:13.2	     0.592	     0.988
03/08/2017	13:26:13.7	     0.592	     0.987
03/08/2017	13:26:14.2	     0.592	     0.987
03/08/2017	13:26:14.7	     0.592	     0.987
03/08/2017	13:26:15.2	     0.592	     0.986
03/08/2017	13:26:15.7	     0.592	     0.986
03/08/2017	13:26:16.2	     0.592	     0.986
03/08/2017	13:26:16.7	     0.592	     0.985
03/08/2017	13:26:17.2	     0.592	     0.986
03/08/2017	13:26:17.7	     0.592	     0.985
03/08/2017	13:26:18.2	     0.592	     0.985
03/08/2017	13:26:18.7	     0.592	     0.985
03/08/2017	13:26:19.2	     0.592	     0.982
03/08/2017	13:26:19.7	     0.592	     0.983
03/08/2017	13:26:20.2	     0.592	     0.985
03/08/2017	13:26:20.7	     0.592	     0.985
03/08/2017	13:26:21.2	     0.592	     0.985
03/08/2017	13:26:21.7	     0.592	     0.984
03/08/2017	13:26:22.2	     0.592	     0.984
03/08/2017	13:26:22.7	     0.592	     0.984
03/08/2017	13:26:23.2	     0.592	     0.984
03/08/2017	13:26:23.7	     0.592	     0.983
03/08/2017	13:26:24.2	     0.592	     0.983
03/08/2017	13:26:24.7	     0.592	     0.983
03/08/2017	13:26:25.2	     0.592	     0.983
03/08/2017	13:26:25.7	     0.592	     0.982
03/08/2017	13:26:26.2	     0.592	     0.980
03/08/2017	13:26:26.7	     0.593	     0.981
03/08/2017	13:26:27.2	     0.593	     0.981
03/08/2017	13:26:27.7	     0.593	     0.980
03/08/2017	13:26:28.2	     0.593	     0.981
03/08/2017	13:26:28.7	     0.593	     0.980
03/08/2017	13:26:29.2	     0.593	     0.980
03/08/2017	13:26:29.7	     0.593	     0.980
03/08/2017	13:26:30.2	     0.593	     0.979
03/08/2017	13:26:30.7	     0.592	     0.979
03/08/2017	13:26:31.2	     0.592	     0.979
03/08/2017	13:26:31.7	     0.592	     0.978
03/08/2017	13:26:32.2	     0.592	     0.979
03/08/2017	13:26:32.7	     0.592	     0.978
03/08/2017	13:26:33.2	     0.592	     0.978
03/08/2017	13:26:33.7	     0.592	     0.979
03/08/2017	13:26:34.2	     0.592	     0.979
03/08/2017	13:26:34.7	     0.592	     0.976
03/08/2017	13:26:35.2	     0.592	     0.974
03/08/2017	13:26:35.7	     0.592	     0.975
03/08/2017	13:26:36.2	     0.592	     0.976
03/08/2017	13:26:36.7	     0.593	     0.975
03/08/2017	13:26:37.2	     0.592	     0.976
03/08/2017	13:26:37.7	     0.592	     0.976
03/08/2017	13:26:38.2	     0.592	     0.975
03/08/2017	13:26:38.7	     0.592	     0.976
03/08/2017	13:26:39.2	     0.592	     0.976
03/08/2017	13:26:39.7	     0.592	     0.975
03/08/2017	13:26:40.2	     0.592	     0.975
03/08/2017	13:26:40.7	     0.592	     0.976
03/08/2017	13:26:41.2	     0.592	     0.975
03/08/2017	13:26:41.7	     0.592	     0.975
03/08/2017	13:26:42.2	     0.592	     0.974
03/08/2017	13:26:42.7	     0.593	     0.974
03/08/2017	13:26:43.2	     0.593	     0.975
03/08/2017	13:26:43.7	     0.593	     0.974
03/08/2017	13:26:44.2	     0.593	     0.975
03/08/2017	13:26:44.7	     0.593	     0.973
03/08/2017	13:26:45.2	     0.593	     0.974
03/08/2017	13:26:45.7	     0.593	     0.973
03/08/2017	13:26:46.2	     0.593	     0.973
03/08/2017	13:26:46.7	     0.593	     0.973
03/08/2017	13:26:47.2	     0.593	     0.972
03/08/2017	13:26:47.7	     0.593	     0.973
03/08/2017	13:26:48.2	     0.593	     0.973
03/08/2017	13:26:48.7	     0.593	     0.972
03/08/2017	13:26:49.2	     0.593	     0.972
03/08/2017	13:26:49.7	     0.593	     0.972
03/08/2017	13:26:50.2	     0.593	     0.971
03/08/2017	13:26:50.7	     0.593	     0.972
03/08/2017	13:26:51.2	     0.593	     0.972
03/08/2017	13:26:51.7	     0.593	     0.971
03/08/2017	13:26:52.2	     0.593	     0.971
03/08/2017	13:26:52.7	     0.593	     0.970
03/08/2017	13:26:53.2	     0.593	     0.971
03/08/2017	13:26:53.7	     0.593	     0.970
03/08/2017	13:26:54.2	     0.593	     0.970
03/08/2017	13:26:54.7	     0.593	     0.968
03/08/2017	13:26:55.2	     0.593	     0.968
03/08/2017	13:26:55.7	     0.593	     0.968
03/08/2017	13:26:56.2	     0.593	     0.968
03/08/2017	13:26:56.7	     0.593	     0.969
03/08/2017	13:26:57.2	     0.593	     0.969
03/08/2017	13:26:57.7	     0.593	     0.969
03/08/2017	13:26:58.2	     0.593	     0.969
03/08/2017	13:26:58.7	     0.593	     0.969
03/08/2017	13:26:59.2	     0.593	     0.969
03/08/2017	13:26:59.7	     0.593	     0.968
03/08/2017	13:27:00.2	     0.593	     0.969
03/08/2017	13:27:00.7	     0.593	     0.966
03/08/2017	13:27:01.2	     0.593	     0.966
03/08/2017	13:27:01.7	     0.593	     0.966
03/08/2017	13:27:02.2	     0.593	     0.965
03/08/2017	13:27:02.7	     0.593	     0.967
03/08/2017	13:27:03.2	     0.593	     0.967
03/08/2017	13:27:03.7	     0.593	     0.967
03/08/2017	13:27:04.2	     0.594	     0.967
03/08/2017	13:27:04.7	     0.594	     0.967
03/08/2017	13:27:05.2	     0.594	     0.967
03/08/2017	13:27:05.7	     0.594	     0.967
03/08/2017	13:27:06.2	     0.594	     0.967
03/08/2017	13:27:06.7	     0.594	     0.966
03/08/2017	13:27:07.2	     0.594	     0.967
03/08/2017	13:27:07.7	     0.594	     0.967
03/08/2017	13:27:08.2	     0.594	     0.966
03/08/2017	13:27:08.7	     0.594	     0.967
03/08/2017	13:27:09.2	     0.594	     0.967
03/08/2017	13:27:09.7	     0.594	     0.966
03/08/2017	13:27:10.2	     0.594	     0.966
03/08/2017	13:27:10.7	     0.594	     0.967
03/08/2017	13:27:11.2	     0.594	     0.965
03/08/2017	13:27:11.7	     0.594	     0.965
03/08/2017	13:27:12.2	     0.594	     0.966
03/08/2017	13:27:12.7	     0.594	     0.965
03/08/2017	13:27:13.2	     0.594	     0.965
03/08/2017	13:27:13.7	     0.594	     0.965
03/08/2017	13:27:14.2	     0.594	     0.965
03/08/2017	13:27:14.7	     0.594	     0.964
03/08/2017	13:27:15.2	     0.594	     0.965
03/08/2017	13:27:15.7	     0.594	     0.965
03/08/2017	13:27:16.2	     0.594	     0.965
03/08/2017	13:27:16.7	     0.594	     0.965
03/08/2017	13:27:17.2	     0.594	     0.965
03/08/2017	13:27:17.7	     0.594	     0.965
03/08/2017	13:27:18.2	     0.594	     0.964
03/08/2017	13:27:18.7	     0.594	     0.964
03/08/2017	13:27:19.2	     0.594	     0.964
03/08/2017	13:27:19.7	     0.594	     0.964
03/08/2017	13:27:20.2	     0.594	     0.963
03/08/2017	13:27:20.7	     0.594	     0.964
03/08/2017	13:27:21.2	     0.594	     0.963
03/08/2017	13:27:21.7	     0.594	     0.962
03/08/2017	13:27:22.2	     0.594	     0.962
03/08/2017	13:27:22.7	     0.594	     0.961
03/08/2017	13:27:23.2	     0.594	     0.961
03/08/2017	13:27:23.7	     0.594	     0.961
03/08/2017	13:27:24.2	     0.594	     0.962
03/08/2017	13:27:24.7	     0.594	     0.962
03/08/2017	13:27:25.2	     0.594	     0.961
03/08/2017	13:27:25.7	     0.594	     0.961
03/08/2017	13:27:26.2	     0.594	     0.960
03/08/2017	13:27:26.7	     0.594	     0.960
03/08/2017	13:27:27.2	     0.594	     0.959
03/08/2017	13:27:27.7	     0.594	     0.959
03/08/2017	13:27:28.2	     0.594	     0.959
03/08/2017	13:27:28.7	     0.595	     0.959
03/08/2017	13:27:29.2	     0.595	     0.959
03/08/2017	13:27:29.7	     0.595	     0.958
03/08/2017	13:27:30.2	     0.595	     0.958
03/08/2017	13:27:30.7	     0.595	     0.958
03/08/2017	13:27:31.2	     0.595	     0.958
03/08/2017	13:27:31.7	     0.595	     0.959
03/08/2017	13:27:32.2	     0.595	     0.959
03/08/2017	13:27:32.7	     0.595	     0.958
03/08/2017	13:27:33.2	     0.595	     0.959
03/08/2017	13:27:33.7	     0.595	     0.959
03/08/2017	13:27:34.2	     0.595	     0.959
03/08/2017	13:27:34.7	     0.595	     0.958
03/08/2017	13:27:35.2	     0.595	     0.959
03/08/2017	13:27:35.7	     0.595	     0.958
03/08/2017	13:27:36.2	     0.595	     0.959
03/08/2017	13:27:36.7	     0.595	     0.959
03/08/2017	13:27:37.2	     0.595	     0.958
03/08/2017	13:27:37.7	     0.595	     0.957
03/08/2017	13:27:38.2	     0.594	     0.958
03/08/2017	13:27:38.7	     0.594	     0.958
03/08/2017	13:27:39.2	     0.594	     0.958
03/08/2017	13:27:39.7	     0.594	     0.959
03/08/2017	13:27:40.2	     0.594	     0.959
03/08/2017	13:27:40.7	     0.594	     0.958
03/08/2017	13:27:41.2	     0.594	     0.958
03/08/2017	13:27:41.7	     0.594	     0.958
03/08/2017	13:27:42.2	     0.594	     0.957
03/08/2017	13:27:42.7	     0.594	     0.956
03/08/2017	13:27:43.2	     0.594	     0.956
03/08/2017	13:27:43.7	     0.594	     0.957
03/08/2017	13:27:44.2	     0.594	     0.957
03/08/2017	13:27:44.7	     0.594	     0.957
03/08/2017	13:27:45.2	     0.594	     0.955
03/08/2017	13:27:45.7	     0.594	     0.956
03/08/2017	13:27:46.2	     0.594	     0.956
03/08/2017	13:27:46.7	     0.594	     0.956
03/08/2017	13:27:47.2	     0.594	     0.955
03/08/2017	13:27:47.7	     0.594	     0.956
03/08/2017	13:27:48.2	     0.594	     0.956
03/08/2017	13:27:48.7	     0.594	     0.956
03/08/2017	13:27:49.2	     0.594	     0.955
03/08/2017	13:27:49.7	     0.594	     0.956
03/08/2017	13:27:50.2	     0.594	     0.956
03/08/2017	13:27:50.7	     0.594	     0.956
03/08/2017	13:27:51.2	     0.594	     0.955
03/08/2017	13:27:51.7	     0.594	     0.956
03/08/2017	13:27:52.2	     0.594	     0.955
03/08/2017	13:27:52.7	     0.594	     0.954
03/08/2017	13:27:53.2	     0.595	     0.955
03/08/2017	13:27:53.7	     0.595	     0.955
03/08/2017	13:27:54.2	     0.595	     0.954
03/08/2017	13:27:54.7	     0.595	     0.954
03/08/2017	13:27:55.2	     0.595	     0.954
03/08/2017	13:27:55.7	     0.595	     0.955
03/08/2017	13:27:56.2	     0.595	     0.954
03/08/2017	13:27:56.7	     0.595	     0.953
03/08/2017	13:27:57.2	     0.595	     0.954
03/08/2017	13:27:57.7	     0.595	     0.954
03/08/2017	13:27:58.2	     0.595	     0.953
03/08/2017	13:27:58.7	     0.595	     0.952
03/08/2017	13:27:59.2	     0.595	     0.953
03/08/2017	13:27:59.7	     0.595	     0.953
03/08/2017	13:28:00.2	     0.595	     0.952
03/08/2017	13:28:00.7	     0.595	     0.952
03/08/2017	13:28:01.2	     0.595	     0.952
03/08/2017	13:28:01.7	     0.595	     0.951
03/08/2017	13:28:02.2	     0.595	     0.951
03/08/2017	13:28:02.7	     0.595	     0.951
03/08/2017	13:28:03.2	     0.595	     0.952
03/08/2017	13:28:03.7	     0.595	     0.951
03/08/2017	13:28:04.2	     0.595	     0.952
03/08/2017	13:28:04.7	     0.595	     0.951
03/08/2017	13:28:05.2	     0.595	     0.951
03/08/2017	13:28:05.7	     0.595	     0.951
03/08/2017	13:28:06.2	     0.595	     0.951
03/08/2017	13:28:06.7	     0.595	     0.950
03/08/2017	13:28:07.2	     0.595	     0.951
03/08/2017	13:28:07.7	     0.595	     0.951
03/08/2017	13:28:08.2	     0.595	     0.951
03/08/2017	13:28:08.7	     0.595	     0.951
03/08/2017	13:28:09.2	     0.595	     0.951
03/08/2017	13:28:09.7	     0.595	     0.951
03/08/2017	13:28:10.2	     0.595	     0.950
03/08/2017	13:28:10.7	     0.595	     0.950
03/08/2017	13:28:11.2	     0.595	     0.950
03/08/2017	13:28:11.7	     0.595	     0.950
03/08/2017	13:28:12.2	     0.595	     0.951
03/08/2017	13:28:12.7	     0.595	     0.951
03/08/2017	13:28:13.2	     0.595	     0.951
03/08/2017	13:28:13.7	     0.595	     0.950
03/08/2017	13:28:14.2	     0.595	     0.950
03/08/2017	13:28:14.7	     0.595	     0.951
03/08/2017	13:28:15.2	     0.595	     0.950
03/08/2017	13:28:15.7	     0.595	     0.950
03/08/2017	13:28:16.2	     0.595	     0.950
03/08/2017	13:28:16.7	     0.595	     0.950
03/08/2017	13:28:17.2	     0.595	     0.949
03/08/2017	13:28:17.7	     0.595	     0.950
03/08/2017	13:28:18.2	     0.595	     0.950
03/08/2017	13:28:18.7	     0.595	     0.949
03/08/2017	13:28:19.2	     0.595	     0.950
03/08/2017	13:28:19.7	     0.595	     0.950
03/08/2017	13:28:20.2	     0.595	     0.950
03/08/2017	13:28:20.7	     0.595	     0.949
03/08/2017	13:28:21.2	     0.595	     0.949
03/08/2017	13:28:21.7	     0.595	     0.947
03/08/2017	13:28:22.2	     0.595	     0.948
03/08/2017	13:28:22.7	     0.595	     0.948
03/08/2017	13:28:23.2	     0.595	     0.947
03/08/2017	13:28:23.7	     0.595	     0.947
03/08/2017	13:28:24.2	     0.595	     0.948
03/08/2017	13:28:24.7	     0.595	     0.947
03/08/2017	13:28:25.2	     0.595	     0.946
03/08/2017	13:28:25.7	     0.595	     0.946
03/08/2017	13:28:26.2	     0.595	     0.946
03/08/2017	13:28:26.7	     0.595	     0.947
03/08/2017	13:28:27.2	     0.595	     0.946
03/08/2017	13:28:27.7	     0.595	     0.946
03/08/2017	13:28:28.2	     0.595	     0.947
03/08/2017	13:28:28.7	     0.595	     0.946
03/08/2017	13:28:29.2	     0.595	     0.946
03/08/2017	13:28:29.7	     0.595	     0.946
03/08/2017	13:28:30.2	     0.595	     0.946
03/08/2017	13:28:30.7	     0.595	     0.946
03/08/2017	13:28:31.2	     0.596	     0.947
03/08/2017	13:28:31.7	     0.596	     0.948
03/08/2017	13:28:32.2	     0.596	     0.947
03/08/2017	13:28:32.7	     0.596	     0.947
03/08/2017	13:28:33.2	     0.596	     0.947
03/08/2017	13:28:33.7	     0.596	     0.946
03/08/2017	13:28:34.2	     0.596	     0.947
03/08/2017	13:28:34.7	     0.596	     0.946
03/08/2017	13:28:35.2	     0.596	     0.946
03/08/2017	13:28:35.7	     0.596	     0.945
03/08/2017	13:28:36.2	     0.596	     0.946
03/08/2017	13:28:36.7	     0.596	     0.946
03/08/2017	13:28:37.2	     0.596	     0.944
03/08/2017	13:28:37.7	     0.596	     0.944
03/08/2017	13:28:38.2	     0.596	     0.944
03/08/2017	13:28:38.7	     0.596	     0.944
03/08/2017	13:28:39.2	     0.596	     0.943
03/08/2017	13:28:39.7	     0.596	     0.944
03/08/2017	13:28:40.2	     0.596	     0.943
03/08/2017	13:28:40.7	     0.596	     0.943
03/08/2017	13:28:41.2	     0.596	     0.944
03/08/2017	13:28:41.7	     0.596	     0.943
03/08/2017	13:28:42.2	     0.596	     0.944
03/08/2017	13:28:42.7	     0.596	     0.944
03/08/2017	13:28:43.2	     0.595	     0.942
03/08/2017	13:28:43.7	     0.595	     0.943
03/08/2017	13:28:44.2	     0.595	     0.944
03/08/2017	13:28:44.7	     0.595	     0.943
03/08/2017	13:28:45.2	     0.595	     0.943
03/08/2017	13:28:45.7	     0.595	     0.942
03/08/2017	13:28:46.2	     0.595	     0.944
03/08/2017	13:28:46.7	     0.595	     0.944
03/08/2017	13:28:47.2	     0.595	     0.943
03/08/2017	13:28:47.7	     0.595	     0.943
03/08/2017	13:28:48.2	     0.595	     0.943
03/08/2017	13:28:48.7	     0.595	     0.943
03/08/2017	13:28:49.2	     0.595	     0.943
03/08/2017	13:28:49.7	     0.595	     0.944
03/08/2017	13:28:50.2	     0.595	     0.944
03/08/2017	13:28:50.7	     0.595	     0.944
03/08/2017	13:28:51.2	     0.595	     0.943
03/08/2017	13:28:51.7	     0.595	     0.943
03/08/2017	13:28:52.2	     0.595	     0.942
03/08/2017	13:28:52.7	     0.595	     0.942
03/08/2017	13:28:53.2	     0.596	     0.941
03/08/2017	13:28:53.7	     0.596	     0.941
03/08/2017	13:28:54.2	     0.596	     0.942
03/08/2017	13:28:54.7	     0.596	     0.942
03/08/2017	13:28:55.2	     0.596	     0.940
03/08/2017	13:28:55.7	     0.596	     0.941
03/08/2017	13:28:56.2	     0.596	     0.941
03/08/2017	13:28:56.7	     0.596	     0.942
03/08/2017	13:28:57.2	     0.596	     0.942
03/08/2017	13:28:57.7	     0.596	     0.942
03/08/2017	13:28:58.2	     0.596	     0.941
03/08/2017	13:28:58.7	     0.596	     0.940
03/08/2017	13:28:59.2	     0.596	     0.940
03/08/2017	13:28:59.7	     0.596	     0.940
03/08/2017	13:29:00.2	     0.596	     0.942
03/08/2017	13:29:00.7	     0.596	     0.941
03/08/2017	13:29:01.2	     0.596	     0.941
03/08/2017	13:29:01.7	     0.596	     0.940
03/08/2017	13:29:02.2	     0.596	     0.940
03/08/2017	13:29:02.7	     0.596	     0.941
03/08/2017	13:29:03.2	     0.596	     0.941
03/08/2017	13:29:03.7	     0.596	     0.941
03/08/2017	13:29:04.2	     0.596	     0.942
03/08/2017	13:29:04.7	     0.596	     0.940
03/08/2017	13:29:05.2	     0.595	     0.941
03/08/2017	13:29:05.7	     0.595	     0.940
03/08/2017	13:29:06.2	     0.595	     0.938
03/08/2017	13:29:06.7	     0.595	     0.940
03/08/2017	13:29:07.2	     0.595	     0.939
03/08/2017	13:29:07.7	     0.595	     0.940
03/08/2017	13:29:08.2	     0.595	     0.939
03/08/2017	13:29:08.7	     0.595	     0.939
03/08/2017	13:29:09.2	     0.595	     0.939
03/08/2017	13:29:09.7	     0.595	     0.940
03/08/2017	13:29:10.2	     0.595	     0.941
03/08/2017	13:29:10.7	     0.595	     0.940
03/08/2017	13:29:11.2	     0.595	     0.940
03/08/2017	13:29:11.7	     0.595	     0.940
03/08/2017	13:29:12.2	     0.595	     0.940
03/08/2017	13:29:12.7	     0.595	     0.939
03/08/2017	13:29:13.2	     0.595	     0.939
03/08/2017	13:29:13.7	     0.595	     0.941
03/08/2017	13:29:14.2	     0.595	     0.940
03/08/2017	13:29:14.7	     0.595	     0.940
03/08/2017	13:29:15.2	     0.595	     0.938
03/08/2017	13:29:15.7	     0.595	     0.939
03/08/2017	13:29:16.2	     0.595	     0.938
03/08/2017	13:29:16.7	     0.595	     0.939
03/08/2017	13:29:17.2	     0.595	     0.938
03/08/2017	13:29:17.7	     0.595	     0.938
03/08/2017	13:29:18.2	     0.596	     0.939
03/08/2017	13:29:18.7	     0.596	     0.939
03/08/2017	13:29:19.2	     0.596	     0.939
03/08/2017	13:29:19.7	     0.596	     0.938
03/08/2017	13:29:20.2	     0.596	     0.938
03/08/2017	13:29:20.7	     0.596	     0.937
03/08/2017	13:29:21.2	     0.596	     0.939
03/08/2017	13:29:21.7	     0.596	     0.939
03/08/2017	13:29:22.2	     0.596	     0.938
03/08/2017	13:29:22.7	     0.596	     0.936
END DATA