VIRTUALBENCH-LOGGER 2.5 REPORT
NATIONAL INSTRUMENTS
DATE CREATED	11:19:59	03/08/2017

USER	


START COMMENT


END COMMENT

START DATA
Date	Time	AMPS(V)	PYRO(V)
03/08/2017	11:20:03.7	     0.596	     0.934
03/08/2017	11:20:04.2	     0.596	     0.984
03/08/2017	11:20:04.7	     0.596	     0.985
03/08/2017	11:20:05.2	     0.595	     0.986
03/08/2017	11:20:05.7	     0.595	     0.986
03/08/2017	11:20:06.2	     0.595	     0.987
03/08/2017	11:20:06.7	     0.595	     0.987
03/08/2017	11:20:07.2	     0.595	     0.985
03/08/2017	11:20:07.7	     0.595	     0.984
03/08/2017	11:20:08.2	     0.595	     0.986
03/08/2017	11:20:08.7	     0.595	     0.986
03/08/2017	11:20:09.2	     0.595	     0.986
03/08/2017	11:20:09.7	     0.595	     0.986
03/08/2017	11:20:10.2	     0.595	     0.986
03/08/2017	11:20:10.7	     0.595	     0.986
03/08/2017	11:20:11.2	     0.595	     0.986
03/08/2017	11:20:11.7	     0.595	     0.986
03/08/2017	11:20:12.2	     0.595	     0.986
03/08/2017	11:20:12.7	     0.595	     0.986
03/08/2017	11:20:13.2	     0.595	     0.986
03/08/2017	11:20:13.7	     0.595	     0.986
03/08/2017	11:20:14.2	     0.595	     0.986
03/08/2017	11:20:14.7	     0.595	     0.987
03/08/2017	11:20:15.2	     0.595	     0.986
03/08/2017	11:20:15.7	     0.595	     0.986
03/08/2017	11:20:16.2	     0.595	     0.986
03/08/2017	11:20:16.7	     0.595	     0.986
03/08/2017	11:20:17.2	     0.595	     0.956
03/08/2017	11:20:17.7	     0.595	     0.778
03/08/2017	11:20:18.2	     0.595	     0.649
03/08/2017	11:20:18.7	     0.595	     0.680
03/08/2017	11:20:19.2	     0.595	     0.684
03/08/2017	11:20:19.7	     0.595	     0.687
03/08/2017	11:20:20.2	     0.595	     0.693
03/08/2017	11:20:20.7	     0.595	     0.697
03/08/2017	11:20:21.2	     0.595	     0.700
03/08/2017	11:20:21.7	     0.595	     0.703
03/08/2017	11:20:22.2	     0.595	     0.722
03/08/2017	11:20:22.7	     0.595	     0.768
03/08/2017	11:20:23.2	     0.595	     0.782
03/08/2017	11:20:23.7	     0.595	     0.782
03/08/2017	11:20:24.2	     0.595	     0.829
03/08/2017	11:20:24.7	     0.595	     0.831
03/08/2017	11:20:25.2	     0.595	     0.845
03/08/2017	11:20:25.7	     0.595	     0.840
03/08/2017	11:20:26.2	     0.595	     0.824
03/08/2017	11:20:26.7	     0.595	     0.801
03/08/2017	11:20:27.2	     0.595	     0.800
03/08/2017	11:20:27.7	     0.595	     0.793
03/08/2017	11:20:28.2	     0.595	     0.787
03/08/2017	11:20:28.7	     0.595	     0.771
03/08/2017	11:20:29.2	     0.595	     0.788
03/08/2017	11:20:29.7	     0.595	     0.769
03/08/2017	11:20:30.2	     0.595	     0.771
03/08/2017	11:20:30.7	     0.595	     0.774
03/08/2017	11:20:31.2	     0.595	     0.777
03/08/2017	11:20:31.7	     0.595	     0.808
03/08/2017	11:20:32.2	     0.595	     0.762
03/08/2017	11:20:32.7	     0.595	     0.797
03/08/2017	11:20:33.2	     0.595	     0.801
03/08/2017	11:20:33.7	     0.594	     0.808
03/08/2017	11:20:34.2	     0.594	     0.805
03/08/2017	11:20:34.7	     0.594	     0.864
03/08/2017	11:20:35.2	     0.594	     0.870
03/08/2017	11:20:35.7	     0.594	     0.879
03/08/2017	11:20:36.2	     0.594	     0.898
03/08/2017	11:20:36.7	     0.594	     0.933
03/08/2017	11:20:37.2	     0.594	     0.964
03/08/2017	11:20:37.7	     0.594	     0.980
03/08/2017	11:20:38.2	     0.594	     0.989
03/08/2017	11:20:38.7	     0.594	     1.036
03/08/2017	11:20:39.2	     0.594	     1.040
03/08/2017	11:20:39.7	     0.594	     1.062
03/08/2017	11:20:40.2	     0.594	     1.111
03/08/2017	11:20:40.7	     0.594	     1.078
03/08/2017	11:20:41.2	     0.593	     1.083
03/08/2017	11:20:41.7	     0.593	     1.091
03/08/2017	11:20:42.2	     0.593	     1.064
03/08/2017	11:20:42.7	     0.593	     1.078
03/08/2017	11:20:43.2	     0.593	     1.121
03/08/2017	11:20:43.7	     0.593	     1.147
03/08/2017	11:20:44.2	     0.593	     1.128
03/08/2017	11:20:44.7	     0.593	     1.173
03/08/2017	11:20:45.2	     0.593	     1.210
03/08/2017	11:20:45.7	     0.593	     1.217
03/08/2017	11:20:46.2	     0.593	     1.223
03/08/2017	11:20:46.7	     0.593	     1.222
03/08/2017	11:20:47.2	     0.593	     1.223
03/08/2017	11:20:47.7	     0.593	     1.223
03/08/2017	11:20:48.2	     0.593	     1.222
03/08/2017	11:20:48.7	     0.593	     1.223
03/08/2017	11:20:49.2	     0.594	     1.222
03/08/2017	11:20:49.7	     0.594	     1.222
03/08/2017	11:20:50.2	     0.594	     1.220
03/08/2017	11:20:50.7	     0.594	     1.217
03/08/2017	11:20:51.2	     0.594	     1.218
03/08/2017	11:20:51.7	     0.594	     1.218
03/08/2017	11:20:52.2	     0.594	     1.216
03/08/2017	11:20:52.7	     0.594	     1.217
03/08/2017	11:20:53.2	     0.594	     1.216
03/08/2017	11:20:53.7	     0.595	     1.215
03/08/2017	11:20:54.2	     0.595	     1.215
03/08/2017	11:20:54.7	     0.595	     1.215
03/08/2017	11:20:55.2	     0.595	     1.213
03/08/2017	11:20:55.7	     0.595	     1.213
03/08/2017	11:20:56.2	     0.595	     1.211
03/08/2017	11:20:56.7	     0.595	     1.209
03/08/2017	11:20:57.2	     0.595	     1.209
03/08/2017	11:20:57.7	     0.595	     1.211
03/08/2017	11:20:58.2	     0.595	     1.208
03/08/2017	11:20:58.7	     0.595	     1.208
03/08/2017	11:20:59.2	     0.595	     1.204
03/08/2017	11:20:59.7	     0.595	     1.202
03/08/2017	11:21:00.2	     0.595	     1.204
03/08/2017	11:21:00.7	     0.595	     1.201
03/08/2017	11:21:01.2	     0.595	     1.198
03/08/2017	11:21:01.7	     0.595	     1.195
03/08/2017	11:21:02.2	     0.596	     1.196
03/08/2017	11:21:02.7	     0.596	     1.193
03/08/2017	11:21:03.2	     0.596	     1.194
03/08/2017	11:21:03.7	     0.596	     1.194
03/08/2017	11:21:04.2	     0.596	     1.191
03/08/2017	11:21:04.7	     0.596	     1.191
03/08/2017	11:21:05.2	     0.596	     1.186
03/08/2017	11:21:05.7	     0.596	     1.186
03/08/2017	11:21:06.2	     0.596	     1.184
03/08/2017	11:21:06.7	     0.596	     1.181
03/08/2017	11:21:07.2	     0.596	     1.177
03/08/2017	11:21:07.7	     0.596	     1.177
03/08/2017	11:21:08.2	     0.596	     1.176
03/08/2017	11:21:08.7	     0.596	     1.175
03/08/2017	11:21:09.2	     0.596	     1.170
03/08/2017	11:21:09.7	     0.596	     1.170
03/08/2017	11:21:10.2	     0.596	     1.169
03/08/2017	11:21:10.7	     0.596	     1.169
03/08/2017	11:21:11.2	     0.596	     1.168
03/08/2017	11:21:11.7	     0.596	     1.164
03/08/2017	11:21:12.2	     0.596	     1.163
03/08/2017	11:21:12.7	     0.596	     1.162
03/08/2017	11:21:13.2	     0.596	     1.160
03/08/2017	11:21:13.7	     0.596	     1.159
03/08/2017	11:21:14.2	     0.596	     1.158
03/08/2017	11:21:14.7	     0.596	     1.158
03/08/2017	11:21:15.2	     0.596	     1.155
03/08/2017	11:21:15.7	     0.596	     1.154
03/08/2017	11:21:16.2	     0.596	     1.153
03/08/2017	11:21:16.7	     0.596	     1.152
03/08/2017	11:21:17.2	     0.596	     1.151
03/08/2017	11:21:17.7	     0.596	     1.148
03/08/2017	11:21:18.2	     0.596	     1.147
03/08/2017	11:21:18.7	     0.596	     1.144
03/08/2017	11:21:19.2	     0.596	     1.143
03/08/2017	11:21:19.7	     0.596	     1.142
03/08/2017	11:21:20.2	     0.596	     1.139
03/08/2017	11:21:20.7	     0.596	     1.138
03/08/2017	11:21:21.2	     0.596	     1.135
03/08/2017	11:21:21.7	     0.596	     1.135
03/08/2017	11:21:22.2	     0.596	     1.135
03/08/2017	11:21:22.7	     0.596	     1.134
03/08/2017	11:21:23.2	     0.596	     1.133
03/08/2017	11:21:23.7	     0.596	     1.130
03/08/2017	11:21:24.2	     0.596	     1.129
03/08/2017	11:21:24.7	     0.596	     1.128
03/08/2017	11:21:25.2	     0.596	     1.128
03/08/2017	11:21:25.7	     0.596	     1.126
03/08/2017	11:21:26.2	     0.596	     1.124
03/08/2017	11:21:26.7	     0.596	     1.124
03/08/2017	11:21:27.2	     0.596	     1.123
03/08/2017	11:21:27.7	     0.596	     1.121
03/08/2017	11:21:28.2	     0.596	     1.118
03/08/2017	11:21:28.7	     0.596	     1.116
03/08/2017	11:21:29.2	     0.596	     1.114
03/08/2017	11:21:29.7	     0.596	     1.113
03/08/2017	11:21:30.2	     0.596	     1.114
03/08/2017	11:21:30.7	     0.596	     1.111
03/08/2017	11:21:31.2	     0.596	     1.110
03/08/2017	11:21:31.7	     0.596	     1.111
03/08/2017	11:21:32.2	     0.596	     1.111
03/08/2017	11:21:32.7	     0.596	     1.109
03/08/2017	11:21:33.2	     0.596	     1.107
03/08/2017	11:21:33.7	     0.596	     1.107
03/08/2017	11:21:34.2	     0.596	     1.103
03/08/2017	11:21:34.7	     0.596	     1.103
03/08/2017	11:21:35.2	     0.596	     1.102
03/08/2017	11:21:35.7	     0.596	     1.101
03/08/2017	11:21:36.2	     0.596	     1.101
03/08/2017	11:21:36.7	     0.596	     1.101
03/08/2017	11:21:37.2	     0.596	     1.100
03/08/2017	11:21:37.7	     0.596	     1.098
03/08/2017	11:21:38.2	     0.596	     1.098
03/08/2017	11:21:38.7	     0.596	     1.096
03/08/2017	11:21:39.2	     0.596	     1.095
03/08/2017	11:21:39.7	     0.596	     1.094
03/08/2017	11:21:40.2	     0.596	     1.093
03/08/2017	11:21:40.7	     0.596	     1.092
03/08/2017	11:21:41.2	     0.596	     1.091
03/08/2017	11:21:41.7	     0.596	     1.088
03/08/2017	11:21:42.2	     0.596	     1.088
03/08/2017	11:21:42.7	     0.596	     1.085
03/08/2017	11:21:43.2	     0.596	     1.086
03/08/2017	11:21:43.7	     0.596	     1.086
03/08/2017	11:21:44.2	     0.596	     1.086
03/08/2017	11:21:44.7	     0.596	     1.085
03/08/2017	11:21:45.2	     0.596	     1.083
03/08/2017	11:21:45.7	     0.596	     1.082
03/08/2017	11:21:46.2	     0.596	     1.082
03/08/2017	11:21:46.7	     0.596	     1.081
03/08/2017	11:21:47.2	     0.596	     1.081
03/08/2017	11:21:47.7	     0.596	     1.080
03/08/2017	11:21:48.2	     0.596	     1.079
03/08/2017	11:21:48.7	     0.596	     1.079
03/08/2017	11:21:49.2	     0.596	     1.078
03/08/2017	11:21:49.7	     0.596	     1.077
03/08/2017	11:21:50.2	     0.596	     1.077
03/08/2017	11:21:50.7	     0.596	     1.077
03/08/2017	11:21:51.2	     0.596	     1.075
03/08/2017	11:21:51.7	     0.596	     1.075
03/08/2017	11:21:52.2	     0.596	     1.074
03/08/2017	11:21:52.7	     0.596	     1.073
03/08/2017	11:21:53.2	     0.596	     1.071
03/08/2017	11:21:53.7	     0.596	     1.071
03/08/2017	11:21:54.2	     0.596	     1.071
03/08/2017	11:21:54.7	     0.595	     1.070
03/08/2017	11:21:55.2	     0.595	     1.070
03/08/2017	11:21:55.7	     0.595	     1.069
03/08/2017	11:21:56.2	     0.595	     1.066
03/08/2017	11:21:56.7	     0.595	     1.065
03/08/2017	11:21:57.2	     0.595	     1.063
03/08/2017	11:21:57.7	     0.595	     1.063
03/08/2017	11:21:58.2	     0.595	     1.063
03/08/2017	11:21:58.7	     0.595	     1.063
03/08/2017	11:21:59.2	     0.595	     1.062
03/08/2017	11:21:59.7	     0.595	     1.062
03/08/2017	11:22:00.2	     0.595	     1.062
03/08/2017	11:22:00.7	     0.595	     1.061
03/08/2017	11:22:01.2	     0.595	     1.058
03/08/2017	11:22:01.7	     0.595	     1.057
03/08/2017	11:22:02.2	     0.595	     1.058
03/08/2017	11:22:02.7	     0.595	     1.058
03/08/2017	11:22:03.2	     0.595	     1.058
03/08/2017	11:22:03.7	     0.595	     1.057
03/08/2017	11:22:04.2	     0.595	     1.056
03/08/2017	11:22:04.7	     0.594	     1.056
03/08/2017	11:22:05.2	     0.594	     1.054
03/08/2017	11:22:05.7	     0.594	     1.054
03/08/2017	11:22:06.2	     0.594	     1.051
03/08/2017	11:22:06.7	     0.594	     1.051
03/08/2017	11:22:07.2	     0.595	     1.051
03/08/2017	11:22:07.7	     0.595	     1.052
03/08/2017	11:22:08.2	     0.595	     1.051
03/08/2017	11:22:08.7	     0.595	     1.051
03/08/2017	11:22:09.2	     0.595	     1.051
03/08/2017	11:22:09.7	     0.595	     1.051
03/08/2017	11:22:10.2	     0.594	     1.050
03/08/2017	11:22:10.7	     0.594	     1.050
03/08/2017	11:22:11.2	     0.594	     1.050
03/08/2017	11:22:11.7	     0.594	     1.047
03/08/2017	11:22:12.2	     0.594	     1.045
03/08/2017	11:22:12.7	     0.594	     1.046
03/08/2017	11:22:13.2	     0.594	     1.046
03/08/2017	11:22:13.7	     0.594	     1.046
03/08/2017	11:22:14.2	     0.594	     1.046
03/08/2017	11:22:14.7	     0.594	     1.045
03/08/2017	11:22:15.2	     0.594	     1.045
03/08/2017	11:22:15.7	     0.594	     1.041
03/08/2017	11:22:16.2	     0.594	     1.041
03/08/2017	11:22:16.7	     0.594	     1.042
03/08/2017	11:22:17.2	     0.594	     1.041
03/08/2017	11:22:17.7	     0.594	     1.040
03/08/2017	11:22:18.2	     0.594	     1.040
03/08/2017	11:22:18.7	     0.594	     1.039
03/08/2017	11:22:19.2	     0.594	     1.040
03/08/2017	11:22:19.7	     0.594	     1.039
03/08/2017	11:22:20.2	     0.594	     1.040
03/08/2017	11:22:20.7	     0.594	     1.039
03/08/2017	11:22:21.2	     0.594	     1.039
03/08/2017	11:22:21.7	     0.594	     1.037
03/08/2017	11:22:22.2	     0.594	     1.037
03/08/2017	11:22:22.7	     0.594	     1.036
03/08/2017	11:22:23.2	     0.594	     1.036
03/08/2017	11:22:23.7	     0.594	     1.033
03/08/2017	11:22:24.2	     0.594	     1.034
03/08/2017	11:22:24.7	     0.594	     1.033
03/08/2017	11:22:25.2	     0.594	     1.033
03/08/2017	11:22:25.7	     0.594	     1.033
03/08/2017	11:22:26.2	     0.594	     1.033
03/08/2017	11:22:26.7	     0.594	     1.033
03/08/2017	11:22:27.2	     0.594	     1.032
03/08/2017	11:22:27.7	     0.594	     1.030
03/08/2017	11:22:28.2	     0.594	     1.030
03/08/2017	11:22:28.7	     0.594	     1.030
03/08/2017	11:22:29.2	     0.594	     1.029
03/08/2017	11:22:29.7	     0.594	     1.029
03/08/2017	11:22:30.2	     0.594	     1.028
03/08/2017	11:22:30.7	     0.594	     1.029
03/08/2017	11:22:31.2	     0.594	     1.029
03/08/2017	11:22:31.7	     0.594	     1.028
03/08/2017	11:22:32.2	     0.594	     1.028
03/08/2017	11:22:32.7	     0.594	     1.024
03/08/2017	11:22:33.2	     0.594	     1.025
03/08/2017	11:22:33.7	     0.594	     1.025
03/08/2017	11:22:34.2	     0.594	     1.025
03/08/2017	11:22:34.7	     0.594	     1.022
03/08/2017	11:22:35.2	     0.594	     1.024
03/08/2017	11:22:35.7	     0.594	     1.022
03/08/2017	11:22:36.2	     0.594	     1.023
03/08/2017	11:22:36.7	     0.594	     1.023
03/08/2017	11:22:37.2	     0.594	     1.023
03/08/2017	11:22:37.7	     0.594	     1.022
03/08/2017	11:22:38.2	     0.594	     1.023
03/08/2017	11:22:38.7	     0.594	     1.022
03/08/2017	11:22:39.2	     0.594	     1.022
03/08/2017	11:22:39.7	     0.594	     1.022
03/08/2017	11:22:40.2	     0.594	     1.021
03/08/2017	11:22:40.7	     0.594	     1.018
03/08/2017	11:22:41.2	     0.594	     1.018
03/08/2017	11:22:41.7	     0.594	     1.018
03/08/2017	11:22:42.2	     0.594	     1.018
03/08/2017	11:22:42.7	     0.594	     1.019
03/08/2017	11:22:43.2	     0.594	     1.019
03/08/2017	11:22:43.7	     0.594	     1.016
03/08/2017	11:22:44.2	     0.594	     1.016
03/08/2017	11:22:44.7	     0.594	     1.016
03/08/2017	11:22:45.2	     0.594	     1.016
03/08/2017	11:22:45.7	     0.594	     1.015
03/08/2017	11:22:46.2	     0.594	     1.014
03/08/2017	11:22:46.7	     0.594	     1.012
03/08/2017	11:22:47.2	     0.594	     1.011
03/08/2017	11:22:47.7	     0.594	     1.012
03/08/2017	11:22:48.2	     0.594	     1.013
03/08/2017	11:22:48.7	     0.594	     1.010
03/08/2017	11:22:49.2	     0.594	     1.011
03/08/2017	11:22:49.7	     0.593	     1.011
03/08/2017	11:22:50.2	     0.593	     1.011
03/08/2017	11:22:50.7	     0.593	     1.010
03/08/2017	11:22:51.2	     0.593	     1.009
03/08/2017	11:22:51.7	     0.593	     1.009
03/08/2017	11:22:52.2	     0.593	     1.009
03/08/2017	11:22:52.7	     0.593	     1.009
03/08/2017	11:22:53.2	     0.593	     1.009
03/08/2017	11:22:53.7	     0.593	     1.009
03/08/2017	11:22:54.2	     0.593	     1.009
03/08/2017	11:22:54.7	     0.593	     1.008
03/08/2017	11:22:55.2	     0.593	     1.007
03/08/2017	11:22:55.7	     0.593	     1.008
03/08/2017	11:22:56.2	     0.593	     1.008
03/08/2017	11:22:56.7	     0.593	     1.008
03/08/2017	11:22:57.2	     0.593	     1.008
03/08/2017	11:22:57.7	     0.593	     1.007
03/08/2017	11:22:58.2	     0.593	     1.006
03/08/2017	11:22:58.7	     0.593	     1.007
03/08/2017	11:22:59.2	     0.593	     1.007
03/08/2017	11:22:59.7	     0.593	     1.006
03/08/2017	11:23:00.2	     0.593	     1.006
03/08/2017	11:23:00.7	     0.593	     1.005
03/08/2017	11:23:01.2	     0.593	     1.004
03/08/2017	11:23:01.7	     0.593	     1.002
03/08/2017	11:23:02.2	     0.593	     1.001
03/08/2017	11:23:02.7	     0.593	     1.000
03/08/2017	11:23:03.2	     0.593	     1.001
03/08/2017	11:23:03.7	     0.593	     1.001
03/08/2017	11:23:04.2	     0.593	     1.001
03/08/2017	11:23:04.7	     0.593	     1.001
03/08/2017	11:23:05.2	     0.593	     1.000
03/08/2017	11:23:05.7	     0.593	     1.001
03/08/2017	11:23:06.2	     0.593	     1.001
03/08/2017	11:23:06.7	     0.593	     1.001
03/08/2017	11:23:07.2	     0.593	     1.000
03/08/2017	11:23:07.7	     0.593	     1.000
03/08/2017	11:23:08.2	     0.593	     0.999
03/08/2017	11:23:08.7	     0.593	     1.000
03/08/2017	11:23:09.2	     0.593	     1.000
03/08/2017	11:23:09.7	     0.593	     1.000
03/08/2017	11:23:10.2	     0.593	     1.000
03/08/2017	11:23:10.7	     0.593	     1.000
03/08/2017	11:23:11.2	     0.593	     0.998
03/08/2017	11:23:11.7	     0.593	     0.998
03/08/2017	11:23:12.2	     0.593	     0.998
03/08/2017	11:23:12.7	     0.593	     0.998
03/08/2017	11:23:13.2	     0.593	     0.998
03/08/2017	11:23:13.7	     0.593	     0.998
03/08/2017	11:23:14.2	     0.593	     0.998
03/08/2017	11:23:14.7	     0.593	     0.997
03/08/2017	11:23:15.2	     0.593	     0.998
03/08/2017	11:23:15.7	     0.593	     0.997
03/08/2017	11:23:16.2	     0.593	     0.997
03/08/2017	11:23:16.7	     0.593	     0.995
03/08/2017	11:23:17.2	     0.593	     0.993
03/08/2017	11:23:17.7	     0.593	     0.994
03/08/2017	11:23:18.2	     0.593	     0.994
03/08/2017	11:23:18.7	     0.593	     0.994
03/08/2017	11:23:19.2	     0.593	     0.994
03/08/2017	11:23:19.7	     0.593	     0.994
03/08/2017	11:23:20.2	     0.593	     0.994
03/08/2017	11:23:20.7	     0.593	     0.993
03/08/2017	11:23:21.2	     0.593	     0.993
03/08/2017	11:23:21.7	     0.593	     0.992
03/08/2017	11:23:22.2	     0.593	     0.992
03/08/2017	11:23:22.7	     0.593	     0.993
03/08/2017	11:23:23.2	     0.593	     0.993
03/08/2017	11:23:23.7	     0.593	     0.994
03/08/2017	11:23:24.2	     0.593	     0.994
03/08/2017	11:23:24.7	     0.593	     0.993
03/08/2017	11:23:25.2	     0.593	     0.992
03/08/2017	11:23:25.7	     0.593	     0.992
03/08/2017	11:23:26.2	     0.593	     0.992
03/08/2017	11:23:26.7	     0.593	     0.992
03/08/2017	11:23:27.2	     0.593	     0.992
03/08/2017	11:23:27.7	     0.593	     0.991
03/08/2017	11:23:28.2	     0.593	     0.991
03/08/2017	11:23:28.7	     0.593	     0.991
03/08/2017	11:23:29.2	     0.593	     0.990
03/08/2017	11:23:29.7	     0.593	     0.991
03/08/2017	11:23:30.2	     0.593	     0.989
03/08/2017	11:23:30.7	     0.593	     0.989
03/08/2017	11:23:31.2	     0.593	     0.990
03/08/2017	11:23:31.7	     0.593	     0.989
03/08/2017	11:23:32.2	     0.593	     0.988
03/08/2017	11:23:32.7	     0.593	     0.987
03/08/2017	11:23:33.2	     0.593	     0.987
03/08/2017	11:23:33.7	     0.593	     0.988
03/08/2017	11:23:34.2	     0.593	     0.987
03/08/2017	11:23:34.7	     0.593	     0.987
03/08/2017	11:23:35.2	     0.593	     0.988
03/08/2017	11:23:35.7	     0.593	     0.988
03/08/2017	11:23:36.2	     0.593	     0.988
03/08/2017	11:23:36.7	     0.593	     0.987
03/08/2017	11:23:37.2	     0.593	     0.987
03/08/2017	11:23:37.7	     0.593	     0.987
03/08/2017	11:23:38.2	     0.593	     0.986
03/08/2017	11:23:38.7	     0.593	     0.987
03/08/2017	11:23:39.2	     0.593	     0.986
03/08/2017	11:23:39.7	     0.593	     0.986
03/08/2017	11:23:40.2	     0.593	     0.985
03/08/2017	11:23:40.7	     0.593	     0.985
03/08/2017	11:23:41.2	     0.593	     0.984
03/08/2017	11:23:41.7	     0.593	     0.983
03/08/2017	11:23:42.2	     0.593	     0.984
03/08/2017	11:23:42.7	     0.593	     0.984
03/08/2017	11:23:43.2	     0.593	     0.981
03/08/2017	11:23:43.7	     0.593	     0.982
03/08/2017	11:23:44.2	     0.593	     0.981
03/08/2017	11:23:44.7	     0.593	     0.981
03/08/2017	11:23:45.2	     0.593	     0.982
03/08/2017	11:23:45.7	     0.593	     0.981
03/08/2017	11:23:46.2	     0.593	     0.980
03/08/2017	11:23:46.7	     0.593	     0.979
03/08/2017	11:23:47.2	     0.593	     0.981
03/08/2017	11:23:47.7	     0.593	     0.980
03/08/2017	11:23:48.2	     0.593	     0.980
03/08/2017	11:23:48.7	     0.593	     0.980
03/08/2017	11:23:49.2	     0.593	     0.980
03/08/2017	11:23:49.7	     0.593	     0.981
03/08/2017	11:23:50.2	     0.593	     0.980
03/08/2017	11:23:50.7	     0.593	     0.980
03/08/2017	11:23:51.2	     0.593	     0.979
03/08/2017	11:23:51.7	     0.593	     0.979
03/08/2017	11:23:52.2	     0.593	     0.979
03/08/2017	11:23:52.7	     0.593	     0.979
03/08/2017	11:23:53.2	     0.593	     0.978
03/08/2017	11:23:53.7	     0.593	     0.979
03/08/2017	11:23:54.2	     0.593	     0.979
03/08/2017	11:23:54.7	     0.593	     0.978
03/08/2017	11:23:55.2	     0.593	     0.977
03/08/2017	11:23:55.7	     0.593	     0.977
03/08/2017	11:23:56.2	     0.593	     0.976
03/08/2017	11:23:56.7	     0.593	     0.976
03/08/2017	11:23:57.2	     0.593	     0.977
03/08/2017	11:23:57.7	     0.593	     0.978
03/08/2017	11:23:58.2	     0.593	     0.978
03/08/2017	11:23:58.7	     0.593	     0.976
03/08/2017	11:23:59.2	     0.593	     0.977
03/08/2017	11:23:59.7	     0.593	     0.976
03/08/2017	11:24:00.2	     0.593	     0.977
03/08/2017	11:24:00.7	     0.593	     0.976
03/08/2017	11:24:01.2	     0.593	     0.974
03/08/2017	11:24:01.7	     0.593	     0.976
03/08/2017	11:24:02.2	     0.593	     0.975
03/08/2017	11:24:02.7	     0.593	     0.972
03/08/2017	11:24:03.2	     0.593	     0.973
03/08/2017	11:24:03.7	     0.593	     0.973
03/08/2017	11:24:04.2	     0.593	     0.974
03/08/2017	11:24:04.7	     0.593	     0.974
03/08/2017	11:24:05.2	     0.593	     0.974
03/08/2017	11:24:05.7	     0.593	     0.973
03/08/2017	11:24:06.2	     0.593	     0.973
03/08/2017	11:24:06.7	     0.593	     0.972
03/08/2017	11:24:07.2	     0.593	     0.972
03/08/2017	11:24:07.7	     0.593	     0.972
03/08/2017	11:24:08.2	     0.593	     0.971
03/08/2017	11:24:08.7	     0.593	     0.971
03/08/2017	11:24:09.2	     0.593	     0.973
03/08/2017	11:24:09.7	     0.593	     0.974
03/08/2017	11:24:10.2	     0.593	     0.973
03/08/2017	11:24:10.7	     0.593	     0.972
03/08/2017	11:24:11.2	     0.593	     0.972
03/08/2017	11:24:11.7	     0.593	     0.972
03/08/2017	11:24:12.2	     0.593	     0.972
03/08/2017	11:24:12.7	     0.593	     0.973
03/08/2017	11:24:13.2	     0.593	     0.972
03/08/2017	11:24:13.7	     0.593	     0.971
03/08/2017	11:24:14.2	     0.593	     0.972
03/08/2017	11:24:14.7	     0.593	     0.971
03/08/2017	11:24:15.2	     0.593	     0.970
03/08/2017	11:24:15.7	     0.593	     0.970
03/08/2017	11:24:16.2	     0.593	     0.967
03/08/2017	11:24:16.7	     0.593	     0.969
03/08/2017	11:24:17.2	     0.593	     0.970
03/08/2017	11:24:17.7	     0.593	     0.969
03/08/2017	11:24:18.2	     0.593	     0.970
03/08/2017	11:24:18.7	     0.593	     0.971
03/08/2017	11:24:19.2	     0.593	     0.970
03/08/2017	11:24:19.7	     0.593	     0.968
03/08/2017	11:24:20.2	     0.593	     0.969
03/08/2017	11:24:20.7	     0.593	     0.970
03/08/2017	11:24:21.2	     0.593	     0.969
03/08/2017	11:24:21.7	     0.593	     0.968
03/08/2017	11:24:22.2	     0.593	     0.968
03/08/2017	11:24:22.7	     0.593	     0.969
03/08/2017	11:24:23.2	     0.593	     0.968
03/08/2017	11:24:23.7	     0.593	     0.968
03/08/2017	11:24:24.2	     0.593	     0.967
03/08/2017	11:24:24.7	     0.593	     0.967
03/08/2017	11:24:25.2	     0.593	     0.968
03/08/2017	11:24:25.7	     0.593	     0.967
03/08/2017	11:24:26.2	     0.593	     0.968
03/08/2017	11:24:26.7	     0.593	     0.968
03/08/2017	11:24:27.2	     0.593	     0.967
03/08/2017	11:24:27.7	     0.593	     0.967
03/08/2017	11:24:28.2	     0.593	     0.967
03/08/2017	11:24:28.7	     0.593	     0.968
03/08/2017	11:24:29.2	     0.594	     0.968
03/08/2017	11:24:29.7	     0.594	     0.968
03/08/2017	11:24:30.2	     0.594	     0.968
03/08/2017	11:24:30.7	     0.594	     0.967
03/08/2017	11:24:31.2	     0.594	     0.967
03/08/2017	11:24:31.7	     0.594	     0.966
03/08/2017	11:24:32.2	     0.594	     0.966
03/08/2017	11:24:32.7	     0.594	     0.967
03/08/2017	11:24:33.2	     0.594	     0.967
03/08/2017	11:24:33.7	     0.594	     0.967
03/08/2017	11:24:34.2	     0.594	     0.967
03/08/2017	11:24:34.7	     0.594	     0.967
03/08/2017	11:24:35.2	     0.594	     0.967
03/08/2017	11:24:35.7	     0.594	     0.967
03/08/2017	11:24:36.2	     0.594	     0.965
03/08/2017	11:24:36.7	     0.594	     0.965
03/08/2017	11:24:37.2	     0.594	     0.965
03/08/2017	11:24:37.7	     0.594	     0.965
03/08/2017	11:24:38.2	     0.594	     0.966
03/08/2017	11:24:38.7	     0.594	     0.965
03/08/2017	11:24:39.2	     0.594	     0.965
03/08/2017	11:24:39.7	     0.594	     0.965
03/08/2017	11:24:40.2	     0.594	     0.965
03/08/2017	11:24:40.7	     0.594	     0.964
03/08/2017	11:24:41.2	     0.594	     0.962
03/08/2017	11:24:41.7	     0.594	     0.964
03/08/2017	11:24:42.2	     0.594	     0.964
03/08/2017	11:24:42.7	     0.594	     0.963
03/08/2017	11:24:43.2	     0.594	     0.963
03/08/2017	11:24:43.7	     0.594	     0.964
03/08/2017	11:24:44.2	     0.594	     0.963
03/08/2017	11:24:44.7	     0.594	     0.962
03/08/2017	11:24:45.2	     0.594	     0.963
03/08/2017	11:24:45.7	     0.594	     0.964
03/08/2017	11:24:46.2	     0.594	     0.963
03/08/2017	11:24:46.7	     0.594	     0.962
03/08/2017	11:24:47.2	     0.594	     0.963
03/08/2017	11:24:47.7	     0.594	     0.962
03/08/2017	11:24:48.2	     0.594	     0.962
03/08/2017	11:24:48.7	     0.594	     0.962
03/08/2017	11:24:49.2	     0.594	     0.962
03/08/2017	11:24:49.7	     0.594	     0.961
03/08/2017	11:24:50.2	     0.594	     0.959
03/08/2017	11:24:50.7	     0.594	     0.959
03/08/2017	11:24:51.2	     0.594	     0.960
03/08/2017	11:24:51.7	     0.594	     0.961
03/08/2017	11:24:52.2	     0.594	     0.960
03/08/2017	11:24:52.7	     0.594	     0.958
03/08/2017	11:24:53.2	     0.594	     0.958
03/08/2017	11:24:53.7	     0.594	     0.959
03/08/2017	11:24:54.2	     0.594	     0.959
03/08/2017	11:24:54.7	     0.594	     0.959
03/08/2017	11:24:55.2	     0.594	     0.959
03/08/2017	11:24:55.7	     0.594	     0.960
03/08/2017	11:24:56.2	     0.594	     0.959
03/08/2017	11:24:56.7	     0.594	     0.959
03/08/2017	11:24:57.2	     0.594	     0.960
03/08/2017	11:24:57.7	     0.594	     0.959
03/08/2017	11:24:58.2	     0.594	     0.959
03/08/2017	11:24:58.7	     0.594	     0.959
03/08/2017	11:24:59.2	     0.594	     0.958
03/08/2017	11:24:59.7	     0.594	     0.958
03/08/2017	11:25:00.2	     0.594	     0.958
03/08/2017	11:25:00.7	     0.594	     0.957
03/08/2017	11:25:01.2	     0.594	     0.958
03/08/2017	11:25:01.7	     0.594	     0.958
03/08/2017	11:25:02.2	     0.594	     0.958
03/08/2017	11:25:02.7	     0.594	     0.958
03/08/2017	11:25:03.2	     0.594	     0.959
03/08/2017	11:25:03.7	     0.594	     0.958
03/08/2017	11:25:04.2	     0.594	     0.958
03/08/2017	11:25:04.7	     0.594	     0.958
03/08/2017	11:25:05.2	     0.595	     0.958
03/08/2017	11:25:05.7	     0.595	     0.959
03/08/2017	11:25:06.2	     0.595	     0.958
03/08/2017	11:25:06.7	     0.595	     0.959
03/08/2017	11:25:07.2	     0.595	     0.959
03/08/2017	11:25:07.7	     0.595	     0.959
03/08/2017	11:25:08.2	     0.595	     0.959
03/08/2017	11:25:08.7	     0.595	     0.958
03/08/2017	11:25:09.2	     0.595	     0.958
03/08/2017	11:25:09.7	     0.595	     0.958
03/08/2017	11:25:10.2	     0.595	     0.958
03/08/2017	11:25:10.7	     0.595	     0.957
03/08/2017	11:25:11.2	     0.595	     0.957
03/08/2017	11:25:11.7	     0.595	     0.957
03/08/2017	11:25:12.2	     0.595	     0.957
03/08/2017	11:25:12.7	     0.595	     0.957
03/08/2017	11:25:13.2	     0.595	     0.957
03/08/2017	11:25:13.7	     0.595	     0.955
03/08/2017	11:25:14.2	     0.595	     0.955
03/08/2017	11:25:14.7	     0.594	     0.955
03/08/2017	11:25:15.2	     0.594	     0.955
03/08/2017	11:25:15.7	     0.594	     0.956
03/08/2017	11:25:16.2	     0.595	     0.954
03/08/2017	11:25:16.7	     0.595	     0.955
03/08/2017	11:25:17.2	     0.595	     0.954
03/08/2017	11:25:17.7	     0.595	     0.954
03/08/2017	11:25:18.2	     0.595	     0.954
03/08/2017	11:25:18.7	     0.595	     0.954
03/08/2017	11:25:19.2	     0.595	     0.953
03/08/2017	11:25:19.7	     0.595	     0.953
03/08/2017	11:25:20.2	     0.595	     0.952
03/08/2017	11:25:20.7	     0.595	     0.952
03/08/2017	11:25:21.2	     0.595	     0.953
03/08/2017	11:25:21.7	     0.595	     0.953
03/08/2017	11:25:22.2	     0.595	     0.954
03/08/2017	11:25:22.7	     0.595	     0.954
03/08/2017	11:25:23.2	     0.595	     0.952
03/08/2017	11:25:23.7	     0.595	     0.952
03/08/2017	11:25:24.2	     0.595	     0.953
03/08/2017	11:25:24.7	     0.595	     0.953
03/08/2017	11:25:25.2	     0.595	     0.952
03/08/2017	11:25:25.7	     0.595	     0.952
03/08/2017	11:25:26.2	     0.595	     0.952
03/08/2017	11:25:26.7	     0.595	     0.952
03/08/2017	11:25:27.2	     0.595	     0.952
03/08/2017	11:25:27.7	     0.595	     0.951
03/08/2017	11:25:28.2	     0.595	     0.951
03/08/2017	11:25:28.7	     0.595	     0.950
03/08/2017	11:25:29.2	     0.595	     0.951
03/08/2017	11:25:29.7	     0.595	     0.951
03/08/2017	11:25:30.2	     0.595	     0.951
03/08/2017	11:25:30.7	     0.595	     0.951
03/08/2017	11:25:31.2	     0.595	     0.952
03/08/2017	11:25:31.7	     0.595	     0.951
03/08/2017	11:25:32.2	     0.595	     0.952
03/08/2017	11:25:32.7	     0.594	     0.952
03/08/2017	11:25:33.2	     0.594	     0.951
03/08/2017	11:25:33.7	     0.594	     0.952
03/08/2017	11:25:34.2	     0.594	     0.953
03/08/2017	11:25:34.7	     0.594	     0.952
03/08/2017	11:25:35.2	     0.594	     0.952
03/08/2017	11:25:35.7	     0.594	     0.951
03/08/2017	11:25:36.2	     0.594	     0.951
03/08/2017	11:25:36.7	     0.594	     0.951
03/08/2017	11:25:37.2	     0.594	     0.951
03/08/2017	11:25:37.7	     0.594	     0.951
03/08/2017	11:25:38.2	     0.594	     0.952
03/08/2017	11:25:38.7	     0.594	     0.951
03/08/2017	11:25:39.2	     0.594	     0.951
03/08/2017	11:25:39.7	     0.594	     0.951
03/08/2017	11:25:40.2	     0.594	     0.951
03/08/2017	11:25:40.7	     0.594	     0.951
03/08/2017	11:25:41.2	     0.594	     0.951
03/08/2017	11:25:41.7	     0.594	     0.951
03/08/2017	11:25:42.2	     0.594	     0.951
03/08/2017	11:25:42.7	     0.594	     0.952
03/08/2017	11:25:43.2	     0.594	     0.952
03/08/2017	11:25:43.7	     0.594	     0.951
03/08/2017	11:25:44.2	     0.594	     0.951
03/08/2017	11:25:44.7	     0.594	     0.951
03/08/2017	11:25:45.2	     0.595	     0.950
03/08/2017	11:25:45.7	     0.595	     0.950
03/08/2017	11:25:46.2	     0.595	     0.950
03/08/2017	11:25:46.7	     0.595	     0.950
03/08/2017	11:25:47.2	     0.595	     0.951
03/08/2017	11:25:47.7	     0.595	     0.951
03/08/2017	11:25:48.2	     0.595	     0.950
03/08/2017	11:25:48.7	     0.595	     0.950
03/08/2017	11:25:49.2	     0.595	     0.951
03/08/2017	11:25:49.7	     0.595	     0.950
03/08/2017	11:25:50.2	     0.595	     0.949
03/08/2017	11:25:50.7	     0.596	     0.950
03/08/2017	11:25:51.2	     0.596	     0.949
03/08/2017	11:25:51.7	     0.596	     0.948
03/08/2017	11:25:52.2	     0.596	     0.949
03/08/2017	11:25:52.7	     0.596	     0.950
03/08/2017	11:25:53.2	     0.596	     0.950
03/08/2017	11:25:53.7	     0.596	     0.950
03/08/2017	11:25:54.2	     0.596	     0.948
03/08/2017	11:25:54.7	     0.596	     0.948
03/08/2017	11:25:55.2	     0.596	     0.947
03/08/2017	11:25:55.7	     0.596	     0.947
03/08/2017	11:25:56.2	     0.596	     0.947
03/08/2017	11:25:56.7	     0.596	     0.948
03/08/2017	11:25:57.2	     0.596	     0.948
03/08/2017	11:25:57.7	     0.596	     0.948
03/08/2017	11:25:58.2	     0.596	     0.948
03/08/2017	11:25:58.7	     0.596	     0.948
03/08/2017	11:25:59.2	     0.596	     0.947
03/08/2017	11:25:59.7	     0.596	     0.947
03/08/2017	11:26:00.2	     0.596	     0.946
03/08/2017	11:26:00.7	     0.596	     0.947
03/08/2017	11:26:01.2	     0.596	     0.947
03/08/2017	11:26:01.7	     0.596	     0.947
03/08/2017	11:26:02.2	     0.596	     0.947
03/08/2017	11:26:02.7	     0.596	     0.946
03/08/2017	11:26:03.2	     0.596	     0.947
03/08/2017	11:26:03.7	     0.596	     0.947
03/08/2017	11:26:04.2	     0.596	     0.946
03/08/2017	11:26:04.7	     0.596	     0.947
03/08/2017	11:26:05.2	     0.596	     0.946
03/08/2017	11:26:05.7	     0.596	     0.947
03/08/2017	11:26:06.2	     0.596	     0.947
03/08/2017	11:26:06.7	     0.596	     0.946
03/08/2017	11:26:07.2	     0.596	     0.946
03/08/2017	11:26:07.7	     0.596	     0.946
03/08/2017	11:26:08.2	     0.596	     0.946
03/08/2017	11:26:08.7	     0.596	     0.946
03/08/2017	11:26:09.2	     0.596	     0.945
03/08/2017	11:26:09.7	     0.596	     0.946
03/08/2017	11:26:10.2	     0.596	     0.946
03/08/2017	11:26:10.7	     0.596	     0.945
03/08/2017	11:26:11.2	     0.596	     0.946
03/08/2017	11:26:11.7	     0.596	     0.947
03/08/2017	11:26:12.2	     0.596	     0.947
03/08/2017	11:26:12.7	     0.596	     0.947
03/08/2017	11:26:13.2	     0.596	     0.946
03/08/2017	11:26:13.7	     0.596	     0.947
03/08/2017	11:26:14.2	     0.596	     0.946
03/08/2017	11:26:14.7	     0.596	     0.946
03/08/2017	11:26:15.2	     0.596	     0.946
03/08/2017	11:26:15.7	     0.596	     0.945
03/08/2017	11:26:16.2	     0.596	     0.945
03/08/2017	11:26:16.7	     0.596	     0.946
03/08/2017	11:26:17.2	     0.596	     0.946
03/08/2017	11:26:17.7	     0.596	     0.945
03/08/2017	11:26:18.2	     0.596	     0.946
03/08/2017	11:26:18.7	     0.596	     0.947
03/08/2017	11:26:19.2	     0.596	     0.945
03/08/2017	11:26:19.7	     0.596	     0.945
03/08/2017	11:26:20.2	     0.596	     0.944
03/08/2017	11:26:20.7	     0.596	     0.944
03/08/2017	11:26:21.2	     0.596	     0.944
03/08/2017	11:26:21.7	     0.596	     0.942
03/08/2017	11:26:22.2	     0.596	     0.942
03/08/2017	11:26:22.7	     0.596	     0.943
03/08/2017	11:26:23.2	     0.596	     0.944
03/08/2017	11:26:23.7	     0.596	     0.945
03/08/2017	11:26:24.2	     0.596	     0.945
03/08/2017	11:26:24.7	     0.596	     0.944
03/08/2017	11:26:25.2	     0.596	     0.944
03/08/2017	11:26:25.7	     0.596	     0.943
03/08/2017	11:26:26.2	     0.596	     0.945
03/08/2017	11:26:26.7	     0.596	     0.944
03/08/2017	11:26:27.2	     0.596	     0.945
03/08/2017	11:26:27.7	     0.596	     0.945
03/08/2017	11:26:28.2	     0.596	     0.945
03/08/2017	11:26:28.7	     0.596	     0.944
03/08/2017	11:26:29.2	     0.596	     0.945
03/08/2017	11:26:29.7	     0.596	     0.945
03/08/2017	11:26:30.2	     0.596	     0.944
03/08/2017	11:26:30.7	     0.596	     0.944
03/08/2017	11:26:31.2	     0.596	     0.944
03/08/2017	11:26:31.7	     0.596	     0.944
03/08/2017	11:26:32.2	     0.596	     0.944
03/08/2017	11:26:32.7	     0.596	     0.944
03/08/2017	11:26:33.2	     0.596	     0.944
03/08/2017	11:26:33.7	     0.596	     0.943
03/08/2017	11:26:34.2	     0.596	     0.942
03/08/2017	11:26:34.7	     0.596	     0.942
03/08/2017	11:26:35.2	     0.596	     0.942
03/08/2017	11:26:35.7	     0.596	     0.943
03/08/2017	11:26:36.2	     0.596	     0.943
03/08/2017	11:26:36.7	     0.596	     0.944
03/08/2017	11:26:37.2	     0.596	     0.944
03/08/2017	11:26:37.7	     0.596	     0.943
03/08/2017	11:26:38.2	     0.595	     0.943
03/08/2017	11:26:38.7	     0.595	     0.944
03/08/2017	11:26:39.2	     0.595	     0.943
03/08/2017	11:26:39.7	     0.595	     0.942
03/08/2017	11:26:40.2	     0.595	     0.943
03/08/2017	11:26:40.7	     0.595	     0.943
03/08/2017	11:26:41.2	     0.595	     0.944
03/08/2017	11:26:41.7	     0.595	     0.944
03/08/2017	11:26:42.2	     0.595	     0.943
03/08/2017	11:26:42.7	     0.595	     0.941
03/08/2017	11:26:43.2	     0.596	     0.943
03/08/2017	11:26:43.7	     0.596	     0.941
03/08/2017	11:26:44.2	     0.595	     0.942
03/08/2017	11:26:44.7	     0.595	     0.941
03/08/2017	11:26:45.2	     0.595	     0.942
03/08/2017	11:26:45.7	     0.595	     0.942
03/08/2017	11:26:46.2	     0.595	     0.942
03/08/2017	11:26:46.7	     0.595	     0.942
03/08/2017	11:26:47.2	     0.595	     0.942
03/08/2017	11:26:47.7	     0.595	     0.942
03/08/2017	11:26:48.2	     0.595	     0.941
03/08/2017	11:26:48.7	     0.596	     0.941
03/08/2017	11:26:49.2	     0.596	     0.940
03/08/2017	11:26:49.7	     0.596	     0.941
03/08/2017	11:26:50.2	     0.596	     0.941
03/08/2017	11:26:50.7	     0.596	     0.941
03/08/2017	11:26:51.2	     0.596	     0.941
03/08/2017	11:26:51.7	     0.596	     0.941
03/08/2017	11:26:52.2	     0.596	     0.940
03/08/2017	11:26:52.7	     0.596	     0.940
03/08/2017	11:26:53.2	     0.596	     0.939
03/08/2017	11:26:53.7	     0.596	     0.940
03/08/2017	11:26:54.2	     0.596	     0.941
03/08/2017	11:26:54.7	     0.596	     0.940
03/08/2017	11:26:55.2	     0.597	     0.941
03/08/2017	11:26:55.7	     0.597	     0.941
03/08/2017	11:26:56.2	     0.597	     0.941
03/08/2017	11:26:56.7	     0.597	     0.941
03/08/2017	11:26:57.2	     0.597	     0.941
03/08/2017	11:26:57.7	     0.597	     0.941
03/08/2017	11:26:58.2	     0.597	     0.941
03/08/2017	11:26:58.7	     0.597	     0.941
03/08/2017	11:26:59.2	     0.597	     0.939
03/08/2017	11:26:59.7	     0.597	     0.938
03/08/2017	11:27:00.2	     0.597	     0.940
03/08/2017	11:27:00.7	     0.597	     0.941
03/08/2017	11:27:01.2	     0.597	     0.940
03/08/2017	11:27:01.7	     0.597	     0.941
03/08/2017	11:27:02.2	     0.597	     0.939
03/08/2017	11:27:02.7	     0.597	     0.940
03/08/2017	11:27:03.2	     0.597	     0.939
END DATA