VIRTUALBENCH-LOGGER 2.5 REPORT
NATIONAL INSTRUMENTS
DATE CREATED	11:50:04	03/08/2017

USER	


START COMMENT


END COMMENT

START DATA
Date	Time	AMPS(V)	PYRO(V)
03/08/2017	11:50:03.7	     0.596	     0.975
03/08/2017	11:50:04.2	     0.595	     0.988
03/08/2017	11:50:04.7	     0.595	     0.988
03/08/2017	11:50:05.2	     0.595	     0.989
03/08/2017	11:50:05.7	     0.595	     0.989
03/08/2017	11:50:06.2	     0.595	     0.987
03/08/2017	11:50:06.7	     0.595	     0.987
03/08/2017	11:50:07.2	     0.595	     0.987
03/08/2017	11:50:07.7	     0.595	     0.988
03/08/2017	11:50:08.2	     0.595	     0.987
03/08/2017	11:50:08.7	     0.595	     0.988
03/08/2017	11:50:09.2	     0.595	     0.987
03/08/2017	11:50:09.7	     0.595	     0.987
03/08/2017	11:50:10.2	     0.595	     0.986
03/08/2017	11:50:10.7	     0.595	     0.987
03/08/2017	11:50:11.2	     0.595	     0.986
03/08/2017	11:50:11.7	     0.595	     0.986
03/08/2017	11:50:12.2	     0.595	     0.986
03/08/2017	11:50:12.7	     0.595	     0.986
03/08/2017	11:50:13.2	     0.595	     0.987
03/08/2017	11:50:13.7	     0.595	     0.986
03/08/2017	11:50:14.2	     0.595	     0.986
03/08/2017	11:50:14.7	     0.595	     0.986
03/08/2017	11:50:15.2	     0.595	     0.986
03/08/2017	11:50:15.7	     0.595	     0.986
03/08/2017	11:50:16.2	     0.595	     0.981
03/08/2017	11:50:16.7	     0.595	     0.811
03/08/2017	11:50:17.2	     0.595	     0.683
03/08/2017	11:50:17.7	     0.595	     0.666
03/08/2017	11:50:18.2	     0.595	     0.685
03/08/2017	11:50:18.7	     0.595	     0.689
03/08/2017	11:50:19.2	     0.595	     0.693
03/08/2017	11:50:19.7	     0.595	     0.694
03/08/2017	11:50:20.2	     0.595	     0.698
03/08/2017	11:50:20.7	     0.595	     0.702
03/08/2017	11:50:21.2	     0.595	     0.706
03/08/2017	11:50:21.7	     0.595	     0.721
03/08/2017	11:50:22.2	     0.595	     0.769
03/08/2017	11:50:22.7	     0.595	     0.786
03/08/2017	11:50:23.2	     0.595	     0.793
03/08/2017	11:50:23.7	     0.595	     0.786
03/08/2017	11:50:24.2	     0.595	     0.820
03/08/2017	11:50:24.7	     0.595	     0.841
03/08/2017	11:50:25.2	     0.595	     0.839
03/08/2017	11:50:25.7	     0.595	     0.841
03/08/2017	11:50:26.2	     0.595	     0.850
03/08/2017	11:50:26.7	     0.595	     0.832
03/08/2017	11:50:27.2	     0.595	     0.846
03/08/2017	11:50:27.7	     0.595	     0.821
03/08/2017	11:50:28.2	     0.595	     0.824
03/08/2017	11:50:28.7	     0.595	     0.829
03/08/2017	11:50:29.2	     0.595	     0.859
03/08/2017	11:50:29.7	     0.595	     0.850
03/08/2017	11:50:30.2	     0.595	     0.839
03/08/2017	11:50:30.7	     0.595	     0.842
03/08/2017	11:50:31.2	     0.595	     0.845
03/08/2017	11:50:31.7	     0.595	     0.846
03/08/2017	11:50:32.2	     0.595	     0.814
03/08/2017	11:50:32.7	     0.595	     0.837
03/08/2017	11:50:33.2	     0.595	     0.815
03/08/2017	11:50:33.7	     0.595	     0.850
03/08/2017	11:50:34.2	     0.595	     0.849
03/08/2017	11:50:34.7	     0.595	     0.872
03/08/2017	11:50:35.2	     0.595	     0.879
03/08/2017	11:50:35.7	     0.595	     0.879
03/08/2017	11:50:36.2	     0.595	     0.894
03/08/2017	11:50:36.7	     0.595	     0.885
03/08/2017	11:50:37.2	     0.595	     0.905
03/08/2017	11:50:37.7	     0.595	     0.911
03/08/2017	11:50:38.2	     0.595	     0.928
03/08/2017	11:50:38.7	     0.595	     0.944
03/08/2017	11:50:39.2	     0.595	     0.961
03/08/2017	11:50:39.7	     0.595	     0.967
03/08/2017	11:50:40.2	     0.595	     0.985
03/08/2017	11:50:40.7	     0.595	     0.988
03/08/2017	11:50:41.2	     0.595	     1.021
03/08/2017	11:50:41.7	     0.594	     1.036
03/08/2017	11:50:42.2	     0.594	     1.001
03/08/2017	11:50:42.7	     0.594	     0.981
03/08/2017	11:50:43.2	     0.594	     1.004
03/08/2017	11:50:43.7	     0.594	     1.017
03/08/2017	11:50:44.2	     0.594	     1.057
03/08/2017	11:50:44.7	     0.594	     1.071
03/08/2017	11:50:45.2	     0.594	     1.064
03/08/2017	11:50:45.7	     0.594	     1.069
03/08/2017	11:50:46.2	     0.594	     1.083
03/08/2017	11:50:46.7	     0.594	     1.086
03/08/2017	11:50:47.2	     0.594	     1.092
03/08/2017	11:50:47.7	     0.594	     1.093
03/08/2017	11:50:48.2	     0.594	     1.090
03/08/2017	11:50:48.7	     0.594	     1.105
03/08/2017	11:50:49.2	     0.594	     1.129
03/08/2017	11:50:49.7	     0.594	     1.122
03/08/2017	11:50:50.2	     0.594	     1.136
03/08/2017	11:50:50.7	     0.594	     1.150
03/08/2017	11:50:51.2	     0.594	     1.151
03/08/2017	11:50:51.7	     0.594	     1.150
03/08/2017	11:50:52.2	     0.594	     1.149
03/08/2017	11:50:52.7	     0.594	     1.148
03/08/2017	11:50:53.2	     0.594	     1.148
03/08/2017	11:50:53.7	     0.595	     1.150
03/08/2017	11:50:54.2	     0.595	     1.150
03/08/2017	11:50:54.7	     0.595	     1.150
03/08/2017	11:50:55.2	     0.595	     1.150
03/08/2017	11:50:55.7	     0.594	     1.151
03/08/2017	11:50:56.2	     0.593	     1.148
03/08/2017	11:50:56.7	     0.593	     1.152
03/08/2017	11:50:57.2	     0.594	     1.153
03/08/2017	11:50:57.7	     0.594	     1.154
03/08/2017	11:50:58.2	     0.594	     1.158
03/08/2017	11:50:58.7	     0.594	     1.161
03/08/2017	11:50:59.2	     0.594	     1.160
03/08/2017	11:50:59.7	     0.594	     1.162
03/08/2017	11:51:00.2	     0.594	     1.162
03/08/2017	11:51:00.7	     0.594	     1.162
03/08/2017	11:51:01.2	     0.594	     1.166
03/08/2017	11:51:01.7	     0.594	     1.169
03/08/2017	11:51:02.2	     0.594	     1.170
03/08/2017	11:51:02.7	     0.594	     1.170
03/08/2017	11:51:03.2	     0.594	     1.173
03/08/2017	11:51:03.7	     0.594	     1.175
03/08/2017	11:51:04.2	     0.594	     1.177
03/08/2017	11:51:04.7	     0.594	     1.178
03/08/2017	11:51:05.2	     0.594	     1.178
03/08/2017	11:51:05.7	     0.594	     1.178
03/08/2017	11:51:06.2	     0.594	     1.179
03/08/2017	11:51:06.7	     0.594	     1.179
03/08/2017	11:51:07.2	     0.594	     1.180
03/08/2017	11:51:07.7	     0.594	     1.181
03/08/2017	11:51:08.2	     0.595	     1.181
03/08/2017	11:51:08.7	     0.595	     1.182
03/08/2017	11:51:09.2	     0.595	     1.179
03/08/2017	11:51:09.7	     0.595	     1.181
03/08/2017	11:51:10.2	     0.595	     1.181
03/08/2017	11:51:10.7	     0.595	     1.180
03/08/2017	11:51:11.2	     0.595	     1.182
03/08/2017	11:51:11.7	     0.595	     1.180
03/08/2017	11:51:12.2	     0.595	     1.180
03/08/2017	11:51:12.7	     0.595	     1.180
03/08/2017	11:51:13.2	     0.596	     1.181
03/08/2017	11:51:13.7	     0.596	     1.180
03/08/2017	11:51:14.2	     0.596	     1.177
03/08/2017	11:51:14.7	     0.596	     1.177
03/08/2017	11:51:15.2	     0.596	     1.176
03/08/2017	11:51:15.7	     0.596	     1.177
03/08/2017	11:51:16.2	     0.596	     1.177
03/08/2017	11:51:16.7	     0.596	     1.173
03/08/2017	11:51:17.2	     0.596	     1.174
03/08/2017	11:51:17.7	     0.596	     1.173
03/08/2017	11:51:18.2	     0.596	     1.170
03/08/2017	11:51:18.7	     0.596	     1.169
03/08/2017	11:51:19.2	     0.596	     1.172
03/08/2017	11:51:19.7	     0.596	     1.171
03/08/2017	11:51:20.2	     0.596	     1.168
03/08/2017	11:51:20.7	     0.596	     1.168
03/08/2017	11:51:21.2	     0.596	     1.167
03/08/2017	11:51:21.7	     0.596	     1.165
03/08/2017	11:51:22.2	     0.596	     1.165
03/08/2017	11:51:22.7	     0.596	     1.164
03/08/2017	11:51:23.2	     0.596	     1.162
03/08/2017	11:51:23.7	     0.596	     1.163
03/08/2017	11:51:24.2	     0.596	     1.161
03/08/2017	11:51:24.7	     0.596	     1.159
03/08/2017	11:51:25.2	     0.596	     1.157
03/08/2017	11:51:25.7	     0.596	     1.157
03/08/2017	11:51:26.2	     0.596	     1.157
03/08/2017	11:51:26.7	     0.597	     1.154
03/08/2017	11:51:27.2	     0.597	     1.153
03/08/2017	11:51:27.7	     0.597	     1.153
03/08/2017	11:51:28.2	     0.597	     1.153
03/08/2017	11:51:28.7	     0.597	     1.150
03/08/2017	11:51:29.2	     0.597	     1.148
03/08/2017	11:51:29.7	     0.597	     1.147
03/08/2017	11:51:30.2	     0.597	     1.147
03/08/2017	11:51:30.7	     0.597	     1.146
03/08/2017	11:51:31.2	     0.597	     1.144
03/08/2017	11:51:31.7	     0.597	     1.141
03/08/2017	11:51:32.2	     0.597	     1.141
03/08/2017	11:51:32.7	     0.597	     1.141
03/08/2017	11:51:33.2	     0.597	     1.140
03/08/2017	11:51:33.7	     0.597	     1.139
03/08/2017	11:51:34.2	     0.597	     1.136
03/08/2017	11:51:34.7	     0.597	     1.135
03/08/2017	11:51:35.2	     0.597	     1.133
03/08/2017	11:51:35.7	     0.597	     1.131
03/08/2017	11:51:36.2	     0.597	     1.130
03/08/2017	11:51:36.7	     0.597	     1.131
03/08/2017	11:51:37.2	     0.597	     1.130
03/08/2017	11:51:37.7	     0.597	     1.128
03/08/2017	11:51:38.2	     0.597	     1.125
03/08/2017	11:51:38.7	     0.597	     1.124
03/08/2017	11:51:39.2	     0.597	     1.124
03/08/2017	11:51:39.7	     0.597	     1.124
03/08/2017	11:51:40.2	     0.597	     1.120
03/08/2017	11:51:40.7	     0.597	     1.120
03/08/2017	11:51:41.2	     0.597	     1.120
03/08/2017	11:51:41.7	     0.597	     1.120
03/08/2017	11:51:42.2	     0.597	     1.119
03/08/2017	11:51:42.7	     0.597	     1.118
03/08/2017	11:51:43.2	     0.597	     1.116
03/08/2017	11:51:43.7	     0.597	     1.115
03/08/2017	11:51:44.2	     0.597	     1.114
03/08/2017	11:51:44.7	     0.597	     1.114
03/08/2017	11:51:45.2	     0.597	     1.112
03/08/2017	11:51:45.7	     0.597	     1.110
03/08/2017	11:51:46.2	     0.597	     1.108
03/08/2017	11:51:46.7	     0.597	     1.107
03/08/2017	11:51:47.2	     0.597	     1.106
03/08/2017	11:51:47.7	     0.597	     1.107
03/08/2017	11:51:48.2	     0.597	     1.105
03/08/2017	11:51:48.7	     0.597	     1.104
03/08/2017	11:51:49.2	     0.597	     1.101
03/08/2017	11:51:49.7	     0.597	     1.100
03/08/2017	11:51:50.2	     0.597	     1.100
03/08/2017	11:51:50.7	     0.597	     1.100
03/08/2017	11:51:51.2	     0.597	     1.099
03/08/2017	11:51:51.7	     0.597	     1.098
03/08/2017	11:51:52.2	     0.597	     1.096
03/08/2017	11:51:52.7	     0.597	     1.096
03/08/2017	11:51:53.2	     0.597	     1.095
03/08/2017	11:51:53.7	     0.597	     1.096
03/08/2017	11:51:54.2	     0.597	     1.095
03/08/2017	11:51:54.7	     0.597	     1.092
03/08/2017	11:51:55.2	     0.597	     1.092
03/08/2017	11:51:55.7	     0.597	     1.091
03/08/2017	11:51:56.2	     0.597	     1.091
03/08/2017	11:51:56.7	     0.597	     1.090
03/08/2017	11:51:57.2	     0.597	     1.090
03/08/2017	11:51:57.7	     0.597	     1.088
03/08/2017	11:51:58.2	     0.597	     1.087
03/08/2017	11:51:58.7	     0.597	     1.086
03/08/2017	11:51:59.2	     0.597	     1.086
03/08/2017	11:51:59.7	     0.597	     1.085
03/08/2017	11:52:00.2	     0.597	     1.084
03/08/2017	11:52:00.7	     0.597	     1.084
03/08/2017	11:52:01.2	     0.597	     1.083
03/08/2017	11:52:01.7	     0.597	     1.082
03/08/2017	11:52:02.2	     0.597	     1.080
03/08/2017	11:52:02.7	     0.597	     1.079
03/08/2017	11:52:03.2	     0.597	     1.077
03/08/2017	11:52:03.7	     0.597	     1.078
03/08/2017	11:52:04.2	     0.597	     1.078
03/08/2017	11:52:04.7	     0.597	     1.077
03/08/2017	11:52:05.2	     0.597	     1.076
03/08/2017	11:52:05.7	     0.597	     1.076
03/08/2017	11:52:06.2	     0.597	     1.074
03/08/2017	11:52:06.7	     0.597	     1.073
03/08/2017	11:52:07.2	     0.597	     1.073
03/08/2017	11:52:07.7	     0.597	     1.073
03/08/2017	11:52:08.2	     0.597	     1.072
03/08/2017	11:52:08.7	     0.597	     1.071
03/08/2017	11:52:09.2	     0.597	     1.071
03/08/2017	11:52:09.7	     0.597	     1.070
03/08/2017	11:52:10.2	     0.597	     1.069
03/08/2017	11:52:10.7	     0.597	     1.067
03/08/2017	11:52:11.2	     0.597	     1.066
03/08/2017	11:52:11.7	     0.597	     1.066
03/08/2017	11:52:12.2	     0.597	     1.066
03/08/2017	11:52:12.7	     0.597	     1.066
03/08/2017	11:52:13.2	     0.597	     1.065
03/08/2017	11:52:13.7	     0.597	     1.065
03/08/2017	11:52:14.2	     0.597	     1.064
03/08/2017	11:52:14.7	     0.597	     1.063
03/08/2017	11:52:15.2	     0.597	     1.063
03/08/2017	11:52:15.7	     0.597	     1.062
03/08/2017	11:52:16.2	     0.597	     1.061
03/08/2017	11:52:16.7	     0.597	     1.059
03/08/2017	11:52:17.2	     0.597	     1.059
03/08/2017	11:52:17.7	     0.597	     1.059
03/08/2017	11:52:18.2	     0.597	     1.058
03/08/2017	11:52:18.7	     0.597	     1.055
03/08/2017	11:52:19.2	     0.597	     1.056
03/08/2017	11:52:19.7	     0.597	     1.056
03/08/2017	11:52:20.2	     0.597	     1.056
03/08/2017	11:52:20.7	     0.597	     1.056
03/08/2017	11:52:21.2	     0.597	     1.055
03/08/2017	11:52:21.7	     0.597	     1.054
03/08/2017	11:52:22.2	     0.596	     1.054
03/08/2017	11:52:22.7	     0.596	     1.054
03/08/2017	11:52:23.2	     0.596	     1.053
03/08/2017	11:52:23.7	     0.596	     1.052
03/08/2017	11:52:24.2	     0.596	     1.053
03/08/2017	11:52:24.7	     0.596	     1.053
03/08/2017	11:52:25.2	     0.596	     1.052
03/08/2017	11:52:25.7	     0.596	     1.050
03/08/2017	11:52:26.2	     0.596	     1.049
03/08/2017	11:52:26.7	     0.596	     1.047
03/08/2017	11:52:27.2	     0.596	     1.048
03/08/2017	11:52:27.7	     0.596	     1.048
03/08/2017	11:52:28.2	     0.596	     1.046
03/08/2017	11:52:28.7	     0.596	     1.046
03/08/2017	11:52:29.2	     0.596	     1.046
03/08/2017	11:52:29.7	     0.596	     1.046
03/08/2017	11:52:30.2	     0.596	     1.045
03/08/2017	11:52:30.7	     0.596	     1.045
03/08/2017	11:52:31.2	     0.596	     1.046
03/08/2017	11:52:31.7	     0.596	     1.046
03/08/2017	11:52:32.2	     0.596	     1.045
03/08/2017	11:52:32.7	     0.596	     1.044
03/08/2017	11:52:33.2	     0.596	     1.042
03/08/2017	11:52:33.7	     0.596	     1.042
03/08/2017	11:52:34.2	     0.596	     1.042
03/08/2017	11:52:34.7	     0.596	     1.039
03/08/2017	11:52:35.2	     0.596	     1.040
03/08/2017	11:52:35.7	     0.596	     1.040
03/08/2017	11:52:36.2	     0.596	     1.040
03/08/2017	11:52:36.7	     0.596	     1.040
03/08/2017	11:52:37.2	     0.596	     1.039
03/08/2017	11:52:37.7	     0.596	     1.036
03/08/2017	11:52:38.2	     0.595	     1.036
03/08/2017	11:52:38.7	     0.595	     1.037
03/08/2017	11:52:39.2	     0.595	     1.037
03/08/2017	11:52:39.7	     0.595	     1.036
03/08/2017	11:52:40.2	     0.595	     1.036
03/08/2017	11:52:40.7	     0.595	     1.035
03/08/2017	11:52:41.2	     0.595	     1.035
03/08/2017	11:52:41.7	     0.595	     1.035
03/08/2017	11:52:42.2	     0.595	     1.035
03/08/2017	11:52:42.7	     0.595	     1.035
03/08/2017	11:52:43.2	     0.595	     1.034
03/08/2017	11:52:43.7	     0.595	     1.033
03/08/2017	11:52:44.2	     0.595	     1.033
03/08/2017	11:52:44.7	     0.595	     1.033
03/08/2017	11:52:45.2	     0.595	     1.032
03/08/2017	11:52:45.7	     0.595	     1.031
03/08/2017	11:52:46.2	     0.595	     1.031
03/08/2017	11:52:46.7	     0.595	     1.029
03/08/2017	11:52:47.2	     0.595	     1.028
03/08/2017	11:52:47.7	     0.595	     1.027
03/08/2017	11:52:48.2	     0.595	     1.027
03/08/2017	11:52:48.7	     0.595	     1.026
03/08/2017	11:52:49.2	     0.595	     1.026
03/08/2017	11:52:49.7	     0.595	     1.025
03/08/2017	11:52:50.2	     0.595	     1.025
03/08/2017	11:52:50.7	     0.595	     1.025
03/08/2017	11:52:51.2	     0.595	     1.025
03/08/2017	11:52:51.7	     0.595	     1.024
03/08/2017	11:52:52.2	     0.595	     1.025
03/08/2017	11:52:52.7	     0.595	     1.022
03/08/2017	11:52:53.2	     0.595	     1.022
03/08/2017	11:52:53.7	     0.595	     1.023
03/08/2017	11:52:54.2	     0.595	     1.023
03/08/2017	11:52:54.7	     0.595	     1.022
03/08/2017	11:52:55.2	     0.595	     1.021
03/08/2017	11:52:55.7	     0.595	     1.021
03/08/2017	11:52:56.2	     0.595	     1.020
03/08/2017	11:52:56.7	     0.595	     1.021
03/08/2017	11:52:57.2	     0.595	     1.020
03/08/2017	11:52:57.7	     0.595	     1.021
03/08/2017	11:52:58.2	     0.595	     1.021
03/08/2017	11:52:58.7	     0.595	     1.020
03/08/2017	11:52:59.2	     0.595	     1.020
03/08/2017	11:52:59.7	     0.595	     1.019
03/08/2017	11:53:00.2	     0.595	     1.019
03/08/2017	11:53:00.7	     0.595	     1.018
03/08/2017	11:53:01.2	     0.595	     1.018
03/08/2017	11:53:01.7	     0.595	     1.017
03/08/2017	11:53:02.2	     0.595	     1.016
03/08/2017	11:53:02.7	     0.595	     1.016
03/08/2017	11:53:03.2	     0.595	     1.017
03/08/2017	11:53:03.7	     0.595	     1.017
03/08/2017	11:53:04.2	     0.595	     1.017
03/08/2017	11:53:04.7	     0.595	     1.016
03/08/2017	11:53:05.2	     0.595	     1.016
03/08/2017	11:53:05.7	     0.595	     1.017
03/08/2017	11:53:06.2	     0.595	     1.015
03/08/2017	11:53:06.7	     0.595	     1.013
03/08/2017	11:53:07.2	     0.595	     1.013
03/08/2017	11:53:07.7	     0.595	     1.013
03/08/2017	11:53:08.2	     0.595	     1.013
03/08/2017	11:53:08.7	     0.595	     1.013
03/08/2017	11:53:09.2	     0.595	     1.014
03/08/2017	11:53:09.7	     0.595	     1.014
03/08/2017	11:53:10.2	     0.595	     1.013
03/08/2017	11:53:10.7	     0.595	     1.013
03/08/2017	11:53:11.2	     0.595	     1.012
03/08/2017	11:53:11.7	     0.595	     1.012
03/08/2017	11:53:12.2	     0.595	     1.011
03/08/2017	11:53:12.7	     0.595	     1.010
03/08/2017	11:53:13.2	     0.595	     1.011
03/08/2017	11:53:13.7	     0.595	     1.009
03/08/2017	11:53:14.2	     0.595	     1.010
03/08/2017	11:53:14.7	     0.595	     1.008
03/08/2017	11:53:15.2	     0.595	     1.009
03/08/2017	11:53:15.7	     0.595	     1.007
03/08/2017	11:53:16.2	     0.595	     1.006
03/08/2017	11:53:16.7	     0.595	     1.006
03/08/2017	11:53:17.2	     0.595	     1.007
03/08/2017	11:53:17.7	     0.595	     1.007
03/08/2017	11:53:18.2	     0.595	     1.007
03/08/2017	11:53:18.7	     0.595	     1.006
03/08/2017	11:53:19.2	     0.595	     1.006
03/08/2017	11:53:19.7	     0.595	     1.006
03/08/2017	11:53:20.2	     0.595	     1.006
03/08/2017	11:53:20.7	     0.595	     1.006
03/08/2017	11:53:21.2	     0.595	     1.006
03/08/2017	11:53:21.7	     0.595	     1.005
03/08/2017	11:53:22.2	     0.595	     1.004
03/08/2017	11:53:22.7	     0.595	     1.004
03/08/2017	11:53:23.2	     0.595	     1.003
03/08/2017	11:53:23.7	     0.595	     1.004
03/08/2017	11:53:24.2	     0.595	     1.003
03/08/2017	11:53:24.7	     0.595	     1.003
03/08/2017	11:53:25.2	     0.595	     1.003
03/08/2017	11:53:25.7	     0.595	     1.003
03/08/2017	11:53:26.2	     0.595	     1.003
03/08/2017	11:53:26.7	     0.595	     1.002
03/08/2017	11:53:27.2	     0.595	     1.001
03/08/2017	11:53:27.7	     0.595	     1.001
03/08/2017	11:53:28.2	     0.595	     1.000
03/08/2017	11:53:28.7	     0.595	     1.001
03/08/2017	11:53:29.2	     0.595	     1.001
03/08/2017	11:53:29.7	     0.595	     1.000
03/08/2017	11:53:30.2	     0.595	     1.000
03/08/2017	11:53:30.7	     0.595	     1.000
03/08/2017	11:53:31.2	     0.595	     0.999
03/08/2017	11:53:31.7	     0.595	     0.997
03/08/2017	11:53:32.2	     0.595	     0.997
03/08/2017	11:53:32.7	     0.595	     0.997
03/08/2017	11:53:33.2	     0.595	     0.997
03/08/2017	11:53:33.7	     0.595	     0.997
03/08/2017	11:53:34.2	     0.595	     0.997
03/08/2017	11:53:34.7	     0.595	     0.997
03/08/2017	11:53:35.2	     0.595	     0.997
03/08/2017	11:53:35.7	     0.595	     0.996
03/08/2017	11:53:36.2	     0.595	     0.996
03/08/2017	11:53:36.7	     0.595	     0.996
03/08/2017	11:53:37.2	     0.595	     0.996
03/08/2017	11:53:37.7	     0.595	     0.995
03/08/2017	11:53:38.2	     0.595	     0.994
03/08/2017	11:53:38.7	     0.595	     0.994
03/08/2017	11:53:39.2	     0.595	     0.995
03/08/2017	11:53:39.7	     0.595	     0.994
03/08/2017	11:53:40.2	     0.595	     0.992
03/08/2017	11:53:40.7	     0.595	     0.992
03/08/2017	11:53:41.2	     0.595	     0.993
03/08/2017	11:53:41.7	     0.595	     0.993
03/08/2017	11:53:42.2	     0.595	     0.993
03/08/2017	11:53:42.7	     0.595	     0.992
03/08/2017	11:53:43.2	     0.595	     0.992
03/08/2017	11:53:43.7	     0.595	     0.993
03/08/2017	11:53:44.2	     0.595	     0.993
03/08/2017	11:53:44.7	     0.595	     0.992
03/08/2017	11:53:45.2	     0.595	     0.992
03/08/2017	11:53:45.7	     0.595	     0.993
03/08/2017	11:53:46.2	     0.595	     0.993
03/08/2017	11:53:46.7	     0.595	     0.993
03/08/2017	11:53:47.2	     0.595	     0.992
03/08/2017	11:53:47.7	     0.595	     0.991
03/08/2017	11:53:48.2	     0.595	     0.990
03/08/2017	11:53:48.7	     0.595	     0.990
03/08/2017	11:53:49.2	     0.595	     0.989
03/08/2017	11:53:49.7	     0.595	     0.988
03/08/2017	11:53:50.2	     0.595	     0.989
03/08/2017	11:53:50.7	     0.595	     0.990
03/08/2017	11:53:51.2	     0.595	     0.989
03/08/2017	11:53:51.7	     0.595	     0.990
03/08/2017	11:53:52.2	     0.595	     0.989
03/08/2017	11:53:52.7	     0.595	     0.989
03/08/2017	11:53:53.2	     0.595	     0.988
03/08/2017	11:53:53.7	     0.595	     0.988
03/08/2017	11:53:54.2	     0.595	     0.987
03/08/2017	11:53:54.7	     0.595	     0.988
03/08/2017	11:53:55.2	     0.595	     0.988
03/08/2017	11:53:55.7	     0.595	     0.987
03/08/2017	11:53:56.2	     0.595	     0.987
03/08/2017	11:53:56.7	     0.595	     0.986
03/08/2017	11:53:57.2	     0.595	     0.986
03/08/2017	11:53:57.7	     0.595	     0.986
03/08/2017	11:53:58.2	     0.595	     0.986
03/08/2017	11:53:58.7	     0.595	     0.986
03/08/2017	11:53:59.2	     0.595	     0.986
03/08/2017	11:53:59.7	     0.595	     0.986
03/08/2017	11:54:00.2	     0.595	     0.986
03/08/2017	11:54:00.7	     0.595	     0.985
03/08/2017	11:54:01.2	     0.596	     0.985
03/08/2017	11:54:01.7	     0.596	     0.985
03/08/2017	11:54:02.2	     0.596	     0.984
03/08/2017	11:54:02.7	     0.596	     0.984
03/08/2017	11:54:03.2	     0.596	     0.984
03/08/2017	11:54:03.7	     0.596	     0.984
03/08/2017	11:54:04.2	     0.596	     0.983
03/08/2017	11:54:04.7	     0.596	     0.983
03/08/2017	11:54:05.2	     0.596	     0.982
03/08/2017	11:54:05.7	     0.596	     0.983
03/08/2017	11:54:06.2	     0.596	     0.982
03/08/2017	11:54:06.7	     0.596	     0.983
03/08/2017	11:54:07.2	     0.596	     0.982
03/08/2017	11:54:07.7	     0.596	     0.981
03/08/2017	11:54:08.2	     0.596	     0.982
03/08/2017	11:54:08.7	     0.596	     0.983
03/08/2017	11:54:09.2	     0.596	     0.982
03/08/2017	11:54:09.7	     0.596	     0.982
03/08/2017	11:54:10.2	     0.596	     0.983
03/08/2017	11:54:10.7	     0.596	     0.982
03/08/2017	11:54:11.2	     0.596	     0.982
03/08/2017	11:54:11.7	     0.596	     0.982
03/08/2017	11:54:12.2	     0.596	     0.981
03/08/2017	11:54:12.7	     0.596	     0.980
03/08/2017	11:54:13.2	     0.596	     0.981
03/08/2017	11:54:13.7	     0.596	     0.980
03/08/2017	11:54:14.2	     0.596	     0.980
03/08/2017	11:54:14.7	     0.596	     0.980
03/08/2017	11:54:15.2	     0.596	     0.979
03/08/2017	11:54:15.7	     0.596	     0.978
03/08/2017	11:54:16.2	     0.596	     0.978
03/08/2017	11:54:16.7	     0.596	     0.979
03/08/2017	11:54:17.2	     0.596	     0.978
03/08/2017	11:54:17.7	     0.596	     0.979
03/08/2017	11:54:18.2	     0.596	     0.978
03/08/2017	11:54:18.7	     0.596	     0.979
03/08/2017	11:54:19.2	     0.596	     0.977
03/08/2017	11:54:19.7	     0.596	     0.976
03/08/2017	11:54:20.2	     0.596	     0.975
03/08/2017	11:54:20.7	     0.596	     0.977
03/08/2017	11:54:21.2	     0.596	     0.977
03/08/2017	11:54:21.7	     0.596	     0.976
03/08/2017	11:54:22.2	     0.596	     0.977
03/08/2017	11:54:22.7	     0.596	     0.976
03/08/2017	11:54:23.2	     0.596	     0.977
03/08/2017	11:54:23.7	     0.596	     0.976
03/08/2017	11:54:24.2	     0.596	     0.976
03/08/2017	11:54:24.7	     0.596	     0.975
03/08/2017	11:54:25.2	     0.596	     0.975
03/08/2017	11:54:25.7	     0.596	     0.976
03/08/2017	11:54:26.2	     0.596	     0.975
03/08/2017	11:54:26.7	     0.596	     0.974
03/08/2017	11:54:27.2	     0.596	     0.975
03/08/2017	11:54:27.7	     0.596	     0.974
03/08/2017	11:54:28.2	     0.596	     0.975
03/08/2017	11:54:28.7	     0.596	     0.975
03/08/2017	11:54:29.2	     0.596	     0.975
03/08/2017	11:54:29.7	     0.596	     0.974
03/08/2017	11:54:30.2	     0.596	     0.975
03/08/2017	11:54:30.7	     0.596	     0.974
03/08/2017	11:54:31.2	     0.596	     0.974
03/08/2017	11:54:31.7	     0.596	     0.974
03/08/2017	11:54:32.2	     0.596	     0.974
03/08/2017	11:54:32.7	     0.596	     0.975
03/08/2017	11:54:33.2	     0.596	     0.974
03/08/2017	11:54:33.7	     0.596	     0.974
03/08/2017	11:54:34.2	     0.596	     0.974
03/08/2017	11:54:34.7	     0.596	     0.973
03/08/2017	11:54:35.2	     0.596	     0.973
03/08/2017	11:54:35.7	     0.596	     0.974
03/08/2017	11:54:36.2	     0.596	     0.973
03/08/2017	11:54:36.7	     0.596	     0.973
03/08/2017	11:54:37.2	     0.596	     0.973
03/08/2017	11:54:37.7	     0.596	     0.973
03/08/2017	11:54:38.2	     0.596	     0.973
03/08/2017	11:54:38.7	     0.596	     0.973
03/08/2017	11:54:39.2	     0.596	     0.972
03/08/2017	11:54:39.7	     0.596	     0.971
03/08/2017	11:54:40.2	     0.596	     0.971
03/08/2017	11:54:40.7	     0.596	     0.972
03/08/2017	11:54:41.2	     0.596	     0.970
03/08/2017	11:54:41.7	     0.596	     0.971
03/08/2017	11:54:42.2	     0.596	     0.971
03/08/2017	11:54:42.7	     0.596	     0.971
03/08/2017	11:54:43.2	     0.596	     0.971
03/08/2017	11:54:43.7	     0.596	     0.970
03/08/2017	11:54:44.2	     0.596	     0.970
03/08/2017	11:54:44.7	     0.596	     0.971
03/08/2017	11:54:45.2	     0.596	     0.970
03/08/2017	11:54:45.7	     0.596	     0.969
03/08/2017	11:54:46.2	     0.596	     0.967
03/08/2017	11:54:46.7	     0.596	     0.966
03/08/2017	11:54:47.2	     0.596	     0.968
03/08/2017	11:54:47.7	     0.596	     0.968
03/08/2017	11:54:48.2	     0.596	     0.968
03/08/2017	11:54:48.7	     0.595	     0.969
03/08/2017	11:54:49.2	     0.595	     0.967
03/08/2017	11:54:49.7	     0.595	     0.967
03/08/2017	11:54:50.2	     0.595	     0.967
03/08/2017	11:54:50.7	     0.595	     0.968
03/08/2017	11:54:51.2	     0.595	     0.967
03/08/2017	11:54:51.7	     0.595	     0.965
03/08/2017	11:54:52.2	     0.596	     0.966
03/08/2017	11:54:52.7	     0.596	     0.965
03/08/2017	11:54:53.2	     0.596	     0.965
03/08/2017	11:54:53.7	     0.596	     0.967
03/08/2017	11:54:54.2	     0.596	     0.966
03/08/2017	11:54:54.7	     0.596	     0.967
03/08/2017	11:54:55.2	     0.596	     0.966
03/08/2017	11:54:55.7	     0.596	     0.966
03/08/2017	11:54:56.2	     0.596	     0.966
03/08/2017	11:54:56.7	     0.596	     0.967
03/08/2017	11:54:57.2	     0.596	     0.965
03/08/2017	11:54:57.7	     0.596	     0.966
03/08/2017	11:54:58.2	     0.596	     0.966
03/08/2017	11:54:58.7	     0.596	     0.965
03/08/2017	11:54:59.2	     0.596	     0.965
03/08/2017	11:54:59.7	     0.596	     0.967
03/08/2017	11:55:00.2	     0.596	     0.967
03/08/2017	11:55:00.7	     0.596	     0.966
03/08/2017	11:55:01.2	     0.596	     0.966
03/08/2017	11:55:01.7	     0.596	     0.965
03/08/2017	11:55:02.2	     0.596	     0.965
03/08/2017	11:55:02.7	     0.596	     0.964
03/08/2017	11:55:03.2	     0.596	     0.965
03/08/2017	11:55:03.7	     0.596	     0.963
03/08/2017	11:55:04.2	     0.596	     0.964
03/08/2017	11:55:04.7	     0.596	     0.964
03/08/2017	11:55:05.2	     0.596	     0.963
03/08/2017	11:55:05.7	     0.596	     0.964
03/08/2017	11:55:06.2	     0.596	     0.962
03/08/2017	11:55:06.7	     0.596	     0.962
03/08/2017	11:55:07.2	     0.596	     0.961
03/08/2017	11:55:07.7	     0.596	     0.961
03/08/2017	11:55:08.2	     0.597	     0.963
03/08/2017	11:55:08.7	     0.597	     0.963
03/08/2017	11:55:09.2	     0.597	     0.963
03/08/2017	11:55:09.7	     0.597	     0.962
03/08/2017	11:55:10.2	     0.597	     0.960
03/08/2017	11:55:10.7	     0.597	     0.962
03/08/2017	11:55:11.2	     0.597	     0.962
03/08/2017	11:55:11.7	     0.597	     0.962
03/08/2017	11:55:12.2	     0.597	     0.962
03/08/2017	11:55:12.7	     0.597	     0.960
03/08/2017	11:55:13.2	     0.597	     0.961
03/08/2017	11:55:13.7	     0.597	     0.962
03/08/2017	11:55:14.2	     0.597	     0.961
03/08/2017	11:55:14.7	     0.597	     0.960
03/08/2017	11:55:15.2	     0.597	     0.961
03/08/2017	11:55:15.7	     0.597	     0.961
03/08/2017	11:55:16.2	     0.597	     0.961
03/08/2017	11:55:16.7	     0.597	     0.961
03/08/2017	11:55:17.2	     0.597	     0.960
03/08/2017	11:55:17.7	     0.597	     0.961
03/08/2017	11:55:18.2	     0.597	     0.960
03/08/2017	11:55:18.7	     0.597	     0.961
03/08/2017	11:55:19.2	     0.597	     0.961
03/08/2017	11:55:19.7	     0.597	     0.960
03/08/2017	11:55:20.2	     0.597	     0.961
03/08/2017	11:55:20.7	     0.597	     0.960
03/08/2017	11:55:21.2	     0.597	     0.960
03/08/2017	11:55:21.7	     0.597	     0.960
03/08/2017	11:55:22.2	     0.597	     0.960
03/08/2017	11:55:22.7	     0.597	     0.960
03/08/2017	11:55:23.2	     0.597	     0.960
03/08/2017	11:55:23.7	     0.597	     0.960
03/08/2017	11:55:24.2	     0.597	     0.960
03/08/2017	11:55:24.7	     0.597	     0.959
03/08/2017	11:55:25.2	     0.597	     0.959
03/08/2017	11:55:25.7	     0.597	     0.959
03/08/2017	11:55:26.2	     0.597	     0.959
03/08/2017	11:55:26.7	     0.597	     0.959
03/08/2017	11:55:27.2	     0.597	     0.957
03/08/2017	11:55:27.7	     0.597	     0.958
03/08/2017	11:55:28.2	     0.597	     0.956
03/08/2017	11:55:28.7	     0.597	     0.957
03/08/2017	11:55:29.2	     0.597	     0.956
03/08/2017	11:55:29.7	     0.597	     0.956
03/08/2017	11:55:30.2	     0.597	     0.957
03/08/2017	11:55:30.7	     0.597	     0.957
03/08/2017	11:55:31.2	     0.597	     0.957
03/08/2017	11:55:31.7	     0.597	     0.956
03/08/2017	11:55:32.2	     0.597	     0.957
03/08/2017	11:55:32.7	     0.597	     0.957
03/08/2017	11:55:33.2	     0.597	     0.957
03/08/2017	11:55:33.7	     0.597	     0.957
03/08/2017	11:55:34.2	     0.597	     0.957
03/08/2017	11:55:34.7	     0.597	     0.957
03/08/2017	11:55:35.2	     0.597	     0.955
03/08/2017	11:55:35.7	     0.597	     0.953
03/08/2017	11:55:36.2	     0.597	     0.954
03/08/2017	11:55:36.7	     0.597	     0.955
03/08/2017	11:55:37.2	     0.597	     0.954
03/08/2017	11:55:37.7	     0.597	     0.952
03/08/2017	11:55:38.2	     0.597	     0.954
03/08/2017	11:55:38.7	     0.597	     0.954
03/08/2017	11:55:39.2	     0.597	     0.954
03/08/2017	11:55:39.7	     0.597	     0.955
03/08/2017	11:55:40.2	     0.597	     0.955
03/08/2017	11:55:40.7	     0.597	     0.955
03/08/2017	11:55:41.2	     0.597	     0.955
03/08/2017	11:55:41.7	     0.597	     0.957
03/08/2017	11:55:42.2	     0.597	     0.957
03/08/2017	11:55:42.7	     0.597	     0.955
03/08/2017	11:55:43.2	     0.597	     0.955
03/08/2017	11:55:43.7	     0.597	     0.955
03/08/2017	11:55:44.2	     0.597	     0.956
03/08/2017	11:55:44.7	     0.596	     0.956
03/08/2017	11:55:45.2	     0.596	     0.956
03/08/2017	11:55:45.7	     0.596	     0.956
03/08/2017	11:55:46.2	     0.596	     0.956
03/08/2017	11:55:46.7	     0.596	     0.954
03/08/2017	11:55:47.2	     0.596	     0.955
03/08/2017	11:55:47.7	     0.596	     0.955
03/08/2017	11:55:48.2	     0.596	     0.954
03/08/2017	11:55:48.7	     0.596	     0.955
03/08/2017	11:55:49.2	     0.596	     0.954
03/08/2017	11:55:49.7	     0.596	     0.952
03/08/2017	11:55:50.2	     0.596	     0.952
03/08/2017	11:55:50.7	     0.596	     0.952
03/08/2017	11:55:51.2	     0.596	     0.953
03/08/2017	11:55:51.7	     0.596	     0.954
03/08/2017	11:55:52.2	     0.596	     0.953
03/08/2017	11:55:52.7	     0.596	     0.953
03/08/2017	11:55:53.2	     0.596	     0.953
03/08/2017	11:55:53.7	     0.597	     0.954
03/08/2017	11:55:54.2	     0.597	     0.954
03/08/2017	11:55:54.7	     0.597	     0.953
03/08/2017	11:55:55.2	     0.597	     0.953
03/08/2017	11:55:55.7	     0.597	     0.952
03/08/2017	11:55:56.2	     0.597	     0.954
03/08/2017	11:55:56.7	     0.597	     0.954
03/08/2017	11:55:57.2	     0.597	     0.953
03/08/2017	11:55:57.7	     0.597	     0.953
03/08/2017	11:55:58.2	     0.597	     0.952
03/08/2017	11:55:58.7	     0.597	     0.952
03/08/2017	11:55:59.2	     0.597	     0.952
03/08/2017	11:55:59.7	     0.597	     0.953
03/08/2017	11:56:00.2	     0.597	     0.952
03/08/2017	11:56:00.7	     0.597	     0.953
03/08/2017	11:56:01.2	     0.597	     0.953
03/08/2017	11:56:01.7	     0.597	     0.953
03/08/2017	11:56:02.2	     0.597	     0.953
03/08/2017	11:56:02.7	     0.597	     0.951
03/08/2017	11:56:03.2	     0.597	     0.951
03/08/2017	11:56:03.7	     0.597	     0.951
03/08/2017	11:56:04.2	     0.597	     0.952
03/08/2017	11:56:04.7	     0.597	     0.952
03/08/2017	11:56:05.2	     0.596	     0.952
03/08/2017	11:56:05.7	     0.596	     0.952
03/08/2017	11:56:06.2	     0.596	     0.952
03/08/2017	11:56:06.7	     0.596	     0.952
03/08/2017	11:56:07.2	     0.596	     0.952
03/08/2017	11:56:07.7	     0.596	     0.951
03/08/2017	11:56:08.2	     0.597	     0.952
03/08/2017	11:56:08.7	     0.597	     0.951
03/08/2017	11:56:09.2	     0.597	     0.952
03/08/2017	11:56:09.7	     0.597	     0.952
03/08/2017	11:56:10.2	     0.597	     0.950
03/08/2017	11:56:10.7	     0.597	     0.950
03/08/2017	11:56:11.2	     0.597	     0.949
03/08/2017	11:56:11.7	     0.597	     0.949
03/08/2017	11:56:12.2	     0.597	     0.948
03/08/2017	11:56:12.7	     0.597	     0.948
03/08/2017	11:56:13.2	     0.597	     0.950
03/08/2017	11:56:13.7	     0.597	     0.949
03/08/2017	11:56:14.2	     0.597	     0.950
03/08/2017	11:56:14.7	     0.597	     0.950
03/08/2017	11:56:15.2	     0.597	     0.950
03/08/2017	11:56:15.7	     0.597	     0.950
03/08/2017	11:56:16.2	     0.597	     0.950
03/08/2017	11:56:16.7	     0.597	     0.949
03/08/2017	11:56:17.2	     0.597	     0.949
03/08/2017	11:56:17.7	     0.597	     0.949
03/08/2017	11:56:18.2	     0.597	     0.949
03/08/2017	11:56:18.7	     0.597	     0.950
03/08/2017	11:56:19.2	     0.597	     0.949
03/08/2017	11:56:19.7	     0.597	     0.947
03/08/2017	11:56:20.2	     0.597	     0.946
03/08/2017	11:56:20.7	     0.597	     0.947
03/08/2017	11:56:21.2	     0.597	     0.947
03/08/2017	11:56:21.7	     0.597	     0.948
03/08/2017	11:56:22.2	     0.597	     0.948
03/08/2017	11:56:22.7	     0.597	     0.947
03/08/2017	11:56:23.2	     0.597	     0.948
03/08/2017	11:56:23.7	     0.597	     0.945
03/08/2017	11:56:24.2	     0.597	     0.947
03/08/2017	11:56:24.7	     0.597	     0.947
03/08/2017	11:56:25.2	     0.597	     0.946
03/08/2017	11:56:25.7	     0.597	     0.947
03/08/2017	11:56:26.2	     0.597	     0.948
03/08/2017	11:56:26.7	     0.597	     0.948
03/08/2017	11:56:27.2	     0.597	     0.948
03/08/2017	11:56:27.7	     0.597	     0.946
03/08/2017	11:56:28.2	     0.597	     0.948
03/08/2017	11:56:28.7	     0.597	     0.946
03/08/2017	11:56:29.2	     0.597	     0.947
03/08/2017	11:56:29.7	     0.597	     0.947
03/08/2017	11:56:30.2	     0.597	     0.946
03/08/2017	11:56:30.7	     0.597	     0.947
03/08/2017	11:56:31.2	     0.597	     0.947
03/08/2017	11:56:31.7	     0.597	     0.947
03/08/2017	11:56:32.2	     0.597	     0.947
03/08/2017	11:56:32.7	     0.597	     0.947
03/08/2017	11:56:33.2	     0.597	     0.945
03/08/2017	11:56:33.7	     0.597	     0.945
03/08/2017	11:56:34.2	     0.597	     0.946
03/08/2017	11:56:34.7	     0.597	     0.946
03/08/2017	11:56:35.2	     0.597	     0.945
03/08/2017	11:56:35.7	     0.597	     0.945
03/08/2017	11:56:36.2	     0.597	     0.946
03/08/2017	11:56:36.7	     0.597	     0.946
03/08/2017	11:56:37.2	     0.598	     0.946
03/08/2017	11:56:37.7	     0.597	     0.946
03/08/2017	11:56:38.2	     0.597	     0.946
03/08/2017	11:56:38.7	     0.597	     0.946
03/08/2017	11:56:39.2	     0.597	     0.946
03/08/2017	11:56:39.7	     0.597	     0.946
03/08/2017	11:56:40.2	     0.597	     0.945
03/08/2017	11:56:40.7	     0.597	     0.944
03/08/2017	11:56:41.2	     0.597	     0.944
03/08/2017	11:56:41.7	     0.597	     0.945
03/08/2017	11:56:42.2	     0.597	     0.945
03/08/2017	11:56:42.7	     0.597	     0.945
03/08/2017	11:56:43.2	     0.597	     0.944
03/08/2017	11:56:43.7	     0.597	     0.945
03/08/2017	11:56:44.2	     0.598	     0.944
03/08/2017	11:56:44.7	     0.598	     0.944
03/08/2017	11:56:45.2	     0.598	     0.945
03/08/2017	11:56:45.7	     0.598	     0.945
03/08/2017	11:56:46.2	     0.598	     0.945
03/08/2017	11:56:46.7	     0.598	     0.944
03/08/2017	11:56:47.2	     0.598	     0.945
03/08/2017	11:56:47.7	     0.598	     0.945
03/08/2017	11:56:48.2	     0.597	     0.945
03/08/2017	11:56:48.7	     0.597	     0.945
03/08/2017	11:56:49.2	     0.597	     0.944
03/08/2017	11:56:49.7	     0.597	     0.944
03/08/2017	11:56:50.2	     0.597	     0.945
03/08/2017	11:56:50.7	     0.597	     0.946
03/08/2017	11:56:51.2	     0.597	     0.944
03/08/2017	11:56:51.7	     0.597	     0.944
03/08/2017	11:56:52.2	     0.597	     0.944
03/08/2017	11:56:52.7	     0.597	     0.945
03/08/2017	11:56:53.2	     0.597	     0.944
03/08/2017	11:56:53.7	     0.597	     0.944
03/08/2017	11:56:54.2	     0.597	     0.943
03/08/2017	11:56:54.7	     0.597	     0.943
03/08/2017	11:56:55.2	     0.597	     0.944
03/08/2017	11:56:55.7	     0.597	     0.943
03/08/2017	11:56:56.2	     0.597	     0.945
03/08/2017	11:56:56.7	     0.597	     0.944
03/08/2017	11:56:57.2	     0.597	     0.944
03/08/2017	11:56:57.7	     0.597	     0.943
03/08/2017	11:56:58.2	     0.597	     0.943
03/08/2017	11:56:58.7	     0.597	     0.944
03/08/2017	11:56:59.2	     0.597	     0.944
03/08/2017	11:56:59.7	     0.597	     0.944
03/08/2017	11:57:00.2	     0.597	     0.943
03/08/2017	11:57:00.7	     0.597	     0.944
03/08/2017	11:57:01.2	     0.597	     0.944
03/08/2017	11:57:01.7	     0.596	     0.942
03/08/2017	11:57:02.2	     0.596	     0.943
03/08/2017	11:57:02.7	     0.596	     0.944
03/08/2017	11:57:03.2	     0.596	     0.944
END DATA