VIRTUALBENCH-LOGGER 2.5 REPORT
NATIONAL INSTRUMENTS
DATE CREATED	10:47:54	03/08/2017

USER	


START COMMENT


END COMMENT

START DATA
Date	Time	AMPS(V)	PYRO(V)
03/08/2017	10:47:55.6	     0.596	     0.970
03/08/2017	10:47:56.1	     0.596	     0.986
03/08/2017	10:47:56.6	     0.596	     0.986
03/08/2017	10:47:57.1	     0.596	     0.986
03/08/2017	10:47:57.6	     0.596	     0.987
03/08/2017	10:47:58.1	     0.596	     0.987
03/08/2017	10:47:58.6	     0.596	     0.986
03/08/2017	10:47:59.1	     0.596	     0.987
03/08/2017	10:47:59.6	     0.596	     0.987
03/08/2017	10:48:00.1	     0.596	     0.987
03/08/2017	10:48:00.6	     0.596	     0.987
03/08/2017	10:48:01.1	     0.596	     0.987
03/08/2017	10:48:01.6	     0.595	     0.987
03/08/2017	10:48:02.1	     0.595	     0.988
03/08/2017	10:48:02.6	     0.595	     0.987
03/08/2017	10:48:03.1	     0.595	     0.987
03/08/2017	10:48:03.6	     0.595	     0.987
03/08/2017	10:48:04.1	     0.596	     0.964
03/08/2017	10:48:04.6	     0.596	     0.739
03/08/2017	10:48:05.1	     0.596	     0.626
03/08/2017	10:48:05.6	     0.596	     0.681
03/08/2017	10:48:06.1	     0.596	     0.687
03/08/2017	10:48:06.6	     0.596	     0.689
03/08/2017	10:48:07.1	     0.596	     0.695
03/08/2017	10:48:07.6	     0.596	     0.701
03/08/2017	10:48:08.1	     0.596	     0.707
03/08/2017	10:48:08.6	     0.596	     0.725
03/08/2017	10:48:09.1	     0.596	     0.739
03/08/2017	10:48:09.6	     0.596	     0.774
03/08/2017	10:48:10.1	     0.596	     0.780
03/08/2017	10:48:10.6	     0.596	     0.823
03/08/2017	10:48:11.1	     0.596	     0.833
03/08/2017	10:48:11.6	     0.596	     0.850
03/08/2017	10:48:12.1	     0.596	     0.843
03/08/2017	10:48:12.6	     0.596	     0.854
03/08/2017	10:48:13.1	     0.596	     0.846
03/08/2017	10:48:13.6	     0.596	     0.840
03/08/2017	10:48:14.1	     0.596	     0.856
03/08/2017	10:48:14.6	     0.596	     0.846
03/08/2017	10:48:15.1	     0.596	     0.809
03/08/2017	10:48:15.6	     0.596	     0.819
03/08/2017	10:48:16.1	     0.596	     0.806
03/08/2017	10:48:16.6	     0.595	     0.810
03/08/2017	10:48:17.1	     0.595	     0.813
03/08/2017	10:48:17.6	     0.595	     0.810
03/08/2017	10:48:18.1	     0.594	     0.848
03/08/2017	10:48:18.6	     0.594	     0.804
03/08/2017	10:48:19.1	     0.594	     0.806
03/08/2017	10:48:19.6	     0.594	     0.818
03/08/2017	10:48:20.1	     0.594	     0.856
03/08/2017	10:48:20.6	     0.594	     0.847
03/08/2017	10:48:21.1	     0.594	     0.842
03/08/2017	10:48:21.6	     0.594	     0.862
03/08/2017	10:48:22.1	     0.594	     0.887
03/08/2017	10:48:22.6	     0.594	     0.911
03/08/2017	10:48:23.1	     0.594	     0.933
03/08/2017	10:48:23.6	     0.594	     0.966
03/08/2017	10:48:24.1	     0.594	     1.008
03/08/2017	10:48:24.6	     0.594	     1.028
03/08/2017	10:48:25.1	     0.594	     1.034
03/08/2017	10:48:25.6	     0.594	     1.031
03/08/2017	10:48:26.1	     0.594	     1.047
03/08/2017	10:48:26.6	     0.594	     1.065
03/08/2017	10:48:27.1	     0.594	     1.076
03/08/2017	10:48:27.6	     0.594	     1.093
03/08/2017	10:48:28.1	     0.594	     1.113
03/08/2017	10:48:28.6	     0.594	     1.114
03/08/2017	10:48:29.1	     0.594	     1.122
03/08/2017	10:48:29.6	     0.594	     1.095
03/08/2017	10:48:30.1	     0.594	     1.127
03/08/2017	10:48:30.6	     0.594	     1.155
03/08/2017	10:48:31.1	     0.594	     1.142
03/08/2017	10:48:31.6	     0.594	     1.158
03/08/2017	10:48:32.1	     0.594	     1.177
03/08/2017	10:48:32.6	     0.594	     1.185
03/08/2017	10:48:33.1	     0.594	     1.188
03/08/2017	10:48:33.6	     0.594	     1.190
03/08/2017	10:48:34.1	     0.594	     1.191
03/08/2017	10:48:34.6	     0.594	     1.193
03/08/2017	10:48:35.1	     0.595	     1.195
03/08/2017	10:48:35.6	     0.595	     1.195
03/08/2017	10:48:36.1	     0.595	     1.197
03/08/2017	10:48:36.6	     0.595	     1.198
03/08/2017	10:48:37.1	     0.595	     1.200
03/08/2017	10:48:37.6	     0.595	     1.200
03/08/2017	10:48:38.1	     0.595	     1.201
03/08/2017	10:48:38.6	     0.595	     1.204
03/08/2017	10:48:39.1	     0.595	     1.204
03/08/2017	10:48:39.6	     0.596	     1.205
03/08/2017	10:48:40.1	     0.596	     1.206
03/08/2017	10:48:40.6	     0.596	     1.207
03/08/2017	10:48:41.1	     0.596	     1.206
03/08/2017	10:48:41.6	     0.596	     1.206
03/08/2017	10:48:42.1	     0.596	     1.206
03/08/2017	10:48:42.6	     0.596	     1.209
03/08/2017	10:48:43.1	     0.596	     1.210
03/08/2017	10:48:43.6	     0.596	     1.211
03/08/2017	10:48:44.1	     0.596	     1.213
03/08/2017	10:48:44.6	     0.596	     1.214
03/08/2017	10:48:45.1	     0.596	     1.212
03/08/2017	10:48:45.6	     0.596	     1.213
03/08/2017	10:48:46.1	     0.596	     1.210
03/08/2017	10:48:46.6	     0.596	     1.213
03/08/2017	10:48:47.1	     0.596	     1.211
03/08/2017	10:48:47.6	     0.596	     1.207
03/08/2017	10:48:48.1	     0.596	     1.208
03/08/2017	10:48:48.6	     0.596	     1.205
03/08/2017	10:48:49.1	     0.596	     1.208
03/08/2017	10:48:49.6	     0.596	     1.207
03/08/2017	10:48:50.1	     0.596	     1.206
03/08/2017	10:48:50.6	     0.596	     1.204
03/08/2017	10:48:51.1	     0.596	     1.205
03/08/2017	10:48:51.6	     0.596	     1.203
03/08/2017	10:48:52.1	     0.596	     1.201
03/08/2017	10:48:52.6	     0.596	     1.198
03/08/2017	10:48:53.1	     0.596	     1.196
03/08/2017	10:48:53.6	     0.596	     1.198
03/08/2017	10:48:54.1	     0.596	     1.195
03/08/2017	10:48:54.6	     0.596	     1.194
03/08/2017	10:48:55.1	     0.596	     1.191
03/08/2017	10:48:55.6	     0.596	     1.190
03/08/2017	10:48:56.1	     0.596	     1.186
03/08/2017	10:48:56.6	     0.596	     1.186
03/08/2017	10:48:57.1	     0.596	     1.186
03/08/2017	10:48:57.6	     0.596	     1.184
03/08/2017	10:48:58.1	     0.596	     1.180
03/08/2017	10:48:58.6	     0.596	     1.178
03/08/2017	10:48:59.1	     0.596	     1.178
03/08/2017	10:48:59.6	     0.596	     1.176
03/08/2017	10:49:00.1	     0.596	     1.175
03/08/2017	10:49:00.6	     0.596	     1.174
03/08/2017	10:49:01.1	     0.596	     1.171
03/08/2017	10:49:01.6	     0.596	     1.170
03/08/2017	10:49:02.1	     0.596	     1.168
03/08/2017	10:49:02.6	     0.596	     1.166
03/08/2017	10:49:03.1	     0.596	     1.165
03/08/2017	10:49:03.6	     0.596	     1.164
03/08/2017	10:49:04.1	     0.596	     1.162
03/08/2017	10:49:04.6	     0.596	     1.161
03/08/2017	10:49:05.1	     0.596	     1.158
03/08/2017	10:49:05.6	     0.596	     1.157
03/08/2017	10:49:06.1	     0.596	     1.154
03/08/2017	10:49:06.6	     0.596	     1.153
03/08/2017	10:49:07.1	     0.596	     1.153
03/08/2017	10:49:07.6	     0.596	     1.152
03/08/2017	10:49:08.1	     0.596	     1.149
03/08/2017	10:49:08.6	     0.596	     1.147
03/08/2017	10:49:09.1	     0.596	     1.145
03/08/2017	10:49:09.6	     0.596	     1.143
03/08/2017	10:49:10.1	     0.597	     1.143
03/08/2017	10:49:10.6	     0.597	     1.142
03/08/2017	10:49:11.1	     0.597	     1.138
03/08/2017	10:49:11.6	     0.597	     1.138
03/08/2017	10:49:12.1	     0.597	     1.138
03/08/2017	10:49:12.6	     0.597	     1.135
03/08/2017	10:49:13.1	     0.597	     1.134
03/08/2017	10:49:13.6	     0.597	     1.131
03/08/2017	10:49:14.1	     0.597	     1.129
03/08/2017	10:49:14.6	     0.596	     1.127
03/08/2017	10:49:15.1	     0.596	     1.127
03/08/2017	10:49:15.6	     0.596	     1.127
03/08/2017	10:49:16.1	     0.596	     1.124
03/08/2017	10:49:16.6	     0.596	     1.122
03/08/2017	10:49:17.1	     0.596	     1.122
03/08/2017	10:49:17.6	     0.596	     1.121
03/08/2017	10:49:18.1	     0.596	     1.121
03/08/2017	10:49:18.6	     0.596	     1.120
03/08/2017	10:49:19.1	     0.596	     1.120
03/08/2017	10:49:19.6	     0.596	     1.116
03/08/2017	10:49:20.1	     0.596	     1.115
03/08/2017	10:49:20.6	     0.596	     1.115
03/08/2017	10:49:21.1	     0.596	     1.114
03/08/2017	10:49:21.6	     0.596	     1.113
03/08/2017	10:49:22.1	     0.596	     1.112
03/08/2017	10:49:22.6	     0.596	     1.111
03/08/2017	10:49:23.1	     0.596	     1.109
03/08/2017	10:49:23.6	     0.596	     1.106
03/08/2017	10:49:24.1	     0.596	     1.107
03/08/2017	10:49:24.6	     0.596	     1.107
03/08/2017	10:49:25.1	     0.596	     1.105
03/08/2017	10:49:25.6	     0.596	     1.104
03/08/2017	10:49:26.1	     0.596	     1.104
03/08/2017	10:49:26.6	     0.596	     1.104
03/08/2017	10:49:27.1	     0.596	     1.103
03/08/2017	10:49:27.6	     0.596	     1.100
03/08/2017	10:49:28.1	     0.596	     1.099
03/08/2017	10:49:28.6	     0.596	     1.098
03/08/2017	10:49:29.1	     0.596	     1.097
03/08/2017	10:49:29.6	     0.596	     1.096
03/08/2017	10:49:30.1	     0.596	     1.095
03/08/2017	10:49:30.6	     0.596	     1.093
03/08/2017	10:49:31.1	     0.596	     1.092
03/08/2017	10:49:31.6	     0.596	     1.092
03/08/2017	10:49:32.1	     0.596	     1.092
03/08/2017	10:49:32.6	     0.596	     1.091
03/08/2017	10:49:33.1	     0.596	     1.091
03/08/2017	10:49:33.6	     0.596	     1.090
03/08/2017	10:49:34.1	     0.596	     1.089
03/08/2017	10:49:34.6	     0.596	     1.088
03/08/2017	10:49:35.1	     0.596	     1.087
03/08/2017	10:49:35.6	     0.596	     1.085
03/08/2017	10:49:36.1	     0.596	     1.085
03/08/2017	10:49:36.6	     0.596	     1.085
03/08/2017	10:49:37.1	     0.596	     1.085
03/08/2017	10:49:37.6	     0.596	     1.084
03/08/2017	10:49:38.1	     0.596	     1.081
03/08/2017	10:49:38.6	     0.596	     1.081
03/08/2017	10:49:39.1	     0.596	     1.081
03/08/2017	10:49:39.6	     0.596	     1.081
03/08/2017	10:49:40.1	     0.596	     1.079
03/08/2017	10:49:40.6	     0.596	     1.080
03/08/2017	10:49:41.1	     0.596	     1.079
03/08/2017	10:49:41.6	     0.596	     1.076
03/08/2017	10:49:42.1	     0.596	     1.075
03/08/2017	10:49:42.6	     0.596	     1.074
03/08/2017	10:49:43.1	     0.596	     1.074
03/08/2017	10:49:43.6	     0.596	     1.074
03/08/2017	10:49:44.1	     0.596	     1.072
03/08/2017	10:49:44.6	     0.596	     1.072
03/08/2017	10:49:45.1	     0.596	     1.071
03/08/2017	10:49:45.6	     0.595	     1.070
03/08/2017	10:49:46.1	     0.595	     1.069
03/08/2017	10:49:46.6	     0.595	     1.069
03/08/2017	10:49:47.1	     0.595	     1.068
03/08/2017	10:49:47.6	     0.595	     1.066
03/08/2017	10:49:48.1	     0.595	     1.065
03/08/2017	10:49:48.6	     0.595	     1.065
03/08/2017	10:49:49.1	     0.595	     1.065
03/08/2017	10:49:49.6	     0.595	     1.065
03/08/2017	10:49:50.1	     0.595	     1.065
03/08/2017	10:49:50.6	     0.595	     1.064
03/08/2017	10:49:51.1	     0.595	     1.063
03/08/2017	10:49:51.6	     0.595	     1.063
03/08/2017	10:49:52.1	     0.595	     1.062
03/08/2017	10:49:52.6	     0.595	     1.060
03/08/2017	10:49:53.1	     0.595	     1.059
03/08/2017	10:49:53.6	     0.595	     1.059
03/08/2017	10:49:54.1	     0.595	     1.059
03/08/2017	10:49:54.6	     0.595	     1.057
03/08/2017	10:49:55.1	     0.595	     1.057
03/08/2017	10:49:55.6	     0.595	     1.057
03/08/2017	10:49:56.1	     0.594	     1.055
03/08/2017	10:49:56.6	     0.594	     1.054
03/08/2017	10:49:57.1	     0.594	     1.055
03/08/2017	10:49:57.6	     0.594	     1.054
03/08/2017	10:49:58.1	     0.594	     1.053
03/08/2017	10:49:58.6	     0.594	     1.052
03/08/2017	10:49:59.1	     0.594	     1.052
03/08/2017	10:49:59.6	     0.594	     1.052
03/08/2017	10:50:00.1	     0.594	     1.051
03/08/2017	10:50:00.6	     0.594	     1.050
03/08/2017	10:50:01.1	     0.594	     1.050
03/08/2017	10:50:01.6	     0.594	     1.050
03/08/2017	10:50:02.1	     0.594	     1.048
03/08/2017	10:50:02.6	     0.594	     1.046
03/08/2017	10:50:03.1	     0.594	     1.046
03/08/2017	10:50:03.6	     0.594	     1.045
03/08/2017	10:50:04.1	     0.594	     1.044
03/08/2017	10:50:04.6	     0.594	     1.044
03/08/2017	10:50:05.1	     0.594	     1.046
03/08/2017	10:50:05.6	     0.594	     1.045
03/08/2017	10:50:06.1	     0.594	     1.045
03/08/2017	10:50:06.6	     0.594	     1.044
03/08/2017	10:50:07.1	     0.594	     1.043
03/08/2017	10:50:07.6	     0.594	     1.043
03/08/2017	10:50:08.1	     0.594	     1.042
03/08/2017	10:50:08.6	     0.594	     1.042
03/08/2017	10:50:09.1	     0.594	     1.041
03/08/2017	10:50:09.6	     0.594	     1.041
03/08/2017	10:50:10.1	     0.594	     1.040
03/08/2017	10:50:10.6	     0.594	     1.040
03/08/2017	10:50:11.1	     0.594	     1.040
03/08/2017	10:50:11.6	     0.594	     1.040
03/08/2017	10:50:12.1	     0.594	     1.039
03/08/2017	10:50:12.6	     0.594	     1.038
03/08/2017	10:50:13.1	     0.594	     1.038
03/08/2017	10:50:13.6	     0.594	     1.036
03/08/2017	10:50:14.1	     0.594	     1.036
03/08/2017	10:50:14.6	     0.594	     1.035
03/08/2017	10:50:15.1	     0.594	     1.034
03/08/2017	10:50:15.6	     0.594	     1.035
03/08/2017	10:50:16.1	     0.594	     1.034
03/08/2017	10:50:16.6	     0.594	     1.032
03/08/2017	10:50:17.1	     0.594	     1.032
03/08/2017	10:50:17.6	     0.594	     1.032
03/08/2017	10:50:18.1	     0.594	     1.032
03/08/2017	10:50:18.6	     0.594	     1.031
03/08/2017	10:50:19.1	     0.594	     1.032
03/08/2017	10:50:19.6	     0.594	     1.031
03/08/2017	10:50:20.1	     0.593	     1.031
03/08/2017	10:50:20.6	     0.593	     1.028
03/08/2017	10:50:21.1	     0.593	     1.028
03/08/2017	10:50:21.6	     0.593	     1.027
03/08/2017	10:50:22.1	     0.593	     1.027
03/08/2017	10:50:22.6	     0.593	     1.026
03/08/2017	10:50:23.1	     0.593	     1.026
03/08/2017	10:50:23.6	     0.593	     1.026
03/08/2017	10:50:24.1	     0.593	     1.026
03/08/2017	10:50:24.6	     0.593	     1.026
03/08/2017	10:50:25.1	     0.593	     1.026
03/08/2017	10:50:25.6	     0.593	     1.025
03/08/2017	10:50:26.1	     0.593	     1.024
03/08/2017	10:50:26.6	     0.593	     1.024
03/08/2017	10:50:27.1	     0.593	     1.023
03/08/2017	10:50:27.6	     0.593	     1.024
03/08/2017	10:50:28.1	     0.593	     1.023
03/08/2017	10:50:28.6	     0.593	     1.022
03/08/2017	10:50:29.1	     0.593	     1.022
03/08/2017	10:50:29.6	     0.593	     1.021
03/08/2017	10:50:30.1	     0.593	     1.022
03/08/2017	10:50:30.6	     0.593	     1.020
03/08/2017	10:50:31.1	     0.593	     1.021
03/08/2017	10:50:31.6	     0.593	     1.021
03/08/2017	10:50:32.1	     0.593	     1.020
03/08/2017	10:50:32.6	     0.593	     1.020
03/08/2017	10:50:33.1	     0.592	     1.019
03/08/2017	10:50:33.6	     0.592	     1.019
03/08/2017	10:50:34.1	     0.592	     1.018
03/08/2017	10:50:34.6	     0.592	     1.017
03/08/2017	10:50:35.1	     0.592	     1.016
03/08/2017	10:50:35.6	     0.592	     1.015
03/08/2017	10:50:36.1	     0.592	     1.015
03/08/2017	10:50:36.6	     0.592	     1.016
03/08/2017	10:50:37.1	     0.592	     1.016
03/08/2017	10:50:37.6	     0.592	     1.016
03/08/2017	10:50:38.1	     0.592	     1.016
03/08/2017	10:50:38.6	     0.592	     1.016
03/08/2017	10:50:39.1	     0.592	     1.015
03/08/2017	10:50:39.6	     0.592	     1.015
03/08/2017	10:50:40.1	     0.592	     1.013
03/08/2017	10:50:40.6	     0.592	     1.013
03/08/2017	10:50:41.1	     0.592	     1.013
03/08/2017	10:50:41.6	     0.592	     1.013
03/08/2017	10:50:42.1	     0.592	     1.012
03/08/2017	10:50:42.6	     0.592	     1.012
03/08/2017	10:50:43.1	     0.592	     1.012
03/08/2017	10:50:43.6	     0.592	     1.012
03/08/2017	10:50:44.1	     0.592	     1.012
03/08/2017	10:50:44.6	     0.592	     1.011
03/08/2017	10:50:45.1	     0.592	     1.010
03/08/2017	10:50:45.6	     0.592	     1.009
03/08/2017	10:50:46.1	     0.592	     1.007
03/08/2017	10:50:46.6	     0.592	     1.008
03/08/2017	10:50:47.1	     0.592	     1.008
03/08/2017	10:50:47.6	     0.592	     1.008
03/08/2017	10:50:48.1	     0.592	     1.008
03/08/2017	10:50:48.6	     0.592	     1.008
03/08/2017	10:50:49.1	     0.592	     1.007
03/08/2017	10:50:49.6	     0.592	     1.007
03/08/2017	10:50:50.1	     0.592	     1.007
03/08/2017	10:50:50.6	     0.592	     1.006
03/08/2017	10:50:51.1	     0.592	     1.006
03/08/2017	10:50:51.6	     0.592	     1.006
03/08/2017	10:50:52.1	     0.592	     1.005
03/08/2017	10:50:52.6	     0.592	     1.005
03/08/2017	10:50:53.1	     0.592	     1.004
03/08/2017	10:50:53.6	     0.592	     1.005
03/08/2017	10:50:54.1	     0.592	     1.004
03/08/2017	10:50:54.6	     0.592	     1.004
03/08/2017	10:50:55.1	     0.592	     1.004
03/08/2017	10:50:55.6	     0.592	     1.004
03/08/2017	10:50:56.1	     0.592	     1.003
03/08/2017	10:50:56.6	     0.592	     1.003
03/08/2017	10:50:57.1	     0.592	     1.003
03/08/2017	10:50:57.6	     0.592	     1.001
03/08/2017	10:50:58.1	     0.592	     1.001
03/08/2017	10:50:58.6	     0.592	     1.002
03/08/2017	10:50:59.1	     0.592	     1.000
03/08/2017	10:50:59.6	     0.592	     1.000
03/08/2017	10:51:00.1	     0.592	     1.000
03/08/2017	10:51:00.6	     0.592	     0.999
03/08/2017	10:51:01.1	     0.592	     0.999
03/08/2017	10:51:01.6	     0.592	     0.999
03/08/2017	10:51:02.1	     0.592	     0.999
03/08/2017	10:51:02.6	     0.592	     0.998
03/08/2017	10:51:03.1	     0.592	     0.997
03/08/2017	10:51:03.6	     0.592	     0.997
03/08/2017	10:51:04.1	     0.592	     0.998
03/08/2017	10:51:04.6	     0.592	     0.998
03/08/2017	10:51:05.1	     0.592	     0.996
03/08/2017	10:51:05.6	     0.592	     0.994
03/08/2017	10:51:06.1	     0.592	     0.995
03/08/2017	10:51:06.6	     0.592	     0.994
03/08/2017	10:51:07.1	     0.592	     0.994
03/08/2017	10:51:07.6	     0.592	     0.994
03/08/2017	10:51:08.1	     0.592	     0.995
03/08/2017	10:51:08.6	     0.592	     0.993
03/08/2017	10:51:09.1	     0.592	     0.991
03/08/2017	10:51:09.6	     0.592	     0.992
03/08/2017	10:51:10.1	     0.592	     0.992
03/08/2017	10:51:10.6	     0.592	     0.993
03/08/2017	10:51:11.1	     0.592	     0.992
03/08/2017	10:51:11.6	     0.592	     0.992
03/08/2017	10:51:12.1	     0.592	     0.992
03/08/2017	10:51:12.6	     0.592	     0.991
03/08/2017	10:51:13.1	     0.592	     0.990
03/08/2017	10:51:13.6	     0.592	     0.991
03/08/2017	10:51:14.1	     0.592	     0.991
03/08/2017	10:51:14.6	     0.592	     0.991
03/08/2017	10:51:15.1	     0.592	     0.991
03/08/2017	10:51:15.6	     0.592	     0.990
03/08/2017	10:51:16.1	     0.592	     0.990
03/08/2017	10:51:16.6	     0.592	     0.990
03/08/2017	10:51:17.1	     0.592	     0.990
03/08/2017	10:51:17.6	     0.592	     0.990
03/08/2017	10:51:18.1	     0.592	     0.990
03/08/2017	10:51:18.6	     0.592	     0.990
03/08/2017	10:51:19.1	     0.592	     0.990
03/08/2017	10:51:19.6	     0.592	     0.991
03/08/2017	10:51:20.1	     0.592	     0.989
03/08/2017	10:51:20.6	     0.592	     0.988
03/08/2017	10:51:21.1	     0.592	     0.988
03/08/2017	10:51:21.6	     0.592	     0.988
03/08/2017	10:51:22.1	     0.592	     0.988
03/08/2017	10:51:22.6	     0.592	     0.989
03/08/2017	10:51:23.1	     0.592	     0.989
03/08/2017	10:51:23.6	     0.592	     0.987
03/08/2017	10:51:24.1	     0.592	     0.988
03/08/2017	10:51:24.6	     0.592	     0.987
03/08/2017	10:51:25.1	     0.592	     0.985
03/08/2017	10:51:25.6	     0.592	     0.986
03/08/2017	10:51:26.1	     0.592	     0.985
03/08/2017	10:51:26.6	     0.592	     0.985
03/08/2017	10:51:27.1	     0.592	     0.986
03/08/2017	10:51:27.6	     0.592	     0.985
03/08/2017	10:51:28.1	     0.592	     0.985
03/08/2017	10:51:28.6	     0.592	     0.984
03/08/2017	10:51:29.1	     0.592	     0.983
03/08/2017	10:51:29.6	     0.592	     0.982
03/08/2017	10:51:30.1	     0.592	     0.983
03/08/2017	10:51:30.6	     0.592	     0.983
03/08/2017	10:51:31.1	     0.592	     0.983
03/08/2017	10:51:31.6	     0.592	     0.984
03/08/2017	10:51:32.1	     0.592	     0.983
03/08/2017	10:51:32.6	     0.592	     0.984
03/08/2017	10:51:33.1	     0.592	     0.981
03/08/2017	10:51:33.6	     0.592	     0.980
03/08/2017	10:51:34.1	     0.592	     0.980
03/08/2017	10:51:34.6	     0.592	     0.981
03/08/2017	10:51:35.1	     0.592	     0.981
03/08/2017	10:51:35.6	     0.592	     0.981
03/08/2017	10:51:36.1	     0.592	     0.982
03/08/2017	10:51:36.6	     0.592	     0.982
03/08/2017	10:51:37.1	     0.592	     0.981
03/08/2017	10:51:37.6	     0.592	     0.982
03/08/2017	10:51:38.1	     0.592	     0.981
03/08/2017	10:51:38.6	     0.592	     0.980
03/08/2017	10:51:39.1	     0.592	     0.980
03/08/2017	10:51:39.6	     0.592	     0.979
03/08/2017	10:51:40.1	     0.592	     0.978
03/08/2017	10:51:40.6	     0.592	     0.977
03/08/2017	10:51:41.1	     0.592	     0.979
03/08/2017	10:51:41.6	     0.592	     0.979
03/08/2017	10:51:42.1	     0.592	     0.978
03/08/2017	10:51:42.6	     0.592	     0.978
03/08/2017	10:51:43.1	     0.592	     0.977
03/08/2017	10:51:43.6	     0.592	     0.977
03/08/2017	10:51:44.1	     0.592	     0.977
03/08/2017	10:51:44.6	     0.592	     0.977
03/08/2017	10:51:45.1	     0.592	     0.976
03/08/2017	10:51:45.6	     0.592	     0.976
03/08/2017	10:51:46.1	     0.592	     0.976
03/08/2017	10:51:46.6	     0.592	     0.976
03/08/2017	10:51:47.1	     0.592	     0.977
03/08/2017	10:51:47.6	     0.592	     0.976
03/08/2017	10:51:48.1	     0.592	     0.977
03/08/2017	10:51:48.6	     0.592	     0.976
03/08/2017	10:51:49.1	     0.592	     0.976
03/08/2017	10:51:49.6	     0.592	     0.973
03/08/2017	10:51:50.1	     0.592	     0.974
03/08/2017	10:51:50.6	     0.592	     0.975
03/08/2017	10:51:51.1	     0.592	     0.975
03/08/2017	10:51:51.6	     0.592	     0.975
03/08/2017	10:51:52.1	     0.591	     0.975
03/08/2017	10:51:52.6	     0.591	     0.975
03/08/2017	10:51:53.1	     0.591	     0.975
03/08/2017	10:51:53.6	     0.592	     0.975
03/08/2017	10:51:54.1	     0.592	     0.973
03/08/2017	10:51:54.6	     0.592	     0.973
03/08/2017	10:51:55.1	     0.592	     0.973
03/08/2017	10:51:55.6	     0.592	     0.973
03/08/2017	10:51:56.1	     0.592	     0.972
03/08/2017	10:51:56.6	     0.592	     0.973
03/08/2017	10:51:57.1	     0.592	     0.972
03/08/2017	10:51:57.6	     0.592	     0.972
03/08/2017	10:51:58.1	     0.592	     0.972
03/08/2017	10:51:58.6	     0.592	     0.972
03/08/2017	10:51:59.1	     0.592	     0.972
03/08/2017	10:51:59.6	     0.592	     0.972
03/08/2017	10:52:00.1	     0.592	     0.972
03/08/2017	10:52:00.6	     0.592	     0.971
03/08/2017	10:52:01.1	     0.592	     0.971
03/08/2017	10:52:01.6	     0.592	     0.971
03/08/2017	10:52:02.1	     0.592	     0.971
03/08/2017	10:52:02.6	     0.592	     0.971
03/08/2017	10:52:03.1	     0.592	     0.972
03/08/2017	10:52:03.6	     0.592	     0.971
03/08/2017	10:52:04.1	     0.592	     0.971
03/08/2017	10:52:04.6	     0.592	     0.970
03/08/2017	10:52:05.1	     0.592	     0.970
03/08/2017	10:52:05.6	     0.592	     0.969
03/08/2017	10:52:06.1	     0.592	     0.969
03/08/2017	10:52:06.6	     0.592	     0.969
03/08/2017	10:52:07.1	     0.592	     0.968
03/08/2017	10:52:07.6	     0.592	     0.968
03/08/2017	10:52:08.1	     0.592	     0.968
03/08/2017	10:52:08.6	     0.592	     0.968
03/08/2017	10:52:09.1	     0.592	     0.968
03/08/2017	10:52:09.6	     0.592	     0.968
03/08/2017	10:52:10.1	     0.592	     0.968
03/08/2017	10:52:10.6	     0.592	     0.968
03/08/2017	10:52:11.1	     0.592	     0.966
03/08/2017	10:52:11.6	     0.592	     0.967
03/08/2017	10:52:12.1	     0.592	     0.968
03/08/2017	10:52:12.6	     0.592	     0.966
03/08/2017	10:52:13.1	     0.592	     0.966
03/08/2017	10:52:13.6	     0.592	     0.967
03/08/2017	10:52:14.1	     0.592	     0.967
03/08/2017	10:52:14.6	     0.592	     0.966
03/08/2017	10:52:15.1	     0.592	     0.966
03/08/2017	10:52:15.6	     0.592	     0.966
03/08/2017	10:52:16.1	     0.592	     0.966
03/08/2017	10:52:16.6	     0.592	     0.967
03/08/2017	10:52:17.1	     0.592	     0.966
03/08/2017	10:52:17.6	     0.592	     0.967
03/08/2017	10:52:18.1	     0.592	     0.966
03/08/2017	10:52:18.6	     0.592	     0.966
03/08/2017	10:52:19.1	     0.592	     0.964
03/08/2017	10:52:19.6	     0.592	     0.965
03/08/2017	10:52:20.1	     0.592	     0.965
03/08/2017	10:52:20.6	     0.592	     0.965
03/08/2017	10:52:21.1	     0.592	     0.965
03/08/2017	10:52:21.6	     0.592	     0.964
03/08/2017	10:52:22.1	     0.592	     0.964
03/08/2017	10:52:22.6	     0.593	     0.964
03/08/2017	10:52:23.1	     0.593	     0.964
03/08/2017	10:52:23.6	     0.593	     0.964
03/08/2017	10:52:24.1	     0.593	     0.964
03/08/2017	10:52:24.6	     0.593	     0.963
03/08/2017	10:52:25.1	     0.593	     0.962
03/08/2017	10:52:25.6	     0.593	     0.963
03/08/2017	10:52:26.1	     0.593	     0.962
03/08/2017	10:52:26.6	     0.593	     0.963
03/08/2017	10:52:27.1	     0.593	     0.962
03/08/2017	10:52:27.6	     0.593	     0.961
03/08/2017	10:52:28.1	     0.593	     0.962
03/08/2017	10:52:28.6	     0.593	     0.963
03/08/2017	10:52:29.1	     0.593	     0.963
03/08/2017	10:52:29.6	     0.593	     0.964
03/08/2017	10:52:30.1	     0.593	     0.962
03/08/2017	10:52:30.6	     0.593	     0.962
03/08/2017	10:52:31.1	     0.593	     0.963
03/08/2017	10:52:31.6	     0.593	     0.963
03/08/2017	10:52:32.1	     0.593	     0.962
03/08/2017	10:52:32.6	     0.593	     0.962
03/08/2017	10:52:33.1	     0.593	     0.962
03/08/2017	10:52:33.6	     0.593	     0.961
03/08/2017	10:52:34.1	     0.593	     0.959
03/08/2017	10:52:34.6	     0.593	     0.961
03/08/2017	10:52:35.1	     0.593	     0.962
03/08/2017	10:52:35.6	     0.593	     0.962
03/08/2017	10:52:36.1	     0.593	     0.962
03/08/2017	10:52:36.6	     0.593	     0.962
03/08/2017	10:52:37.1	     0.593	     0.962
03/08/2017	10:52:37.6	     0.593	     0.962
03/08/2017	10:52:38.1	     0.593	     0.962
03/08/2017	10:52:38.6	     0.593	     0.961
03/08/2017	10:52:39.1	     0.593	     0.962
03/08/2017	10:52:39.6	     0.593	     0.960
03/08/2017	10:52:40.1	     0.593	     0.959
03/08/2017	10:52:40.6	     0.593	     0.960
03/08/2017	10:52:41.1	     0.593	     0.959
03/08/2017	10:52:41.6	     0.593	     0.960
03/08/2017	10:52:42.1	     0.593	     0.959
03/08/2017	10:52:42.6	     0.593	     0.960
03/08/2017	10:52:43.1	     0.593	     0.961
03/08/2017	10:52:43.6	     0.593	     0.960
03/08/2017	10:52:44.1	     0.593	     0.959
03/08/2017	10:52:44.6	     0.593	     0.958
03/08/2017	10:52:45.1	     0.593	     0.957
03/08/2017	10:52:45.6	     0.593	     0.957
03/08/2017	10:52:46.1	     0.593	     0.956
03/08/2017	10:52:46.6	     0.593	     0.956
03/08/2017	10:52:47.1	     0.593	     0.957
03/08/2017	10:52:47.6	     0.593	     0.957
03/08/2017	10:52:48.1	     0.593	     0.957
03/08/2017	10:52:48.6	     0.593	     0.956
03/08/2017	10:52:49.1	     0.593	     0.957
03/08/2017	10:52:49.6	     0.593	     0.956
03/08/2017	10:52:50.1	     0.593	     0.956
03/08/2017	10:52:50.6	     0.593	     0.956
03/08/2017	10:52:51.1	     0.593	     0.955
03/08/2017	10:52:51.6	     0.593	     0.955
03/08/2017	10:52:52.1	     0.593	     0.955
03/08/2017	10:52:52.6	     0.593	     0.954
03/08/2017	10:52:53.1	     0.593	     0.954
03/08/2017	10:52:53.6	     0.593	     0.954
03/08/2017	10:52:54.1	     0.593	     0.955
03/08/2017	10:52:54.6	     0.593	     0.955
03/08/2017	10:52:55.1	     0.593	     0.955
03/08/2017	10:52:55.6	     0.593	     0.955
03/08/2017	10:52:56.1	     0.593	     0.954
03/08/2017	10:52:56.6	     0.593	     0.956
03/08/2017	10:52:57.1	     0.593	     0.955
03/08/2017	10:52:57.6	     0.593	     0.953
03/08/2017	10:52:58.1	     0.593	     0.955
03/08/2017	10:52:58.6	     0.593	     0.956
03/08/2017	10:52:59.1	     0.593	     0.955
03/08/2017	10:52:59.6	     0.593	     0.955
03/08/2017	10:53:00.1	     0.593	     0.955
03/08/2017	10:53:00.6	     0.593	     0.955
03/08/2017	10:53:01.1	     0.593	     0.955
03/08/2017	10:53:01.6	     0.593	     0.954
03/08/2017	10:53:02.1	     0.593	     0.953
03/08/2017	10:53:02.6	     0.593	     0.955
03/08/2017	10:53:03.1	     0.593	     0.955
03/08/2017	10:53:03.6	     0.594	     0.955
03/08/2017	10:53:04.1	     0.594	     0.954
03/08/2017	10:53:04.6	     0.594	     0.954
03/08/2017	10:53:05.1	     0.594	     0.953
03/08/2017	10:53:05.6	     0.594	     0.955
03/08/2017	10:53:06.1	     0.594	     0.953
03/08/2017	10:53:06.6	     0.593	     0.955
03/08/2017	10:53:07.1	     0.593	     0.954
03/08/2017	10:53:07.6	     0.593	     0.954
03/08/2017	10:53:08.1	     0.593	     0.954
03/08/2017	10:53:08.6	     0.593	     0.954
03/08/2017	10:53:09.1	     0.593	     0.954
03/08/2017	10:53:09.6	     0.593	     0.954
03/08/2017	10:53:10.1	     0.593	     0.954
03/08/2017	10:53:10.6	     0.594	     0.953
03/08/2017	10:53:11.1	     0.594	     0.953
03/08/2017	10:53:11.6	     0.594	     0.952
03/08/2017	10:53:12.1	     0.594	     0.953
03/08/2017	10:53:12.6	     0.594	     0.953
03/08/2017	10:53:13.1	     0.594	     0.953
03/08/2017	10:53:13.6	     0.594	     0.954
03/08/2017	10:53:14.1	     0.594	     0.954
03/08/2017	10:53:14.6	     0.594	     0.954
03/08/2017	10:53:15.1	     0.594	     0.953
03/08/2017	10:53:15.6	     0.594	     0.951
03/08/2017	10:53:16.1	     0.594	     0.950
03/08/2017	10:53:16.6	     0.594	     0.950
03/08/2017	10:53:17.1	     0.594	     0.951
03/08/2017	10:53:17.6	     0.594	     0.951
03/08/2017	10:53:18.1	     0.594	     0.951
03/08/2017	10:53:18.6	     0.594	     0.951
03/08/2017	10:53:19.1	     0.594	     0.951
03/08/2017	10:53:19.6	     0.594	     0.949
03/08/2017	10:53:20.1	     0.594	     0.950
03/08/2017	10:53:20.6	     0.594	     0.951
03/08/2017	10:53:21.1	     0.594	     0.951
03/08/2017	10:53:21.6	     0.594	     0.949
03/08/2017	10:53:22.1	     0.594	     0.950
03/08/2017	10:53:22.6	     0.594	     0.950
03/08/2017	10:53:23.1	     0.594	     0.950
03/08/2017	10:53:23.6	     0.593	     0.951
03/08/2017	10:53:24.1	     0.593	     0.950
03/08/2017	10:53:24.6	     0.593	     0.950
03/08/2017	10:53:25.1	     0.593	     0.952
03/08/2017	10:53:25.6	     0.593	     0.952
03/08/2017	10:53:26.1	     0.593	     0.950
03/08/2017	10:53:26.6	     0.593	     0.949
03/08/2017	10:53:27.1	     0.593	     0.948
03/08/2017	10:53:27.6	     0.593	     0.948
03/08/2017	10:53:28.1	     0.593	     0.950
03/08/2017	10:53:28.6	     0.593	     0.950
03/08/2017	10:53:29.1	     0.594	     0.950
03/08/2017	10:53:29.6	     0.594	     0.950
03/08/2017	10:53:30.1	     0.594	     0.949
03/08/2017	10:53:30.6	     0.594	     0.950
03/08/2017	10:53:31.1	     0.594	     0.950
03/08/2017	10:53:31.6	     0.594	     0.950
03/08/2017	10:53:32.1	     0.594	     0.949
03/08/2017	10:53:32.6	     0.594	     0.948
03/08/2017	10:53:33.1	     0.594	     0.949
03/08/2017	10:53:33.6	     0.594	     0.949
03/08/2017	10:53:34.1	     0.594	     0.949
03/08/2017	10:53:34.6	     0.594	     0.948
03/08/2017	10:53:35.1	     0.594	     0.948
03/08/2017	10:53:35.6	     0.594	     0.949
03/08/2017	10:53:36.1	     0.594	     0.948
03/08/2017	10:53:36.6	     0.594	     0.948
03/08/2017	10:53:37.1	     0.594	     0.947
03/08/2017	10:53:37.6	     0.594	     0.945
03/08/2017	10:53:38.1	     0.594	     0.946
03/08/2017	10:53:38.6	     0.594	     0.948
03/08/2017	10:53:39.1	     0.594	     0.948
03/08/2017	10:53:39.6	     0.595	     0.947
03/08/2017	10:53:40.1	     0.595	     0.947
03/08/2017	10:53:40.6	     0.595	     0.947
03/08/2017	10:53:41.1	     0.595	     0.948
03/08/2017	10:53:41.6	     0.595	     0.947
03/08/2017	10:53:42.1	     0.595	     0.947
03/08/2017	10:53:42.6	     0.595	     0.947
03/08/2017	10:53:43.1	     0.595	     0.948
03/08/2017	10:53:43.6	     0.595	     0.947
03/08/2017	10:53:44.1	     0.595	     0.946
03/08/2017	10:53:44.6	     0.595	     0.946
03/08/2017	10:53:45.1	     0.595	     0.946
03/08/2017	10:53:45.6	     0.595	     0.946
03/08/2017	10:53:46.1	     0.595	     0.946
03/08/2017	10:53:46.6	     0.595	     0.945
03/08/2017	10:53:47.1	     0.595	     0.945
03/08/2017	10:53:47.6	     0.595	     0.946
03/08/2017	10:53:48.1	     0.595	     0.947
03/08/2017	10:53:48.6	     0.595	     0.947
03/08/2017	10:53:49.1	     0.595	     0.947
03/08/2017	10:53:49.6	     0.595	     0.946
03/08/2017	10:53:50.1	     0.595	     0.945
03/08/2017	10:53:50.6	     0.595	     0.946
03/08/2017	10:53:51.1	     0.595	     0.945
03/08/2017	10:53:51.6	     0.595	     0.946
03/08/2017	10:53:52.1	     0.595	     0.944
03/08/2017	10:53:52.6	     0.595	     0.944
03/08/2017	10:53:53.1	     0.595	     0.945
03/08/2017	10:53:53.6	     0.595	     0.945
03/08/2017	10:53:54.1	     0.595	     0.946
03/08/2017	10:53:54.6	     0.595	     0.945
03/08/2017	10:53:55.1	     0.595	     0.946
03/08/2017	10:53:55.6	     0.595	     0.946
03/08/2017	10:53:56.1	     0.595	     0.946
03/08/2017	10:53:56.6	     0.595	     0.945
03/08/2017	10:53:57.1	     0.595	     0.944
03/08/2017	10:53:57.6	     0.595	     0.944
03/08/2017	10:53:58.1	     0.595	     0.945
03/08/2017	10:53:58.6	     0.595	     0.944
03/08/2017	10:53:59.1	     0.595	     0.945
03/08/2017	10:53:59.6	     0.595	     0.945
03/08/2017	10:54:00.1	     0.595	     0.945
03/08/2017	10:54:00.6	     0.595	     0.944
03/08/2017	10:54:01.1	     0.595	     0.944
03/08/2017	10:54:01.6	     0.595	     0.944
03/08/2017	10:54:02.1	     0.595	     0.944
03/08/2017	10:54:02.6	     0.595	     0.943
03/08/2017	10:54:03.1	     0.595	     0.944
03/08/2017	10:54:03.6	     0.595	     0.944
03/08/2017	10:54:04.1	     0.595	     0.944
03/08/2017	10:54:04.6	     0.595	     0.944
03/08/2017	10:54:05.1	     0.595	     0.943
03/08/2017	10:54:05.6	     0.595	     0.944
03/08/2017	10:54:06.1	     0.595	     0.943
03/08/2017	10:54:06.6	     0.595	     0.943
03/08/2017	10:54:07.1	     0.595	     0.944
03/08/2017	10:54:07.6	     0.595	     0.944
03/08/2017	10:54:08.1	     0.595	     0.944
03/08/2017	10:54:08.6	     0.595	     0.944
03/08/2017	10:54:09.1	     0.595	     0.944
03/08/2017	10:54:09.6	     0.595	     0.943
03/08/2017	10:54:10.1	     0.595	     0.943
03/08/2017	10:54:10.6	     0.595	     0.943
03/08/2017	10:54:11.1	     0.595	     0.942
03/08/2017	10:54:11.6	     0.595	     0.943
03/08/2017	10:54:12.1	     0.595	     0.944
03/08/2017	10:54:12.6	     0.595	     0.943
03/08/2017	10:54:13.1	     0.595	     0.942
03/08/2017	10:54:13.6	     0.595	     0.943
03/08/2017	10:54:14.1	     0.595	     0.943
03/08/2017	10:54:14.6	     0.595	     0.943
03/08/2017	10:54:15.1	     0.595	     0.943
03/08/2017	10:54:15.6	     0.595	     0.943
03/08/2017	10:54:16.1	     0.595	     0.941
03/08/2017	10:54:16.6	     0.595	     0.941
03/08/2017	10:54:17.1	     0.595	     0.942
03/08/2017	10:54:17.6	     0.595	     0.942
03/08/2017	10:54:18.1	     0.595	     0.942
03/08/2017	10:54:18.6	     0.595	     0.941
03/08/2017	10:54:19.1	     0.595	     0.942
03/08/2017	10:54:19.6	     0.595	     0.941
03/08/2017	10:54:20.1	     0.595	     0.942
03/08/2017	10:54:20.6	     0.595	     0.940
03/08/2017	10:54:21.1	     0.595	     0.942
03/08/2017	10:54:21.6	     0.595	     0.942
03/08/2017	10:54:22.1	     0.595	     0.942
03/08/2017	10:54:22.6	     0.595	     0.942
03/08/2017	10:54:23.1	     0.595	     0.940
03/08/2017	10:54:23.6	     0.595	     0.941
03/08/2017	10:54:24.1	     0.595	     0.942
03/08/2017	10:54:24.6	     0.595	     0.942
03/08/2017	10:54:25.1	     0.595	     0.943
03/08/2017	10:54:25.6	     0.595	     0.942
03/08/2017	10:54:26.1	     0.595	     0.942
03/08/2017	10:54:26.6	     0.595	     0.940
03/08/2017	10:54:27.1	     0.595	     0.942
03/08/2017	10:54:27.6	     0.595	     0.941
03/08/2017	10:54:28.1	     0.595	     0.941
03/08/2017	10:54:28.6	     0.595	     0.941
03/08/2017	10:54:29.1	     0.595	     0.940
03/08/2017	10:54:29.6	     0.596	     0.940
03/08/2017	10:54:30.1	     0.596	     0.941
03/08/2017	10:54:30.6	     0.596	     0.942
03/08/2017	10:54:31.1	     0.596	     0.942
03/08/2017	10:54:31.6	     0.596	     0.941
03/08/2017	10:54:32.1	     0.595	     0.940
03/08/2017	10:54:32.6	     0.595	     0.941
03/08/2017	10:54:33.1	     0.595	     0.941
03/08/2017	10:54:33.6	     0.595	     0.940
03/08/2017	10:54:34.1	     0.595	     0.941
03/08/2017	10:54:34.6	     0.595	     0.940
03/08/2017	10:54:35.1	     0.595	     0.940
03/08/2017	10:54:35.6	     0.595	     0.940
03/08/2017	10:54:36.1	     0.595	     0.940
03/08/2017	10:54:36.6	     0.595	     0.940
03/08/2017	10:54:37.1	     0.595	     0.939
03/08/2017	10:54:37.6	     0.595	     0.939
03/08/2017	10:54:38.1	     0.595	     0.939
03/08/2017	10:54:38.6	     0.595	     0.938
03/08/2017	10:54:39.1	     0.595	     0.939
03/08/2017	10:54:39.6	     0.595	     0.938
03/08/2017	10:54:40.1	     0.595	     0.938
03/08/2017	10:54:40.6	     0.596	     0.937
03/08/2017	10:54:41.1	     0.596	     0.937
03/08/2017	10:54:41.6	     0.596	     0.937
03/08/2017	10:54:42.1	     0.596	     0.937
03/08/2017	10:54:42.6	     0.596	     0.938
03/08/2017	10:54:43.1	     0.596	     0.936
03/08/2017	10:54:43.6	     0.596	     0.937
03/08/2017	10:54:44.1	     0.596	     0.936
03/08/2017	10:54:44.6	     0.596	     0.937
03/08/2017	10:54:45.1	     0.596	     0.937
03/08/2017	10:54:45.6	     0.596	     0.937
03/08/2017	10:54:46.1	     0.596	     0.938
03/08/2017	10:54:46.6	     0.596	     0.937
03/08/2017	10:54:47.1	     0.596	     0.936
03/08/2017	10:54:47.6	     0.596	     0.937
03/08/2017	10:54:48.1	     0.596	     0.938
03/08/2017	10:54:48.6	     0.596	     0.937
03/08/2017	10:54:49.1	     0.596	     0.937
03/08/2017	10:54:49.6	     0.595	     0.937
03/08/2017	10:54:50.1	     0.595	     0.938
03/08/2017	10:54:50.6	     0.595	     0.938
03/08/2017	10:54:51.1	     0.595	     0.938
03/08/2017	10:54:51.6	     0.595	     0.938
03/08/2017	10:54:52.1	     0.595	     0.938
03/08/2017	10:54:52.6	     0.595	     0.936
03/08/2017	10:54:53.1	     0.595	     0.937
03/08/2017	10:54:53.6	     0.595	     0.937
03/08/2017	10:54:54.1	     0.595	     0.937
03/08/2017	10:54:54.6	     0.595	     0.937
03/08/2017	10:54:55.1	     0.595	     0.937
END DATA