VIRTUALBENCH-LOGGER 2.5 REPORT
NATIONAL INSTRUMENTS
DATE CREATED	11:31:08	03/08/2017

USER	


START COMMENT


END COMMENT

START DATA
Date	Time	AMPS(V)	PYRO(V)
03/08/2017	11:31:10.6	     0.597	     0.987
03/08/2017	11:31:11.1	     0.597	     1.001
03/08/2017	11:31:11.6	     0.597	     1.000
03/08/2017	11:31:12.1	     0.597	     0.997
03/08/2017	11:31:12.6	     0.596	     0.998
03/08/2017	11:31:13.1	     0.596	     0.999
03/08/2017	11:31:13.6	     0.596	     0.999
03/08/2017	11:31:14.1	     0.596	     0.999
03/08/2017	11:31:14.6	     0.596	     0.999
03/08/2017	11:31:15.1	     0.596	     0.999
03/08/2017	11:31:15.6	     0.596	     0.999
03/08/2017	11:31:16.1	     0.596	     0.998
03/08/2017	11:31:16.6	     0.596	     0.998
03/08/2017	11:31:17.1	     0.596	     0.998
03/08/2017	11:31:17.6	     0.596	     0.997
03/08/2017	11:31:18.1	     0.596	     0.997
03/08/2017	11:31:18.6	     0.596	     0.997
03/08/2017	11:31:19.1	     0.596	     0.996
03/08/2017	11:31:19.6	     0.596	     0.996
03/08/2017	11:31:20.1	     0.596	     0.997
03/08/2017	11:31:20.6	     0.596	     0.997
03/08/2017	11:31:21.1	     0.596	     0.977
03/08/2017	11:31:21.6	     0.596	     0.751
03/08/2017	11:31:22.1	     0.596	     0.625
03/08/2017	11:31:22.6	     0.596	     0.687
03/08/2017	11:31:23.1	     0.596	     0.701
03/08/2017	11:31:23.6	     0.596	     0.704
03/08/2017	11:31:24.1	     0.596	     0.706
03/08/2017	11:31:24.6	     0.596	     0.712
03/08/2017	11:31:25.1	     0.596	     0.714
03/08/2017	11:31:25.6	     0.596	     0.723
03/08/2017	11:31:26.1	     0.596	     0.738
03/08/2017	11:31:26.6	     0.596	     0.764
03/08/2017	11:31:27.1	     0.596	     0.772
03/08/2017	11:31:27.6	     0.596	     0.779
03/08/2017	11:31:28.1	     0.596	     0.809
03/08/2017	11:31:28.6	     0.596	     0.828
03/08/2017	11:31:29.1	     0.596	     0.830
03/08/2017	11:31:29.6	     0.596	     0.840
03/08/2017	11:31:30.1	     0.596	     0.849
03/08/2017	11:31:30.6	     0.596	     0.857
03/08/2017	11:31:31.1	     0.596	     0.835
03/08/2017	11:31:31.6	     0.596	     0.844
03/08/2017	11:31:32.1	     0.596	     0.822
03/08/2017	11:31:32.6	     0.596	     0.815
03/08/2017	11:31:33.1	     0.596	     0.768
03/08/2017	11:31:33.6	     0.596	     0.794
03/08/2017	11:31:34.1	     0.596	     0.788
03/08/2017	11:31:34.6	     0.596	     0.787
03/08/2017	11:31:35.1	     0.596	     0.795
03/08/2017	11:31:35.6	     0.596	     0.798
03/08/2017	11:31:36.1	     0.596	     0.795
03/08/2017	11:31:36.6	     0.596	     0.815
03/08/2017	11:31:37.1	     0.596	     0.829
03/08/2017	11:31:37.6	     0.596	     0.858
03/08/2017	11:31:38.1	     0.596	     0.834
03/08/2017	11:31:38.6	     0.596	     0.845
03/08/2017	11:31:39.1	     0.596	     0.865
03/08/2017	11:31:39.6	     0.596	     0.882
03/08/2017	11:31:40.1	     0.596	     0.901
03/08/2017	11:31:40.6	     0.596	     0.926
03/08/2017	11:31:41.1	     0.596	     0.958
03/08/2017	11:31:41.6	     0.596	     0.987
03/08/2017	11:31:42.1	     0.596	     1.007
03/08/2017	11:31:42.6	     0.596	     1.029
03/08/2017	11:31:43.1	     0.596	     1.043
03/08/2017	11:31:43.6	     0.596	     1.039
03/08/2017	11:31:44.1	     0.596	     1.035
03/08/2017	11:31:44.6	     0.596	     1.031
03/08/2017	11:31:45.1	     0.596	     1.038
03/08/2017	11:31:45.6	     0.596	     1.043
03/08/2017	11:31:46.1	     0.596	     1.051
03/08/2017	11:31:46.6	     0.596	     1.064
03/08/2017	11:31:47.1	     0.596	     1.076
03/08/2017	11:31:47.6	     0.596	     1.125
03/08/2017	11:31:48.1	     0.596	     1.120
03/08/2017	11:31:48.6	     0.596	     1.108
03/08/2017	11:31:49.1	     0.596	     1.079
03/08/2017	11:31:49.6	     0.596	     1.069
03/08/2017	11:31:50.1	     0.596	     1.083
03/08/2017	11:31:50.6	     0.596	     1.049
03/08/2017	11:31:51.1	     0.596	     1.097
03/08/2017	11:31:51.6	     0.596	     1.123
03/08/2017	11:31:52.1	     0.596	     1.143
03/08/2017	11:31:52.6	     0.596	     1.143
03/08/2017	11:31:53.1	     0.596	     1.144
03/08/2017	11:31:53.6	     0.596	     1.149
03/08/2017	11:31:54.1	     0.596	     1.151
03/08/2017	11:31:54.6	     0.596	     1.151
03/08/2017	11:31:55.1	     0.596	     1.150
03/08/2017	11:31:55.6	     0.596	     1.151
03/08/2017	11:31:56.1	     0.596	     1.151
03/08/2017	11:31:56.6	     0.596	     1.152
03/08/2017	11:31:57.1	     0.596	     1.153
03/08/2017	11:31:57.6	     0.596	     1.155
03/08/2017	11:31:58.1	     0.596	     1.155
03/08/2017	11:31:58.6	     0.596	     1.156
03/08/2017	11:31:59.1	     0.596	     1.156
03/08/2017	11:31:59.6	     0.596	     1.158
03/08/2017	11:32:00.1	     0.596	     1.158
03/08/2017	11:32:00.6	     0.596	     1.159
03/08/2017	11:32:01.1	     0.596	     1.160
03/08/2017	11:32:01.6	     0.596	     1.162
03/08/2017	11:32:02.1	     0.597	     1.161
03/08/2017	11:32:02.6	     0.597	     1.161
03/08/2017	11:32:03.1	     0.597	     1.161
03/08/2017	11:32:03.6	     0.597	     1.165
03/08/2017	11:32:04.1	     0.597	     1.164
03/08/2017	11:32:04.6	     0.597	     1.165
03/08/2017	11:32:05.1	     0.597	     1.166
03/08/2017	11:32:05.6	     0.597	     1.166
03/08/2017	11:32:06.1	     0.597	     1.170
03/08/2017	11:32:06.6	     0.597	     1.171
03/08/2017	11:32:07.1	     0.597	     1.171
03/08/2017	11:32:07.6	     0.597	     1.171
03/08/2017	11:32:08.1	     0.597	     1.169
03/08/2017	11:32:08.6	     0.597	     1.170
03/08/2017	11:32:09.1	     0.597	     1.170
03/08/2017	11:32:09.6	     0.597	     1.170
03/08/2017	11:32:10.1	     0.597	     1.169
03/08/2017	11:32:10.6	     0.597	     1.170
03/08/2017	11:32:11.1	     0.597	     1.168
03/08/2017	11:32:11.6	     0.597	     1.169
03/08/2017	11:32:12.1	     0.597	     1.169
03/08/2017	11:32:12.6	     0.597	     1.169
03/08/2017	11:32:13.1	     0.597	     1.169
03/08/2017	11:32:13.6	     0.597	     1.169
03/08/2017	11:32:14.1	     0.597	     1.169
03/08/2017	11:32:14.6	     0.597	     1.167
03/08/2017	11:32:15.1	     0.597	     1.166
03/08/2017	11:32:15.6	     0.597	     1.166
03/08/2017	11:32:16.1	     0.597	     1.165
03/08/2017	11:32:16.6	     0.597	     1.163
03/08/2017	11:32:17.1	     0.597	     1.163
03/08/2017	11:32:17.6	     0.597	     1.164
03/08/2017	11:32:18.1	     0.597	     1.164
03/08/2017	11:32:18.6	     0.597	     1.164
03/08/2017	11:32:19.1	     0.597	     1.164
03/08/2017	11:32:19.6	     0.597	     1.163
03/08/2017	11:32:20.1	     0.597	     1.161
03/08/2017	11:32:20.6	     0.597	     1.159
03/08/2017	11:32:21.1	     0.597	     1.160
03/08/2017	11:32:21.6	     0.598	     1.159
03/08/2017	11:32:22.1	     0.598	     1.160
03/08/2017	11:32:22.6	     0.598	     1.156
03/08/2017	11:32:23.1	     0.598	     1.155
03/08/2017	11:32:23.6	     0.598	     1.155
03/08/2017	11:32:24.1	     0.598	     1.152
03/08/2017	11:32:24.6	     0.598	     1.154
03/08/2017	11:32:25.1	     0.598	     1.151
03/08/2017	11:32:25.6	     0.597	     1.150
03/08/2017	11:32:26.1	     0.597	     1.150
03/08/2017	11:32:26.6	     0.597	     1.150
03/08/2017	11:32:27.1	     0.597	     1.149
03/08/2017	11:32:27.6	     0.597	     1.149
03/08/2017	11:32:28.1	     0.597	     1.148
03/08/2017	11:32:28.6	     0.597	     1.146
03/08/2017	11:32:29.1	     0.597	     1.146
03/08/2017	11:32:29.6	     0.597	     1.145
03/08/2017	11:32:30.1	     0.597	     1.144
03/08/2017	11:32:30.6	     0.597	     1.144
03/08/2017	11:32:31.1	     0.597	     1.142
03/08/2017	11:32:31.6	     0.597	     1.141
03/08/2017	11:32:32.1	     0.597	     1.138
03/08/2017	11:32:32.6	     0.597	     1.137
03/08/2017	11:32:33.1	     0.597	     1.135
03/08/2017	11:32:33.6	     0.597	     1.135
03/08/2017	11:32:34.1	     0.597	     1.134
03/08/2017	11:32:34.6	     0.597	     1.134
03/08/2017	11:32:35.1	     0.597	     1.134
03/08/2017	11:32:35.6	     0.597	     1.133
03/08/2017	11:32:36.1	     0.597	     1.132
03/08/2017	11:32:36.6	     0.597	     1.132
03/08/2017	11:32:37.1	     0.597	     1.130
03/08/2017	11:32:37.6	     0.597	     1.130
03/08/2017	11:32:38.1	     0.597	     1.129
03/08/2017	11:32:38.6	     0.597	     1.128
03/08/2017	11:32:39.1	     0.597	     1.126
03/08/2017	11:32:39.6	     0.597	     1.124
03/08/2017	11:32:40.1	     0.597	     1.124
03/08/2017	11:32:40.6	     0.597	     1.122
03/08/2017	11:32:41.1	     0.597	     1.121
03/08/2017	11:32:41.6	     0.597	     1.121
03/08/2017	11:32:42.1	     0.597	     1.121
03/08/2017	11:32:42.6	     0.597	     1.120
03/08/2017	11:32:43.1	     0.596	     1.120
03/08/2017	11:32:43.6	     0.596	     1.118
03/08/2017	11:32:44.1	     0.596	     1.117
03/08/2017	11:32:44.6	     0.596	     1.115
03/08/2017	11:32:45.1	     0.596	     1.114
03/08/2017	11:32:45.6	     0.596	     1.114
03/08/2017	11:32:46.1	     0.596	     1.113
03/08/2017	11:32:46.6	     0.596	     1.113
03/08/2017	11:32:47.1	     0.596	     1.109
03/08/2017	11:32:47.6	     0.596	     1.110
03/08/2017	11:32:48.1	     0.596	     1.109
03/08/2017	11:32:48.6	     0.596	     1.110
03/08/2017	11:32:49.1	     0.596	     1.108
03/08/2017	11:32:49.6	     0.596	     1.108
03/08/2017	11:32:50.1	     0.596	     1.107
03/08/2017	11:32:50.6	     0.596	     1.104
03/08/2017	11:32:51.1	     0.596	     1.105
03/08/2017	11:32:51.6	     0.596	     1.104
03/08/2017	11:32:52.1	     0.596	     1.103
03/08/2017	11:32:52.6	     0.596	     1.101
03/08/2017	11:32:53.1	     0.596	     1.102
03/08/2017	11:32:53.6	     0.596	     1.101
03/08/2017	11:32:54.1	     0.596	     1.099
03/08/2017	11:32:54.6	     0.596	     1.098
03/08/2017	11:32:55.1	     0.596	     1.097
03/08/2017	11:32:55.6	     0.596	     1.097
03/08/2017	11:32:56.1	     0.596	     1.094
03/08/2017	11:32:56.6	     0.595	     1.095
03/08/2017	11:32:57.1	     0.595	     1.095
03/08/2017	11:32:57.6	     0.595	     1.094
03/08/2017	11:32:58.1	     0.595	     1.094
03/08/2017	11:32:58.6	     0.595	     1.093
03/08/2017	11:32:59.1	     0.595	     1.093
03/08/2017	11:32:59.6	     0.595	     1.092
03/08/2017	11:33:00.1	     0.595	     1.091
03/08/2017	11:33:00.6	     0.595	     1.089
03/08/2017	11:33:01.1	     0.595	     1.088
03/08/2017	11:33:01.6	     0.595	     1.088
03/08/2017	11:33:02.1	     0.596	     1.086
03/08/2017	11:33:02.6	     0.596	     1.086
03/08/2017	11:33:03.1	     0.596	     1.086
03/08/2017	11:33:03.6	     0.595	     1.085
03/08/2017	11:33:04.1	     0.595	     1.083
03/08/2017	11:33:04.6	     0.595	     1.081
03/08/2017	11:33:05.1	     0.595	     1.082
03/08/2017	11:33:05.6	     0.595	     1.082
03/08/2017	11:33:06.1	     0.595	     1.081
03/08/2017	11:33:06.6	     0.595	     1.081
03/08/2017	11:33:07.1	     0.595	     1.079
03/08/2017	11:33:07.6	     0.595	     1.076
03/08/2017	11:33:08.1	     0.595	     1.075
03/08/2017	11:33:08.6	     0.595	     1.076
03/08/2017	11:33:09.1	     0.595	     1.076
03/08/2017	11:33:09.6	     0.595	     1.076
03/08/2017	11:33:10.1	     0.595	     1.075
03/08/2017	11:33:10.6	     0.595	     1.074
03/08/2017	11:33:11.1	     0.595	     1.075
03/08/2017	11:33:11.6	     0.595	     1.074
03/08/2017	11:33:12.1	     0.595	     1.072
03/08/2017	11:33:12.6	     0.595	     1.070
03/08/2017	11:33:13.1	     0.595	     1.070
03/08/2017	11:33:13.6	     0.595	     1.070
03/08/2017	11:33:14.1	     0.595	     1.070
03/08/2017	11:33:14.6	     0.595	     1.069
03/08/2017	11:33:15.1	     0.595	     1.069
03/08/2017	11:33:15.6	     0.595	     1.069
03/08/2017	11:33:16.1	     0.595	     1.069
03/08/2017	11:33:16.6	     0.595	     1.068
03/08/2017	11:33:17.1	     0.595	     1.067
03/08/2017	11:33:17.6	     0.595	     1.068
03/08/2017	11:33:18.1	     0.595	     1.067
03/08/2017	11:33:18.6	     0.594	     1.066
03/08/2017	11:33:19.1	     0.594	     1.065
03/08/2017	11:33:19.6	     0.594	     1.065
03/08/2017	11:33:20.1	     0.594	     1.065
03/08/2017	11:33:20.6	     0.594	     1.065
03/08/2017	11:33:21.1	     0.594	     1.064
03/08/2017	11:33:21.6	     0.594	     1.062
03/08/2017	11:33:22.1	     0.594	     1.060
03/08/2017	11:33:22.6	     0.594	     1.060
03/08/2017	11:33:23.1	     0.594	     1.060
03/08/2017	11:33:23.6	     0.594	     1.058
03/08/2017	11:33:24.1	     0.594	     1.058
03/08/2017	11:33:24.6	     0.594	     1.058
03/08/2017	11:33:25.1	     0.594	     1.058
03/08/2017	11:33:25.6	     0.594	     1.057
03/08/2017	11:33:26.1	     0.594	     1.057
03/08/2017	11:33:26.6	     0.594	     1.056
03/08/2017	11:33:27.1	     0.594	     1.056
03/08/2017	11:33:27.6	     0.594	     1.055
03/08/2017	11:33:28.1	     0.594	     1.055
03/08/2017	11:33:28.6	     0.594	     1.054
03/08/2017	11:33:29.1	     0.594	     1.054
03/08/2017	11:33:29.6	     0.594	     1.054
03/08/2017	11:33:30.1	     0.594	     1.053
03/08/2017	11:33:30.6	     0.594	     1.053
03/08/2017	11:33:31.1	     0.594	     1.052
03/08/2017	11:33:31.6	     0.594	     1.050
03/08/2017	11:33:32.1	     0.594	     1.048
03/08/2017	11:33:32.6	     0.594	     1.048
03/08/2017	11:33:33.1	     0.594	     1.049
03/08/2017	11:33:33.6	     0.594	     1.047
03/08/2017	11:33:34.1	     0.594	     1.047
03/08/2017	11:33:34.6	     0.594	     1.045
03/08/2017	11:33:35.1	     0.594	     1.044
03/08/2017	11:33:35.6	     0.594	     1.044
03/08/2017	11:33:36.1	     0.594	     1.044
03/08/2017	11:33:36.6	     0.594	     1.044
03/08/2017	11:33:37.1	     0.594	     1.041
03/08/2017	11:33:37.6	     0.594	     1.041
03/08/2017	11:33:38.1	     0.594	     1.041
03/08/2017	11:33:38.6	     0.594	     1.041
03/08/2017	11:33:39.1	     0.594	     1.040
03/08/2017	11:33:39.6	     0.594	     1.041
03/08/2017	11:33:40.1	     0.594	     1.040
03/08/2017	11:33:40.6	     0.594	     1.040
03/08/2017	11:33:41.1	     0.594	     1.037
03/08/2017	11:33:41.6	     0.594	     1.037
03/08/2017	11:33:42.1	     0.594	     1.038
03/08/2017	11:33:42.6	     0.594	     1.038
03/08/2017	11:33:43.1	     0.593	     1.037
03/08/2017	11:33:43.6	     0.593	     1.037
03/08/2017	11:33:44.1	     0.593	     1.034
03/08/2017	11:33:44.6	     0.593	     1.034
03/08/2017	11:33:45.1	     0.593	     1.034
03/08/2017	11:33:45.6	     0.593	     1.034
03/08/2017	11:33:46.1	     0.593	     1.034
03/08/2017	11:33:46.6	     0.593	     1.034
03/08/2017	11:33:47.1	     0.593	     1.034
03/08/2017	11:33:47.6	     0.593	     1.033
03/08/2017	11:33:48.1	     0.593	     1.033
03/08/2017	11:33:48.6	     0.593	     1.033
03/08/2017	11:33:49.1	     0.593	     1.033
03/08/2017	11:33:49.6	     0.593	     1.032
03/08/2017	11:33:50.1	     0.593	     1.031
03/08/2017	11:33:50.6	     0.593	     1.031
03/08/2017	11:33:51.1	     0.593	     1.030
03/08/2017	11:33:51.6	     0.593	     1.030
03/08/2017	11:33:52.1	     0.593	     1.030
03/08/2017	11:33:52.6	     0.593	     1.030
03/08/2017	11:33:53.1	     0.593	     1.029
03/08/2017	11:33:53.6	     0.593	     1.029
03/08/2017	11:33:54.1	     0.593	     1.029
03/08/2017	11:33:54.6	     0.593	     1.028
03/08/2017	11:33:55.1	     0.593	     1.027
03/08/2017	11:33:55.6	     0.593	     1.027
03/08/2017	11:33:56.1	     0.592	     1.027
03/08/2017	11:33:56.6	     0.592	     1.024
03/08/2017	11:33:57.1	     0.592	     1.023
03/08/2017	11:33:57.6	     0.592	     1.023
03/08/2017	11:33:58.1	     0.592	     1.023
03/08/2017	11:33:58.6	     0.592	     1.023
03/08/2017	11:33:59.1	     0.592	     1.023
03/08/2017	11:33:59.6	     0.592	     1.023
03/08/2017	11:34:00.1	     0.592	     1.023
03/08/2017	11:34:00.6	     0.592	     1.022
03/08/2017	11:34:01.1	     0.592	     1.022
03/08/2017	11:34:01.6	     0.592	     1.022
03/08/2017	11:34:02.1	     0.592	     1.021
03/08/2017	11:34:02.6	     0.592	     1.021
03/08/2017	11:34:03.1	     0.592	     1.020
03/08/2017	11:34:03.6	     0.592	     1.020
03/08/2017	11:34:04.1	     0.592	     1.020
03/08/2017	11:34:04.6	     0.592	     1.017
03/08/2017	11:34:05.1	     0.592	     1.018
03/08/2017	11:34:05.6	     0.592	     1.018
03/08/2017	11:34:06.1	     0.592	     1.018
03/08/2017	11:34:06.6	     0.592	     1.018
03/08/2017	11:34:07.1	     0.592	     1.017
03/08/2017	11:34:07.6	     0.592	     1.017
03/08/2017	11:34:08.1	     0.592	     1.017
03/08/2017	11:34:08.6	     0.592	     1.017
03/08/2017	11:34:09.1	     0.592	     1.016
03/08/2017	11:34:09.6	     0.592	     1.016
03/08/2017	11:34:10.1	     0.592	     1.015
03/08/2017	11:34:10.6	     0.592	     1.015
03/08/2017	11:34:11.1	     0.592	     1.015
03/08/2017	11:34:11.6	     0.592	     1.014
03/08/2017	11:34:12.1	     0.592	     1.014
03/08/2017	11:34:12.6	     0.592	     1.013
03/08/2017	11:34:13.1	     0.592	     1.013
03/08/2017	11:34:13.6	     0.592	     1.013
03/08/2017	11:34:14.1	     0.592	     1.012
03/08/2017	11:34:14.6	     0.592	     1.012
03/08/2017	11:34:15.1	     0.592	     1.013
03/08/2017	11:34:15.6	     0.592	     1.012
03/08/2017	11:34:16.1	     0.592	     1.012
03/08/2017	11:34:16.6	     0.593	     1.011
03/08/2017	11:34:17.1	     0.592	     1.010
03/08/2017	11:34:17.6	     0.592	     1.009
03/08/2017	11:34:18.1	     0.592	     1.008
03/08/2017	11:34:18.6	     0.592	     1.009
03/08/2017	11:34:19.1	     0.593	     1.009
03/08/2017	11:34:19.6	     0.593	     1.008
03/08/2017	11:34:20.1	     0.593	     1.008
03/08/2017	11:34:20.6	     0.593	     1.008
03/08/2017	11:34:21.1	     0.593	     1.007
03/08/2017	11:34:21.6	     0.592	     1.007
03/08/2017	11:34:22.1	     0.592	     1.007
03/08/2017	11:34:22.6	     0.592	     1.006
03/08/2017	11:34:23.1	     0.592	     1.007
03/08/2017	11:34:23.6	     0.592	     1.006
03/08/2017	11:34:24.1	     0.593	     1.006
03/08/2017	11:34:24.6	     0.593	     1.006
03/08/2017	11:34:25.1	     0.593	     1.005
03/08/2017	11:34:25.6	     0.593	     1.006
03/08/2017	11:34:26.1	     0.593	     1.005
03/08/2017	11:34:26.6	     0.593	     1.005
03/08/2017	11:34:27.1	     0.593	     1.005
03/08/2017	11:34:27.6	     0.593	     1.005
03/08/2017	11:34:28.1	     0.593	     1.004
03/08/2017	11:34:28.6	     0.593	     1.003
03/08/2017	11:34:29.1	     0.593	     1.001
03/08/2017	11:34:29.6	     0.593	     1.002
03/08/2017	11:34:30.1	     0.592	     1.003
03/08/2017	11:34:30.6	     0.592	     1.003
03/08/2017	11:34:31.1	     0.592	     1.001
03/08/2017	11:34:31.6	     0.592	     1.000
03/08/2017	11:34:32.1	     0.592	     1.000
03/08/2017	11:34:32.6	     0.592	     1.001
03/08/2017	11:34:33.1	     0.592	     1.001
03/08/2017	11:34:33.6	     0.592	     0.999
03/08/2017	11:34:34.1	     0.592	     0.998
03/08/2017	11:34:34.6	     0.592	     0.998
03/08/2017	11:34:35.1	     0.592	     0.998
03/08/2017	11:34:35.6	     0.592	     0.998
03/08/2017	11:34:36.1	     0.592	     0.997
03/08/2017	11:34:36.6	     0.592	     0.997
03/08/2017	11:34:37.1	     0.593	     0.996
03/08/2017	11:34:37.6	     0.593	     0.996
03/08/2017	11:34:38.1	     0.593	     0.996
03/08/2017	11:34:38.6	     0.593	     0.997
03/08/2017	11:34:39.1	     0.593	     0.996
03/08/2017	11:34:39.6	     0.593	     0.996
03/08/2017	11:34:40.1	     0.593	     0.996
03/08/2017	11:34:40.6	     0.593	     0.996
03/08/2017	11:34:41.1	     0.593	     0.995
03/08/2017	11:34:41.6	     0.593	     0.995
03/08/2017	11:34:42.1	     0.593	     0.995
03/08/2017	11:34:42.6	     0.593	     0.995
03/08/2017	11:34:43.1	     0.593	     0.994
03/08/2017	11:34:43.6	     0.593	     0.994
03/08/2017	11:34:44.1	     0.593	     0.994
03/08/2017	11:34:44.6	     0.593	     0.994
03/08/2017	11:34:45.1	     0.593	     0.993
03/08/2017	11:34:45.6	     0.593	     0.993
03/08/2017	11:34:46.1	     0.593	     0.992
03/08/2017	11:34:46.6	     0.593	     0.992
03/08/2017	11:34:47.1	     0.593	     0.992
03/08/2017	11:34:47.6	     0.593	     0.991
03/08/2017	11:34:48.1	     0.593	     0.992
03/08/2017	11:34:48.6	     0.593	     0.990
03/08/2017	11:34:49.1	     0.593	     0.990
03/08/2017	11:34:49.6	     0.593	     0.988
03/08/2017	11:34:50.1	     0.593	     0.989
03/08/2017	11:34:50.6	     0.593	     0.989
03/08/2017	11:34:51.1	     0.593	     0.989
03/08/2017	11:34:51.6	     0.593	     0.989
03/08/2017	11:34:52.1	     0.593	     0.989
03/08/2017	11:34:52.6	     0.593	     0.990
03/08/2017	11:34:53.1	     0.593	     0.989
03/08/2017	11:34:53.6	     0.593	     0.989
03/08/2017	11:34:54.1	     0.593	     0.989
03/08/2017	11:34:54.6	     0.593	     0.989
03/08/2017	11:34:55.1	     0.593	     0.989
03/08/2017	11:34:55.6	     0.593	     0.989
03/08/2017	11:34:56.1	     0.593	     0.986
03/08/2017	11:34:56.6	     0.593	     0.985
03/08/2017	11:34:57.1	     0.593	     0.986
03/08/2017	11:34:57.6	     0.593	     0.986
03/08/2017	11:34:58.1	     0.593	     0.986
03/08/2017	11:34:58.6	     0.593	     0.986
03/08/2017	11:34:59.1	     0.593	     0.986
03/08/2017	11:34:59.6	     0.593	     0.986
03/08/2017	11:35:00.1	     0.593	     0.985
03/08/2017	11:35:00.6	     0.593	     0.985
03/08/2017	11:35:01.1	     0.593	     0.986
03/08/2017	11:35:01.6	     0.593	     0.983
03/08/2017	11:35:02.1	     0.593	     0.982
03/08/2017	11:35:02.6	     0.593	     0.983
03/08/2017	11:35:03.1	     0.593	     0.984
03/08/2017	11:35:03.6	     0.593	     0.982
03/08/2017	11:35:04.1	     0.593	     0.983
03/08/2017	11:35:04.6	     0.593	     0.981
03/08/2017	11:35:05.1	     0.593	     0.981
03/08/2017	11:35:05.6	     0.593	     0.981
03/08/2017	11:35:06.1	     0.593	     0.982
03/08/2017	11:35:06.6	     0.593	     0.982
03/08/2017	11:35:07.1	     0.593	     0.981
03/08/2017	11:35:07.6	     0.593	     0.981
03/08/2017	11:35:08.1	     0.593	     0.981
03/08/2017	11:35:08.6	     0.593	     0.981
03/08/2017	11:35:09.1	     0.593	     0.980
03/08/2017	11:35:09.6	     0.593	     0.981
03/08/2017	11:35:10.1	     0.593	     0.981
03/08/2017	11:35:10.6	     0.593	     0.980
03/08/2017	11:35:11.1	     0.594	     0.980
03/08/2017	11:35:11.6	     0.594	     0.979
03/08/2017	11:35:12.1	     0.594	     0.977
03/08/2017	11:35:12.6	     0.594	     0.978
03/08/2017	11:35:13.1	     0.594	     0.978
03/08/2017	11:35:13.6	     0.594	     0.979
03/08/2017	11:35:14.1	     0.594	     0.979
03/08/2017	11:35:14.6	     0.594	     0.978
03/08/2017	11:35:15.1	     0.594	     0.977
03/08/2017	11:35:15.6	     0.594	     0.978
03/08/2017	11:35:16.1	     0.594	     0.979
03/08/2017	11:35:16.6	     0.594	     0.979
03/08/2017	11:35:17.1	     0.594	     0.979
03/08/2017	11:35:17.6	     0.594	     0.979
03/08/2017	11:35:18.1	     0.594	     0.978
03/08/2017	11:35:18.6	     0.594	     0.978
03/08/2017	11:35:19.1	     0.594	     0.977
03/08/2017	11:35:19.6	     0.594	     0.977
03/08/2017	11:35:20.1	     0.594	     0.976
03/08/2017	11:35:20.6	     0.594	     0.975
03/08/2017	11:35:21.1	     0.594	     0.977
03/08/2017	11:35:21.6	     0.594	     0.976
03/08/2017	11:35:22.1	     0.594	     0.976
03/08/2017	11:35:22.6	     0.594	     0.977
03/08/2017	11:35:23.1	     0.594	     0.975
03/08/2017	11:35:23.6	     0.594	     0.975
03/08/2017	11:35:24.1	     0.594	     0.974
03/08/2017	11:35:24.6	     0.594	     0.974
03/08/2017	11:35:25.1	     0.593	     0.974
03/08/2017	11:35:25.6	     0.594	     0.974
03/08/2017	11:35:26.1	     0.594	     0.974
03/08/2017	11:35:26.6	     0.594	     0.973
03/08/2017	11:35:27.1	     0.594	     0.973
03/08/2017	11:35:27.6	     0.594	     0.973
03/08/2017	11:35:28.1	     0.594	     0.973
03/08/2017	11:35:28.6	     0.594	     0.973
03/08/2017	11:35:29.1	     0.594	     0.973
03/08/2017	11:35:29.6	     0.594	     0.973
03/08/2017	11:35:30.1	     0.594	     0.972
03/08/2017	11:35:30.6	     0.594	     0.973
03/08/2017	11:35:31.1	     0.594	     0.972
03/08/2017	11:35:31.6	     0.594	     0.973
03/08/2017	11:35:32.1	     0.594	     0.972
03/08/2017	11:35:32.6	     0.594	     0.973
03/08/2017	11:35:33.1	     0.594	     0.972
03/08/2017	11:35:33.6	     0.594	     0.971
03/08/2017	11:35:34.1	     0.594	     0.971
03/08/2017	11:35:34.6	     0.594	     0.972
03/08/2017	11:35:35.1	     0.594	     0.972
03/08/2017	11:35:35.6	     0.594	     0.971
03/08/2017	11:35:36.1	     0.594	     0.971
03/08/2017	11:35:36.6	     0.594	     0.971
03/08/2017	11:35:37.1	     0.594	     0.971
03/08/2017	11:35:37.6	     0.594	     0.972
03/08/2017	11:35:38.1	     0.594	     0.970
03/08/2017	11:35:38.6	     0.594	     0.969
03/08/2017	11:35:39.1	     0.594	     0.970
03/08/2017	11:35:39.6	     0.594	     0.968
03/08/2017	11:35:40.1	     0.594	     0.969
03/08/2017	11:35:40.6	     0.594	     0.969
03/08/2017	11:35:41.1	     0.594	     0.969
03/08/2017	11:35:41.6	     0.594	     0.966
03/08/2017	11:35:42.1	     0.594	     0.967
03/08/2017	11:35:42.6	     0.594	     0.967
03/08/2017	11:35:43.1	     0.594	     0.967
03/08/2017	11:35:43.6	     0.594	     0.967
03/08/2017	11:35:44.1	     0.594	     0.968
03/08/2017	11:35:44.6	     0.594	     0.968
03/08/2017	11:35:45.1	     0.594	     0.968
03/08/2017	11:35:45.6	     0.594	     0.967
03/08/2017	11:35:46.1	     0.594	     0.967
03/08/2017	11:35:46.6	     0.594	     0.967
03/08/2017	11:35:47.1	     0.594	     0.967
03/08/2017	11:35:47.6	     0.594	     0.966
03/08/2017	11:35:48.1	     0.594	     0.966
03/08/2017	11:35:48.6	     0.594	     0.967
03/08/2017	11:35:49.1	     0.594	     0.965
03/08/2017	11:35:49.6	     0.594	     0.965
03/08/2017	11:35:50.1	     0.594	     0.965
03/08/2017	11:35:50.6	     0.594	     0.964
03/08/2017	11:35:51.1	     0.594	     0.965
03/08/2017	11:35:51.6	     0.594	     0.966
03/08/2017	11:35:52.1	     0.594	     0.965
03/08/2017	11:35:52.6	     0.594	     0.965
03/08/2017	11:35:53.1	     0.594	     0.965
03/08/2017	11:35:53.6	     0.594	     0.964
03/08/2017	11:35:54.1	     0.594	     0.964
03/08/2017	11:35:54.6	     0.594	     0.964
03/08/2017	11:35:55.1	     0.594	     0.965
03/08/2017	11:35:55.6	     0.594	     0.964
03/08/2017	11:35:56.1	     0.594	     0.965
03/08/2017	11:35:56.6	     0.594	     0.965
03/08/2017	11:35:57.1	     0.594	     0.964
03/08/2017	11:35:57.6	     0.594	     0.964
03/08/2017	11:35:58.1	     0.594	     0.965
03/08/2017	11:35:58.6	     0.594	     0.966
03/08/2017	11:35:59.1	     0.594	     0.965
03/08/2017	11:35:59.6	     0.594	     0.964
03/08/2017	11:36:00.1	     0.594	     0.963
03/08/2017	11:36:00.6	     0.594	     0.964
03/08/2017	11:36:01.1	     0.594	     0.963
03/08/2017	11:36:01.6	     0.594	     0.963
03/08/2017	11:36:02.1	     0.594	     0.965
03/08/2017	11:36:02.6	     0.594	     0.965
03/08/2017	11:36:03.1	     0.594	     0.964
03/08/2017	11:36:03.6	     0.595	     0.964
03/08/2017	11:36:04.1	     0.595	     0.963
03/08/2017	11:36:04.6	     0.595	     0.963
03/08/2017	11:36:05.1	     0.595	     0.962
03/08/2017	11:36:05.6	     0.595	     0.963
03/08/2017	11:36:06.1	     0.595	     0.962
03/08/2017	11:36:06.6	     0.595	     0.961
03/08/2017	11:36:07.1	     0.595	     0.961
03/08/2017	11:36:07.6	     0.595	     0.961
03/08/2017	11:36:08.1	     0.595	     0.962
03/08/2017	11:36:08.6	     0.595	     0.961
03/08/2017	11:36:09.1	     0.595	     0.960
03/08/2017	11:36:09.6	     0.595	     0.960
03/08/2017	11:36:10.1	     0.595	     0.961
03/08/2017	11:36:10.6	     0.595	     0.960
03/08/2017	11:36:11.1	     0.594	     0.961
03/08/2017	11:36:11.6	     0.594	     0.961
03/08/2017	11:36:12.1	     0.595	     0.960
03/08/2017	11:36:12.6	     0.595	     0.960
03/08/2017	11:36:13.1	     0.595	     0.958
03/08/2017	11:36:13.6	     0.595	     0.959
03/08/2017	11:36:14.1	     0.595	     0.958
03/08/2017	11:36:14.6	     0.595	     0.957
03/08/2017	11:36:15.1	     0.595	     0.958
03/08/2017	11:36:15.6	     0.595	     0.959
03/08/2017	11:36:16.1	     0.595	     0.958
03/08/2017	11:36:16.6	     0.595	     0.958
03/08/2017	11:36:17.1	     0.595	     0.958
03/08/2017	11:36:17.6	     0.595	     0.958
03/08/2017	11:36:18.1	     0.595	     0.958
03/08/2017	11:36:18.6	     0.595	     0.958
03/08/2017	11:36:19.1	     0.595	     0.957
03/08/2017	11:36:19.6	     0.595	     0.957
03/08/2017	11:36:20.1	     0.595	     0.955
03/08/2017	11:36:20.6	     0.595	     0.955
03/08/2017	11:36:21.1	     0.595	     0.955
03/08/2017	11:36:21.6	     0.595	     0.956
03/08/2017	11:36:22.1	     0.595	     0.956
03/08/2017	11:36:22.6	     0.595	     0.956
03/08/2017	11:36:23.1	     0.595	     0.955
03/08/2017	11:36:23.6	     0.595	     0.957
03/08/2017	11:36:24.1	     0.595	     0.956
03/08/2017	11:36:24.6	     0.595	     0.956
03/08/2017	11:36:25.1	     0.595	     0.955
03/08/2017	11:36:25.6	     0.595	     0.955
03/08/2017	11:36:26.1	     0.595	     0.954
03/08/2017	11:36:26.6	     0.595	     0.955
03/08/2017	11:36:27.1	     0.595	     0.955
03/08/2017	11:36:27.6	     0.595	     0.955
03/08/2017	11:36:28.1	     0.595	     0.955
03/08/2017	11:36:28.6	     0.595	     0.955
03/08/2017	11:36:29.1	     0.595	     0.955
03/08/2017	11:36:29.6	     0.595	     0.955
03/08/2017	11:36:30.1	     0.595	     0.955
03/08/2017	11:36:30.6	     0.595	     0.954
03/08/2017	11:36:31.1	     0.595	     0.954
03/08/2017	11:36:31.6	     0.595	     0.954
03/08/2017	11:36:32.1	     0.595	     0.953
03/08/2017	11:36:32.6	     0.595	     0.953
03/08/2017	11:36:33.1	     0.595	     0.952
03/08/2017	11:36:33.6	     0.595	     0.953
03/08/2017	11:36:34.1	     0.595	     0.953
03/08/2017	11:36:34.6	     0.595	     0.954
03/08/2017	11:36:35.1	     0.595	     0.954
03/08/2017	11:36:35.6	     0.595	     0.954
03/08/2017	11:36:36.1	     0.595	     0.953
03/08/2017	11:36:36.6	     0.595	     0.952
03/08/2017	11:36:37.1	     0.595	     0.952
03/08/2017	11:36:37.6	     0.595	     0.953
03/08/2017	11:36:38.1	     0.595	     0.953
03/08/2017	11:36:38.6	     0.595	     0.952
03/08/2017	11:36:39.1	     0.595	     0.950
03/08/2017	11:36:39.6	     0.595	     0.951
03/08/2017	11:36:40.1	     0.595	     0.951
03/08/2017	11:36:40.6	     0.595	     0.952
03/08/2017	11:36:41.1	     0.595	     0.952
03/08/2017	11:36:41.6	     0.595	     0.952
03/08/2017	11:36:42.1	     0.595	     0.952
03/08/2017	11:36:42.6	     0.595	     0.951
03/08/2017	11:36:43.1	     0.595	     0.951
03/08/2017	11:36:43.6	     0.595	     0.951
03/08/2017	11:36:44.1	     0.595	     0.951
03/08/2017	11:36:44.6	     0.595	     0.951
03/08/2017	11:36:45.1	     0.595	     0.951
03/08/2017	11:36:45.6	     0.595	     0.952
03/08/2017	11:36:46.1	     0.595	     0.951
03/08/2017	11:36:46.6	     0.595	     0.950
03/08/2017	11:36:47.1	     0.595	     0.951
03/08/2017	11:36:47.6	     0.595	     0.952
03/08/2017	11:36:48.1	     0.595	     0.952
03/08/2017	11:36:48.6	     0.595	     0.950
03/08/2017	11:36:49.1	     0.595	     0.949
03/08/2017	11:36:49.6	     0.595	     0.949
03/08/2017	11:36:50.1	     0.595	     0.949
03/08/2017	11:36:50.6	     0.595	     0.948
03/08/2017	11:36:51.1	     0.595	     0.948
03/08/2017	11:36:51.6	     0.595	     0.949
03/08/2017	11:36:52.1	     0.595	     0.948
03/08/2017	11:36:52.6	     0.595	     0.948
03/08/2017	11:36:53.1	     0.595	     0.946
03/08/2017	11:36:53.6	     0.595	     0.948
03/08/2017	11:36:54.1	     0.595	     0.948
03/08/2017	11:36:54.6	     0.595	     0.949
03/08/2017	11:36:55.1	     0.595	     0.949
03/08/2017	11:36:55.6	     0.595	     0.949
03/08/2017	11:36:56.1	     0.595	     0.949
03/08/2017	11:36:56.6	     0.595	     0.948
03/08/2017	11:36:57.1	     0.595	     0.948
03/08/2017	11:36:57.6	     0.595	     0.948
03/08/2017	11:36:58.1	     0.595	     0.947
03/08/2017	11:36:58.6	     0.595	     0.948
03/08/2017	11:36:59.1	     0.595	     0.948
03/08/2017	11:36:59.6	     0.595	     0.948
03/08/2017	11:37:00.1	     0.595	     0.948
03/08/2017	11:37:00.6	     0.595	     0.946
03/08/2017	11:37:01.1	     0.595	     0.948
03/08/2017	11:37:01.6	     0.595	     0.949
03/08/2017	11:37:02.1	     0.595	     0.948
03/08/2017	11:37:02.6	     0.595	     0.949
03/08/2017	11:37:03.1	     0.595	     0.949
03/08/2017	11:37:03.6	     0.595	     0.949
03/08/2017	11:37:04.1	     0.595	     0.949
03/08/2017	11:37:04.6	     0.595	     0.948
03/08/2017	11:37:05.1	     0.595	     0.947
03/08/2017	11:37:05.6	     0.595	     0.948
03/08/2017	11:37:06.1	     0.595	     0.947
03/08/2017	11:37:06.6	     0.595	     0.947
03/08/2017	11:37:07.1	     0.595	     0.948
03/08/2017	11:37:07.6	     0.595	     0.948
03/08/2017	11:37:08.1	     0.595	     0.947
03/08/2017	11:37:08.6	     0.595	     0.948
03/08/2017	11:37:09.1	     0.595	     0.948
03/08/2017	11:37:09.6	     0.595	     0.947
03/08/2017	11:37:10.1	     0.595	     0.947
03/08/2017	11:37:10.6	     0.595	     0.947
03/08/2017	11:37:11.1	     0.595	     0.947
03/08/2017	11:37:11.6	     0.595	     0.947
03/08/2017	11:37:12.1	     0.595	     0.947
03/08/2017	11:37:12.6	     0.595	     0.946
03/08/2017	11:37:13.1	     0.595	     0.946
03/08/2017	11:37:13.6	     0.595	     0.947
03/08/2017	11:37:14.1	     0.595	     0.947
03/08/2017	11:37:14.6	     0.595	     0.947
03/08/2017	11:37:15.1	     0.595	     0.947
03/08/2017	11:37:15.6	     0.595	     0.948
03/08/2017	11:37:16.1	     0.595	     0.946
03/08/2017	11:37:16.6	     0.595	     0.945
03/08/2017	11:37:17.1	     0.595	     0.944
03/08/2017	11:37:17.6	     0.595	     0.944
03/08/2017	11:37:18.1	     0.595	     0.946
03/08/2017	11:37:18.6	     0.595	     0.946
03/08/2017	11:37:19.1	     0.595	     0.944
03/08/2017	11:37:19.6	     0.595	     0.945
03/08/2017	11:37:20.1	     0.595	     0.945
03/08/2017	11:37:20.6	     0.595	     0.945
03/08/2017	11:37:21.1	     0.595	     0.945
03/08/2017	11:37:21.6	     0.595	     0.945
03/08/2017	11:37:22.1	     0.595	     0.945
03/08/2017	11:37:22.6	     0.595	     0.945
03/08/2017	11:37:23.1	     0.595	     0.946
03/08/2017	11:37:23.6	     0.595	     0.945
03/08/2017	11:37:24.1	     0.595	     0.946
03/08/2017	11:37:24.6	     0.595	     0.946
03/08/2017	11:37:25.1	     0.595	     0.945
03/08/2017	11:37:25.6	     0.595	     0.946
03/08/2017	11:37:26.1	     0.595	     0.945
03/08/2017	11:37:26.6	     0.595	     0.944
03/08/2017	11:37:27.1	     0.595	     0.945
03/08/2017	11:37:27.6	     0.595	     0.943
03/08/2017	11:37:28.1	     0.595	     0.944
03/08/2017	11:37:28.6	     0.595	     0.945
03/08/2017	11:37:29.1	     0.595	     0.945
03/08/2017	11:37:29.6	     0.595	     0.944
03/08/2017	11:37:30.1	     0.595	     0.944
03/08/2017	11:37:30.6	     0.595	     0.942
03/08/2017	11:37:31.1	     0.595	     0.942
03/08/2017	11:37:31.6	     0.595	     0.943
03/08/2017	11:37:32.1	     0.595	     0.942
03/08/2017	11:37:32.6	     0.595	     0.943
03/08/2017	11:37:33.1	     0.595	     0.942
03/08/2017	11:37:33.6	     0.595	     0.942
03/08/2017	11:37:34.1	     0.595	     0.941
03/08/2017	11:37:34.6	     0.595	     0.942
03/08/2017	11:37:35.1	     0.595	     0.943
03/08/2017	11:37:35.6	     0.595	     0.944
03/08/2017	11:37:36.1	     0.595	     0.944
03/08/2017	11:37:36.6	     0.595	     0.943
03/08/2017	11:37:37.1	     0.595	     0.943
03/08/2017	11:37:37.6	     0.595	     0.944
03/08/2017	11:37:38.1	     0.595	     0.944
03/08/2017	11:37:38.6	     0.595	     0.943
03/08/2017	11:37:39.1	     0.595	     0.943
03/08/2017	11:37:39.6	     0.595	     0.942
03/08/2017	11:37:40.1	     0.595	     0.942
03/08/2017	11:37:40.6	     0.595	     0.942
03/08/2017	11:37:41.1	     0.595	     0.943
03/08/2017	11:37:41.6	     0.595	     0.943
03/08/2017	11:37:42.1	     0.595	     0.943
03/08/2017	11:37:42.6	     0.595	     0.943
03/08/2017	11:37:43.1	     0.595	     0.942
03/08/2017	11:37:43.6	     0.595	     0.942
03/08/2017	11:37:44.1	     0.595	     0.942
03/08/2017	11:37:44.6	     0.595	     0.941
03/08/2017	11:37:45.1	     0.595	     0.941
03/08/2017	11:37:45.6	     0.595	     0.941
03/08/2017	11:37:46.1	     0.595	     0.942
03/08/2017	11:37:46.6	     0.595	     0.942
03/08/2017	11:37:47.1	     0.595	     0.943
03/08/2017	11:37:47.6	     0.595	     0.943
03/08/2017	11:37:48.1	     0.595	     0.942
03/08/2017	11:37:48.6	     0.595	     0.941
03/08/2017	11:37:49.1	     0.595	     0.941
03/08/2017	11:37:49.6	     0.595	     0.940
03/08/2017	11:37:50.1	     0.595	     0.942
03/08/2017	11:37:50.6	     0.595	     0.941
03/08/2017	11:37:51.1	     0.595	     0.941
03/08/2017	11:37:51.6	     0.595	     0.940
03/08/2017	11:37:52.1	     0.596	     0.939
03/08/2017	11:37:52.6	     0.595	     0.940
03/08/2017	11:37:53.1	     0.596	     0.941
03/08/2017	11:37:53.6	     0.596	     0.940
03/08/2017	11:37:54.1	     0.596	     0.939
03/08/2017	11:37:54.6	     0.596	     0.941
03/08/2017	11:37:55.1	     0.596	     0.941
03/08/2017	11:37:55.6	     0.596	     0.940
03/08/2017	11:37:56.1	     0.596	     0.940
03/08/2017	11:37:56.6	     0.596	     0.940
03/08/2017	11:37:57.1	     0.596	     0.941
03/08/2017	11:37:57.6	     0.596	     0.941
03/08/2017	11:37:58.1	     0.596	     0.941
03/08/2017	11:37:58.6	     0.595	     0.941
03/08/2017	11:37:59.1	     0.594	     0.941
03/08/2017	11:37:59.6	     0.594	     0.941
03/08/2017	11:38:00.1	     0.594	     0.941
03/08/2017	11:38:00.6	     0.594	     0.939
03/08/2017	11:38:01.1	     0.595	     0.940
03/08/2017	11:38:01.6	     0.595	     0.939
03/08/2017	11:38:02.1	     0.595	     0.941
03/08/2017	11:38:02.6	     0.595	     0.941
03/08/2017	11:38:03.1	     0.595	     0.941
03/08/2017	11:38:03.6	     0.595	     0.941
03/08/2017	11:38:04.1	     0.594	     0.940
03/08/2017	11:38:04.6	     0.594	     0.939
03/08/2017	11:38:05.1	     0.595	     0.940
03/08/2017	11:38:05.6	     0.595	     0.940
03/08/2017	11:38:06.1	     0.595	     0.939
03/08/2017	11:38:06.6	     0.595	     0.940
03/08/2017	11:38:07.1	     0.595	     0.939
03/08/2017	11:38:07.6	     0.595	     0.939
03/08/2017	11:38:08.1	     0.595	     0.936
03/08/2017	11:38:08.6	     0.595	     0.940
03/08/2017	11:38:09.1	     0.595	     0.937
03/08/2017	11:38:09.6	     0.595	     0.938
03/08/2017	11:38:10.1	     0.595	     0.939
END DATA