VIRTUALBENCH-LOGGER 2.5 REPORT
NATIONAL INSTRUMENTS
DATE CREATED	12:30:32	03/08/2017

USER	


START COMMENT


END COMMENT

START DATA
Date	Time	AMPS(V)	PYRO(V)
03/08/2017	12:30:49.1	     0.598	     0.984
03/08/2017	12:30:49.6	     0.598	     0.996
03/08/2017	12:30:50.1	     0.598	     0.996
03/08/2017	12:30:50.6	     0.598	     0.995
03/08/2017	12:30:51.1	     0.597	     0.996
03/08/2017	12:30:51.6	     0.597	     0.996
03/08/2017	12:30:52.1	     0.597	     0.996
03/08/2017	12:30:52.6	     0.597	     0.996
03/08/2017	12:30:53.1	     0.597	     0.996
03/08/2017	12:30:53.6	     0.597	     0.996
03/08/2017	12:30:54.1	     0.597	     0.996
03/08/2017	12:30:54.6	     0.597	     0.996
03/08/2017	12:30:55.1	     0.597	     0.995
03/08/2017	12:30:55.6	     0.597	     0.993
03/08/2017	12:30:56.1	     0.597	     0.992
03/08/2017	12:30:56.6	     0.597	     0.993
03/08/2017	12:30:57.1	     0.597	     0.992
03/08/2017	12:30:57.6	     0.597	     0.993
03/08/2017	12:30:58.1	     0.598	     0.994
03/08/2017	12:30:58.6	     0.598	     0.994
03/08/2017	12:30:59.1	     0.598	     0.994
03/08/2017	12:30:59.6	     0.598	     0.993
03/08/2017	12:31:00.1	     0.598	     0.949
03/08/2017	12:31:00.6	     0.598	     0.817
03/08/2017	12:31:01.1	     0.598	     0.651
03/08/2017	12:31:01.6	     0.598	     0.642
03/08/2017	12:31:02.1	     0.598	     0.627
03/08/2017	12:31:02.6	     0.598	     0.619
03/08/2017	12:31:03.1	     0.598	     0.725
03/08/2017	12:31:03.6	     0.598	     0.734
03/08/2017	12:31:04.1	     0.598	     0.736
03/08/2017	12:31:04.6	     0.598	     0.741
03/08/2017	12:31:05.1	     0.598	     0.753
03/08/2017	12:31:05.6	     0.598	     0.778
03/08/2017	12:31:06.1	     0.598	     0.765
03/08/2017	12:31:06.6	     0.598	     0.789
03/08/2017	12:31:07.1	     0.598	     0.791
03/08/2017	12:31:07.6	     0.598	     0.818
03/08/2017	12:31:08.1	     0.598	     0.847
03/08/2017	12:31:08.6	     0.598	     0.838
03/08/2017	12:31:09.1	     0.598	     0.837
03/08/2017	12:31:09.6	     0.598	     0.838
03/08/2017	12:31:10.1	     0.598	     0.836
03/08/2017	12:31:10.6	     0.598	     0.843
03/08/2017	12:31:11.1	     0.598	     0.860
03/08/2017	12:31:11.6	     0.598	     0.876
03/08/2017	12:31:12.1	     0.598	     0.870
03/08/2017	12:31:12.6	     0.598	     0.835
03/08/2017	12:31:13.1	     0.598	     0.844
03/08/2017	12:31:13.6	     0.598	     0.848
03/08/2017	12:31:14.1	     0.598	     0.827
03/08/2017	12:31:14.6	     0.598	     0.835
03/08/2017	12:31:15.1	     0.598	     0.842
03/08/2017	12:31:15.6	     0.598	     0.822
03/08/2017	12:31:16.1	     0.598	     0.824
03/08/2017	12:31:16.6	     0.598	     0.879
03/08/2017	12:31:17.1	     0.598	     0.878
03/08/2017	12:31:17.6	     0.598	     0.883
03/08/2017	12:31:18.1	     0.598	     0.889
03/08/2017	12:31:18.6	     0.598	     0.894
03/08/2017	12:31:19.1	     0.598	     0.871
03/08/2017	12:31:19.6	     0.598	     0.892
03/08/2017	12:31:20.1	     0.598	     0.903
03/08/2017	12:31:20.6	     0.598	     0.900
03/08/2017	12:31:21.1	     0.598	     0.916
03/08/2017	12:31:21.6	     0.598	     0.930
03/08/2017	12:31:22.1	     0.598	     0.930
03/08/2017	12:31:22.6	     0.598	     0.934
03/08/2017	12:31:23.1	     0.598	     0.944
03/08/2017	12:31:23.6	     0.598	     0.948
03/08/2017	12:31:24.1	     0.598	     0.956
03/08/2017	12:31:24.6	     0.598	     0.964
03/08/2017	12:31:25.1	     0.598	     0.971
03/08/2017	12:31:25.6	     0.598	     0.976
03/08/2017	12:31:26.1	     0.598	     0.981
03/08/2017	12:31:26.6	     0.598	     0.993
03/08/2017	12:31:27.1	     0.598	     1.002
03/08/2017	12:31:27.6	     0.598	     1.009
03/08/2017	12:31:28.1	     0.598	     1.023
03/08/2017	12:31:28.6	     0.598	     1.030
03/08/2017	12:31:29.1	     0.598	     1.040
03/08/2017	12:31:29.6	     0.598	     1.044
03/08/2017	12:31:30.1	     0.598	     1.050
03/08/2017	12:31:30.6	     0.598	     1.055
03/08/2017	12:31:31.1	     0.598	     1.065
03/08/2017	12:31:31.6	     0.598	     1.087
03/08/2017	12:31:32.1	     0.598	     1.079
03/08/2017	12:31:32.6	     0.598	     1.085
03/08/2017	12:31:33.1	     0.598	     1.103
03/08/2017	12:31:33.6	     0.598	     1.083
03/08/2017	12:31:34.1	     0.598	     1.071
03/08/2017	12:31:34.6	     0.598	     1.060
03/08/2017	12:31:35.1	     0.598	     1.060
03/08/2017	12:31:35.6	     0.597	     1.083
03/08/2017	12:31:36.1	     0.597	     1.068
03/08/2017	12:31:36.6	     0.597	     1.081
03/08/2017	12:31:37.1	     0.597	     1.096
03/08/2017	12:31:37.6	     0.598	     1.117
03/08/2017	12:31:38.1	     0.597	     1.123
03/08/2017	12:31:38.6	     0.598	     1.128
03/08/2017	12:31:39.1	     0.598	     1.127
03/08/2017	12:31:39.6	     0.597	     1.130
03/08/2017	12:31:40.1	     0.598	     1.130
03/08/2017	12:31:40.6	     0.598	     1.130
03/08/2017	12:31:41.1	     0.598	     1.130
03/08/2017	12:31:41.6	     0.598	     1.130
03/08/2017	12:31:42.1	     0.597	     1.130
03/08/2017	12:31:42.6	     0.598	     1.131
03/08/2017	12:31:43.1	     0.598	     1.134
03/08/2017	12:31:43.6	     0.598	     1.134
03/08/2017	12:31:44.1	     0.598	     1.137
03/08/2017	12:31:44.6	     0.598	     1.138
03/08/2017	12:31:45.1	     0.598	     1.137
03/08/2017	12:31:45.6	     0.598	     1.139
03/08/2017	12:31:46.1	     0.598	     1.140
03/08/2017	12:31:46.6	     0.598	     1.141
03/08/2017	12:31:47.1	     0.597	     1.141
03/08/2017	12:31:47.6	     0.597	     1.143
03/08/2017	12:31:48.1	     0.597	     1.145
03/08/2017	12:31:48.6	     0.597	     1.146
03/08/2017	12:31:49.1	     0.597	     1.146
03/08/2017	12:31:49.6	     0.597	     1.147
03/08/2017	12:31:50.1	     0.597	     1.148
03/08/2017	12:31:50.6	     0.597	     1.149
03/08/2017	12:31:51.1	     0.597	     1.150
03/08/2017	12:31:51.6	     0.597	     1.153
03/08/2017	12:31:52.1	     0.597	     1.150
03/08/2017	12:31:52.6	     0.597	     1.152
03/08/2017	12:31:53.1	     0.597	     1.152
03/08/2017	12:31:53.6	     0.597	     1.155
03/08/2017	12:31:54.1	     0.597	     1.155
03/08/2017	12:31:54.6	     0.597	     1.156
03/08/2017	12:31:55.1	     0.597	     1.156
03/08/2017	12:31:55.6	     0.597	     1.156
03/08/2017	12:31:56.1	     0.597	     1.157
03/08/2017	12:31:56.6	     0.597	     1.159
03/08/2017	12:31:57.1	     0.597	     1.158
03/08/2017	12:31:57.6	     0.597	     1.158
03/08/2017	12:31:58.1	     0.598	     1.159
03/08/2017	12:31:58.6	     0.598	     1.159
03/08/2017	12:31:59.1	     0.598	     1.159
03/08/2017	12:31:59.6	     0.598	     1.160
03/08/2017	12:32:00.1	     0.598	     1.160
03/08/2017	12:32:00.6	     0.598	     1.161
03/08/2017	12:32:01.1	     0.598	     1.159
03/08/2017	12:32:01.6	     0.598	     1.159
03/08/2017	12:32:02.1	     0.598	     1.157
03/08/2017	12:32:02.6	     0.598	     1.158
03/08/2017	12:32:03.1	     0.598	     1.158
03/08/2017	12:32:03.6	     0.598	     1.158
03/08/2017	12:32:04.1	     0.598	     1.157
03/08/2017	12:32:04.6	     0.598	     1.157
03/08/2017	12:32:05.1	     0.598	     1.155
03/08/2017	12:32:05.6	     0.598	     1.152
03/08/2017	12:32:06.1	     0.598	     1.153
03/08/2017	12:32:06.6	     0.598	     1.152
03/08/2017	12:32:07.1	     0.598	     1.154
03/08/2017	12:32:07.6	     0.598	     1.154
03/08/2017	12:32:08.1	     0.598	     1.154
03/08/2017	12:32:08.6	     0.598	     1.152
03/08/2017	12:32:09.1	     0.598	     1.151
03/08/2017	12:32:09.6	     0.598	     1.152
03/08/2017	12:32:10.1	     0.598	     1.151
03/08/2017	12:32:10.6	     0.598	     1.151
03/08/2017	12:32:11.1	     0.598	     1.149
03/08/2017	12:32:11.6	     0.598	     1.148
03/08/2017	12:32:12.1	     0.598	     1.148
03/08/2017	12:32:12.6	     0.598	     1.148
03/08/2017	12:32:13.1	     0.598	     1.147
03/08/2017	12:32:13.6	     0.598	     1.145
03/08/2017	12:32:14.1	     0.598	     1.144
03/08/2017	12:32:14.6	     0.598	     1.142
03/08/2017	12:32:15.1	     0.598	     1.143
03/08/2017	12:32:15.6	     0.598	     1.143
03/08/2017	12:32:16.1	     0.598	     1.143
03/08/2017	12:32:16.6	     0.598	     1.142
03/08/2017	12:32:17.1	     0.598	     1.141
03/08/2017	12:32:17.6	     0.598	     1.141
03/08/2017	12:32:18.1	     0.598	     1.139
03/08/2017	12:32:18.6	     0.598	     1.138
03/08/2017	12:32:19.1	     0.598	     1.137
03/08/2017	12:32:19.6	     0.598	     1.137
03/08/2017	12:32:20.1	     0.598	     1.136
03/08/2017	12:32:20.6	     0.598	     1.134
03/08/2017	12:32:21.1	     0.598	     1.134
03/08/2017	12:32:21.6	     0.598	     1.133
03/08/2017	12:32:22.1	     0.598	     1.132
03/08/2017	12:32:22.6	     0.598	     1.132
03/08/2017	12:32:23.1	     0.598	     1.131
03/08/2017	12:32:23.6	     0.598	     1.130
03/08/2017	12:32:24.1	     0.598	     1.127
03/08/2017	12:32:24.6	     0.598	     1.127
03/08/2017	12:32:25.1	     0.598	     1.128
03/08/2017	12:32:25.6	     0.598	     1.125
03/08/2017	12:32:26.1	     0.598	     1.126
03/08/2017	12:32:26.6	     0.598	     1.127
03/08/2017	12:32:27.1	     0.598	     1.125
03/08/2017	12:32:27.6	     0.598	     1.123
03/08/2017	12:32:28.1	     0.598	     1.121
03/08/2017	12:32:28.6	     0.598	     1.120
03/08/2017	12:32:29.1	     0.598	     1.120
03/08/2017	12:32:29.6	     0.598	     1.120
03/08/2017	12:32:30.1	     0.598	     1.119
03/08/2017	12:32:30.6	     0.598	     1.119
03/08/2017	12:32:31.1	     0.598	     1.118
03/08/2017	12:32:31.6	     0.598	     1.117
03/08/2017	12:32:32.1	     0.598	     1.117
03/08/2017	12:32:32.6	     0.598	     1.114
03/08/2017	12:32:33.1	     0.598	     1.112
03/08/2017	12:32:33.6	     0.598	     1.113
03/08/2017	12:32:34.1	     0.598	     1.111
03/08/2017	12:32:34.6	     0.598	     1.109
03/08/2017	12:32:35.1	     0.598	     1.107
03/08/2017	12:32:35.6	     0.598	     1.108
03/08/2017	12:32:36.1	     0.598	     1.108
03/08/2017	12:32:36.6	     0.598	     1.107
03/08/2017	12:32:37.1	     0.598	     1.106
03/08/2017	12:32:37.6	     0.598	     1.105
03/08/2017	12:32:38.1	     0.597	     1.106
03/08/2017	12:32:38.6	     0.597	     1.105
03/08/2017	12:32:39.1	     0.597	     1.105
03/08/2017	12:32:39.6	     0.597	     1.104
03/08/2017	12:32:40.1	     0.597	     1.101
03/08/2017	12:32:40.6	     0.597	     1.101
03/08/2017	12:32:41.1	     0.597	     1.102
03/08/2017	12:32:41.6	     0.597	     1.100
03/08/2017	12:32:42.1	     0.597	     1.101
03/08/2017	12:32:42.6	     0.597	     1.099
03/08/2017	12:32:43.1	     0.597	     1.099
03/08/2017	12:32:43.6	     0.597	     1.098
03/08/2017	12:32:44.1	     0.597	     1.096
03/08/2017	12:32:44.6	     0.597	     1.094
03/08/2017	12:32:45.1	     0.597	     1.094
03/08/2017	12:32:45.6	     0.597	     1.094
03/08/2017	12:32:46.1	     0.597	     1.094
03/08/2017	12:32:46.6	     0.597	     1.093
03/08/2017	12:32:47.1	     0.597	     1.090
03/08/2017	12:32:47.6	     0.597	     1.090
03/08/2017	12:32:48.1	     0.597	     1.090
03/08/2017	12:32:48.6	     0.597	     1.090
03/08/2017	12:32:49.1	     0.597	     1.089
03/08/2017	12:32:49.6	     0.597	     1.089
03/08/2017	12:32:50.1	     0.597	     1.089
03/08/2017	12:32:50.6	     0.596	     1.088
03/08/2017	12:32:51.1	     0.596	     1.087
03/08/2017	12:32:51.6	     0.596	     1.086
03/08/2017	12:32:52.1	     0.596	     1.086
03/08/2017	12:32:52.6	     0.596	     1.085
03/08/2017	12:32:53.1	     0.596	     1.085
03/08/2017	12:32:53.6	     0.596	     1.083
03/08/2017	12:32:54.1	     0.596	     1.083
03/08/2017	12:32:54.6	     0.596	     1.082
03/08/2017	12:32:55.1	     0.596	     1.083
03/08/2017	12:32:55.6	     0.596	     1.080
03/08/2017	12:32:56.1	     0.596	     1.080
03/08/2017	12:32:56.6	     0.596	     1.080
03/08/2017	12:32:57.1	     0.596	     1.080
03/08/2017	12:32:57.6	     0.596	     1.080
03/08/2017	12:32:58.1	     0.596	     1.079
03/08/2017	12:32:58.6	     0.596	     1.077
03/08/2017	12:32:59.1	     0.596	     1.077
03/08/2017	12:32:59.6	     0.596	     1.077
03/08/2017	12:33:00.1	     0.596	     1.076
03/08/2017	12:33:00.6	     0.596	     1.076
03/08/2017	12:33:01.1	     0.596	     1.075
03/08/2017	12:33:01.6	     0.596	     1.075
03/08/2017	12:33:02.1	     0.596	     1.075
03/08/2017	12:33:02.6	     0.596	     1.073
03/08/2017	12:33:03.1	     0.596	     1.073
03/08/2017	12:33:03.6	     0.596	     1.072
03/08/2017	12:33:04.1	     0.596	     1.071
03/08/2017	12:33:04.6	     0.596	     1.070
03/08/2017	12:33:05.1	     0.596	     1.069
03/08/2017	12:33:05.6	     0.596	     1.070
03/08/2017	12:33:06.1	     0.596	     1.069
03/08/2017	12:33:06.6	     0.596	     1.066
03/08/2017	12:33:07.1	     0.596	     1.066
03/08/2017	12:33:07.6	     0.596	     1.067
03/08/2017	12:33:08.1	     0.596	     1.066
03/08/2017	12:33:08.6	     0.596	     1.065
03/08/2017	12:33:09.1	     0.596	     1.065
03/08/2017	12:33:09.6	     0.596	     1.065
03/08/2017	12:33:10.1	     0.596	     1.065
03/08/2017	12:33:10.6	     0.596	     1.064
03/08/2017	12:33:11.1	     0.596	     1.064
03/08/2017	12:33:11.6	     0.596	     1.063
03/08/2017	12:33:12.1	     0.595	     1.064
03/08/2017	12:33:12.6	     0.595	     1.063
03/08/2017	12:33:13.1	     0.595	     1.063
03/08/2017	12:33:13.6	     0.595	     1.061
03/08/2017	12:33:14.1	     0.595	     1.059
03/08/2017	12:33:14.6	     0.595	     1.059
03/08/2017	12:33:15.1	     0.595	     1.059
03/08/2017	12:33:15.6	     0.595	     1.059
03/08/2017	12:33:16.1	     0.595	     1.059
03/08/2017	12:33:16.6	     0.595	     1.058
03/08/2017	12:33:17.1	     0.595	     1.059
03/08/2017	12:33:17.6	     0.595	     1.058
03/08/2017	12:33:18.1	     0.595	     1.057
03/08/2017	12:33:18.6	     0.595	     1.056
03/08/2017	12:33:19.1	     0.595	     1.056
03/08/2017	12:33:19.6	     0.595	     1.056
03/08/2017	12:33:20.1	     0.595	     1.053
03/08/2017	12:33:20.6	     0.595	     1.053
03/08/2017	12:33:21.1	     0.595	     1.053
03/08/2017	12:33:21.6	     0.595	     1.052
03/08/2017	12:33:22.1	     0.595	     1.052
03/08/2017	12:33:22.6	     0.595	     1.052
03/08/2017	12:33:23.1	     0.595	     1.052
03/08/2017	12:33:23.6	     0.595	     1.052
03/08/2017	12:33:24.1	     0.595	     1.051
03/08/2017	12:33:24.6	     0.595	     1.051
03/08/2017	12:33:25.1	     0.595	     1.051
03/08/2017	12:33:25.6	     0.595	     1.050
03/08/2017	12:33:26.1	     0.595	     1.050
03/08/2017	12:33:26.6	     0.595	     1.049
03/08/2017	12:33:27.1	     0.595	     1.050
03/08/2017	12:33:27.6	     0.595	     1.049
03/08/2017	12:33:28.1	     0.595	     1.048
03/08/2017	12:33:28.6	     0.595	     1.048
03/08/2017	12:33:29.1	     0.595	     1.048
03/08/2017	12:33:29.6	     0.595	     1.044
03/08/2017	12:33:30.1	     0.595	     1.044
03/08/2017	12:33:30.6	     0.595	     1.044
03/08/2017	12:33:31.1	     0.595	     1.042
03/08/2017	12:33:31.6	     0.595	     1.043
03/08/2017	12:33:32.1	     0.595	     1.042
03/08/2017	12:33:32.6	     0.595	     1.043
03/08/2017	12:33:33.1	     0.595	     1.043
03/08/2017	12:33:33.6	     0.595	     1.043
03/08/2017	12:33:34.1	     0.594	     1.043
03/08/2017	12:33:34.6	     0.594	     1.042
03/08/2017	12:33:35.1	     0.594	     1.041
03/08/2017	12:33:35.6	     0.594	     1.039
03/08/2017	12:33:36.1	     0.594	     1.039
03/08/2017	12:33:36.6	     0.594	     1.039
03/08/2017	12:33:37.1	     0.594	     1.039
03/08/2017	12:33:37.6	     0.594	     1.038
03/08/2017	12:33:38.1	     0.594	     1.039
03/08/2017	12:33:38.6	     0.594	     1.039
03/08/2017	12:33:39.1	     0.594	     1.038
03/08/2017	12:33:39.6	     0.594	     1.037
03/08/2017	12:33:40.1	     0.594	     1.037
03/08/2017	12:33:40.6	     0.594	     1.038
03/08/2017	12:33:41.1	     0.594	     1.037
03/08/2017	12:33:41.6	     0.594	     1.037
03/08/2017	12:33:42.1	     0.594	     1.037
03/08/2017	12:33:42.6	     0.594	     1.036
03/08/2017	12:33:43.1	     0.594	     1.035
03/08/2017	12:33:43.6	     0.593	     1.033
03/08/2017	12:33:44.1	     0.593	     1.033
03/08/2017	12:33:44.6	     0.593	     1.033
03/08/2017	12:33:45.1	     0.593	     1.033
03/08/2017	12:33:45.6	     0.593	     1.033
03/08/2017	12:33:46.1	     0.593	     1.032
03/08/2017	12:33:46.6	     0.593	     1.032
03/08/2017	12:33:47.1	     0.593	     1.032
03/08/2017	12:33:47.6	     0.593	     1.032
03/08/2017	12:33:48.1	     0.593	     1.032
03/08/2017	12:33:48.6	     0.593	     1.032
03/08/2017	12:33:49.1	     0.593	     1.032
03/08/2017	12:33:49.6	     0.593	     1.031
03/08/2017	12:33:50.1	     0.593	     1.030
03/08/2017	12:33:50.6	     0.593	     1.031
03/08/2017	12:33:51.1	     0.593	     1.031
03/08/2017	12:33:51.6	     0.593	     1.031
03/08/2017	12:33:52.1	     0.593	     1.030
03/08/2017	12:33:52.6	     0.593	     1.030
03/08/2017	12:33:53.1	     0.592	     1.029
03/08/2017	12:33:53.6	     0.592	     1.029
03/08/2017	12:33:54.1	     0.592	     1.029
03/08/2017	12:33:54.6	     0.592	     1.027
03/08/2017	12:33:55.1	     0.593	     1.025
03/08/2017	12:33:55.6	     0.593	     1.025
03/08/2017	12:33:56.1	     0.593	     1.026
03/08/2017	12:33:56.6	     0.593	     1.026
03/08/2017	12:33:57.1	     0.593	     1.026
03/08/2017	12:33:57.6	     0.593	     1.026
03/08/2017	12:33:58.1	     0.593	     1.025
03/08/2017	12:33:58.6	     0.593	     1.025
03/08/2017	12:33:59.1	     0.593	     1.024
03/08/2017	12:33:59.6	     0.593	     1.024
03/08/2017	12:34:00.1	     0.593	     1.023
03/08/2017	12:34:00.6	     0.593	     1.021
03/08/2017	12:34:01.1	     0.593	     1.021
03/08/2017	12:34:01.6	     0.593	     1.022
03/08/2017	12:34:02.1	     0.593	     1.021
03/08/2017	12:34:02.6	     0.593	     1.022
03/08/2017	12:34:03.1	     0.593	     1.021
03/08/2017	12:34:03.6	     0.593	     1.021
03/08/2017	12:34:04.1	     0.593	     1.021
03/08/2017	12:34:04.6	     0.593	     1.020
03/08/2017	12:34:05.1	     0.594	     1.019
03/08/2017	12:34:05.6	     0.594	     1.020
03/08/2017	12:34:06.1	     0.594	     1.019
03/08/2017	12:34:06.6	     0.594	     1.017
03/08/2017	12:34:07.1	     0.593	     1.017
03/08/2017	12:34:07.6	     0.593	     1.017
03/08/2017	12:34:08.1	     0.593	     1.017
03/08/2017	12:34:08.6	     0.593	     1.018
03/08/2017	12:34:09.1	     0.593	     1.018
03/08/2017	12:34:09.6	     0.593	     1.017
03/08/2017	12:34:10.1	     0.593	     1.017
03/08/2017	12:34:10.6	     0.593	     1.017
03/08/2017	12:34:11.1	     0.593	     1.017
03/08/2017	12:34:11.6	     0.593	     1.017
03/08/2017	12:34:12.1	     0.593	     1.016
03/08/2017	12:34:12.6	     0.593	     1.016
03/08/2017	12:34:13.1	     0.593	     1.015
03/08/2017	12:34:13.6	     0.593	     1.014
03/08/2017	12:34:14.1	     0.593	     1.015
03/08/2017	12:34:14.6	     0.593	     1.015
03/08/2017	12:34:15.1	     0.593	     1.014
03/08/2017	12:34:15.6	     0.593	     1.013
03/08/2017	12:34:16.1	     0.593	     1.012
03/08/2017	12:34:16.6	     0.593	     1.011
03/08/2017	12:34:17.1	     0.593	     1.011
03/08/2017	12:34:17.6	     0.593	     1.011
03/08/2017	12:34:18.1	     0.593	     1.011
03/08/2017	12:34:18.6	     0.593	     1.011
03/08/2017	12:34:19.1	     0.593	     1.011
03/08/2017	12:34:19.6	     0.593	     1.010
03/08/2017	12:34:20.1	     0.593	     1.011
03/08/2017	12:34:20.6	     0.593	     1.011
03/08/2017	12:34:21.1	     0.593	     1.010
03/08/2017	12:34:21.6	     0.593	     1.010
03/08/2017	12:34:22.1	     0.593	     1.010
03/08/2017	12:34:22.6	     0.593	     1.009
03/08/2017	12:34:23.1	     0.593	     1.008
03/08/2017	12:34:23.6	     0.593	     1.007
03/08/2017	12:34:24.1	     0.593	     1.008
03/08/2017	12:34:24.6	     0.593	     1.008
03/08/2017	12:34:25.1	     0.593	     1.006
03/08/2017	12:34:25.6	     0.593	     1.007
03/08/2017	12:34:26.1	     0.593	     1.007
03/08/2017	12:34:26.6	     0.593	     1.007
03/08/2017	12:34:27.1	     0.593	     1.007
03/08/2017	12:34:27.6	     0.593	     1.006
03/08/2017	12:34:28.1	     0.593	     1.006
03/08/2017	12:34:28.6	     0.593	     1.005
03/08/2017	12:34:29.1	     0.593	     1.005
03/08/2017	12:34:29.6	     0.593	     1.007
03/08/2017	12:34:30.1	     0.593	     1.006
03/08/2017	12:34:30.6	     0.593	     1.006
03/08/2017	12:34:31.1	     0.593	     1.006
03/08/2017	12:34:31.6	     0.593	     1.005
03/08/2017	12:34:32.1	     0.593	     1.005
03/08/2017	12:34:32.6	     0.593	     1.005
03/08/2017	12:34:33.1	     0.593	     1.004
03/08/2017	12:34:33.6	     0.593	     1.001
03/08/2017	12:34:34.1	     0.593	     1.002
03/08/2017	12:34:34.6	     0.593	     1.001
03/08/2017	12:34:35.1	     0.593	     1.001
03/08/2017	12:34:35.6	     0.593	     1.001
03/08/2017	12:34:36.1	     0.593	     1.001
03/08/2017	12:34:36.6	     0.593	     1.002
03/08/2017	12:34:37.1	     0.593	     1.002
03/08/2017	12:34:37.6	     0.593	     1.002
03/08/2017	12:34:38.1	     0.593	     1.001
03/08/2017	12:34:38.6	     0.593	     1.002
03/08/2017	12:34:39.1	     0.593	     1.001
03/08/2017	12:34:39.6	     0.593	     1.001
03/08/2017	12:34:40.1	     0.594	     1.000
03/08/2017	12:34:40.6	     0.594	     1.001
03/08/2017	12:34:41.1	     0.594	     1.001
03/08/2017	12:34:41.6	     0.594	     0.999
03/08/2017	12:34:42.1	     0.594	     1.000
03/08/2017	12:34:42.6	     0.594	     1.000
03/08/2017	12:34:43.1	     0.594	     1.000
03/08/2017	12:34:43.6	     0.594	     1.000
03/08/2017	12:34:44.1	     0.593	     1.000
03/08/2017	12:34:44.6	     0.593	     0.998
03/08/2017	12:34:45.1	     0.593	     0.997
03/08/2017	12:34:45.6	     0.593	     0.998
03/08/2017	12:34:46.1	     0.593	     0.997
03/08/2017	12:34:46.6	     0.593	     0.997
03/08/2017	12:34:47.1	     0.593	     0.997
03/08/2017	12:34:47.6	     0.593	     0.997
03/08/2017	12:34:48.1	     0.593	     0.996
03/08/2017	12:34:48.6	     0.593	     0.996
03/08/2017	12:34:49.1	     0.593	     0.996
03/08/2017	12:34:49.6	     0.593	     0.996
03/08/2017	12:34:50.1	     0.593	     0.996
03/08/2017	12:34:50.6	     0.593	     0.996
03/08/2017	12:34:51.1	     0.593	     0.995
03/08/2017	12:34:51.6	     0.593	     0.995
03/08/2017	12:34:52.1	     0.593	     0.995
03/08/2017	12:34:52.6	     0.594	     0.995
03/08/2017	12:34:53.1	     0.593	     0.995
03/08/2017	12:34:53.6	     0.593	     0.994
03/08/2017	12:34:54.1	     0.594	     0.995
03/08/2017	12:34:54.6	     0.594	     0.994
03/08/2017	12:34:55.1	     0.594	     0.994
03/08/2017	12:34:55.6	     0.594	     0.994
03/08/2017	12:34:56.1	     0.594	     0.992
03/08/2017	12:34:56.6	     0.594	     0.991
03/08/2017	12:34:57.1	     0.594	     0.991
03/08/2017	12:34:57.6	     0.594	     0.991
03/08/2017	12:34:58.1	     0.594	     0.992
03/08/2017	12:34:58.6	     0.594	     0.992
03/08/2017	12:34:59.1	     0.594	     0.992
03/08/2017	12:34:59.6	     0.594	     0.992
03/08/2017	12:35:00.1	     0.594	     0.992
03/08/2017	12:35:00.6	     0.594	     0.992
03/08/2017	12:35:01.1	     0.594	     0.993
03/08/2017	12:35:01.6	     0.594	     0.993
03/08/2017	12:35:02.1	     0.594	     0.991
03/08/2017	12:35:02.6	     0.594	     0.991
03/08/2017	12:35:03.1	     0.594	     0.991
03/08/2017	12:35:03.6	     0.594	     0.991
03/08/2017	12:35:04.1	     0.594	     0.991
03/08/2017	12:35:04.6	     0.594	     0.989
03/08/2017	12:35:05.1	     0.594	     0.990
03/08/2017	12:35:05.6	     0.594	     0.991
03/08/2017	12:35:06.1	     0.594	     0.991
03/08/2017	12:35:06.6	     0.594	     0.990
03/08/2017	12:35:07.1	     0.594	     0.990
03/08/2017	12:35:07.6	     0.594	     0.990
03/08/2017	12:35:08.1	     0.594	     0.989
03/08/2017	12:35:08.6	     0.594	     0.990
03/08/2017	12:35:09.1	     0.594	     0.986
03/08/2017	12:35:09.6	     0.594	     0.987
03/08/2017	12:35:10.1	     0.594	     0.987
03/08/2017	12:35:10.6	     0.594	     0.986
03/08/2017	12:35:11.1	     0.594	     0.986
03/08/2017	12:35:11.6	     0.594	     0.986
03/08/2017	12:35:12.1	     0.594	     0.986
03/08/2017	12:35:12.6	     0.594	     0.987
03/08/2017	12:35:13.1	     0.594	     0.987
03/08/2017	12:35:13.6	     0.594	     0.987
03/08/2017	12:35:14.1	     0.594	     0.988
03/08/2017	12:35:14.6	     0.594	     0.987
03/08/2017	12:35:15.1	     0.594	     0.984
03/08/2017	12:35:15.6	     0.594	     0.984
03/08/2017	12:35:16.1	     0.594	     0.984
03/08/2017	12:35:16.6	     0.594	     0.984
03/08/2017	12:35:17.1	     0.594	     0.985
03/08/2017	12:35:17.6	     0.594	     0.985
03/08/2017	12:35:18.1	     0.594	     0.985
03/08/2017	12:35:18.6	     0.594	     0.984
03/08/2017	12:35:19.1	     0.594	     0.984
03/08/2017	12:35:19.6	     0.594	     0.984
03/08/2017	12:35:20.1	     0.594	     0.984
03/08/2017	12:35:20.6	     0.594	     0.983
03/08/2017	12:35:21.1	     0.594	     0.983
03/08/2017	12:35:21.6	     0.594	     0.983
03/08/2017	12:35:22.1	     0.594	     0.983
03/08/2017	12:35:22.6	     0.594	     0.983
03/08/2017	12:35:23.1	     0.594	     0.983
03/08/2017	12:35:23.6	     0.594	     0.983
03/08/2017	12:35:24.1	     0.594	     0.982
03/08/2017	12:35:24.6	     0.594	     0.983
03/08/2017	12:35:25.1	     0.594	     0.982
03/08/2017	12:35:25.6	     0.594	     0.982
03/08/2017	12:35:26.1	     0.594	     0.983
03/08/2017	12:35:26.6	     0.594	     0.982
03/08/2017	12:35:27.1	     0.594	     0.983
03/08/2017	12:35:27.6	     0.594	     0.982
03/08/2017	12:35:28.1	     0.594	     0.982
03/08/2017	12:35:28.6	     0.594	     0.981
03/08/2017	12:35:29.1	     0.594	     0.982
03/08/2017	12:35:29.6	     0.594	     0.981
03/08/2017	12:35:30.1	     0.594	     0.981
03/08/2017	12:35:30.6	     0.594	     0.980
03/08/2017	12:35:31.1	     0.594	     0.979
03/08/2017	12:35:31.6	     0.594	     0.980
03/08/2017	12:35:32.1	     0.594	     0.981
03/08/2017	12:35:32.6	     0.594	     0.980
03/08/2017	12:35:33.1	     0.594	     0.981
03/08/2017	12:35:33.6	     0.594	     0.980
03/08/2017	12:35:34.1	     0.594	     0.979
03/08/2017	12:35:34.6	     0.594	     0.979
03/08/2017	12:35:35.1	     0.594	     0.978
03/08/2017	12:35:35.6	     0.594	     0.979
03/08/2017	12:35:36.1	     0.594	     0.979
03/08/2017	12:35:36.6	     0.594	     0.979
03/08/2017	12:35:37.1	     0.594	     0.977
03/08/2017	12:35:37.6	     0.594	     0.976
03/08/2017	12:35:38.1	     0.594	     0.976
03/08/2017	12:35:38.6	     0.594	     0.975
03/08/2017	12:35:39.1	     0.593	     0.976
03/08/2017	12:35:39.6	     0.593	     0.975
03/08/2017	12:35:40.1	     0.593	     0.975
03/08/2017	12:35:40.6	     0.593	     0.975
03/08/2017	12:35:41.1	     0.593	     0.977
03/08/2017	12:35:41.6	     0.593	     0.976
03/08/2017	12:35:42.1	     0.593	     0.977
03/08/2017	12:35:42.6	     0.593	     0.976
03/08/2017	12:35:43.1	     0.593	     0.977
03/08/2017	12:35:43.6	     0.593	     0.976
03/08/2017	12:35:44.1	     0.593	     0.976
03/08/2017	12:35:44.6	     0.593	     0.975
03/08/2017	12:35:45.1	     0.593	     0.975
03/08/2017	12:35:45.6	     0.593	     0.974
03/08/2017	12:35:46.1	     0.594	     0.975
03/08/2017	12:35:46.6	     0.594	     0.975
03/08/2017	12:35:47.1	     0.594	     0.975
03/08/2017	12:35:47.6	     0.594	     0.975
03/08/2017	12:35:48.1	     0.594	     0.974
03/08/2017	12:35:48.6	     0.594	     0.975
03/08/2017	12:35:49.1	     0.594	     0.974
03/08/2017	12:35:49.6	     0.594	     0.975
03/08/2017	12:35:50.1	     0.594	     0.975
03/08/2017	12:35:50.6	     0.594	     0.974
03/08/2017	12:35:51.1	     0.594	     0.975
03/08/2017	12:35:51.6	     0.594	     0.974
03/08/2017	12:35:52.1	     0.594	     0.973
03/08/2017	12:35:52.6	     0.594	     0.973
03/08/2017	12:35:53.1	     0.594	     0.973
03/08/2017	12:35:53.6	     0.594	     0.973
03/08/2017	12:35:54.1	     0.594	     0.973
03/08/2017	12:35:54.6	     0.594	     0.973
03/08/2017	12:35:55.1	     0.594	     0.973
03/08/2017	12:35:55.6	     0.594	     0.972
03/08/2017	12:35:56.1	     0.594	     0.972
03/08/2017	12:35:56.6	     0.594	     0.971
03/08/2017	12:35:57.1	     0.594	     0.971
03/08/2017	12:35:57.6	     0.594	     0.971
03/08/2017	12:35:58.1	     0.594	     0.970
03/08/2017	12:35:58.6	     0.594	     0.971
03/08/2017	12:35:59.1	     0.594	     0.971
03/08/2017	12:35:59.6	     0.594	     0.970
03/08/2017	12:36:00.1	     0.594	     0.970
03/08/2017	12:36:00.6	     0.594	     0.971
03/08/2017	12:36:01.1	     0.594	     0.971
03/08/2017	12:36:01.6	     0.594	     0.970
03/08/2017	12:36:02.1	     0.594	     0.971
03/08/2017	12:36:02.6	     0.594	     0.969
03/08/2017	12:36:03.1	     0.594	     0.969
03/08/2017	12:36:03.6	     0.594	     0.971
03/08/2017	12:36:04.1	     0.594	     0.971
03/08/2017	12:36:04.6	     0.594	     0.971
03/08/2017	12:36:05.1	     0.594	     0.970
03/08/2017	12:36:05.6	     0.594	     0.970
03/08/2017	12:36:06.1	     0.594	     0.970
03/08/2017	12:36:06.6	     0.594	     0.970
03/08/2017	12:36:07.1	     0.594	     0.969
03/08/2017	12:36:07.6	     0.594	     0.970
03/08/2017	12:36:08.1	     0.594	     0.970
03/08/2017	12:36:08.6	     0.594	     0.970
03/08/2017	12:36:09.1	     0.594	     0.970
03/08/2017	12:36:09.6	     0.594	     0.970
03/08/2017	12:36:10.1	     0.594	     0.970
03/08/2017	12:36:10.6	     0.595	     0.968
03/08/2017	12:36:11.1	     0.595	     0.969
03/08/2017	12:36:11.6	     0.595	     0.969
03/08/2017	12:36:12.1	     0.595	     0.969
03/08/2017	12:36:12.6	     0.595	     0.969
03/08/2017	12:36:13.1	     0.595	     0.969
03/08/2017	12:36:13.6	     0.595	     0.966
03/08/2017	12:36:14.1	     0.595	     0.966
03/08/2017	12:36:14.6	     0.595	     0.967
03/08/2017	12:36:15.1	     0.595	     0.967
03/08/2017	12:36:15.6	     0.595	     0.966
03/08/2017	12:36:16.1	     0.595	     0.967
03/08/2017	12:36:16.6	     0.595	     0.967
03/08/2017	12:36:17.1	     0.595	     0.966
03/08/2017	12:36:17.6	     0.595	     0.963
03/08/2017	12:36:18.1	     0.595	     0.965
03/08/2017	12:36:18.6	     0.595	     0.966
03/08/2017	12:36:19.1	     0.595	     0.967
03/08/2017	12:36:19.6	     0.595	     0.967
03/08/2017	12:36:20.1	     0.595	     0.967
03/08/2017	12:36:20.6	     0.595	     0.966
03/08/2017	12:36:21.1	     0.595	     0.967
03/08/2017	12:36:21.6	     0.595	     0.967
03/08/2017	12:36:22.1	     0.595	     0.966
03/08/2017	12:36:22.6	     0.595	     0.967
03/08/2017	12:36:23.1	     0.595	     0.965
03/08/2017	12:36:23.6	     0.595	     0.966
03/08/2017	12:36:24.1	     0.595	     0.965
03/08/2017	12:36:24.6	     0.595	     0.965
03/08/2017	12:36:25.1	     0.595	     0.966
03/08/2017	12:36:25.6	     0.595	     0.966
03/08/2017	12:36:26.1	     0.595	     0.966
03/08/2017	12:36:26.6	     0.595	     0.967
03/08/2017	12:36:27.1	     0.595	     0.967
03/08/2017	12:36:27.6	     0.595	     0.967
03/08/2017	12:36:28.1	     0.595	     0.965
03/08/2017	12:36:28.6	     0.595	     0.965
03/08/2017	12:36:29.1	     0.595	     0.965
03/08/2017	12:36:29.6	     0.595	     0.965
03/08/2017	12:36:30.1	     0.595	     0.965
03/08/2017	12:36:30.6	     0.595	     0.965
03/08/2017	12:36:31.1	     0.595	     0.965
03/08/2017	12:36:31.6	     0.595	     0.964
03/08/2017	12:36:32.1	     0.595	     0.965
03/08/2017	12:36:32.6	     0.595	     0.965
03/08/2017	12:36:33.1	     0.595	     0.965
03/08/2017	12:36:33.6	     0.595	     0.965
03/08/2017	12:36:34.1	     0.595	     0.965
03/08/2017	12:36:34.6	     0.595	     0.965
03/08/2017	12:36:35.1	     0.595	     0.964
03/08/2017	12:36:35.6	     0.595	     0.964
03/08/2017	12:36:36.1	     0.595	     0.963
03/08/2017	12:36:36.6	     0.595	     0.964
03/08/2017	12:36:37.1	     0.595	     0.964
03/08/2017	12:36:37.6	     0.595	     0.964
03/08/2017	12:36:38.1	     0.595	     0.964
03/08/2017	12:36:38.6	     0.595	     0.963
03/08/2017	12:36:39.1	     0.595	     0.963
03/08/2017	12:36:39.6	     0.595	     0.963
03/08/2017	12:36:40.1	     0.595	     0.963
03/08/2017	12:36:40.6	     0.595	     0.963
03/08/2017	12:36:41.1	     0.595	     0.961
03/08/2017	12:36:41.6	     0.595	     0.962
03/08/2017	12:36:42.1	     0.595	     0.962
03/08/2017	12:36:42.6	     0.595	     0.962
03/08/2017	12:36:43.1	     0.595	     0.962
03/08/2017	12:36:43.6	     0.595	     0.962
03/08/2017	12:36:44.1	     0.595	     0.962
03/08/2017	12:36:44.6	     0.595	     0.962
03/08/2017	12:36:45.1	     0.595	     0.961
03/08/2017	12:36:45.6	     0.595	     0.961
03/08/2017	12:36:46.1	     0.595	     0.961
03/08/2017	12:36:46.6	     0.595	     0.960
03/08/2017	12:36:47.1	     0.595	     0.961
03/08/2017	12:36:47.6	     0.595	     0.962
03/08/2017	12:36:48.1	     0.595	     0.962
03/08/2017	12:36:48.6	     0.595	     0.961
03/08/2017	12:36:49.1	     0.595	     0.960
03/08/2017	12:36:49.6	     0.595	     0.960
03/08/2017	12:36:50.1	     0.595	     0.960
03/08/2017	12:36:50.6	     0.595	     0.961
03/08/2017	12:36:51.1	     0.595	     0.961
03/08/2017	12:36:51.6	     0.595	     0.961
03/08/2017	12:36:52.1	     0.595	     0.961
03/08/2017	12:36:52.6	     0.595	     0.961
03/08/2017	12:36:53.1	     0.595	     0.961
03/08/2017	12:36:53.6	     0.595	     0.961
03/08/2017	12:36:54.1	     0.595	     0.959
03/08/2017	12:36:54.6	     0.595	     0.961
03/08/2017	12:36:55.1	     0.595	     0.961
03/08/2017	12:36:55.6	     0.595	     0.960
03/08/2017	12:36:56.1	     0.595	     0.961
03/08/2017	12:36:56.6	     0.595	     0.960
03/08/2017	12:36:57.1	     0.595	     0.959
03/08/2017	12:36:57.6	     0.595	     0.959
03/08/2017	12:36:58.1	     0.595	     0.960
03/08/2017	12:36:58.6	     0.595	     0.960
03/08/2017	12:36:59.1	     0.595	     0.960
03/08/2017	12:36:59.6	     0.595	     0.959
03/08/2017	12:37:00.1	     0.595	     0.959
03/08/2017	12:37:00.6	     0.595	     0.957
03/08/2017	12:37:01.1	     0.595	     0.958
03/08/2017	12:37:01.6	     0.595	     0.958
03/08/2017	12:37:02.1	     0.595	     0.959
03/08/2017	12:37:02.6	     0.595	     0.959
03/08/2017	12:37:03.1	     0.595	     0.959
03/08/2017	12:37:03.6	     0.595	     0.959
03/08/2017	12:37:04.1	     0.595	     0.959
03/08/2017	12:37:04.6	     0.595	     0.959
03/08/2017	12:37:05.1	     0.595	     0.959
03/08/2017	12:37:05.6	     0.595	     0.958
03/08/2017	12:37:06.1	     0.595	     0.957
03/08/2017	12:37:06.6	     0.595	     0.958
03/08/2017	12:37:07.1	     0.595	     0.957
03/08/2017	12:37:07.6	     0.595	     0.956
03/08/2017	12:37:08.1	     0.595	     0.956
03/08/2017	12:37:08.6	     0.595	     0.957
03/08/2017	12:37:09.1	     0.595	     0.957
03/08/2017	12:37:09.6	     0.595	     0.957
03/08/2017	12:37:10.1	     0.595	     0.956
03/08/2017	12:37:10.6	     0.595	     0.957
03/08/2017	12:37:11.1	     0.595	     0.956
03/08/2017	12:37:11.6	     0.595	     0.957
03/08/2017	12:37:12.1	     0.595	     0.954
03/08/2017	12:37:12.6	     0.595	     0.955
03/08/2017	12:37:13.1	     0.595	     0.955
03/08/2017	12:37:13.6	     0.595	     0.956
03/08/2017	12:37:14.1	     0.595	     0.956
03/08/2017	12:37:14.6	     0.595	     0.955
03/08/2017	12:37:15.1	     0.595	     0.956
03/08/2017	12:37:15.6	     0.595	     0.956
03/08/2017	12:37:16.1	     0.595	     0.956
03/08/2017	12:37:16.6	     0.595	     0.955
03/08/2017	12:37:17.1	     0.595	     0.954
03/08/2017	12:37:17.6	     0.595	     0.953
03/08/2017	12:37:18.1	     0.595	     0.954
03/08/2017	12:37:18.6	     0.595	     0.954
03/08/2017	12:37:19.1	     0.595	     0.954
03/08/2017	12:37:19.6	     0.595	     0.954
03/08/2017	12:37:20.1	     0.596	     0.955
03/08/2017	12:37:20.6	     0.596	     0.955
03/08/2017	12:37:21.1	     0.596	     0.954
03/08/2017	12:37:21.6	     0.596	     0.954
03/08/2017	12:37:22.1	     0.596	     0.956
03/08/2017	12:37:22.6	     0.596	     0.955
03/08/2017	12:37:23.1	     0.596	     0.954
03/08/2017	12:37:23.6	     0.596	     0.954
03/08/2017	12:37:24.1	     0.596	     0.954
03/08/2017	12:37:24.6	     0.596	     0.954
03/08/2017	12:37:25.1	     0.596	     0.954
03/08/2017	12:37:25.6	     0.596	     0.955
03/08/2017	12:37:26.1	     0.596	     0.955
03/08/2017	12:37:26.6	     0.596	     0.954
03/08/2017	12:37:27.1	     0.596	     0.954
03/08/2017	12:37:27.6	     0.596	     0.953
03/08/2017	12:37:28.1	     0.596	     0.952
03/08/2017	12:37:28.6	     0.596	     0.954
03/08/2017	12:37:29.1	     0.596	     0.954
03/08/2017	12:37:29.6	     0.596	     0.953
03/08/2017	12:37:30.1	     0.596	     0.951
03/08/2017	12:37:30.6	     0.596	     0.952
03/08/2017	12:37:31.1	     0.596	     0.953
03/08/2017	12:37:31.6	     0.596	     0.954
03/08/2017	12:37:32.1	     0.596	     0.954
03/08/2017	12:37:32.6	     0.596	     0.953
03/08/2017	12:37:33.1	     0.596	     0.954
03/08/2017	12:37:33.6	     0.596	     0.954
03/08/2017	12:37:34.1	     0.596	     0.953
03/08/2017	12:37:34.6	     0.596	     0.954
03/08/2017	12:37:35.1	     0.596	     0.954
03/08/2017	12:37:35.6	     0.596	     0.954
03/08/2017	12:37:36.1	     0.596	     0.954
03/08/2017	12:37:36.6	     0.596	     0.953
03/08/2017	12:37:37.1	     0.596	     0.954
03/08/2017	12:37:37.6	     0.596	     0.954
03/08/2017	12:37:38.1	     0.596	     0.953
03/08/2017	12:37:38.6	     0.596	     0.953
03/08/2017	12:37:39.1	     0.596	     0.953
03/08/2017	12:37:39.6	     0.596	     0.953
03/08/2017	12:37:40.1	     0.596	     0.953
03/08/2017	12:37:40.6	     0.596	     0.952
03/08/2017	12:37:41.1	     0.596	     0.952
03/08/2017	12:37:41.6	     0.596	     0.952
03/08/2017	12:37:42.1	     0.596	     0.952
03/08/2017	12:37:42.6	     0.596	     0.952
03/08/2017	12:37:43.1	     0.596	     0.952
03/08/2017	12:37:43.6	     0.596	     0.951
03/08/2017	12:37:44.1	     0.596	     0.951
03/08/2017	12:37:44.6	     0.596	     0.951
03/08/2017	12:37:45.1	     0.596	     0.952
03/08/2017	12:37:45.6	     0.596	     0.952
03/08/2017	12:37:46.1	     0.596	     0.952
03/08/2017	12:37:46.6	     0.597	     0.951
03/08/2017	12:37:47.1	     0.597	     0.952
03/08/2017	12:37:47.6	     0.597	     0.952
03/08/2017	12:37:48.1	     0.597	     0.952
03/08/2017	12:37:48.6	     0.597	     0.951
END DATA